#
# A fatal error has been detected by the Java Runtime Environment:
#
#  EXCEPTION_ACCESS_VIOLATION (0xc0000005) at pc=0xffffffffa39c5120, pid=10284, tid=3896
#
# JRE version: Java(TM) SE Runtime Environment (8.0_60-b27) (build 1.8.0_60-b27)
# Java VM: Java HotSpot(TM) 64-Bit Server VM (25.60-b23 mixed mode windows-amd64 compressed oops)
# Problematic frame:
# C  0xffffffffa39c5120
#
# Failed to write core dump. Minidumps are not enabled by default on client versions of Windows
#
# If you would like to submit a bug report, please visit:
#   http://bugreport.java.com/bugreport/crash.jsp
#

---------------  T H R E A D  ---------------

Current thread (0x00000000028c3800):  JavaThread "main" [_thread_in_Java, id=3896, stack(0x00000000027c0000,0x00000000028c0000)]

siginfo: ExceptionCode=0xc0000005, ExceptionInformation=0x0000000000000008 0xffffffffa39c5120

Registers:
RAX=0x0000000014b8c2c8, RBX=0x0000000014b8c2c8, RCX=0x00000000ede9b150, RDX=0x00000000ede9b150
RSP=0x00000000028bef98, RBP=0x00000000028beff0, RSI=0x0000000100055070, RDI=0x00000000149c6bd8
R8 =0x00000000ede9b1a8, R9 =0x00000000ede9b168, R10=0x0000000076e42140, R11=0x000000000327a840
R12=0x0000000000000000, R13=0x00000000028befa8, R14=0x0000000000000000, R15=0x00000000028c3800
RIP=0xffffffffa39c5120, EFLAGS=0x0000000000010206

Top of Stack: (sp=0x00000000028bef98)
0x00000000028bef98:   00000000029c77b0 00000000029c77b0
0x00000000028befa8:   00000000ede9b150 00000000028befb0
0x00000000028befb8:   0000000014d9ae14 00000000028bf068
0x00000000028befc8:   0000000014d9b780 0000000000000000
0x00000000028befd8:   0000000014d9af68 00000000028befa8
0x00000000028befe8:   00000000028bf060 00000000028bf0b0
0x00000000028beff8:   00000000029c7a2d 00000000c04c86f0
0x00000000028bf008:   00000000ede9b150 00000000ee367048
0x00000000028bf018:   00000000000006a6 00000000ede9b110
0x00000000028bf028:   00000000eddd1348 00000000c04c86f0
0x00000000028bf038:   00000000c0365108 0000000000000001
0x00000000028bf048:   000000000000000d 00000000c03839a0
0x00000000028bf058:   00000000ee366f10 00000000c0364c18
0x00000000028bf068:   00000000c03839a0 00000000028bf070
0x00000000028bf078:   0000000014b07344 00000000028bf108
0x00000000028bf088:   0000000014b0e528 0000000000000000 

Instructions: (pc=0xffffffffa39c5120)
0xffffffffa39c5100:   
[error occurred during error reporting (printing registers, top of stack, instructions near pc), id 0xc0000005]

Register to memory mapping:

RAX={method} {0x0000000014b8c2d0} 'itemType' '()Lcom/android/dx/dex/file/ItemType;' in 'com/android/dx/dex/file/StringIdItem'
RBX={method} {0x0000000014b8c2d0} 'itemType' '()Lcom/android/dx/dex/file/ItemType;' in 'com/android/dx/dex/file/StringIdItem'
RCX=0x00000000ede9b150 is an oop
com.android.dx.dex.file.StringIdItem 
 - klass: 'com/android/dx/dex/file/StringIdItem'
RDX=0x00000000ede9b150 is an oop
com.android.dx.dex.file.StringIdItem 
 - klass: 'com/android/dx/dex/file/StringIdItem'
RSP=0x00000000028bef98 is pointing into the stack for thread: 0x00000000028c3800
RBP=0x00000000028beff0 is pointing into the stack for thread: 0x00000000028c3800
RSI=0x0000000100055070 is pointing into metadata
RDI=0x00000000149c6bd8 is pointing into metadata
R8 =0x00000000ede9b1a8 is an oop
java.util.TreeMap$Entry 
 - klass: 'java/util/TreeMap$Entry'
R9 =0x00000000ede9b168 is an oop
java.util.TreeMap$Entry 
 - klass: 'java/util/TreeMap$Entry'
R10=0x0000000076e42140 is an unknown value
R11=0x000000000327a840 is at entry_point+32 in (nmethod*)0x000000000327a6d0
R12=0x0000000000000000 is an unknown value
R13=0x00000000028befa8 is pointing into the stack for thread: 0x00000000028c3800
R14=0x0000000000000000 is an unknown value
R15=0x00000000028c3800 is a thread


Stack: [0x00000000027c0000,0x00000000028c0000],  sp=0x00000000028bef98,  free space=1019k
Native frames: (J=compiled Java code, j=interpreted, Vv=VM code, C=native code)
C  0xffffffffa39c5120


---------------  P R O C E S S  ---------------

Java Threads: ( => current thread )
  0x0000000016a20800 JavaThread "Service Thread" daemon [_thread_blocked, id=9480, stack(0x0000000016df0000,0x0000000016ef0000)]
  0x000000001509c800 JavaThread "C1 CompilerThread2" daemon [_thread_blocked, id=9408, stack(0x00000000168f0000,0x00000000169f0000)]
  0x0000000015095800 JavaThread "C2 CompilerThread1" daemon [_thread_in_native, id=5784, stack(0x00000000167f0000,0x00000000168f0000)]
  0x0000000015092800 JavaThread "C2 CompilerThread0" daemon [_thread_in_native, id=1512, stack(0x00000000166f0000,0x00000000167f0000)]
  0x0000000015091800 JavaThread "Attach Listener" daemon [_thread_blocked, id=5236, stack(0x00000000165f0000,0x00000000166f0000)]
  0x0000000015090800 JavaThread "Signal Dispatcher" daemon [_thread_blocked, id=2808, stack(0x00000000164f0000,0x00000000165f0000)]
  0x00000000029bb000 JavaThread "Finalizer" daemon [_thread_blocked, id=10124, stack(0x0000000016300000,0x0000000016400000)]
  0x00000000029b1000 JavaThread "Reference Handler" daemon [_thread_blocked, id=5984, stack(0x0000000016200000,0x0000000016300000)]
=>0x00000000028c3800 JavaThread "main" [_thread_in_Java, id=3896, stack(0x00000000027c0000,0x00000000028c0000)]

Other Threads:
  0x0000000015056000 VMThread [stack: 0x0000000016100000,0x0000000016200000] [id=152]
  0x0000000016a3a800 WatcherThread [stack: 0x0000000016ef0000,0x0000000016ff0000] [id=5304]

VM state:not at safepoint (normal execution)

VM Mutex/Monitor currently owned by a thread: None

Heap:
 PSYoungGen      total 71680K, used 63274K [0x00000000eab00000, 0x00000000ef600000, 0x0000000100000000)
  eden space 66560K, 87% used [0x00000000eab00000,0x00000000ee3cef70,0x00000000eec00000)
  from space 5120K, 99% used [0x00000000ef100000,0x00000000ef5fba68,0x00000000ef600000)
  to   space 5120K, 0% used [0x00000000eec00000,0x00000000eec00000,0x00000000ef100000)
 ParOldGen       total 87552K, used 9106K [0x00000000c0000000, 0x00000000c5580000, 0x00000000eab00000)
  object space 87552K, 10% used [0x00000000c0000000,0x00000000c08e49e0,0x00000000c5580000)
 Metaspace       used 6652K, capacity 7504K, committed 7680K, reserved 1056768K
  class space    used 615K, capacity 648K, committed 768K, reserved 1048576K

Card table byte_map: [0x0000000011d80000,0x0000000011f90000] byte_map_base: 0x0000000011780000

Marking Bits: (ParMarkBitMap*) 0x0000000076e5a5b0
 Begin Bits: [0x00000000124f0000, 0x00000000134f0000)
 End Bits:   [0x00000000134f0000, 0x00000000144f0000)

Polling page: 0x0000000001190000

CodeCache: size=245760Kb used=8988Kb max_used=9000Kb free=236771Kb
 bounds [0x00000000029c0000, 0x00000000032a0000, 0x00000000119c0000]
 total_blobs=2501 nmethods=2232 adapters=183
 compilation: enabled

Compilation events (10 events):
Event: 3.237 Thread 0x000000001509c800 2256       3       com.android.dx.dex.file.Section::getAbsoluteOffset (38 bytes)
Event: 3.238 Thread 0x000000001509c800 nmethod 2256 0x0000000003284990 code [0x0000000003284b20, 0x0000000003284e58]
Event: 3.238 Thread 0x000000001509c800 2257       3       com.android.dx.dex.file.ClassDataItem::place0 (35 bytes)
Event: 3.239 Thread 0x000000001509c800 nmethod 2257 0x0000000003283e10 code [0x0000000003283fc0, 0x00000000032846d8]
Event: 3.239 Thread 0x000000001509c800 2258       3       com.android.dx.dex.file.ClassDataItem::encodeOutput (161 bytes)
Event: 3.241 Thread 0x000000001509c800 nmethod 2258 0x000000000328b590 code [0x000000000328b920, 0x000000000328d3d8]
Event: 3.241 Thread 0x000000001509c800 2260       3       com.android.dx.dex.file.StringIdItem::itemType (4 bytes)
Event: 3.242 Thread 0x000000001509c800 nmethod 2260 0x000000000327a6d0 code [0x000000000327a820, 0x000000000327a970]
Event: 3.242 Thread 0x000000001509c800 2261       1       com.android.dx.dex.file.StringIdItem::itemType (4 bytes)
Event: 3.242 Thread 0x000000001509c800 nmethod 2261 0x0000000003273710 code [0x0000000003273860, 0x0000000003273970]

GC Heap History (4 events):
Event: 1.400 GC heap before
{Heap before GC invocations=1 (full 0):
 PSYoungGen      total 38400K, used 33280K [0x00000000eab00000, 0x00000000ed580000, 0x0000000100000000)
  eden space 33280K, 100% used [0x00000000eab00000,0x00000000ecb80000,0x00000000ecb80000)
  from space 5120K, 0% used [0x00000000ed080000,0x00000000ed080000,0x00000000ed580000)
  to   space 5120K, 0% used [0x00000000ecb80000,0x00000000ecb80000,0x00000000ed080000)
 ParOldGen       total 87552K, used 0K [0x00000000c0000000, 0x00000000c5580000, 0x00000000eab00000)
  object space 87552K, 0% used [0x00000000c0000000,0x00000000c0000000,0x00000000c5580000)
 Metaspace       used 5767K, capacity 6960K, committed 7040K, reserved 1056768K
  class space    used 567K, capacity 616K, committed 640K, reserved 1048576K
Event: 1.425 GC heap after
Heap after GC invocations=1 (full 0):
 PSYoungGen      total 38400K, used 5118K [0x00000000eab00000, 0x00000000ef600000, 0x0000000100000000)
  eden space 33280K, 0% used [0x00000000eab00000,0x00000000eab00000,0x00000000ecb80000)
  from space 5120K, 99% used [0x00000000ecb80000,0x00000000ed07f990,0x00000000ed080000)
  to   space 5120K, 0% used [0x00000000ef100000,0x00000000ef100000,0x00000000ef600000)
 ParOldGen       total 87552K, used 3446K [0x00000000c0000000, 0x00000000c5580000, 0x00000000eab00000)
  object space 87552K, 3% used [0x00000000c0000000,0x00000000c035db68,0x00000000c5580000)
 Metaspace       used 5767K, capacity 6960K, committed 7040K, reserved 1056768K
  class space    used 567K, capacity 616K, committed 640K, reserved 1048576K
}
Event: 2.218 GC heap before
{Heap before GC invocations=2 (full 0):
 PSYoungGen      total 38400K, used 38398K [0x00000000eab00000, 0x00000000ef600000, 0x0000000100000000)
  eden space 33280K, 100% used [0x00000000eab00000,0x00000000ecb80000,0x00000000ecb80000)
  from space 5120K, 99% used [0x00000000ecb80000,0x00000000ed07f990,0x00000000ed080000)
  to   space 5120K, 0% used [0x00000000ef100000,0x00000000ef100000,0x00000000ef600000)
 ParOldGen       total 87552K, used 3446K [0x00000000c0000000, 0x00000000c5580000, 0x00000000eab00000)
  object space 87552K, 3% used [0x00000000c0000000,0x00000000c035db68,0x00000000c5580000)
 Metaspace       used 6030K, capacity 7152K, committed 7296K, reserved 1056768K
  class space    used 579K, capacity 616K, committed 640K, reserved 1048576K
Event: 2.261 GC heap after
Heap after GC invocations=2 (full 0):
 PSYoungGen      total 71680K, used 5102K [0x00000000eab00000, 0x00000000ef600000, 0x0000000100000000)
  eden space 66560K, 0% used [0x00000000eab00000,0x00000000eab00000,0x00000000eec00000)
  from space 5120K, 99% used [0x00000000ef100000,0x00000000ef5fba68,0x00000000ef600000)
  to   space 5120K, 0% used [0x00000000eec00000,0x00000000eec00000,0x00000000ef100000)
 ParOldGen       total 87552K, used 9106K [0x00000000c0000000, 0x00000000c5580000, 0x00000000eab00000)
  object space 87552K, 10% used [0x00000000c0000000,0x00000000c08e49e0,0x00000000c5580000)
 Metaspace       used 6030K, capacity 7152K, committed 7296K, reserved 1056768K
  class space    used 579K, capacity 616K, committed 640K, reserved 1048576K
}

Deoptimization events (10 events):
Event: 2.860 Thread 0x00000000028c3800 Uncommon trap: reason=class_check action=maybe_recompile pc=0x0000000002cc6360 method=java.util.HashMap.putVal(ILjava/lang/Object;Ljava/lang/Object;ZZ)Ljava/lang/Object; @ 203
Event: 2.860 Thread 0x00000000028c3800 Uncommon trap: reason=class_check action=maybe_recompile pc=0x0000000002cc6360 method=java.util.HashMap.putVal(ILjava/lang/Object;Ljava/lang/Object;ZZ)Ljava/lang/Object; @ 203
Event: 2.860 Thread 0x00000000028c3800 Uncommon trap: reason=class_check action=maybe_recompile pc=0x0000000002cc6360 method=java.util.HashMap.putVal(ILjava/lang/Object;Ljava/lang/Object;ZZ)Ljava/lang/Object; @ 203
Event: 2.860 Thread 0x00000000028c3800 Uncommon trap: reason=class_check action=maybe_recompile pc=0x0000000002e2a40c method=java.util.HashMap.putVal(ILjava/lang/Object;Ljava/lang/Object;ZZ)Ljava/lang/Object; @ 203
Event: 2.876 Thread 0x00000000028c3800 Uncommon trap: reason=unstable_if action=reinterpret pc=0x00000000031b9eec method=java.util.HashMap.putVal(ILjava/lang/Object;Ljava/lang/Object;ZZ)Ljava/lang/Object; @ 94
Event: 2.888 Thread 0x00000000028c3800 Uncommon trap: reason=unstable_if action=reinterpret pc=0x00000000031c0fec method=java.util.HashMap.putVal(ILjava/lang/Object;Ljava/lang/Object;ZZ)Ljava/lang/Object; @ 94
Event: 3.094 Thread 0x00000000028c3800 Uncommon trap: reason=speculate_class_check action=maybe_recompile pc=0x0000000003073274 method=com.android.dx.util.FixedSizeList.equals(Ljava/lang/Object;)Z @ 25
Event: 3.094 Thread 0x00000000028c3800 Uncommon trap: reason=speculate_class_check action=maybe_recompile pc=0x0000000003073274 method=com.android.dx.util.FixedSizeList.equals(Ljava/lang/Object;)Z @ 25
Event: 3.094 Thread 0x00000000028c3800 Uncommon trap: reason=speculate_class_check action=maybe_recompile pc=0x0000000003073274 method=com.android.dx.util.FixedSizeList.equals(Ljava/lang/Object;)Z @ 25
Event: 3.094 Thread 0x00000000028c3800 Uncommon trap: reason=speculate_class_check action=maybe_recompile pc=0x0000000003073274 method=com.android.dx.util.FixedSizeList.equals(Ljava/lang/Object;)Z @ 25

Internal exceptions (3 events):
Event: 0.066 Thread 0x00000000028c3800 Exception <a 'java/lang/NoSuchMethodError': Method sun.misc.Unsafe.defineClass(Ljava/lang/String;[BII)Ljava/lang/Class; name or signature does not match> (0x00000000eab12d78) thrown at [C:\re\workspace\8-2-build-windows-amd64-cygwin\jdk8u60\4407\hotspot\sr„A¸–YÍ°?
Event: 0.066 Thread 0x00000000028c3800 Exception <a 'java/lang/NoSuchMethodError': Method sun.misc.Unsafe.prefetchRead(Ljava/lang/Object;J)V name or signature does not match> (0x00000000eab13060) thrown at [C:\re\workspace\8-2-build-windows-amd64-cygwin\jdk8u60\4407\hotspot\src\share\vm\prims\j{çƒ1rý?
Event: 1.840 Thread 0x0000000016c12000 Implicit null exception at 0x0000000002f35c62 to 0x0000000002f35d01

Events (10 events):
Event: 3.147 loading class com/android/dx/dex/file/DebugInfoEncoder$1
Event: 3.147 loading class com/android/dx/dex/file/DebugInfoEncoder$1 done
Event: 3.148 loading class com/android/dx/dex/file/DebugInfoEncoder$2
Event: 3.148 loading class com/android/dx/dex/file/DebugInfoEncoder$2 done
Event: 3.186 loading class com/android/dex/EncodedValueCodec
Event: 3.186 loading class com/android/dex/EncodedValueCodec done
Event: 3.208 Executing VM operation: ForceSafepoint
Event: 3.208 Executing VM operation: ForceSafepoint done
Event: 3.240 loading class com/android/dx/dex/file/MapItem
Event: 3.240 loading class com/android/dx/dex/file/MapItem done


Dynamic libraries:
0x00007ff7f5fe0000 - 0x00007ff7f6017000 	E:\Java\jdk1.8.0_60\bin\java.exe
0x00007ff86a1e0000 - 0x00007ff86a38c000 	C:\WINDOWS\SYSTEM32\ntdll.dll
0x00007ff867860000 - 0x00007ff86799e000 	C:\WINDOWS\system32\KERNEL32.DLL
0x00007ff8675e0000 - 0x00007ff8676f5000 	C:\WINDOWS\system32\KERNELBASE.dll
0x00007ff8658e0000 - 0x00007ff86596e000 	C:\WINDOWS\system32\apphelp.dll
0x00007ff854890000 - 0x00007ff8548e3000 	C:\WINDOWS\AppPatch\AppPatch64\AcGenral.DLL
0x00007ff8696a0000 - 0x00007ff86974a000 	C:\WINDOWS\system32\msvcrt.dll
0x00007ff867100000 - 0x00007ff86712e000 	C:\WINDOWS\SYSTEM32\SspiCli.dll
0x00007ff869750000 - 0x00007ff8697a4000 	C:\WINDOWS\system32\SHLWAPI.dll
0x00007ff869500000 - 0x00007ff869677000 	C:\WINDOWS\system32\USER32.dll
0x00007ff867d10000 - 0x00007ff867ea4000 	C:\WINDOWS\system32\ole32.dll
0x00007ff867f60000 - 0x00007ff86948b000 	C:\WINDOWS\system32\SHELL32.dll
0x00007ff8668d0000 - 0x00007ff8668f1000 	C:\WINDOWS\SYSTEM32\USERENV.dll
0x00007ff867eb0000 - 0x00007ff867f5a000 	C:\WINDOWS\system32\ADVAPI32.dll
0x00007ff85eb70000 - 0x00007ff85eb8e000 	C:\WINDOWS\SYSTEM32\MPR.dll
0x00007ff869ba0000 - 0x00007ff869ce1000 	C:\WINDOWS\system32\RPCRT4.dll
0x00007ff869cf0000 - 0x00007ff869d49000 	C:\WINDOWS\SYSTEM32\sechost.dll
0x00007ff8679a0000 - 0x00007ff867bb1000 	C:\WINDOWS\SYSTEM32\combase.dll
0x00007ff867bc0000 - 0x00007ff867d0f000 	C:\WINDOWS\system32\GDI32.dll
0x00007ff867330000 - 0x00007ff867345000 	C:\WINDOWS\SYSTEM32\profapi.dll
0x00007ff865e80000 - 0x00007ff865f32000 	C:\WINDOWS\SYSTEM32\SHCORE.dll
0x00007ff869d50000 - 0x00007ff869d86000 	C:\WINDOWS\system32\IMM32.DLL
0x00007ff86a070000 - 0x00007ff86a1c2000 	C:\WINDOWS\system32\MSCTF.dll
0x00007ff8646a0000 - 0x00007ff86491b000 	C:\WINDOWS\WinSxS\amd64_microsoft.windows.common-controls_6595b64144ccf1df_6.0.9600.18006_none_623f33d3ecbe86e8\COMCTL32.dll
0x00000000761f0000 - 0x00000000762c2000 	E:\Java\jdk1.8.0_60\jre\bin\msvcr100.dll
0x0000000076650000 - 0x0000000076ed9000 	E:\Java\jdk1.8.0_60\jre\bin\server\jvm.dll
0x00007ff865840000 - 0x00007ff865849000 	C:\WINDOWS\SYSTEM32\WSOCK32.dll
0x00007ff865800000 - 0x00007ff865822000 	C:\WINDOWS\SYSTEM32\WINMM.dll
0x00007ff865830000 - 0x00007ff86583a000 	C:\WINDOWS\SYSTEM32\VERSION.dll
0x00007ff869490000 - 0x00007ff869497000 	C:\WINDOWS\system32\PSAPI.DLL
0x00007ff8694a0000 - 0x00007ff8694fa000 	C:\WINDOWS\system32\WS2_32.dll
0x00007ff863480000 - 0x00007ff8634aa000 	C:\WINDOWS\SYSTEM32\WINMMBASE.dll
0x00007ff86a1d0000 - 0x00007ff86a1d9000 	C:\WINDOWS\system32\NSI.dll
0x00007ff867760000 - 0x00007ff8677af000 	C:\WINDOWS\SYSTEM32\cfgmgr32.dll
0x00007ff866120000 - 0x00007ff866148000 	C:\WINDOWS\SYSTEM32\DEVOBJ.dll
0x0000000050010000 - 0x000000005001f000 	E:\Java\jdk1.8.0_60\jre\bin\verify.dll
0x0000000076620000 - 0x0000000076649000 	E:\Java\jdk1.8.0_60\jre\bin\java.dll
0x0000000076600000 - 0x0000000076616000 	E:\Java\jdk1.8.0_60\jre\bin\zip.dll
0x00007ff863a70000 - 0x00007ff863bf9000 	C:\WINDOWS\SYSTEM32\dbghelp.dll

VM Arguments:
jvm_args: -Xmx1024M -Dfile.encoding=windows-1251 -Duser.country=RU -Duser.language=ru -Duser.variant 
java_command: com.android.dx.command.Main --dex --num-threads=4 --output E:\Android\AndroidStudioProjects\LoftblogMoneyTracker\app\build\intermediates\dex\debug E:\Android\AndroidStudioProjects\LoftblogMoneyTracker\app\build\intermediates\classes\debug E:\Android\AndroidStudioProjects\LoftblogMoneyTracker\app\build\intermediates\pre-dexed\debug\support-annotations-23.0.1-e6941ffc9cbf1270b1623cf686ba7082dcc4df08.jar E:\Android\AndroidStudioProjects\LoftblogMoneyTracker\app\build\intermediates\pre-dexed\debug\classes-8feaabbfb5bdbff71ed9eb50acb4a8fe317bd8e4.jar E:\Android\AndroidStudioProjects\LoftblogMoneyTracker\app\build\intermediates\pre-dexed\debug\classes-8c1319393e271eff68e10a9dcae07a2783f674be.jar E:\Android\AndroidStudioProjects\LoftblogMoneyTracker\app\build\intermediates\pre-dexed\debug\internal_impl-22.2.0-0e6d9ecdf28e1d5717a3b05e5efcbaa26aefd913.jar E:\Android\AndroidStudioProjects\LoftblogMoneyTracker\app\build\intermediates\pre-dexed\debug\classes-96a27b206b99b387079686bb2c6db4d651bf67b0.jar E:\Android\AndroidStudioProjects\LoftblogMoneyTracker\app\build\intermediates\pre-dexed\debug\classes-b570df61e751229d205547820db2b138f3d2f62b.jar E:\Android\AndroidStudioProjects\LoftblogMoneyTracker\app\build\intermediates\pre-dexed\debug\classes-52b7275268a9e54f348a2faeff70a90613f238e9.jar E:\Android\AndroidStudioProjects\LoftblogMoneyTracker\app\build\intermediates\pre-dexed\debug\classes-472fb590b2ae42e351cdbbab4f5c927f6cbdb130.jar E:\Android\AndroidStudioProjects\LoftblogMoneyTracker\app\build\intermediates\pre-dexed\debug\classes-352d93e2966ff5ab712c233f0fb1f206edd2d56d.jar E:\Android\AndroidStudioProjects\LoftblogMoneyTracker\app\build\intermediates\pre-dexed\debug\classes-de409459780203812a068d576aa5d4d22ec493da.jar E:\Android\AndroidStudioProjects\LoftblogMoneyTracker\app\build\intermediates\pre-dexed\debug\classes-929da88a3328213b151763d457f179989be7055b.jar E:\Android\AndroidStudioProjects\LoftblogMoneyTracker\app\build\intermediates\pre-dexed\debug\ac
java_class_path (initial): E:\Android\sdk\build-tools\23.0.0\lib\dx.jar
Launcher Type: SUN_STANDARD

Environment Variables:
PATH=C:\ProgramData\Oracle\Java\javapath;C:\WINDOWS\system32;C:\WINDOWS;C:\WINDOWS\System32\Wbem;C:\WINDOWS\System32\WindowsPowerShell\v1.0\;C:\Program Files (x86)\Common Files\Acronis\SnapAPI\;C:\Program Files (x86)\Common Files\Autodesk Shared\;C:\Program Files\Microsoft\Web Platform Installer\;C:\Program Files (x86)\Microsoft ASP.NET\ASP.NET Web Pages\v1.0\;C:\Program Files\Microsoft SQL Server\110\Tools\Binn\;C:\Program Files\Common Files\Autodesk Shared\;C:\Program Files (x86)\NVIDIA Corporation\PhysX\Common;C:\Program Files (x86)\Skype\Phone\
USERNAME=Àëåêñàíäð
OS=Windows_NT
PROCESSOR_IDENTIFIER=Intel64 Family 6 Model 15 Stepping 11, GenuineIntel



---------------  S Y S T E M  ---------------

OS: Windows 8.1 , 64 bit Build 9600 (6.3.9600.17415)

CPU:total 4 (4 cores per cpu, 1 threads per core) family 6 model 15 stepping 11, cmov, cx8, fxsr, mmx, sse, sse2, sse3, ssse3, tsc

Memory: 4k page, physical 8387492k(2271324k free), swap 16776356k(4340588k free)

vm_info: Java HotSpot(TM) 64-Bit Server VM (25.60-b23) for windows-amd64 JRE (1.8.0_60-b27), built on Aug  4 2015 11:06:27 by "java_re" with MS VC++ 10.0 (VS2010)

time: Tue Oct 27 03:28:29 2015
elapsed time: 3 seconds (0d 0h 0m 3s)

