#
# A fatal error has been detected by the Java Runtime Environment:
#
#  EXCEPTION_ACCESS_VIOLATION (0xc0000005) at pc=0xffffffffa3a45120, pid=9804, tid=9164
#
# JRE version: Java(TM) SE Runtime Environment (8.0_60-b27) (build 1.8.0_60-b27)
# Java VM: Java HotSpot(TM) 64-Bit Server VM (25.60-b23 mixed mode windows-amd64 compressed oops)
# Problematic frame:
# C  0xffffffffa3a45120
#
# Failed to write core dump. Minidumps are not enabled by default on client versions of Windows
#
# If you would like to submit a bug report, please visit:
#   http://bugreport.java.com/bugreport/crash.jsp
#

---------------  T H R E A D  ---------------

Current thread (0x0000000002943800):  JavaThread "main" [_thread_in_Java, id=9164, stack(0x0000000001110000,0x0000000001210000)]

siginfo: ExceptionCode=0xc0000005, ExceptionInformation=0x0000000000000008 0xffffffffa3a45120

Registers:
RAX=0x0000000000001f9e, RBX=0x0000000014e02f38, RCX=0x0000000000000049, RDX=0x00000000ed64ce40
RSP=0x000000000120f048, RBP=0x000000000120f2b0, RSI=0x0000000000000009, RDI=0x000000000000676a
R8 =0x0000000000000001, R9 =0x00000000ed64ce40, R10=0x0000000100099900, R11=0x0000000000000019
R12=0x0000000000000000, R13=0x00000000ed64ce40, R14=0x00000000ef142960, R15=0x0000000002943800
RIP=0xffffffffa3a45120, EFLAGS=0x0000000000010206

Top of Stack: (sp=0x000000000120f048)
0x000000000120f048:   00000000032ec674 000000000120f108
0x000000000120f058:   00000000032afe44 0000000000000000
0x000000000120f068:   00000000c00ce458 000000000120f070
0x000000000120f078:   0000000014bf0e07 00000000ed64c9c8
0x000000000120f088:   00000040000264a4 0000000014e11340
0x000000000120f098:   0000000014bf0e20 000000000120f2b0
0x000000000120f0a8:   00000000032a3aac 0000000002a474b5
0x000000000120f0b8:   00000000000264a4 0000000000000003
0x000000000120f0c8:   000000000120f0c8 0000000014d05825
0x000000000120f0d8:   00000000ed64ce40 0000000200001f9d
0x000000000120f0e8:   00000000ef142930 00000000ed64ce40
0x000000000120f0f8:   0000000100001f9e 000000000120f170
0x000000000120f108:   000000000120f2b0 0000000000000019
0x000000000120f118:   0000000000000001 0000000000000001
0x000000000120f128:   00000000000264a4 0000000000010001
0x000000000120f138:   000000090000018d 000000000000018d 

Instructions: (pc=0xffffffffa3a45120)
0xffffffffa3a45100:   
[error occurred during error reporting (printing registers, top of stack, instructions near pc), id 0xc0000005]

Register to memory mapping:

RAX=0x0000000000001f9e is an unknown value
RBX=0x0000000014e02f38 is pointing into metadata
RCX=0x0000000000000049 is an unknown value
RDX=0x00000000ed64ce40 is an oop
com.android.dx.util.ByteArrayAnnotatedOutput 
 - klass: 'com/android/dx/util/ByteArrayAnnotatedOutput'
RSP=0x000000000120f048 is pointing into the stack for thread: 0x0000000002943800
RBP=0x000000000120f2b0 is pointing into the stack for thread: 0x0000000002943800
RSI=0x0000000000000009 is an unknown value
RDI=0x000000000000676a is an unknown value
R8 =0x0000000000000001 is an unknown value
R9 =0x00000000ed64ce40 is an oop
com.android.dx.util.ByteArrayAnnotatedOutput 
 - klass: 'com/android/dx/util/ByteArrayAnnotatedOutput'
R10=0x0000000100099900 is pointing into metadata
R11=0x0000000000000019 is an unknown value
R12=0x0000000000000000 is an unknown value
R13=0x00000000ed64ce40 is an oop
com.android.dx.util.ByteArrayAnnotatedOutput 
 - klass: 'com/android/dx/util/ByteArrayAnnotatedOutput'
R14=0x00000000ef142960 is an oop
com.android.dx.rop.cst.CstNat 
 - klass: 'com/android/dx/rop/cst/CstNat'
R15=0x0000000002943800 is a thread


Stack: [0x0000000001110000,0x0000000001210000],  sp=0x000000000120f048,  free space=1020k
Native frames: (J=compiled Java code, j=interpreted, Vv=VM code, C=native code)
C  0xffffffffa3a45120


---------------  P R O C E S S  ---------------

Java Threads: ( => current thread )
  0x0000000016a7a000 JavaThread "Service Thread" daemon [_thread_blocked, id=10528, stack(0x0000000016e50000,0x0000000016f50000)]
  0x0000000015123000 JavaThread "C1 CompilerThread2" daemon [_thread_blocked, id=2244, stack(0x0000000016950000,0x0000000016a50000)]
  0x0000000015118000 JavaThread "C2 CompilerThread1" daemon [_thread_in_native, id=3904, stack(0x0000000016850000,0x0000000016950000)]
  0x0000000015111000 JavaThread "C2 CompilerThread0" daemon [_thread_blocked, id=6140, stack(0x0000000016750000,0x0000000016850000)]
  0x000000001510f800 JavaThread "Attach Listener" daemon [_thread_blocked, id=5288, stack(0x0000000016650000,0x0000000016750000)]
  0x000000001510e800 JavaThread "Signal Dispatcher" daemon [_thread_blocked, id=2456, stack(0x0000000016550000,0x0000000016650000)]
  0x0000000002a39000 JavaThread "Finalizer" daemon [_thread_blocked, id=1988, stack(0x0000000016370000,0x0000000016470000)]
  0x0000000002a2f000 JavaThread "Reference Handler" daemon [_thread_blocked, id=9812, stack(0x0000000016270000,0x0000000016370000)]
=>0x0000000002943800 JavaThread "main" [_thread_in_Java, id=9164, stack(0x0000000001110000,0x0000000001210000)]

Other Threads:
  0x00000000150d6000 VMThread [stack: 0x0000000016170000,0x0000000016270000] [id=11008]
  0x0000000016a80800 WatcherThread [stack: 0x0000000016f50000,0x0000000017050000] [id=10060]

VM state:not at safepoint (normal execution)

VM Mutex/Monitor currently owned by a thread: None

Heap:
 PSYoungGen      total 71680K, used 49730K [0x00000000eab00000, 0x00000000ef600000, 0x0000000100000000)
  eden space 66560K, 67% used [0x00000000eab00000,0x00000000ed698258,0x00000000eec00000)
  from space 5120K, 99% used [0x00000000ef100000,0x00000000ef5f8740,0x00000000ef600000)
  to   space 5120K, 0% used [0x00000000eec00000,0x00000000eec00000,0x00000000ef100000)
 ParOldGen       total 87552K, used 9331K [0x00000000c0000000, 0x00000000c5580000, 0x00000000eab00000)
  object space 87552K, 10% used [0x00000000c0000000,0x00000000c091cc10,0x00000000c5580000)
 Metaspace       used 6604K, capacity 7440K, committed 7680K, reserved 1056768K
  class space    used 614K, capacity 648K, committed 768K, reserved 1048576K

Card table byte_map: [0x0000000011e00000,0x0000000012010000] byte_map_base: 0x0000000011800000

Marking Bits: (ParMarkBitMap*) 0x000000006429a5b0
 Begin Bits: [0x0000000012570000, 0x0000000013570000)
 End Bits:   [0x0000000013570000, 0x0000000014570000)

Polling page: 0x0000000000f80000

CodeCache: size=245760Kb used=8918Kb max_used=8930Kb free=236841Kb
 bounds [0x0000000002a40000, 0x0000000003310000, 0x0000000011a40000]
 total_blobs=2468 nmethods=2199 adapters=183
 compilation: enabled

Compilation events (10 events):
Event: 4.296 Thread 0x0000000015123000 2198       3       com.android.dx.dex.file.ClassDataItem::encodeList (92 bytes)
Event: 4.297 Thread 0x0000000015123000 nmethod 2198 0x00000000032e8c50 code [0x00000000032e8ec0, 0x00000000032e9eb8]
Event: 4.299 Thread 0x0000000015123000 2199       3       com.android.dx.dex.file.ClassDataItem::encodeSize (62 bytes)
Event: 4.302 Thread 0x0000000015123000 nmethod 2199 0x00000000032efb10 code [0x00000000032efe20, 0x00000000032f15a8]
Event: 4.305 Thread 0x0000000015123000 2202       3       com.android.dx.dex.file.MethodIdsSection::indexOf (49 bytes)
Event: 4.306 Thread 0x0000000015123000 nmethod 2202 0x00000000032eec10 code [0x00000000032eee00, 0x00000000032ef748]
Event: 4.307 Thread 0x0000000015123000 2203       3       com.android.dx.dex.file.EncodedMethod::encode (254 bytes)
Event: 4.308 Thread 0x0000000015118000 nmethod 2196 0x00000000032f5690 code [0x00000000032f5800, 0x00000000032f5ed8]
Event: 4.308 Thread 0x0000000015118000 2197       4       com.android.dx.util.ByteArrayAnnotatedOutput::ensureCapacity (39 bytes)
Event: 4.310 Thread 0x0000000015123000 nmethod 2203 0x00000000032f62d0 code [0x00000000032f67e0, 0x00000000032f9718]

GC Heap History (4 events):
Event: 1.411 GC heap before
{Heap before GC invocations=1 (full 0):
 PSYoungGen      total 38400K, used 33280K [0x00000000eab00000, 0x00000000ed580000, 0x0000000100000000)
  eden space 33280K, 100% used [0x00000000eab00000,0x00000000ecb80000,0x00000000ecb80000)
  from space 5120K, 0% used [0x00000000ed080000,0x00000000ed080000,0x00000000ed580000)
  to   space 5120K, 0% used [0x00000000ecb80000,0x00000000ecb80000,0x00000000ed080000)
 ParOldGen       total 87552K, used 0K [0x00000000c0000000, 0x00000000c5580000, 0x00000000eab00000)
  object space 87552K, 0% used [0x00000000c0000000,0x00000000c0000000,0x00000000c5580000)
 Metaspace       used 5727K, capacity 6960K, committed 7040K, reserved 1056768K
  class space    used 566K, capacity 616K, committed 640K, reserved 1048576K
Event: 1.443 GC heap after
Heap after GC invocations=1 (full 0):
 PSYoungGen      total 38400K, used 5101K [0x00000000eab00000, 0x00000000ef600000, 0x0000000100000000)
  eden space 33280K, 0% used [0x00000000eab00000,0x00000000eab00000,0x00000000ecb80000)
  from space 5120K, 99% used [0x00000000ecb80000,0x00000000ed07b4b8,0x00000000ed080000)
  to   space 5120K, 0% used [0x00000000ef100000,0x00000000ef100000,0x00000000ef600000)
 ParOldGen       total 87552K, used 3804K [0x00000000c0000000, 0x00000000c5580000, 0x00000000eab00000)
  object space 87552K, 4% used [0x00000000c0000000,0x00000000c03b7128,0x00000000c5580000)
 Metaspace       used 5727K, capacity 6960K, committed 7040K, reserved 1056768K
  class space    used 566K, capacity 616K, committed 640K, reserved 1048576K
}
Event: 2.100 GC heap before
{Heap before GC invocations=2 (full 0):
 PSYoungGen      total 38400K, used 38381K [0x00000000eab00000, 0x00000000ef600000, 0x0000000100000000)
  eden space 33280K, 100% used [0x00000000eab00000,0x00000000ecb80000,0x00000000ecb80000)
  from space 5120K, 99% used [0x00000000ecb80000,0x00000000ed07b4b8,0x00000000ed080000)
  to   space 5120K, 0% used [0x00000000ef100000,0x00000000ef100000,0x00000000ef600000)
 ParOldGen       total 87552K, used 3804K [0x00000000c0000000, 0x00000000c5580000, 0x00000000eab00000)
  object space 87552K, 4% used [0x00000000c0000000,0x00000000c03b7128,0x00000000c5580000)
 Metaspace       used 6010K, capacity 7152K, committed 7296K, reserved 1056768K
  class space    used 579K, capacity 616K, committed 640K, reserved 1048576K
Event: 2.149 GC heap after
Heap after GC invocations=2 (full 0):
 PSYoungGen      total 71680K, used 5089K [0x00000000eab00000, 0x00000000ef600000, 0x0000000100000000)
  eden space 66560K, 0% used [0x00000000eab00000,0x00000000eab00000,0x00000000eec00000)
  from space 5120K, 99% used [0x00000000ef100000,0x00000000ef5f8740,0x00000000ef600000)
  to   space 5120K, 0% used [0x00000000eec00000,0x00000000eec00000,0x00000000ef100000)
 ParOldGen       total 87552K, used 9331K [0x00000000c0000000, 0x00000000c5580000, 0x00000000eab00000)
  object space 87552K, 10% used [0x00000000c0000000,0x00000000c091cc10,0x00000000c5580000)
 Metaspace       used 6010K, capacity 7152K, committed 7296K, reserved 1056768K
  class space    used 579K, capacity 616K, committed 640K, reserved 1048576K
}

Deoptimization events (10 events):
Event: 3.775 Thread 0x0000000002943800 Uncommon trap: reason=class_check action=maybe_recompile pc=0x0000000002d22048 method=java.util.HashMap.putVal(ILjava/lang/Object;Ljava/lang/Object;ZZ)Ljava/lang/Object; @ 203
Event: 3.802 Thread 0x0000000002943800 Uncommon trap: reason=unstable_if action=reinterpret pc=0x00000000031f19bc method=java.util.HashMap.putVal(ILjava/lang/Object;Ljava/lang/Object;ZZ)Ljava/lang/Object; @ 94
Event: 3.802 Thread 0x0000000002943800 Uncommon trap: reason=unstable_if action=reinterpret pc=0x00000000031f6af4 method=java.util.HashMap.putVal(ILjava/lang/Object;Ljava/lang/Object;ZZ)Ljava/lang/Object; @ 94
Event: 4.137 Thread 0x0000000002943800 Uncommon trap: reason=speculate_class_check action=maybe_recompile pc=0x000000000311af98 method=com.android.dx.util.FixedSizeList.equals(Ljava/lang/Object;)Z @ 25
Event: 4.137 Thread 0x0000000002943800 Uncommon trap: reason=speculate_class_check action=maybe_recompile pc=0x000000000311af98 method=com.android.dx.util.FixedSizeList.equals(Ljava/lang/Object;)Z @ 25
Event: 4.137 Thread 0x0000000002943800 Uncommon trap: reason=speculate_class_check action=maybe_recompile pc=0x000000000311af98 method=com.android.dx.util.FixedSizeList.equals(Ljava/lang/Object;)Z @ 25
Event: 4.137 Thread 0x0000000002943800 Uncommon trap: reason=speculate_class_check action=maybe_recompile pc=0x000000000311af98 method=com.android.dx.util.FixedSizeList.equals(Ljava/lang/Object;)Z @ 25
Event: 4.225 Thread 0x0000000002943800 Uncommon trap: reason=unstable_if action=reinterpret pc=0x0000000003260618 method=java.util.ArrayList.<init>(I)V @ 5
Event: 4.272 Thread 0x0000000002943800 Uncommon trap: reason=unstable_if action=reinterpret pc=0x00000000032bb468 method=com.android.dx.util.ByteArrayAnnotatedOutput.ensureCapacity(I)V @ 6
Event: 4.276 Thread 0x0000000002943800 Uncommon trap: reason=unstable_if action=reinterpret pc=0x00000000032a351c method=com.android.dx.util.ByteArrayAnnotatedOutput.ensureCapacity(I)V @ 6

Internal exceptions (3 events):
Event: 0.072 Thread 0x0000000002943800 Exception <a 'java/lang/NoSuchMethodError': Method sun.misc.Unsafe.defineClass(Ljava/lang/String;[BII)Ljava/lang/Class; name or signature does not match> (0x00000000eab12d78) thrown at [C:\re\workspace\8-2-build-windows-amd64-cygwin\jdk8u60\4407\hotspot\sr9"~¸e²?
Event: 0.072 Thread 0x0000000002943800 Exception <a 'java/lang/NoSuchMethodError': Method sun.misc.Unsafe.prefetchRead(Ljava/lang/Object;J)V name or signature does not match> (0x00000000eab13060) thrown at [C:\re\workspace\8-2-build-windows-amd64-cygwin\jdk8u60\4407\hotspot\src\share\vm\prims\jÙî"‹©€û?
Event: 1.719 Thread 0x0000000016c60000 Implicit null exception at 0x0000000002fc3ba2 to 0x0000000002fc3c41

Events (10 events):
Event: 4.253 Executing VM operation: EnableBiasedLocking
Event: 4.253 Executing VM operation: EnableBiasedLocking done
Event: 4.258 loading class com/android/dex/EncodedValueCodec
Event: 4.258 loading class com/android/dex/EncodedValueCodec done
Event: 4.272 Thread 0x0000000002943800 Uncommon trap: trap_request=0xffffff65 fr.pc=0x00000000032bb468
Event: 4.272 Thread 0x0000000002943800 DEOPT PACKING pc=0x00000000032bb468 sp=0x000000000120f0a0
Event: 4.273 Thread 0x0000000002943800 DEOPT UNPACKING pc=0x0000000002a8556a sp=0x000000000120efe8 mode 2
Event: 4.276 Thread 0x0000000002943800 Uncommon trap: trap_request=0xffffff65 fr.pc=0x00000000032a351c
Event: 4.276 Thread 0x0000000002943800 DEOPT PACKING pc=0x00000000032a351c sp=0x000000000120f060
Event: 4.276 Thread 0x0000000002943800 DEOPT UNPACKING pc=0x0000000002a8556a sp=0x000000000120efe8 mode 2


Dynamic libraries:
0x00007ff782eb0000 - 0x00007ff782ee7000 	E:\Java\jdk1.8.0_60\bin\java.exe
0x00007fff9cbe0000 - 0x00007fff9cd8c000 	C:\WINDOWS\SYSTEM32\ntdll.dll
0x00007fff9b4c0000 - 0x00007fff9b5fe000 	C:\WINDOWS\system32\KERNEL32.DLL
0x00007fff9a040000 - 0x00007fff9a155000 	C:\WINDOWS\system32\KERNELBASE.dll
0x00007fff98990000 - 0x00007fff98a1e000 	C:\WINDOWS\system32\apphelp.dll
0x00007fff90660000 - 0x00007fff906b3000 	C:\WINDOWS\AppPatch\AppPatch64\AcGenral.DLL
0x00007fff9a9a0000 - 0x00007fff9aa4a000 	C:\WINDOWS\system32\msvcrt.dll
0x00007fff99b00000 - 0x00007fff99b2e000 	C:\WINDOWS\SYSTEM32\SspiCli.dll
0x00007fff9ae70000 - 0x00007fff9aec4000 	C:\WINDOWS\system32\SHLWAPI.dll
0x00007fff9b340000 - 0x00007fff9b4b7000 	C:\WINDOWS\system32\USER32.dll
0x00007fff9a650000 - 0x00007fff9a7e4000 	C:\WINDOWS\system32\ole32.dll
0x00007fff9b600000 - 0x00007fff9cb2b000 	C:\WINDOWS\system32\SHELL32.dll
0x00007fff992d0000 - 0x00007fff992f1000 	C:\WINDOWS\SYSTEM32\USERENV.dll
0x00007fff9cb30000 - 0x00007fff9cbda000 	C:\WINDOWS\system32\ADVAPI32.dll
0x00007fff8bb00000 - 0x00007fff8bb1e000 	C:\WINDOWS\SYSTEM32\MPR.dll
0x00007fff9a500000 - 0x00007fff9a641000 	C:\WINDOWS\system32\RPCRT4.dll
0x00007fff9b2e0000 - 0x00007fff9b339000 	C:\WINDOWS\SYSTEM32\sechost.dll
0x00007fff9aed0000 - 0x00007fff9b0e1000 	C:\WINDOWS\SYSTEM32\combase.dll
0x00007fff9ab70000 - 0x00007fff9acbf000 	C:\WINDOWS\system32\GDI32.dll
0x00007fff99d30000 - 0x00007fff99d45000 	C:\WINDOWS\SYSTEM32\profapi.dll
0x00007fff987f0000 - 0x00007fff988a2000 	C:\WINDOWS\SYSTEM32\SHCORE.dll
0x00007fff9aa50000 - 0x00007fff9aa86000 	C:\WINDOWS\system32\IMM32.DLL
0x00007fff9b120000 - 0x00007fff9b272000 	C:\WINDOWS\system32\MSCTF.dll
0x00007fff98170000 - 0x00007fff983eb000 	C:\WINDOWS\WinSxS\amd64_microsoft.windows.common-controls_6595b64144ccf1df_6.0.9600.18006_none_623f33d3ecbe86e8\COMCTL32.dll
0x00000000636e0000 - 0x00000000637b2000 	E:\Java\jdk1.8.0_60\jre\bin\msvcr100.dll
0x0000000063a90000 - 0x0000000064319000 	E:\Java\jdk1.8.0_60\jre\bin\server\jvm.dll
0x00007fff94020000 - 0x00007fff94029000 	C:\WINDOWS\SYSTEM32\WSOCK32.dll
0x00007fff983f0000 - 0x00007fff98412000 	C:\WINDOWS\SYSTEM32\WINMM.dll
0x00007fff98420000 - 0x00007fff9842a000 	C:\WINDOWS\SYSTEM32\VERSION.dll
0x00007fff9b110000 - 0x00007fff9b117000 	C:\WINDOWS\system32\PSAPI.DLL
0x00007fff9b280000 - 0x00007fff9b2da000 	C:\WINDOWS\system32\WS2_32.dll
0x00007fff98130000 - 0x00007fff9815a000 	C:\WINDOWS\SYSTEM32\WINMMBASE.dll
0x00007fff9acc0000 - 0x00007fff9acc9000 	C:\WINDOWS\system32\NSI.dll
0x00007fff9a160000 - 0x00007fff9a1af000 	C:\WINDOWS\SYSTEM32\cfgmgr32.dll
0x00007fff98950000 - 0x00007fff98978000 	C:\WINDOWS\SYSTEM32\DEVOBJ.dll
0x0000000063a80000 - 0x0000000063a8f000 	E:\Java\jdk1.8.0_60\jre\bin\verify.dll
0x0000000063a50000 - 0x0000000063a79000 	E:\Java\jdk1.8.0_60\jre\bin\java.dll
0x0000000063a30000 - 0x0000000063a46000 	E:\Java\jdk1.8.0_60\jre\bin\zip.dll
0x00007fff94410000 - 0x00007fff94599000 	C:\WINDOWS\SYSTEM32\dbghelp.dll

VM Arguments:
jvm_args: -Xmx1024M -Dfile.encoding=windows-1251 -Duser.country=RU -Duser.language=ru -Duser.variant 
java_command: com.android.dx.command.Main --dex --num-threads=4 --output E:\Android\AndroidStudioProjects\LoftblogMoneyTracker\app\build\intermediates\dex\debug E:\Android\AndroidStudioProjects\LoftblogMoneyTracker\app\build\intermediates\classes\debug E:\Android\AndroidStudioProjects\LoftblogMoneyTracker\app\build\intermediates\pre-dexed\debug\support-annotations-23.0.1-e6941ffc9cbf1270b1623cf686ba7082dcc4df08.jar E:\Android\AndroidStudioProjects\LoftblogMoneyTracker\app\build\intermediates\pre-dexed\debug\classes-8feaabbfb5bdbff71ed9eb50acb4a8fe317bd8e4.jar E:\Android\AndroidStudioProjects\LoftblogMoneyTracker\app\build\intermediates\pre-dexed\debug\classes-8c1319393e271eff68e10a9dcae07a2783f674be.jar E:\Android\AndroidStudioProjects\LoftblogMoneyTracker\app\build\intermediates\pre-dexed\debug\internal_impl-22.2.0-0e6d9ecdf28e1d5717a3b05e5efcbaa26aefd913.jar E:\Android\AndroidStudioProjects\LoftblogMoneyTracker\app\build\intermediates\pre-dexed\debug\classes-96a27b206b99b387079686bb2c6db4d651bf67b0.jar E:\Android\AndroidStudioProjects\LoftblogMoneyTracker\app\build\intermediates\pre-dexed\debug\classes-b570df61e751229d205547820db2b138f3d2f62b.jar E:\Android\AndroidStudioProjects\LoftblogMoneyTracker\app\build\intermediates\pre-dexed\debug\classes-52b7275268a9e54f348a2faeff70a90613f238e9.jar E:\Android\AndroidStudioProjects\LoftblogMoneyTracker\app\build\intermediates\pre-dexed\debug\classes-472fb590b2ae42e351cdbbab4f5c927f6cbdb130.jar E:\Android\AndroidStudioProjects\LoftblogMoneyTracker\app\build\intermediates\pre-dexed\debug\classes-352d93e2966ff5ab712c233f0fb1f206edd2d56d.jar E:\Android\AndroidStudioProjects\LoftblogMoneyTracker\app\build\intermediates\pre-dexed\debug\classes-de409459780203812a068d576aa5d4d22ec493da.jar E:\Android\AndroidStudioProjects\LoftblogMoneyTracker\app\build\intermediates\pre-dexed\debug\classes-929da88a3328213b151763d457f179989be7055b.jar E:\Android\AndroidStudioProjects\LoftblogMoneyTracker\app\build\intermediates\pre-dexed\debug\ac
java_class_path (initial): E:\Android\sdk\build-tools\23.0.1\lib\dx.jar
Launcher Type: SUN_STANDARD

Environment Variables:
PATH=C:\ProgramData\Oracle\Java\javapath;C:\WINDOWS\system32;C:\WINDOWS;C:\WINDOWS\System32\Wbem;C:\WINDOWS\System32\WindowsPowerShell\v1.0\;C:\Program Files (x86)\Common Files\Acronis\SnapAPI\;C:\Program Files (x86)\Common Files\Autodesk Shared\;C:\Program Files\Microsoft\Web Platform Installer\;C:\Program Files (x86)\Microsoft ASP.NET\ASP.NET Web Pages\v1.0\;C:\Program Files\Microsoft SQL Server\110\Tools\Binn\;C:\Program Files\Common Files\Autodesk Shared\;C:\Program Files (x86)\NVIDIA Corporation\PhysX\Common;C:\Program Files (x86)\Skype\Phone\
USERNAME=Àëåêñàíäð
OS=Windows_NT
PROCESSOR_IDENTIFIER=Intel64 Family 6 Model 15 Stepping 11, GenuineIntel



---------------  S Y S T E M  ---------------

OS: Windows 8.1 , 64 bit Build 9600 (6.3.9600.17415)

CPU:total 4 (4 cores per cpu, 1 threads per core) family 6 model 15 stepping 11, cmov, cx8, fxsr, mmx, sse, sse2, sse3, ssse3, tsc

Memory: 4k page, physical 8387492k(1807428k free), swap 16776356k(5430280k free)

vm_info: Java HotSpot(TM) 64-Bit Server VM (25.60-b23) for windows-amd64 JRE (1.8.0_60-b27), built on Aug  4 2015 11:06:27 by "java_re" with MS VC++ 10.0 (VS2010)

time: Tue Oct 20 17:06:51 2015
elapsed time: 4 seconds (0d 0h 0m 4s)

