#
# A fatal error has been detected by the Java Runtime Environment:
#
#  EXCEPTION_ACCESS_VIOLATION (0xc0000005) at pc=0xffffffffa3d65120, pid=3536, tid=2944
#
# JRE version: Java(TM) SE Runtime Environment (8.0_60-b27) (build 1.8.0_60-b27)
# Java VM: Java HotSpot(TM) 64-Bit Server VM (25.60-b23 mixed mode windows-amd64 compressed oops)
# Problematic frame:
# C  0xffffffffa3d65120
#
# Failed to write core dump. Minidumps are not enabled by default on client versions of Windows
#
# If you would like to submit a bug report, please visit:
#   http://bugreport.java.com/bugreport/crash.jsp
#

---------------  T H R E A D  ---------------

Current thread (0x0000000002c63800):  JavaThread "main" [_thread_in_Java, id=2944, stack(0x0000000002a60000,0x0000000002b60000)]

siginfo: ExceptionCode=0xc0000005, ExceptionInformation=0x0000000000000008 0xffffffffa3d65120

Registers:
RAX=0x0000000100028d98, RBX=0x000000001515b410, RCX=0x00000000ef0efc90, RDX=0x00000000ef0efce8
RSP=0x0000000002b5ed38, RBP=0x0000000002b5edd8, RSI=0x0000000100028d98, RDI=0x00000000151744d8
R8 =0x00000000000008ae, R9 =0x000000000001e946, R10=0x0000000100028d98, R11=0x00000000036d7aa0
R12=0x0000000000000000, R13=0x0000000002b5ed88, R14=0x0000000002b5edf0, R15=0x0000000002c63800
RIP=0xffffffffa3d65120, EFLAGS=0x0000000000010246

Top of Stack: (sp=0x0000000002b5ed38)
0x0000000002b5ed38:   00000000036d7b84 0000000002d67a2d
0x0000000002b5ed48:   00000000000008ae 00000000000000cb
0x0000000002b5ed58:   0000000000000246 00000000ef0ef818
0x0000000002b5ed68:   00000000eac8e520 0000000002b5edd8
0x0000000002b5ed78:   0000000002d67a2d 0000000002d67a2d
0x0000000002b5ed88:   00000000000008ae 00000000ef0efc90
0x0000000002b5ed98:   0000000002b5ed98 000000001518043d
0x0000000002b5eda8:   0000000002b5edf0 00000000151806d0
0x0000000002b5edb8:   0000000015181c50 0000000015180468
0x0000000002b5edc8:   0000000002b5ed88 0000000002b5ede8
0x0000000002b5edd8:   0000000002b5ee38 0000000002d67a2d
0x0000000002b5ede8:   00000000ef0efc90 00000000eac8e520
0x0000000002b5edf8:   0000000002b5edf8 000000001517f638
0x0000000002b5ee08:   0000000002b5ee50 000000001517f860
0x0000000002b5ee18:   0000000015181a70 000000001517f660
0x0000000002b5ee28:   0000000002b5ede8 0000000002b5ee48 

Instructions: (pc=0xffffffffa3d65120)
0xffffffffa3d65100:   
[error occurred during error reporting (printing registers, top of stack, instructions near pc), id 0xc0000005]

Register to memory mapping:

RAX=0x0000000100028d98 is pointing into metadata
RBX={method} {0x000000001515b418} 'writeInt' '(I)V' in 'com/android/dex/Dex$Section'
RCX=0x00000000ef0efc90 is an oop
com.android.dex.Dex$Section 
 - klass: 'com/android/dex/Dex$Section'
RDX=0x00000000ef0efce8 is an oop
java.nio.HeapByteBuffer 
 - klass: 'java/nio/HeapByteBuffer'
RSP=0x0000000002b5ed38 is pointing into the stack for thread: 0x0000000002c63800
RBP=0x0000000002b5edd8 is pointing into the stack for thread: 0x0000000002c63800
RSI=0x0000000100028d98 is pointing into metadata
RDI=0x00000000151744d8 is pointing into metadata
R8 =0x00000000000008ae is an unknown value
R9 =0x000000000001e946 is an unknown value
R10=0x0000000100028d98 is pointing into metadata
R11=0x00000000036d7aa0 is at entry_point+32 in (nmethod*)0x00000000036d7910
R12=0x0000000000000000 is an unknown value
R13=0x0000000002b5ed88 is pointing into the stack for thread: 0x0000000002c63800
R14=0x0000000002b5edf0 is pointing into the stack for thread: 0x0000000002c63800
R15=0x0000000002c63800 is a thread


Stack: [0x0000000002a60000,0x0000000002b60000],  sp=0x0000000002b5ed38,  free space=1019k
Native frames: (J=compiled Java code, j=interpreted, Vv=VM code, C=native code)
C  0xffffffffa3d65120


---------------  P R O C E S S  ---------------

Java Threads: ( => current thread )
  0x0000000016d90800 JavaThread "Service Thread" daemon [_thread_blocked, id=5432, stack(0x0000000017160000,0x0000000017260000)]
  0x0000000015439000 JavaThread "C1 CompilerThread2" daemon [_thread_blocked, id=4788, stack(0x0000000016c60000,0x0000000016d60000)]
  0x0000000015436000 JavaThread "C2 CompilerThread1" daemon [_thread_in_native, id=4704, stack(0x0000000016b60000,0x0000000016c60000)]
  0x0000000015433000 JavaThread "C2 CompilerThread0" daemon [_thread_in_native, id=3088, stack(0x0000000016a60000,0x0000000016b60000)]
  0x0000000015432000 JavaThread "Attach Listener" daemon [_thread_blocked, id=1508, stack(0x0000000016960000,0x0000000016a60000)]
  0x0000000015431000 JavaThread "Signal Dispatcher" daemon [_thread_blocked, id=3968, stack(0x0000000016860000,0x0000000016960000)]
  0x0000000002d5b000 JavaThread "Finalizer" daemon [_thread_blocked, id=32, stack(0x0000000016680000,0x0000000016780000)]
  0x0000000002d51800 JavaThread "Reference Handler" daemon [_thread_blocked, id=212, stack(0x0000000016580000,0x0000000016680000)]
=>0x0000000002c63800 JavaThread "main" [_thread_in_Java, id=2944, stack(0x0000000002a60000,0x0000000002b60000)]

Other Threads:
  0x00000000153f6800 VMThread [stack: 0x0000000016480000,0x0000000016580000] [id=2380]
  0x0000000016dae800 WatcherThread [stack: 0x0000000017260000,0x0000000017360000] [id=5604]

VM state:not at safepoint (normal execution)

VM Mutex/Monitor currently owned by a thread: None

Heap:
 PSYoungGen      total 71680K, used 6789K [0x00000000eab00000, 0x00000000f3700000, 0x0000000100000000)
  eden space 66560K, 2% used [0x00000000eab00000,0x00000000eaca6b18,0x00000000eec00000)
  from space 5120K, 99% used [0x00000000eec00000,0x00000000ef0fa970,0x00000000ef100000)
  to   space 5120K, 0% used [0x00000000f3200000,0x00000000f3200000,0x00000000f3700000)
 ParOldGen       total 87552K, used 21480K [0x00000000c0000000, 0x00000000c5580000, 0x00000000eab00000)
  object space 87552K, 24% used [0x00000000c0000000,0x00000000c14fa240,0x00000000c5580000)
 Metaspace       used 7298K, capacity 7800K, committed 7936K, reserved 1056768K
  class space    used 684K, capacity 688K, committed 768K, reserved 1048576K

Card table byte_map: [0x0000000012120000,0x0000000012330000] byte_map_base: 0x0000000011b20000

Marking Bits: (ParMarkBitMap*) 0x0000000053cba5b0
 Begin Bits: [0x0000000012890000, 0x0000000013890000)
 End Bits:   [0x0000000013890000, 0x0000000014890000)

Polling page: 0x00000000012e0000

CodeCache: size=245760Kb used=9876Kb max_used=9876Kb free=235883Kb
 bounds [0x0000000002d60000, 0x0000000003720000, 0x0000000011d60000]
 total_blobs=2808 nmethods=2530 adapters=190
 compilation: enabled

Compilation events (10 events):
Event: 3.083 Thread 0x0000000015439000 nmethod 2541 0x00000000036fef50 code [0x00000000036ff0a0, 0x00000000036ff1b0]
Event: 3.083 Thread 0x0000000015439000 2544       3       com.android.dex.MethodId::<init> (26 bytes)
Event: 3.083 Thread 0x0000000015439000 nmethod 2544 0x00000000036feb50 code [0x00000000036feca0, 0x00000000036fee70]
Event: 3.083 Thread 0x0000000015439000 2542       1       com.android.dex.MethodId::getProtoIndex (5 bytes)
Event: 3.083 Thread 0x0000000015439000 nmethod 2542 0x00000000036fe890 code [0x00000000036fe9e0, 0x00000000036feaf0]
Event: 3.083 Thread 0x0000000015439000 2543       1       com.android.dex.MethodId::getNameIndex (5 bytes)
Event: 3.083 Thread 0x0000000015439000 nmethod 2543 0x00000000036fe5d0 code [0x00000000036fe720, 0x00000000036fe830]
Event: 3.083 Thread 0x0000000015439000 2546       3       com.android.dx.merge.DexMerger$6::read (8 bytes)
Event: 3.084 Thread 0x0000000015433000 nmethod 2537 0x0000000003704010 code [0x0000000003704160, 0x00000000037042d8]
Event: 3.084 Thread 0x0000000015433000 2540       4       com.android.dex.Dex$Section::readUnsignedShort (8 bytes)

GC Heap History (6 events):
Event: 1.146 GC heap before
{Heap before GC invocations=1 (full 0):
 PSYoungGen      total 38400K, used 33280K [0x00000000eab00000, 0x00000000ed580000, 0x0000000100000000)
  eden space 33280K, 100% used [0x00000000eab00000,0x00000000ecb80000,0x00000000ecb80000)
  from space 5120K, 0% used [0x00000000ed080000,0x00000000ed080000,0x00000000ed580000)
  to   space 5120K, 0% used [0x00000000ecb80000,0x00000000ecb80000,0x00000000ed080000)
 ParOldGen       total 87552K, used 0K [0x00000000c0000000, 0x00000000c5580000, 0x00000000eab00000)
  object space 87552K, 0% used [0x00000000c0000000,0x00000000c0000000,0x00000000c5580000)
 Metaspace       used 5773K, capacity 6960K, committed 7040K, reserved 1056768K
  class space    used 566K, capacity 616K, committed 640K, reserved 1048576K
Event: 1.168 GC heap after
Heap after GC invocations=1 (full 0):
 PSYoungGen      total 38400K, used 5119K [0x00000000eab00000, 0x00000000ef600000, 0x0000000100000000)
  eden space 33280K, 0% used [0x00000000eab00000,0x00000000eab00000,0x00000000ecb80000)
  from space 5120K, 99% used [0x00000000ecb80000,0x00000000ed07fc10,0x00000000ed080000)
  to   space 5120K, 0% used [0x00000000ef100000,0x00000000ef100000,0x00000000ef600000)
 ParOldGen       total 87552K, used 3546K [0x00000000c0000000, 0x00000000c5580000, 0x00000000eab00000)
  object space 87552K, 4% used [0x00000000c0000000,0x00000000c0376970,0x00000000c5580000)
 Metaspace       used 5773K, capacity 6960K, committed 7040K, reserved 1056768K
  class space    used 566K, capacity 616K, committed 640K, reserved 1048576K
}
Event: 1.799 GC heap before
{Heap before GC invocations=2 (full 0):
 PSYoungGen      total 38400K, used 38399K [0x00000000eab00000, 0x00000000ef600000, 0x0000000100000000)
  eden space 33280K, 100% used [0x00000000eab00000,0x00000000ecb80000,0x00000000ecb80000)
  from space 5120K, 99% used [0x00000000ecb80000,0x00000000ed07fc10,0x00000000ed080000)
  to   space 5120K, 0% used [0x00000000ef100000,0x00000000ef100000,0x00000000ef600000)
 ParOldGen       total 87552K, used 3546K [0x00000000c0000000, 0x00000000c5580000, 0x00000000eab00000)
  object space 87552K, 4% used [0x00000000c0000000,0x00000000c0376970,0x00000000c5580000)
 Metaspace       used 6025K, capacity 7152K, committed 7296K, reserved 1056768K
  class space    used 579K, capacity 616K, committed 640K, reserved 1048576K
Event: 1.852 GC heap after
Heap after GC invocations=2 (full 0):
 PSYoungGen      total 71680K, used 5093K [0x00000000eab00000, 0x00000000ef600000, 0x0000000100000000)
  eden space 66560K, 0% used [0x00000000eab00000,0x00000000eab00000,0x00000000eec00000)
  from space 5120K, 99% used [0x00000000ef100000,0x00000000ef5f97b8,0x00000000ef600000)
  to   space 5120K, 0% used [0x00000000eec00000,0x00000000eec00000,0x00000000ef100000)
 ParOldGen       total 87552K, used 9256K [0x00000000c0000000, 0x00000000c5580000, 0x00000000eab00000)
  object space 87552K, 10% used [0x00000000c0000000,0x00000000c090a3a0,0x00000000c5580000)
 Metaspace       used 6025K, capacity 7152K, committed 7296K, reserved 1056768K
  class space    used 579K, capacity 616K, committed 640K, reserved 1048576K
}
Event: 3.009 GC heap before
{Heap before GC invocations=3 (full 0):
 PSYoungGen      total 71680K, used 71653K [0x00000000eab00000, 0x00000000ef600000, 0x0000000100000000)
  eden space 66560K, 100% used [0x00000000eab00000,0x00000000eec00000,0x00000000eec00000)
  from space 5120K, 99% used [0x00000000ef100000,0x00000000ef5f97b8,0x00000000ef600000)
  to   space 5120K, 0% used [0x00000000eec00000,0x00000000eec00000,0x00000000ef100000)
 ParOldGen       total 87552K, used 9256K [0x00000000c0000000, 0x00000000c5580000, 0x00000000eab00000)
  object space 87552K, 10% used [0x00000000c0000000,0x00000000c090a3a0,0x00000000c5580000)
 Metaspace       used 7229K, capacity 7800K, committed 7936K, reserved 1056768K
  class space    used 678K, capacity 688K, committed 768K, reserved 1048576K
Event: 3.047 GC heap after
Heap after GC invocations=3 (full 0):
 PSYoungGen      total 71680K, used 5098K [0x00000000eab00000, 0x00000000f3700000, 0x0000000100000000)
  eden space 66560K, 0% used [0x00000000eab00000,0x00000000eab00000,0x00000000eec00000)
  from space 5120K, 99% used [0x00000000eec00000,0x00000000ef0fa970,0x00000000ef100000)
  to   space 5120K, 0% used [0x00000000f3200000,0x00000000f3200000,0x00000000f3700000)
 ParOldGen       total 87552K, used 21480K [0x00000000c0000000, 0x00000000c5580000, 0x00000000eab00000)
  object space 87552K, 24% used [0x00000000c0000000,0x00000000c14fa240,0x00000000c5580000)
 Metaspace       used 7229K, capacity 7800K, committed 7936K, reserved 1056768K
  class space    used 678K, capacity 688K, committed 768K, reserved 1048576K
}

Deoptimization events (10 events):
Event: 2.909 Thread 0x0000000002c63800 Uncommon trap: reason=unstable_if action=reinterpret pc=0x0000000003636fcc method=com.android.dx.util.ByteArrayAnnotatedOutput.writeByte(I)V @ 13
Event: 2.927 Thread 0x0000000002c63800 Uncommon trap: reason=unstable_if action=reinterpret pc=0x0000000003168e5c method=java.util.Arrays.copyOf([Ljava/lang/Object;ILjava/lang/Class;)[Ljava/lang/Object; @ 3
Event: 2.929 Thread 0x0000000002c63800 Uncommon trap: reason=speculate_class_check action=maybe_recompile pc=0x0000000003583634 method=java.util.HashMap.putVal(ILjava/lang/Object;Ljava/lang/Object;ZZ)Ljava/lang/Object; @ 56
Event: 2.929 Thread 0x0000000002c63800 Uncommon trap: reason=speculate_class_check action=maybe_recompile pc=0x0000000003583670 method=java.util.HashMap.putVal(ILjava/lang/Object;Ljava/lang/Object;ZZ)Ljava/lang/Object; @ 152
Event: 2.929 Thread 0x0000000002c63800 Uncommon trap: reason=speculate_class_check action=maybe_recompile pc=0x0000000003583634 method=java.util.HashMap.putVal(ILjava/lang/Object;Ljava/lang/Object;ZZ)Ljava/lang/Object; @ 56
Event: 2.929 Thread 0x0000000002c63800 Uncommon trap: reason=speculate_class_check action=maybe_recompile pc=0x0000000003583634 method=java.util.HashMap.putVal(ILjava/lang/Object;Ljava/lang/Object;ZZ)Ljava/lang/Object; @ 56
Event: 2.929 Thread 0x0000000002c63800 Uncommon trap: reason=class_check action=maybe_recompile pc=0x0000000003572060 method=java.util.HashMap.putVal(ILjava/lang/Object;Ljava/lang/Object;ZZ)Ljava/lang/Object; @ 56
Event: 2.929 Thread 0x0000000002c63800 Uncommon trap: reason=class_check action=maybe_recompile pc=0x0000000003572060 method=java.util.HashMap.putVal(ILjava/lang/Object;Ljava/lang/Object;ZZ)Ljava/lang/Object; @ 56
Event: 2.989 Thread 0x0000000002c63800 Uncommon trap: reason=unstable_if action=reinterpret pc=0x000000000315b614 method=java.lang.String.<init>([CII)V @ 18
Event: 3.053 Thread 0x0000000002c63800 Uncommon trap: reason=unstable_if action=reinterpret pc=0x00000000036e08c4 method=com.android.dex.Mutf8.countBytes(Ljava/lang/String;Z)J @ 35

Internal exceptions (4 events):
Event: 0.036 Thread 0x0000000002c63800 Exception <a 'java/lang/NoSuchMethodError': Method sun.misc.Unsafe.defineClass(Ljava/lang/String;[BII)Ljava/lang/Class; name or signature does not match> (0x00000000eab12db0) thrown at [C:\re\workspace\8-2-build-windows-amd64-cygwin\jdk8u60\4407\hotspot\srW%“ð8±¢?
Event: 0.037 Thread 0x0000000002c63800 Exception <a 'java/lang/NoSuchMethodError': Method sun.misc.Unsafe.prefetchRead(Ljava/lang/Object;J)V name or signature does not match> (0x00000000eab13098) thrown at [C:\re\workspace\8-2-build-windows-amd64-cygwin\jdk8u60\4407\hotspot\src\share\vm\prims\j®–ï-½tõ?
Event: 1.341 Thread 0x0000000016ef1800 Implicit null exception at 0x0000000003294622 to 0x00000000032946c1
Event: 2.476 Thread 0x0000000002c63800 Exception <a 'java/lang/ArrayIndexOutOfBoundsException': 18> (0x00000000ee3a8588) thrown at [C:\re\workspace\8-2-build-windows-amd64-cygwin\jdk8u60\4407\hotspot\src\share\vm\interpreter\interpreterRuntime.cpp, line 366]

Events (10 events):
Event: 3.060 loading class com/android/dex/ProtoId
Event: 3.060 loading class com/android/dex/ProtoId done
Event: 3.062 loading class com/android/dx/merge/DexMerger$5
Event: 3.062 loading class com/android/dx/merge/DexMerger$5 done
Event: 3.062 loading class com/android/dex/FieldId
Event: 3.062 loading class com/android/dex/FieldId done
Event: 3.081 loading class com/android/dx/merge/DexMerger$6
Event: 3.081 loading class com/android/dx/merge/DexMerger$6 done
Event: 3.082 loading class com/android/dex/MethodId
Event: 3.082 loading class com/android/dex/MethodId done


Dynamic libraries:
0x00007ff6f4020000 - 0x00007ff6f4057000 	E:\Java\jdk1.8.0_60\bin\java.exe
0x00007ffeef620000 - 0x00007ffeef7cc000 	C:\WINDOWS\SYSTEM32\ntdll.dll
0x00007ffeed0b0000 - 0x00007ffeed1ee000 	C:\WINDOWS\system32\KERNEL32.DLL
0x00007ffeecb20000 - 0x00007ffeecc35000 	C:\WINDOWS\system32\KERNELBASE.dll
0x00007ffeeb2d0000 - 0x00007ffeeb35e000 	C:\WINDOWS\system32\apphelp.dll
0x00007ffee0e90000 - 0x00007ffee0ee3000 	C:\WINDOWS\AppPatch\AppPatch64\AcGenral.DLL
0x00007ffeef2a0000 - 0x00007ffeef34a000 	C:\WINDOWS\system32\msvcrt.dll
0x00007ffeec540000 - 0x00007ffeec56e000 	C:\WINDOWS\SYSTEM32\SspiCli.dll
0x00007ffeef370000 - 0x00007ffeef3c4000 	C:\WINDOWS\system32\SHLWAPI.dll
0x00007ffeef3d0000 - 0x00007ffeef547000 	C:\WINDOWS\system32\USER32.dll
0x00007ffeecca0000 - 0x00007ffeece34000 	C:\WINDOWS\system32\ole32.dll
0x00007ffeed1f0000 - 0x00007ffeee71b000 	C:\WINDOWS\system32\SHELL32.dll
0x00007ffeebcb0000 - 0x00007ffeebcd1000 	C:\WINDOWS\SYSTEM32\USERENV.dll
0x00007ffeee7d0000 - 0x00007ffeee87a000 	C:\WINDOWS\system32\ADVAPI32.dll
0x00007ffedd640000 - 0x00007ffedd65e000 	C:\WINDOWS\SYSTEM32\MPR.dll
0x00007ffeeeaa0000 - 0x00007ffeeebe1000 	C:\WINDOWS\system32\RPCRT4.dll
0x00007ffeece40000 - 0x00007ffeece99000 	C:\WINDOWS\SYSTEM32\sechost.dll
0x00007ffeeebf0000 - 0x00007ffeeee01000 	C:\WINDOWS\SYSTEM32\combase.dll
0x00007ffeee880000 - 0x00007ffeee9cf000 	C:\WINDOWS\system32\GDI32.dll
0x00007ffeec770000 - 0x00007ffeec785000 	C:\WINDOWS\SYSTEM32\profapi.dll
0x00007ffeeaf40000 - 0x00007ffeeaff2000 	C:\WINDOWS\SYSTEM32\SHCORE.dll
0x00007ffeee780000 - 0x00007ffeee7b6000 	C:\WINDOWS\system32\IMM32.DLL
0x00007ffeeeea0000 - 0x00007ffeeeff2000 	C:\WINDOWS\system32\MSCTF.dll
0x00007ffeea800000 - 0x00007ffeeaa7b000 	C:\WINDOWS\WinSxS\amd64_microsoft.windows.common-controls_6595b64144ccf1df_6.0.9600.18006_none_623f33d3ecbe86e8\COMCTL32.dll
0x0000000053180000 - 0x0000000053252000 	E:\Java\jdk1.8.0_60\jre\bin\msvcr100.dll
0x00000000534b0000 - 0x0000000053d39000 	E:\Java\jdk1.8.0_60\jre\bin\server\jvm.dll
0x00007ffee0c00000 - 0x00007ffee0c09000 	C:\WINDOWS\SYSTEM32\WSOCK32.dll
0x00007ffee8d30000 - 0x00007ffee8d52000 	C:\WINDOWS\SYSTEM32\WINMM.dll
0x00007ffee8d60000 - 0x00007ffee8d6a000 	C:\WINDOWS\SYSTEM32\VERSION.dll
0x00007ffeeee90000 - 0x00007ffeeee97000 	C:\WINDOWS\system32\PSAPI.DLL
0x00007ffeed050000 - 0x00007ffeed0aa000 	C:\WINDOWS\system32\WS2_32.dll
0x00007ffee8cf0000 - 0x00007ffee8d1a000 	C:\WINDOWS\SYSTEM32\WINMMBASE.dll
0x00007ffeeea90000 - 0x00007ffeeea99000 	C:\WINDOWS\system32\NSI.dll
0x00007ffeec840000 - 0x00007ffeec88f000 	C:\WINDOWS\SYSTEM32\cfgmgr32.dll
0x00007ffeeb530000 - 0x00007ffeeb558000 	C:\WINDOWS\SYSTEM32\DEVOBJ.dll
0x0000000054870000 - 0x000000005487f000 	E:\Java\jdk1.8.0_60\jre\bin\verify.dll
0x0000000054840000 - 0x0000000054869000 	E:\Java\jdk1.8.0_60\jre\bin\java.dll
0x0000000054820000 - 0x0000000054836000 	E:\Java\jdk1.8.0_60\jre\bin\zip.dll
0x00007ffee74c0000 - 0x00007ffee7649000 	C:\WINDOWS\SYSTEM32\dbghelp.dll

VM Arguments:
jvm_args: -Xmx1024M -Dfile.encoding=windows-1251 -Duser.country=RU -Duser.language=ru -Duser.variant 
java_command: com.android.dx.command.Main --dex --num-threads=4 --output E:\Android\AndroidStudioProjects\LoftblogMoneyTracker\app\build\intermediates\dex\debug E:\Android\AndroidStudioProjects\LoftblogMoneyTracker\app\build\intermediates\classes\debug E:\Android\AndroidStudioProjects\LoftblogMoneyTracker\app\build\intermediates\pre-dexed\debug\support-annotations-23.0.1-e6941ffc9cbf1270b1623cf686ba7082dcc4df08.jar E:\Android\AndroidStudioProjects\LoftblogMoneyTracker\app\build\intermediates\pre-dexed\debug\classes-8feaabbfb5bdbff71ed9eb50acb4a8fe317bd8e4.jar E:\Android\AndroidStudioProjects\LoftblogMoneyTracker\app\build\intermediates\pre-dexed\debug\classes-8c1319393e271eff68e10a9dcae07a2783f674be.jar E:\Android\AndroidStudioProjects\LoftblogMoneyTracker\app\build\intermediates\pre-dexed\debug\internal_impl-22.2.0-0e6d9ecdf28e1d5717a3b05e5efcbaa26aefd913.jar E:\Android\AndroidStudioProjects\LoftblogMoneyTracker\app\build\intermediates\pre-dexed\debug\classes-96a27b206b99b387079686bb2c6db4d651bf67b0.jar E:\Android\AndroidStudioProjects\LoftblogMoneyTracker\app\build\intermediates\pre-dexed\debug\classes-b570df61e751229d205547820db2b138f3d2f62b.jar E:\Android\AndroidStudioProjects\LoftblogMoneyTracker\app\build\intermediates\pre-dexed\debug\classes-52b7275268a9e54f348a2faeff70a90613f238e9.jar E:\Android\AndroidStudioProjects\LoftblogMoneyTracker\app\build\intermediates\pre-dexed\debug\classes-472fb590b2ae42e351cdbbab4f5c927f6cbdb130.jar E:\Android\AndroidStudioProjects\LoftblogMoneyTracker\app\build\intermediates\pre-dexed\debug\classes-352d93e2966ff5ab712c233f0fb1f206edd2d56d.jar E:\Android\AndroidStudioProjects\LoftblogMoneyTracker\app\build\intermediates\pre-dexed\debug\classes-de409459780203812a068d576aa5d4d22ec493da.jar E:\Android\AndroidStudioProjects\LoftblogMoneyTracker\app\build\intermediates\pre-dexed\debug\classes-929da88a3328213b151763d457f179989be7055b.jar E:\Android\AndroidStudioProjects\LoftblogMoneyTracker\app\build\intermediates\pre-dexed\debug\ac
java_class_path (initial): E:\Android\sdk\build-tools\23.0.0\lib\dx.jar
Launcher Type: SUN_STANDARD

Environment Variables:
PATH=C:\ProgramData\Oracle\Java\javapath;C:\WINDOWS\system32;C:\WINDOWS;C:\WINDOWS\System32\Wbem;C:\WINDOWS\System32\WindowsPowerShell\v1.0\;C:\Program Files (x86)\Common Files\Acronis\SnapAPI\;C:\Program Files (x86)\Common Files\Autodesk Shared\;C:\Program Files\Microsoft\Web Platform Installer\;C:\Program Files (x86)\Microsoft ASP.NET\ASP.NET Web Pages\v1.0\;C:\Program Files\Microsoft SQL Server\110\Tools\Binn\;C:\Program Files\Common Files\Autodesk Shared\;C:\Program Files (x86)\NVIDIA Corporation\PhysX\Common;C:\Program Files (x86)\Skype\Phone\
USERNAME=Àëåêñàíäð
OS=Windows_NT
PROCESSOR_IDENTIFIER=Intel64 Family 6 Model 15 Stepping 11, GenuineIntel



---------------  S Y S T E M  ---------------

OS: Windows 8.1 , 64 bit Build 9600 (6.3.9600.17415)

CPU:total 4 (4 cores per cpu, 1 threads per core) family 6 model 15 stepping 11, cmov, cx8, fxsr, mmx, sse, sse2, sse3, ssse3, tsc

Memory: 4k page, physical 8387492k(4274000k free), swap 17300644k(12692308k free)

vm_info: Java HotSpot(TM) 64-Bit Server VM (25.60-b23) for windows-amd64 JRE (1.8.0_60-b27), built on Aug  4 2015 11:06:27 by "java_re" with MS VC++ 10.0 (VS2010)

time: Fri Nov 13 19:06:25 2015
elapsed time: 3 seconds (0d 0h 0m 3s)

