#
# A fatal error has been detected by the Java Runtime Environment:
#
#  EXCEPTION_ACCESS_VIOLATION (0xc0000005) at pc=0xffffffffa3195120, pid=8612, tid=10888
#
# JRE version: Java(TM) SE Runtime Environment (8.0_60-b27) (build 1.8.0_60-b27)
# Java VM: Java HotSpot(TM) 64-Bit Server VM (25.60-b23 mixed mode windows-amd64 compressed oops)
# Problematic frame:
# C  0xffffffffa3195120
#
# Failed to write core dump. Minidumps are not enabled by default on client versions of Windows
#
# If you would like to submit a bug report, please visit:
#   http://bugreport.java.com/bugreport/crash.jsp
#

---------------  T H R E A D  ---------------

Current thread (0x0000000002090800):  JavaThread "main" [_thread_in_Java, id=10888, stack(0x0000000001f70000,0x0000000002070000)]

siginfo: ExceptionCode=0xc0000005, ExceptionInformation=0x0000000000000008 0xffffffffa3195120

Registers:
RAX=0x00000000f0f4f978, RBX=0x000000000206eab0, RCX=0x0000000081000001, RDX=0x00000000f0f4f978
RSP=0x000000000206eaa8, RBP=0x000000000206eb68, RSI=0x0000000014554e08, RDI=0x0000000000001690
R8 =0x00000000f0f4f978, R9 =0x00000000c074aad8, R10=0x000000005826a990, R11=0x0000000002298a80
R12=0x0000000000000000, R13=0x0000000002298c1c, R14=0x000000000206eaa8, R15=0x0000000002090800
RIP=0xffffffffa3195120, EFLAGS=0x0000000000010202

Top of Stack: (sp=0x000000000206eaa8)
0x000000000206eaa8:   0000000002298cc4 000000000206ec00
0x000000000206eab8:   00000000141cd47c 0000000000000000
0x000000000206eac8:   0000000002090800 00000000c0e19b68
0x000000000206ead8:   00000000f0f4f978 000000000206ebd0
0x000000000206eae8:   0000000057b2b4c5 000000000206eb68
0x000000000206eaf8:   0000000002197470 0000000014304248
0x000000000206eb08:   0000000002197470 00000000c0e19b68
0x000000000206eb18:   00000000c0e16c38 00000000c02f5ca8
0x000000000206eb28:   000000000206eb28 0000000014304219
0x000000000206eb38:   000000000206eb88 00000000143053a8
0x000000000206eb48:   0000000014555180 0000000014304248
0x000000000206eb58:   000000000206eb10 000000000206eb78
0x000000000206eb68:   000000000206ebd0 00000000021974b5
0x000000000206eb78:   00000000c0e19b68 00000000c0e16c38
0x000000000206eb88:   00000000c02f5ca8 000000000206eb90
0x000000000206eb98:   00000000141cd48d 000000000206ec00 

Instructions: (pc=0xffffffffa3195120)
0xffffffffa3195100:   
[error occurred during error reporting (printing registers, top of stack, instructions near pc), id 0xc0000005]

Register to memory mapping:

RAX=0x00000000f0f4f978 is an oop
com.android.dx.dex.file.ItemType 
 - klass: 'com/android/dx/dex/file/ItemType'
RBX=0x000000000206eab0 is pointing into the stack for thread: 0x0000000002090800
RCX=0x0000000081000001 is an unknown value
RDX=0x00000000f0f4f978 is an oop
com.android.dx.dex.file.ItemType 
 - klass: 'com/android/dx/dex/file/ItemType'
RSP=0x000000000206eaa8 is pointing into the stack for thread: 0x0000000002090800
RBP=0x000000000206eb68 is pointing into the stack for thread: 0x0000000002090800
RSI=0x0000000014554e08 is pointing into metadata
RDI=0x0000000000001690 is an unknown value
R8 =0x00000000f0f4f978 is an oop
com.android.dx.dex.file.ItemType 
 - klass: 'com/android/dx/dex/file/ItemType'
R9 =0x00000000c074aad8 is an oop
java.lang.Class 
 - klass: 'java/lang/Class'
R10=0x000000005826a990 is an unknown value
R11=0x0000000002298a80 is at entry_point+32 in (nmethod*)0x00000000022988d0
R12=0x0000000000000000 is an unknown value
R13=0x0000000002298c1c is at entry_point+444 in (nmethod*)0x00000000022988d0
R14=0x000000000206eaa8 is pointing into the stack for thread: 0x0000000002090800
R15=0x0000000002090800 is a thread


Stack: [0x0000000001f70000,0x0000000002070000],  sp=0x000000000206eaa8,  free space=1018k
Native frames: (J=compiled Java code, j=interpreted, Vv=VM code, C=native code)
C  0xffffffffa3195120


---------------  P R O C E S S  ---------------

Java Threads: ( => current thread )
  0x00000000161c5000 JavaThread "Service Thread" daemon [_thread_blocked, id=10988, stack(0x00000000165c0000,0x00000000166c0000)]
  0x00000000148de000 JavaThread "C1 CompilerThread2" daemon [_thread_blocked, id=5188, stack(0x00000000160c0000,0x00000000161c0000)]
  0x0000000014884800 JavaThread "C2 CompilerThread1" daemon [_thread_in_native, id=9796, stack(0x0000000015fc0000,0x00000000160c0000)]
  0x000000001488a800 JavaThread "C2 CompilerThread0" daemon [_thread_blocked, id=9692, stack(0x0000000015ec0000,0x0000000015fc0000)]
  0x0000000014889000 JavaThread "Attach Listener" daemon [_thread_blocked, id=6056, stack(0x0000000015dc0000,0x0000000015ec0000)]
  0x0000000014887800 JavaThread "Signal Dispatcher" daemon [_thread_blocked, id=10712, stack(0x0000000015cc0000,0x0000000015dc0000)]
  0x0000000002186000 JavaThread "Finalizer" daemon [_thread_blocked, id=10908, stack(0x0000000015ae0000,0x0000000015be0000)]
  0x000000000217c000 JavaThread "Reference Handler" daemon [_thread_blocked, id=12796, stack(0x00000000159e0000,0x0000000015ae0000)]
=>0x0000000002090800 JavaThread "main" [_thread_in_Java, id=10888, stack(0x0000000001f70000,0x0000000002070000)]

Other Threads:
  0x0000000014846000 VMThread [stack: 0x00000000158e0000,0x00000000159e0000] [id=4164]
  0x00000000161e3000 WatcherThread [stack: 0x00000000166c0000,0x00000000167c0000] [id=11820]

VM state:not at safepoint (normal execution)

VM Mutex/Monitor currently owned by a thread: None

Heap:
 PSYoungGen      total 138240K, used 118301K [0x00000000eab00000, 0x00000000f3700000, 0x0000000100000000)
  eden space 133120K, 85% used [0x00000000eab00000,0x00000000f198a588,0x00000000f2d00000)
  from space 5120K, 99% used [0x00000000f3200000,0x00000000f36fced0,0x00000000f3700000)
  to   space 5120K, 0% used [0x00000000f2d00000,0x00000000f2d00000,0x00000000f3200000)
 ParOldGen       total 87552K, used 29410K [0x00000000c0000000, 0x00000000c5580000, 0x00000000eab00000)
  object space 87552K, 33% used [0x00000000c0000000,0x00000000c1cb89b8,0x00000000c5580000)
 Metaspace       used 6419K, capacity 7280K, committed 7552K, reserved 1056768K
  class space    used 596K, capacity 616K, committed 640K, reserved 1048576K

Card table byte_map: [0x0000000011550000,0x0000000011760000] byte_map_base: 0x0000000010f50000

Marking Bits: (ParMarkBitMap*) 0x000000005827a5b0
 Begin Bits: [0x0000000011cc0000, 0x0000000012cc0000)
 End Bits:   [0x0000000012cc0000, 0x0000000013cc0000)

Polling page: 0x00000000006f0000

CodeCache: size=245760Kb used=9440Kb max_used=9453Kb free=236319Kb
 bounds [0x0000000002190000, 0x0000000002ae0000, 0x0000000011190000]
 total_blobs=2421 nmethods=2153 adapters=182
 compilation: enabled

Compilation events (10 events):
Event: 22.211 Thread 0x00000000148de000 2203       3       com.android.dx.dex.file.StringDataItem::addContents (1 bytes)
Event: 22.211 Thread 0x00000000148de000 nmethod 2203 0x000000000229bf50 code [0x000000000229c0a0, 0x000000000229c1f0]
Event: 22.212 Thread 0x00000000148de000 2201       3       com.android.dx.rop.cst.CstString::getUtf8Size (8 bytes)
Event: 22.212 Thread 0x00000000148de000 nmethod 2201 0x00000000022d8790 code [0x00000000022d88e0, 0x00000000022d8ad0]
Event: 22.212 Thread 0x00000000148de000 2206       3       com.android.dx.dex.file.MixedItemSection$1::compare (18 bytes)
Event: 22.212 Thread 0x00000000148de000 nmethod 2206 0x00000000022988d0 code [0x0000000002298a60, 0x0000000002298e08]
Event: 22.213 Thread 0x00000000148de000 2207       1       com.android.dx.dex.file.AnnotationsDirectoryItem::itemType (4 bytes)
Event: 22.213 Thread 0x00000000148de000 nmethod 2207 0x00000000022f2910 code [0x00000000022f2a60, 0x00000000022f2b70]
Event: 22.213 Thread 0x00000000148de000 2208       3       java.lang.Enum::compareTo (44 bytes)
Event: 22.213 Thread 0x00000000148de000 nmethod 2208 0x0000000002ac9110 code [0x0000000002ac92c0, 0x0000000002ac9bc8]

GC Heap History (8 events):
Event: 13.936 GC heap before
{Heap before GC invocations=1 (full 0):
 PSYoungGen      total 38400K, used 33280K [0x00000000eab00000, 0x00000000ed580000, 0x0000000100000000)
  eden space 33280K, 100% used [0x00000000eab00000,0x00000000ecb80000,0x00000000ecb80000)
  from space 5120K, 0% used [0x00000000ed080000,0x00000000ed080000,0x00000000ed580000)
  to   space 5120K, 0% used [0x00000000ecb80000,0x00000000ecb80000,0x00000000ed080000)
 ParOldGen       total 87552K, used 0K [0x00000000c0000000, 0x00000000c5580000, 0x00000000eab00000)
  object space 87552K, 0% used [0x00000000c0000000,0x00000000c0000000,0x00000000c5580000)
 Metaspace       used 5950K, capacity 6960K, committed 7040K, reserved 1056768K
  class space    used 587K, capacity 616K, committed 640K, reserved 1048576K
Event: 14.267 GC heap after
Heap after GC invocations=1 (full 0):
 PSYoungGen      total 38400K, used 5095K [0x00000000eab00000, 0x00000000ef600000, 0x0000000100000000)
  eden space 33280K, 0% used [0x00000000eab00000,0x00000000eab00000,0x00000000ecb80000)
  from space 5120K, 99% used [0x00000000ecb80000,0x00000000ed079c98,0x00000000ed080000)
  to   space 5120K, 0% used [0x00000000ef100000,0x00000000ef100000,0x00000000ef600000)
 ParOldGen       total 87552K, used 1802K [0x00000000c0000000, 0x00000000c5580000, 0x00000000eab00000)
  object space 87552K, 2% used [0x00000000c0000000,0x00000000c01c2880,0x00000000c5580000)
 Metaspace       used 5950K, capacity 6960K, committed 7040K, reserved 1056768K
  class space    used 587K, capacity 616K, committed 640K, reserved 1048576K
}
Event: 15.508 GC heap before
{Heap before GC invocations=2 (full 0):
 PSYoungGen      total 38400K, used 38375K [0x00000000eab00000, 0x00000000ef600000, 0x0000000100000000)
  eden space 33280K, 100% used [0x00000000eab00000,0x00000000ecb80000,0x00000000ecb80000)
  from space 5120K, 99% used [0x00000000ecb80000,0x00000000ed079c98,0x00000000ed080000)
  to   space 5120K, 0% used [0x00000000ef100000,0x00000000ef100000,0x00000000ef600000)
 ParOldGen       total 87552K, used 1802K [0x00000000c0000000, 0x00000000c5580000, 0x00000000eab00000)
  object space 87552K, 2% used [0x00000000c0000000,0x00000000c01c2880,0x00000000c5580000)
 Metaspace       used 6094K, capacity 7088K, committed 7296K, reserved 1056768K
  class space    used 587K, capacity 616K, committed 640K, reserved 1048576K
Event: 15.637 GC heap after
Heap after GC invocations=2 (full 0):
 PSYoungGen      total 71680K, used 5111K [0x00000000eab00000, 0x00000000ef600000, 0x0000000100000000)
  eden space 66560K, 0% used [0x00000000eab00000,0x00000000eab00000,0x00000000eec00000)
  from space 5120K, 99% used [0x00000000ef100000,0x00000000ef5fdc88,0x00000000ef600000)
  to   space 5120K, 0% used [0x00000000eec00000,0x00000000eec00000,0x00000000ef100000)
 ParOldGen       total 87552K, used 6868K [0x00000000c0000000, 0x00000000c5580000, 0x00000000eab00000)
  object space 87552K, 7% used [0x00000000c0000000,0x00000000c06b5260,0x00000000c5580000)
 Metaspace       used 6094K, capacity 7088K, committed 7296K, reserved 1056768K
  class space    used 587K, capacity 616K, committed 640K, reserved 1048576K
}
Event: 17.385 GC heap before
{Heap before GC invocations=3 (full 0):
 PSYoungGen      total 71680K, used 71671K [0x00000000eab00000, 0x00000000ef600000, 0x0000000100000000)
  eden space 66560K, 100% used [0x00000000eab00000,0x00000000eec00000,0x00000000eec00000)
  from space 5120K, 99% used [0x00000000ef100000,0x00000000ef5fdc88,0x00000000ef600000)
  to   space 5120K, 0% used [0x00000000eec00000,0x00000000eec00000,0x00000000ef100000)
 ParOldGen       total 87552K, used 6868K [0x00000000c0000000, 0x00000000c5580000, 0x00000000eab00000)
  object space 87552K, 7% used [0x00000000c0000000,0x00000000c06b5260,0x00000000c5580000)
 Metaspace       used 6245K, capacity 7152K, committed 7296K, reserved 1056768K
  class space    used 587K, capacity 616K, committed 640K, reserved 1048576K
Event: 17.626 GC heap after
Heap after GC invocations=3 (full 0):
 PSYoungGen      total 71680K, used 5091K [0x00000000eab00000, 0x00000000f3700000, 0x0000000100000000)
  eden space 66560K, 0% used [0x00000000eab00000,0x00000000eab00000,0x00000000eec00000)
  from space 5120K, 99% used [0x00000000eec00000,0x00000000ef0f8ee0,0x00000000ef100000)
  to   space 5120K, 0% used [0x00000000f3200000,0x00000000f3200000,0x00000000f3700000)
 ParOldGen       total 87552K, used 18906K [0x00000000c0000000, 0x00000000c5580000, 0x00000000eab00000)
  object space 87552K, 21% used [0x00000000c0000000,0x00000000c12769a0,0x00000000c5580000)
 Metaspace       used 6245K, capacity 7152K, committed 7296K, reserved 1056768K
  class space    used 587K, capacity 616K, committed 640K, reserved 1048576K
}
Event: 18.480 GC heap before
{Heap before GC invocations=4 (full 0):
 PSYoungGen      total 71680K, used 71651K [0x00000000eab00000, 0x00000000f3700000, 0x0000000100000000)
  eden space 66560K, 100% used [0x00000000eab00000,0x00000000eec00000,0x00000000eec00000)
  from space 5120K, 99% used [0x00000000eec00000,0x00000000ef0f8ee0,0x00000000ef100000)
  to   space 5120K, 0% used [0x00000000f3200000,0x00000000f3200000,0x00000000f3700000)
 ParOldGen       total 87552K, used 18906K [0x00000000c0000000, 0x00000000c5580000, 0x00000000eab00000)
  object space 87552K, 21% used [0x00000000c0000000,0x00000000c12769a0,0x00000000c5580000)
 Metaspace       used 6271K, capacity 7152K, committed 7296K, reserved 1056768K
  class space    used 587K, capacity 616K, committed 640K, reserved 1048576K
Event: 18.877 GC heap after
Heap after GC invocations=4 (full 0):
 PSYoungGen      total 138240K, used 5107K [0x00000000eab00000, 0x00000000f3700000, 0x0000000100000000)
  eden space 133120K, 0% used [0x00000000eab00000,0x00000000eab00000,0x00000000f2d00000)
  from space 5120K, 99% used [0x00000000f3200000,0x00000000f36fced0,0x00000000f3700000)
  to   space 5120K, 0% used [0x00000000f2d00000,0x00000000f2d00000,0x00000000f3200000)
 ParOldGen       total 87552K, used 29410K [0x00000000c0000000, 0x00000000c5580000, 0x00000000eab00000)
  object space 87552K, 33% used [0x00000000c0000000,0x00000000c1cb89b8,0x00000000c5580000)
 Metaspace       used 6271K, capacity 7152K, committed 7296K, reserved 1056768K
  class space    used 587K, capacity 616K, committed 640K, reserved 1048576K
}

Deoptimization events (10 events):
Event: 19.930 Thread 0x000000001643a000 Uncommon trap: reason=bimorphic action=maybe_recompile pc=0x00000000029c06fc method=com.android.dx.ssa.SCCP.setLatticeValueTo(IILcom/android/dx/rop/cst/Constant;)Z @ 43
Event: 20.263 Thread 0x0000000002090800 Uncommon trap: reason=class_check action=maybe_recompile pc=0x00000000026322c4 method=java.util.Arrays.hashCode([Ljava/lang/Object;)I @ 43
Event: 20.263 Thread 0x0000000002090800 Uncommon trap: reason=class_check action=maybe_recompile pc=0x00000000026322c4 method=java.util.Arrays.hashCode([Ljava/lang/Object;)I @ 43
Event: 20.264 Thread 0x0000000002090800 Uncommon trap: reason=class_check action=maybe_recompile pc=0x00000000026322c4 method=java.util.Arrays.hashCode([Ljava/lang/Object;)I @ 43
Event: 20.264 Thread 0x0000000002090800 Uncommon trap: reason=class_check action=maybe_recompile pc=0x00000000026322c4 method=java.util.Arrays.hashCode([Ljava/lang/Object;)I @ 43
Event: 20.264 Thread 0x0000000002090800 Uncommon trap: reason=class_check action=maybe_recompile pc=0x0000000002607468 method=java.util.Arrays.hashCode([Ljava/lang/Object;)I @ 43
Event: 20.394 Thread 0x0000000002090800 Uncommon trap: reason=class_check action=maybe_recompile pc=0x0000000002710528 method=java.util.HashMap.putVal(ILjava/lang/Object;Ljava/lang/Object;ZZ)Ljava/lang/Object; @ 203
Event: 20.632 Thread 0x0000000002090800 Uncommon trap: reason=unstable_if action=reinterpret pc=0x0000000002a8d9c4 method=java.util.HashMap.putVal(ILjava/lang/Object;Ljava/lang/Object;ZZ)Ljava/lang/Object; @ 94
Event: 21.213 Thread 0x0000000002090800 Uncommon trap: reason=unstable_if action=reinterpret pc=0x0000000002a9cfdc method=java.util.HashMap.putVal(ILjava/lang/Object;Ljava/lang/Object;ZZ)Ljava/lang/Object; @ 94
Event: 21.214 Thread 0x0000000002090800 Uncommon trap: reason=unstable_if action=reinterpret pc=0x0000000002a97080 method=java.util.HashMap.putVal(ILjava/lang/Object;Ljava/lang/Object;ZZ)Ljava/lang/Object; @ 206

Internal exceptions (4 events):
Event: 0.902 Thread 0x0000000002090800 Exception <a 'java/lang/NoSuchMethodError': Method sun.misc.Unsafe.defineClass(Ljava/lang/String;[BII)Ljava/lang/Class; name or signature does not match> (0x00000000eab13020) thrown at [C:\re\workspace\8-2-build-windows-amd64-cygwin\jdk8u60\4407\hotspot\sr~sО№м?
Event: 0.902 Thread 0x0000000002090800 Exception <a 'java/lang/NoSuchMethodError': Method sun.misc.Unsafe.prefetchRead(Ljava/lang/Object;J)V name or signature does not match> (0x00000000eab13308) thrown at [C:\re\workspace\8-2-build-windows-amd64-cygwin\jdk8u60\4407\hotspot\src\share\vm\prims\j'=Рi]/@
Event: 15.682 Thread 0x000000001643a000 Implicit null exception at 0x00000000024db1a2 to 0x00000000024db241
Event: 19.542 Thread 0x000000001643b000 Implicit null exception at 0x000000000267f297 to 0x000000000267ffdd

Events (10 events):
Event: 22.197 Thread 0x00000000148de000 flushing nmethod 0x00000000022def50
Event: 22.201 Thread 0x00000000148de000 flushing nmethod 0x00000000022f2810
Event: 22.201 Thread 0x00000000148de000 flushing nmethod 0x00000000022f35d0
Event: 22.201 Thread 0x00000000148de000 flushing nmethod 0x0000000002313110
Event: 22.206 loading class com/android/dex/Leb128
Event: 22.206 loading class com/android/dex/Leb128 done
Event: 22.211 loading class java/util/Collections$1
Event: 22.211 loading class java/util/Collections$1 done
Event: 22.211 loading class com/android/dx/dex/file/MixedItemSection$2
Event: 22.211 loading class com/android/dx/dex/file/MixedItemSection$2 done


Dynamic libraries:
0x00007ff7626c0000 - 0x00007ff7626f7000 	E:\Java\jdk1.8.0_60\bin\java.exe
0x00007ffc079f0000 - 0x00007ffc07b9c000 	C:\WINDOWS\SYSTEM32\ntdll.dll
0x00007ffc05d30000 - 0x00007ffc05e6e000 	C:\WINDOWS\system32\KERNEL32.DLL
0x00007ffc04c20000 - 0x00007ffc04d35000 	C:\WINDOWS\system32\KERNELBASE.dll
0x00007ffc036d0000 - 0x00007ffc0375e000 	C:\WINDOWS\system32\apphelp.dll
0x00007ffbfa980000 - 0x00007ffbfa9d3000 	C:\WINDOWS\AppPatch\AppPatch64\AcGenral.DLL
0x00007ffc05750000 - 0x00007ffc057fa000 	C:\WINDOWS\system32\msvcrt.dll
0x00007ffc04920000 - 0x00007ffc0494e000 	C:\WINDOWS\SYSTEM32\SspiCli.dll
0x00007ffc05530000 - 0x00007ffc05584000 	C:\WINDOWS\system32\SHLWAPI.dll
0x00007ffc05140000 - 0x00007ffc052b7000 	C:\WINDOWS\system32\USER32.dll
0x00007ffc05e90000 - 0x00007ffc06024000 	C:\WINDOWS\system32\ole32.dll
0x00007ffc063a0000 - 0x00007ffc078b9000 	C:\WINDOWS\system32\SHELL32.dll
0x00007ffc040f0000 - 0x00007ffc04111000 	C:\WINDOWS\SYSTEM32\USERENV.dll
0x00007ffc05420000 - 0x00007ffc054ca000 	C:\WINDOWS\system32\ADVAPI32.dll
0x00007ffbf7830000 - 0x00007ffbf784e000 	C:\WINDOWS\SYSTEM32\MPR.dll
0x00007ffc05600000 - 0x00007ffc05741000 	C:\WINDOWS\system32\RPCRT4.dll
0x00007ffc054d0000 - 0x00007ffc05529000 	C:\WINDOWS\SYSTEM32\sechost.dll
0x00007ffc06030000 - 0x00007ffc06241000 	C:\WINDOWS\SYSTEM32\combase.dll
0x00007ffc05b90000 - 0x00007ffc05cdf000 	C:\WINDOWS\system32\GDI32.dll
0x00007ffc04b50000 - 0x00007ffc04b65000 	C:\WINDOWS\SYSTEM32\profapi.dll
0x00007ffc03610000 - 0x00007ffc036c2000 	C:\WINDOWS\SYSTEM32\SHCORE.dll
0x00007ffc05cf0000 - 0x00007ffc05d26000 	C:\WINDOWS\system32\IMM32.DLL
0x00007ffc052c0000 - 0x00007ffc05412000 	C:\WINDOWS\system32\MSCTF.dll
0x00007ffc02a60000 - 0x00007ffc02cda000 	C:\WINDOWS\WinSxS\amd64_microsoft.windows.common-controls_6595b64144ccf1df_6.0.9600.17810_none_6240b9c7ecbd0bda\COMCTL32.dll
0x00000000575f0000 - 0x00000000576c2000 	E:\Java\jdk1.8.0_60\jre\bin\msvcr100.dll
0x0000000057a70000 - 0x00000000582f9000 	E:\Java\jdk1.8.0_60\jre\bin\server\jvm.dll
0x00007ffbfafb0000 - 0x00007ffbfafb9000 	C:\WINDOWS\SYSTEM32\WSOCK32.dll
0x00007ffc03090000 - 0x00007ffc030b2000 	C:\WINDOWS\SYSTEM32\WINMM.dll
0x00007ffc030c0000 - 0x00007ffc030ca000 	C:\WINDOWS\SYSTEM32\VERSION.dll
0x00007ffc062c0000 - 0x00007ffc062c7000 	C:\WINDOWS\system32\PSAPI.DLL
0x00007ffc06260000 - 0x00007ffc062ba000 	C:\WINDOWS\system32\WS2_32.dll
0x00007ffc02ea0000 - 0x00007ffc02eca000 	C:\WINDOWS\SYSTEM32\WINMMBASE.dll
0x00007ffc05ce0000 - 0x00007ffc05ce9000 	C:\WINDOWS\system32\NSI.dll
0x00007ffc05030000 - 0x00007ffc0507f000 	C:\WINDOWS\SYSTEM32\cfgmgr32.dll
0x00007ffc03960000 - 0x00007ffc03988000 	C:\WINDOWS\SYSTEM32\DEVOBJ.dll
0x0000000057a60000 - 0x0000000057a6f000 	E:\Java\jdk1.8.0_60\jre\bin\verify.dll
0x0000000057a30000 - 0x0000000057a59000 	E:\Java\jdk1.8.0_60\jre\bin\java.dll
0x0000000057a10000 - 0x0000000057a26000 	E:\Java\jdk1.8.0_60\jre\bin\zip.dll
0x00007ffbfee80000 - 0x00007ffbff009000 	C:\WINDOWS\SYSTEM32\dbghelp.dll

VM Arguments:
jvm_args: -Xmx1024M -Dfile.encoding=windows-1251 -Duser.country=RU -Duser.language=ru -Duser.variant 
java_command: com.android.dx.command.Main --dex --num-threads=4 --output E:\Android\AndroidStudioProjects\LoftblogMoneyTracker\app\build\intermediates\pre-dexed\debug\classes-38d18fe87934fc43ad0db608f6ba777260c1676d.jar E:\Android\AndroidStudioProjects\LoftblogMoneyTracker\app\build\intermediates\exploded-aar\com.google.android.gms\play-services-basement\8.1.0\jars\classes.jar
java_class_path (initial): E:\Android\sdk\build-tools\23.0.0\lib\dx.jar
Launcher Type: SUN_STANDARD

Environment Variables:
PATH=C:\ProgramData\Oracle\Java\javapath;C:\WINDOWS\system32;C:\WINDOWS;C:\WINDOWS\System32\Wbem;C:\WINDOWS\System32\WindowsPowerShell\v1.0\;C:\Program Files (x86)\Common Files\Acronis\SnapAPI\;C:\Program Files (x86)\Common Files\Autodesk Shared\;C:\Program Files\Microsoft\Web Platform Installer\;C:\Program Files (x86)\Microsoft ASP.NET\ASP.NET Web Pages\v1.0\;C:\Program Files\Microsoft SQL Server\110\Tools\Binn\;C:\Program Files\Common Files\Autodesk Shared\;C:\Program Files (x86)\NVIDIA Corporation\PhysX\Common;C:\Program Files (x86)\Skype\Phone\;C:\Program Files (x86)\Common Files\Acronis\TibMounter64
USERNAME=јлександр
OS=Windows_NT
PROCESSOR_IDENTIFIER=Intel64 Family 6 Model 15 Stepping 11, GenuineIntel



---------------  S Y S T E M  ---------------

OS: Windows 8.1 , 64 bit Build 9600 (6.3.9600.17415)

CPU:total 4 (4 cores per cpu, 1 threads per core) family 6 model 15 stepping 11, cmov, cx8, fxsr, mmx, sse, sse2, sse3, ssse3, tsc

Memory: 4k page, physical 8387492k(489812k free), swap 16996044k(4677952k free)

vm_info: Java HotSpot(TM) 64-Bit Server VM (25.60-b23) for windows-amd64 JRE (1.8.0_60-b27), built on Aug  4 2015 11:06:27 by "java_re" with MS VC++ 10.0 (VS2010)

time: Tue Oct 06 03:00:29 2015
elapsed time: 22 seconds (0d 0h 0m 22s)

