#
# A fatal error has been detected by the Java Runtime Environment:
#
#  EXCEPTION_ACCESS_VIOLATION (0xc0000005) at pc=0xffffffffa2d75120, pid=9320, tid=9148
#
# JRE version: Java(TM) SE Runtime Environment (8.0_60-b27) (build 1.8.0_60-b27)
# Java VM: Java HotSpot(TM) 64-Bit Server VM (25.60-b23 mixed mode windows-amd64 compressed oops)
# Problematic frame:
# C  0xffffffffa2d75120
#
# Failed to write core dump. Minidumps are not enabled by default on client versions of Windows
#
# If you would like to submit a bug report, please visit:
#   http://bugreport.java.com/bugreport/crash.jsp
#

---------------  T H R E A D  ---------------

Current thread (0x0000000001c73800):  JavaThread "main" [_thread_in_Java, id=9148, stack(0x0000000001b20000,0x0000000001c20000)]

siginfo: ExceptionCode=0xc0000005, ExceptionInformation=0x0000000000000008 0xffffffffa2d75120

Registers:
RAX=0x00000000f31b42c8, RBX=0x0000000000000000, RCX=0x00000000200000f5, RDX=0x00000000f31b42c8
RSP=0x0000000001c1f258, RBP=0x0000000000000000, RSI=0x0000000000000000, RDI=0x0000000000000039
R8 =0x0000000000000000, R9 =0x00000000f31b4228, R10=0x0000000000000039, R11=0x0000000000000001
R12=0x0000000000000000, R13=0x00000000f31b4250, R14=0x00000000ffffff87, R15=0x0000000001c73800
RIP=0xffffffffa2d75120, EFLAGS=0x0000000000010206

Top of Stack: (sp=0x0000000001c1f258)
0x0000000001c1f258:   00000000026d6d34 0000000000000000
0x0000000001c1f268:   0000000000000023 00000000f31b4228
0x0000000001c1f278:   0000000001c1f2a0 000000390004a8fb
0x0000000001c1f288:   000000001417e278 00000000f32aea48
0x0000000001c1f298:   0000000000000065 00000000004edc0c
0x0000000001c1f2a8:   0000000001f39854 00000000000000e1
0x0000000001c1f2b8:   00000000f31b4228 00000000f305a078
0x0000000001c1f2c8:   00000000f31b42c8 0000000000000002
0x0000000001c1f2d8:   000000010009f658 0000000000000000
0x0000000001c1f2e8:   00000000026d3a84 00000000f305a220
0x0000000001c1f2f8:   000000001417c000 00000000f31b4228
0x0000000001c1f308:   00000000f31979a8 0000000000000000
0x0000000001c1f318:   000000001417c0b0 0000000001c1f350
0x0000000001c1f328:   0000000001c1f350 00000000f305a1d8
0x0000000001c1f338:   00000000f31b4228 0000000000000002
0x0000000001c1f348:   00001b5800000039 0000000000000000 

Instructions: (pc=0xffffffffa2d75120)
0xffffffffa2d75100:   
[error occurred during error reporting (printing registers, top of stack, instructions near pc), id 0xc0000005]

Register to memory mapping:

RAX=0x00000000f31b42c8 is an oop
[B 
 - klass: {type array byte}
 - length: 57
RBX=0x0000000000000000 is an unknown value
RCX=0x00000000200000f5 is an unknown value
RDX=0x00000000f31b42c8 is an oop
[B 
 - klass: {type array byte}
 - length: 57
RSP=0x0000000001c1f258 is pointing into the stack for thread: 0x0000000001c73800
RBP=0x0000000000000000 is an unknown value
RSI=0x0000000000000000 is an unknown value
RDI=0x0000000000000039 is an unknown value
R8 =0x0000000000000000 is an unknown value
R9 =0x00000000f31b4228 is an oop
java.lang.String 
 - klass: 'java/lang/String'
R10=0x0000000000000039 is an unknown value
R11=0x0000000000000001 is an unknown value
R12=0x0000000000000000 is an unknown value
R13=0x00000000f31b4250 is an oop

[error occurred during error reporting (printing register info), id 0xc0000005]

Stack: [0x0000000001b20000,0x0000000001c20000],  sp=0x0000000001c1f258,  free space=1020k
Native frames: (J=compiled Java code, j=interpreted, Vv=VM code, C=native code)


---------------  P R O C E S S  ---------------

Java Threads: ( => current thread )
  0x0000000015dc0800 JavaThread "Service Thread" daemon [_thread_blocked, id=7816, stack(0x0000000016190000,0x0000000016290000)]
  0x0000000014444800 JavaThread "C1 CompilerThread2" daemon [_thread_blocked, id=9896, stack(0x0000000015c90000,0x0000000015d90000)]
  0x000000001443f000 JavaThread "C2 CompilerThread1" daemon [_thread_blocked, id=10080, stack(0x0000000015b90000,0x0000000015c90000)]
  0x000000001444e000 JavaThread "C2 CompilerThread0" daemon [_thread_blocked, id=2600, stack(0x0000000015a90000,0x0000000015b90000)]
  0x000000001444d000 JavaThread "Attach Listener" daemon [_thread_blocked, id=9004, stack(0x0000000015990000,0x0000000015a90000)]
  0x000000001444b800 JavaThread "Signal Dispatcher" daemon [_thread_blocked, id=7724, stack(0x0000000015890000,0x0000000015990000)]
  0x0000000001d6a000 JavaThread "Finalizer" daemon [_thread_blocked, id=9256, stack(0x00000000156b0000,0x00000000157b0000)]
  0x0000000001d60800 JavaThread "Reference Handler" daemon [_thread_blocked, id=9676, stack(0x00000000155b0000,0x00000000156b0000)]
=>0x0000000001c73800 JavaThread "main" [_thread_in_Java, id=9148, stack(0x0000000001b20000,0x0000000001c20000)]

Other Threads:
  0x0000000014406800 VMThread [stack: 0x00000000154b0000,0x00000000155b0000] [id=4612]
  0x0000000015dde800 WatcherThread [stack: 0x0000000016290000,0x0000000016390000] [id=1080]

VM state:not at safepoint (normal execution)

VM Mutex/Monitor currently owned by a thread: None

Heap:
 PSYoungGen      total 316416K, used 178795K [0x00000000eab00000, 0x0000000100000000, 0x0000000100000000)
  eden space 288768K, 52% used [0x00000000eab00000,0x00000000f3eba368,0x00000000fc500000)
  from space 27648K, 99% used [0x00000000fc500000,0x00000000fdfe08d0,0x00000000fe000000)
  to   space 32768K, 0% used [0x00000000fe000000,0x00000000fe000000,0x0000000100000000)
 ParOldGen       total 87552K, used 48842K [0x00000000c0000000, 0x00000000c5580000, 0x00000000eab00000)
  object space 87552K, 55% used [0x00000000c0000000,0x00000000c2fb2b60,0x00000000c5580000)
 Metaspace       used 8428K, capacity 8504K, committed 8576K, reserved 1056768K
  class space    used 796K, capacity 851K, committed 896K, reserved 1048576K

Card table byte_map: [0x0000000011130000,0x0000000011340000] byte_map_base: 0x0000000010b30000

Marking Bits: (ParMarkBitMap*) 0x0000000076e5a5b0
 Begin Bits: [0x00000000118a0000, 0x00000000128a0000)
 End Bits:   [0x00000000128a0000, 0x00000000138a0000)

Polling page: 0x00000000003a0000

CodeCache: size=245760Kb used=12410Kb max_used=12424Kb free=233349Kb
 bounds [0x0000000001d70000, 0x00000000029b0000, 0x0000000010d70000]
 total_blobs=3637 nmethods=3343 adapters=208
 compilation: enabled

Compilation events (10 events):
Event: 9.659 Thread 0x0000000014444800 nmethod 3467 0x0000000001f79410 code [0x0000000001f795c0, 0x0000000001f79cf8]
Event: 9.659 Thread 0x0000000014444800 3470       3       com.android.dex.Mutf8::encode (153 bytes)
Event: 9.660 Thread 0x0000000014444800 nmethod 3470 0x0000000001ed2e10 code [0x0000000001ed2fc0, 0x0000000001ed3688]
Event: 9.660 Thread 0x0000000014444800 3468       3       com.android.dx.merge.DexMerger$1::write (9 bytes)
Event: 9.660 Thread 0x0000000014444800 nmethod 3468 0x000000000298dc10 code [0x000000000298dd80, 0x000000000298dfe8]
Event: 9.660 Thread 0x000000001444e000 3471       4       com.android.dex.Mutf8::countBytes (98 bytes)
Event: 9.661 Thread 0x000000001443f000 3472       4       com.android.dex.Mutf8::decode (228 bytes)
Event: 9.665 Thread 0x000000001444e000 nmethod 3471 0x0000000001f83fd0 code [0x0000000001f84120, 0x0000000001f843d8]
Event: 9.665 Thread 0x000000001444e000 3473       4       com.android.dex.Mutf8::encode (153 bytes)
Event: 9.675 Thread 0x000000001444e000 nmethod 3473 0x0000000001f85f90 code [0x0000000001f860e0, 0x0000000001f866d8]

GC Heap History (10 events):
Event: 5.842 GC heap before
{Heap before GC invocations=5 (full 0):
 PSYoungGen      total 138240K, used 138236K [0x00000000eab00000, 0x00000000f3700000, 0x0000000100000000)
  eden space 133120K, 100% used [0x00000000eab00000,0x00000000f2d00000,0x00000000f2d00000)
  from space 5120K, 99% used [0x00000000f3200000,0x00000000f36ff100,0x00000000f3700000)
  to   space 5120K, 0% used [0x00000000f2d00000,0x00000000f2d00000,0x00000000f3200000)
 ParOldGen       total 87552K, used 23679K [0x00000000c0000000, 0x00000000c5580000, 0x00000000eab00000)
  object space 87552K, 27% used [0x00000000c0000000,0x00000000c171fcf0,0x00000000c5580000)
 Metaspace       used 8379K, capacity 8504K, committed 8576K, reserved 1056768K
  class space    used 796K, capacity 851K, committed 896K, reserved 1048576K
Event: 5.926 GC heap after
Heap after GC invocations=5 (full 0):
 PSYoungGen      total 138240K, used 5115K [0x00000000eab00000, 0x00000000fdf00000, 0x0000000100000000)
  eden space 133120K, 0% used [0x00000000eab00000,0x00000000eab00000,0x00000000f2d00000)
  from space 5120K, 99% used [0x00000000f2d00000,0x00000000f31fee68,0x00000000f3200000)
  to   space 24576K, 0% used [0x00000000fc700000,0x00000000fc700000,0x00000000fdf00000)
 ParOldGen       total 87552K, used 39181K [0x00000000c0000000, 0x00000000c5580000, 0x00000000eab00000)
  object space 87552K, 44% used [0x00000000c0000000,0x00000000c2643540,0x00000000c5580000)
 Metaspace       used 8379K, capacity 8504K, committed 8576K, reserved 1056768K
  class space    used 796K, capacity 851K, committed 896K, reserved 1048576K
}
Event: 6.465 GC heap before
{Heap before GC invocations=6 (full 0):
 PSYoungGen      total 138240K, used 138235K [0x00000000eab00000, 0x00000000fdf00000, 0x0000000100000000)
  eden space 133120K, 100% used [0x00000000eab00000,0x00000000f2d00000,0x00000000f2d00000)
  from space 5120K, 99% used [0x00000000f2d00000,0x00000000f31fee68,0x00000000f3200000)
  to   space 24576K, 0% used [0x00000000fc700000,0x00000000fc700000,0x00000000fdf00000)
 ParOldGen       total 87552K, used 39181K [0x00000000c0000000, 0x00000000c5580000, 0x00000000eab00000)
  object space 87552K, 44% used [0x00000000c0000000,0x00000000c2643540,0x00000000c5580000)
 Metaspace       used 8391K, capacity 8504K, committed 8576K, reserved 1056768K
  class space    used 796K, capacity 851K, committed 896K, reserved 1048576K
Event: 6.516 GC heap after
Heap after GC invocations=6 (full 0):
 PSYoungGen      total 287744K, used 21427K [0x00000000eab00000, 0x00000000fe500000, 0x0000000100000000)
  eden space 263168K, 0% used [0x00000000eab00000,0x00000000eab00000,0x00000000fac00000)
  from space 24576K, 87% used [0x00000000fc700000,0x00000000fdbecd30,0x00000000fdf00000)
  to   space 27648K, 0% used [0x00000000fac00000,0x00000000fac00000,0x00000000fc700000)
 ParOldGen       total 87552K, used 39181K [0x00000000c0000000, 0x00000000c5580000, 0x00000000eab00000)
  object space 87552K, 44% used [0x00000000c0000000,0x00000000c2643540,0x00000000c5580000)
 Metaspace       used 8391K, capacity 8504K, committed 8576K, reserved 1056768K
  class space    used 796K, capacity 851K, committed 896K, reserved 1048576K
}
Event: 7.355 GC heap before
{Heap before GC invocations=7 (full 0):
 PSYoungGen      total 287744K, used 281484K [0x00000000eab00000, 0x00000000fe500000, 0x0000000100000000)
  eden space 263168K, 98% used [0x00000000eab00000,0x00000000fa8f64f0,0x00000000fac00000)
  from space 24576K, 87% used [0x00000000fc700000,0x00000000fdbecd30,0x00000000fdf00000)
  to   space 27648K, 0% used [0x00000000fac00000,0x00000000fac00000,0x00000000fc700000)
 ParOldGen       total 87552K, used 39181K [0x00000000c0000000, 0x00000000c5580000, 0x00000000eab00000)
  object space 87552K, 44% used [0x00000000c0000000,0x00000000c2643540,0x00000000c5580000)
 Metaspace       used 8397K, capacity 8504K, committed 8576K, reserved 1056768K
  class space    used 796K, capacity 851K, committed 896K, reserved 1048576K
Event: 7.378 GC heap after
Heap after GC invocations=7 (full 0):
 PSYoungGen      total 290816K, used 8415K [0x00000000eab00000, 0x0000000100000000, 0x0000000100000000)
  eden space 263168K, 0% used [0x00000000eab00000,0x00000000eab00000,0x00000000fac00000)
  from space 27648K, 30% used [0x00000000fac00000,0x00000000fb437d18,0x00000000fc700000)
  to   space 27136K, 0% used [0x00000000fe580000,0x00000000fe580000,0x0000000100000000)
 ParOldGen       total 87552K, used 42389K [0x00000000c0000000, 0x00000000c5580000, 0x00000000eab00000)
  object space 87552K, 48% used [0x00000000c0000000,0x00000000c2965738,0x00000000c5580000)
 Metaspace       used 8397K, capacity 8504K, committed 8576K, reserved 1056768K
  class space    used 796K, capacity 851K, committed 896K, reserved 1048576K
}
Event: 8.371 GC heap before
{Heap before GC invocations=8 (full 0):
 PSYoungGen      total 290816K, used 271583K [0x00000000eab00000, 0x0000000100000000, 0x0000000100000000)
  eden space 263168K, 100% used [0x00000000eab00000,0x00000000fac00000,0x00000000fac00000)
  from space 27648K, 30% used [0x00000000fac00000,0x00000000fb437d18,0x00000000fc700000)
  to   space 27136K, 0% used [0x00000000fe580000,0x00000000fe580000,0x0000000100000000)
 ParOldGen       total 87552K, used 42389K [0x00000000c0000000, 0x00000000c5580000, 0x00000000eab00000)
  object space 87552K, 48% used [0x00000000c0000000,0x00000000c2965738,0x00000000c5580000)
 Metaspace       used 8417K, capacity 8504K, committed 8576K, reserved 1056768K
  class space    used 796K, capacity 851K, committed 896K, reserved 1048576K
Event: 8.409 GC heap after
Heap after GC invocations=8 (full 0):
 PSYoungGen      total 315904K, used 24365K [0x00000000eab00000, 0x0000000100000000, 0x0000000100000000)
  eden space 288768K, 0% used [0x00000000eab00000,0x00000000eab00000,0x00000000fc500000)
  from space 27136K, 89% used [0x00000000fe580000,0x00000000ffd4b498,0x0000000100000000)
  to   space 30208K, 0% used [0x00000000fc500000,0x00000000fc500000,0x00000000fe280000)
 ParOldGen       total 87552K, used 48802K [0x00000000c0000000, 0x00000000c5580000, 0x00000000eab00000)
  object space 87552K, 55% used [0x00000000c0000000,0x00000000c2fa8b60,0x00000000c5580000)
 Metaspace       used 8417K, capacity 8504K, committed 8576K, reserved 1056768K
  class space    used 796K, capacity 851K, committed 896K, reserved 1048576K
}
Event: 9.159 GC heap before
{Heap before GC invocations=9 (full 0):
 PSYoungGen      total 315904K, used 313133K [0x00000000eab00000, 0x0000000100000000, 0x0000000100000000)
  eden space 288768K, 100% used [0x00000000eab00000,0x00000000fc500000,0x00000000fc500000)
  from space 27136K, 89% used [0x00000000fe580000,0x00000000ffd4b498,0x0000000100000000)
  to   space 30208K, 0% used [0x00000000fc500000,0x00000000fc500000,0x00000000fe280000)
 ParOldGen       total 87552K, used 48802K [0x00000000c0000000, 0x00000000c5580000, 0x00000000eab00000)
  object space 87552K, 55% used [0x00000000c0000000,0x00000000c2fa8b60,0x00000000c5580000)
 Metaspace       used 8427K, capacity 8504K, committed 8576K, reserved 1056768K
  class space    used 796K, capacity 851K, committed 896K, reserved 1048576K
Event: 9.195 GC heap after
Heap after GC invocations=9 (full 0):
 PSYoungGen      total 316416K, used 27522K [0x00000000eab00000, 0x0000000100000000, 0x0000000100000000)
  eden space 288768K, 0% used [0x00000000eab00000,0x00000000eab00000,0x00000000fc500000)
  from space 27648K, 99% used [0x00000000fc500000,0x00000000fdfe08d0,0x00000000fe000000)
  to   space 32768K, 0% used [0x00000000fe000000,0x00000000fe000000,0x0000000100000000)
 ParOldGen       total 87552K, used 48842K [0x00000000c0000000, 0x00000000c5580000, 0x00000000eab00000)
  object space 87552K, 55% used [0x00000000c0000000,0x00000000c2fb2b60,0x00000000c5580000)
 Metaspace       used 8427K, capacity 8504K, committed 8576K, reserved 1056768K
  class space    used 796K, capacity 851K, committed 896K, reserved 1048576K
}

Deoptimization events (10 events):
Event: 7.748 Thread 0x0000000001c73800 Uncommon trap: reason=array_check action=maybe_recompile pc=0x0000000001e9a520 method=java.util.ComparableTimSort.binarySort([Ljava/lang/Object;III)V @ 215
Event: 8.028 Thread 0x0000000001c73800 Uncommon trap: reason=array_check action=maybe_recompile pc=0x0000000001e9a520 method=java.util.ComparableTimSort.binarySort([Ljava/lang/Object;III)V @ 215
Event: 8.267 Thread 0x0000000001c73800 Uncommon trap: reason=unstable_if action=reinterpret pc=0x0000000002950830 method=java.util.HashMap$TreeNode.balanceInsertion(Ljava/util/HashMap$TreeNode;Ljava/util/HashMap$TreeNode;)Ljava/util/HashMap$TreeNode; @ 189
Event: 8.267 Thread 0x0000000001c73800 Uncommon trap: reason=unstable_if action=reinterpret pc=0x0000000002903318 method=java.util.HashMap$TreeNode.balanceInsertion(Ljava/util/HashMap$TreeNode;Ljava/util/HashMap$TreeNode;)Ljava/util/HashMap$TreeNode; @ 189
Event: 8.366 Thread 0x0000000001c73800 Uncommon trap: reason=array_check action=maybe_recompile pc=0x0000000001f1484c method=java.util.ComparableTimSort.binarySort([Ljava/lang/Object;III)V @ 183
Event: 8.540 Thread 0x0000000001c73800 Uncommon trap: reason=array_check action=maybe_recompile pc=0x0000000001f1484c method=java.util.ComparableTimSort.binarySort([Ljava/lang/Object;III)V @ 183
Event: 9.652 Thread 0x0000000001c73800 Uncommon trap: reason=unstable_if action=reinterpret pc=0x0000000002755c40 method=com.android.dex.Mutf8.decode(Lcom/android/dex/util/ByteInput;[C)Ljava/lang/String; @ 54
Event: 9.652 Thread 0x0000000001c73800 Uncommon trap: reason=unstable_if action=reinterpret pc=0x00000000027fe9b4 method=com.android.dex.Mutf8.countBytes(Ljava/lang/String;Z)J @ 50
Event: 9.652 Thread 0x0000000001c73800 Uncommon trap: reason=unstable_if action=reinterpret pc=0x0000000002752c50 method=com.android.dex.Mutf8.encode([BILjava/lang/String;)V @ 51
Event: 9.652 Thread 0x0000000001c73800 Uncommon trap: reason=unstable_if action=reinterpret pc=0x000000000273b91c method=com.android.dex.Mutf8.countBytes(Ljava/lang/String;Z)J @ 50

Internal exceptions (7 events):
Event: 0.053 Thread 0x0000000001c73800 Exception <a 'java/lang/NoSuchMethodError': Method sun.misc.Unsafe.defineClass(Ljava/lang/String;[BII)Ljava/lang/Class; name or signature does not match> (0x00000000eab12f50) thrown at [C:\re\workspace\8-2-build-windows-amd64-cygwin\jdk8u60\4407\hotspot\srlíTpe-«?
Event: 0.053 Thread 0x0000000001c73800 Exception <a 'java/lang/NoSuchMethodError': Method sun.misc.Unsafe.prefetchRead(Ljava/lang/Object;J)V name or signature does not match> (0x00000000eab13238) thrown at [C:\re\workspace\8-2-build-windows-amd64-cygwin\jdk8u60\4407\hotspot\src\share\vm\prims\jQÏõ¨ßjû?
Event: 1.714 Thread 0x0000000015fd9800 Implicit null exception at 0x00000000022fa962 to 0x00000000022faa01
Event: 3.853 Thread 0x0000000001c73800 Exception <a 'java/security/PrivilegedActionException'> (0x00000000ee493a10) thrown at [C:\re\workspace\8-2-build-windows-amd64-cygwin\jdk8u60\4407\hotspot\src\share\vm\prims\jvm.cpp, line 1386]
Event: 3.853 Thread 0x0000000001c73800 Exception <a 'java/security/PrivilegedActionException'> (0x00000000ee493e08) thrown at [C:\re\workspace\8-2-build-windows-amd64-cygwin\jdk8u60\4407\hotspot\src\share\vm\prims\jvm.cpp, line 1386]
Event: 3.855 Thread 0x0000000001c73800 Exception <a 'java/security/PrivilegedActionException'> (0x00000000ee496890) thrown at [C:\re\workspace\8-2-build-windows-amd64-cygwin\jdk8u60\4407\hotspot\src\share\vm\prims\jvm.cpp, line 1386]
Event: 3.855 Thread 0x0000000001c73800 Exception <a 'java/security/PrivilegedActionException'> (0x00000000ee496c88) thrown at [C:\re\workspace\8-2-build-windows-amd64-cygwin\jdk8u60\4407\hotspot\src\share\vm\prims\jvm.cpp, line 1386]

Events (10 events):
Event: 9.652 Thread 0x0000000001c73800 DEOPT UNPACKING pc=0x0000000001db556a sp=0x0000000001c1f280 mode 2
Event: 9.652 Thread 0x0000000001c73800 Uncommon trap: trap_request=0xffffff65 fr.pc=0x00000000027fe9b4
Event: 9.652 Thread 0x0000000001c73800 DEOPT PACKING pc=0x00000000027fe9b4 sp=0x0000000001c1f320
Event: 9.652 Thread 0x0000000001c73800 DEOPT UNPACKING pc=0x0000000001db556a sp=0x0000000001c1f140 mode 2
Event: 9.652 Thread 0x0000000001c73800 Uncommon trap: trap_request=0xffffff65 fr.pc=0x0000000002752c50
Event: 9.652 Thread 0x0000000001c73800 DEOPT PACKING pc=0x0000000002752c50 sp=0x0000000001c1f190
Event: 9.652 Thread 0x0000000001c73800 DEOPT UNPACKING pc=0x0000000001db556a sp=0x0000000001c1f138 mode 2
Event: 9.652 Thread 0x0000000001c73800 Uncommon trap: trap_request=0xffffff65 fr.pc=0x000000000273b91c
Event: 9.652 Thread 0x0000000001c73800 DEOPT PACKING pc=0x000000000273b91c sp=0x0000000001c1f1d0
Event: 9.652 Thread 0x0000000001c73800 DEOPT UNPACKING pc=0x0000000001db556a sp=0x0000000001c1f158 mode 2


Dynamic libraries:
0x00007ff7f5fe0000 - 0x00007ff7f6017000 	E:\Java\jdk1.8.0_60\bin\java.exe
0x00007ff86a1e0000 - 0x00007ff86a38c000 	C:\WINDOWS\SYSTEM32\ntdll.dll
0x00007ff867860000 - 0x00007ff86799e000 	C:\WINDOWS\system32\KERNEL32.DLL
0x00007ff8675e0000 - 0x00007ff8676f5000 	C:\WINDOWS\system32\KERNELBASE.dll
0x00007ff8658e0000 - 0x00007ff86596e000 	C:\WINDOWS\system32\apphelp.dll
0x00007ff854890000 - 0x00007ff8548e3000 	C:\WINDOWS\AppPatch\AppPatch64\AcGenral.DLL
0x00007ff8696a0000 - 0x00007ff86974a000 	C:\WINDOWS\system32\msvcrt.dll
0x00007ff867100000 - 0x00007ff86712e000 	C:\WINDOWS\SYSTEM32\SspiCli.dll
0x00007ff869750000 - 0x00007ff8697a4000 	C:\WINDOWS\system32\SHLWAPI.dll
0x00007ff869500000 - 0x00007ff869677000 	C:\WINDOWS\system32\USER32.dll
0x00007ff867d10000 - 0x00007ff867ea4000 	C:\WINDOWS\system32\ole32.dll
0x00007ff867f60000 - 0x00007ff86948b000 	C:\WINDOWS\system32\SHELL32.dll
0x00007ff8668d0000 - 0x00007ff8668f1000 	C:\WINDOWS\SYSTEM32\USERENV.dll
0x00007ff867eb0000 - 0x00007ff867f5a000 	C:\WINDOWS\system32\ADVAPI32.dll
0x00007ff85eb70000 - 0x00007ff85eb8e000 	C:\WINDOWS\SYSTEM32\MPR.dll
0x00007ff869ba0000 - 0x00007ff869ce1000 	C:\WINDOWS\system32\RPCRT4.dll
0x00007ff869cf0000 - 0x00007ff869d49000 	C:\WINDOWS\SYSTEM32\sechost.dll
0x00007ff8679a0000 - 0x00007ff867bb1000 	C:\WINDOWS\SYSTEM32\combase.dll
0x00007ff867bc0000 - 0x00007ff867d0f000 	C:\WINDOWS\system32\GDI32.dll
0x00007ff867330000 - 0x00007ff867345000 	C:\WINDOWS\SYSTEM32\profapi.dll
0x00007ff865e80000 - 0x00007ff865f32000 	C:\WINDOWS\SYSTEM32\SHCORE.dll
0x00007ff869d50000 - 0x00007ff869d86000 	C:\WINDOWS\system32\IMM32.DLL
0x00007ff86a070000 - 0x00007ff86a1c2000 	C:\WINDOWS\system32\MSCTF.dll
0x00007ff8646a0000 - 0x00007ff86491b000 	C:\WINDOWS\WinSxS\amd64_microsoft.windows.common-controls_6595b64144ccf1df_6.0.9600.18006_none_623f33d3ecbe86e8\COMCTL32.dll
0x00000000761f0000 - 0x00000000762c2000 	E:\Java\jdk1.8.0_60\jre\bin\msvcr100.dll
0x0000000076650000 - 0x0000000076ed9000 	E:\Java\jdk1.8.0_60\jre\bin\server\jvm.dll
0x00007ff865840000 - 0x00007ff865849000 	C:\WINDOWS\SYSTEM32\WSOCK32.dll
0x00007ff865800000 - 0x00007ff865822000 	C:\WINDOWS\SYSTEM32\WINMM.dll
0x00007ff865830000 - 0x00007ff86583a000 	C:\WINDOWS\SYSTEM32\VERSION.dll
0x00007ff869490000 - 0x00007ff869497000 	C:\WINDOWS\system32\PSAPI.DLL
0x00007ff8694a0000 - 0x00007ff8694fa000 	C:\WINDOWS\system32\WS2_32.dll
0x00007ff863480000 - 0x00007ff8634aa000 	C:\WINDOWS\SYSTEM32\WINMMBASE.dll
0x00007ff86a1d0000 - 0x00007ff86a1d9000 	C:\WINDOWS\system32\NSI.dll
0x00007ff867760000 - 0x00007ff8677af000 	C:\WINDOWS\SYSTEM32\cfgmgr32.dll
0x00007ff866120000 - 0x00007ff866148000 	C:\WINDOWS\SYSTEM32\DEVOBJ.dll
0x0000000050010000 - 0x000000005001f000 	E:\Java\jdk1.8.0_60\jre\bin\verify.dll
0x0000000076620000 - 0x0000000076649000 	E:\Java\jdk1.8.0_60\jre\bin\java.dll
0x0000000076600000 - 0x0000000076616000 	E:\Java\jdk1.8.0_60\jre\bin\zip.dll
0x00007ff863a70000 - 0x00007ff863bf9000 	C:\WINDOWS\SYSTEM32\dbghelp.dll

VM Arguments:
jvm_args: -Xmx1024M -Dfile.encoding=windows-1251 -Duser.country=RU -Duser.language=ru -Duser.variant 
java_command: com.android.dx.command.Main --dex --num-threads=4 --output E:\Android\AndroidStudioProjects\LoftblogMoneyTracker\app\build\intermediates\dex\debug E:\Android\AndroidStudioProjects\LoftblogMoneyTracker\app\build\intermediates\classes\debug E:\Android\AndroidStudioProjects\LoftblogMoneyTracker\app\build\intermediates\pre-dexed\debug\support-annotations-23.0.1-e6941ffc9cbf1270b1623cf686ba7082dcc4df08.jar E:\Android\AndroidStudioProjects\LoftblogMoneyTracker\app\build\intermediates\pre-dexed\debug\classes-8feaabbfb5bdbff71ed9eb50acb4a8fe317bd8e4.jar E:\Android\AndroidStudioProjects\LoftblogMoneyTracker\app\build\intermediates\pre-dexed\debug\classes-8c1319393e271eff68e10a9dcae07a2783f674be.jar E:\Android\AndroidStudioProjects\LoftblogMoneyTracker\app\build\intermediates\pre-dexed\debug\internal_impl-22.2.0-0e6d9ecdf28e1d5717a3b05e5efcbaa26aefd913.jar E:\Android\AndroidStudioProjects\LoftblogMoneyTracker\app\build\intermediates\pre-dexed\debug\classes-96a27b206b99b387079686bb2c6db4d651bf67b0.jar E:\Android\AndroidStudioProjects\LoftblogMoneyTracker\app\build\intermediates\pre-dexed\debug\classes-b570df61e751229d205547820db2b138f3d2f62b.jar E:\Android\AndroidStudioProjects\LoftblogMoneyTracker\app\build\intermediates\pre-dexed\debug\classes-52b7275268a9e54f348a2faeff70a90613f238e9.jar E:\Android\AndroidStudioProjects\LoftblogMoneyTracker\app\build\intermediates\pre-dexed\debug\classes-472fb590b2ae42e351cdbbab4f5c927f6cbdb130.jar E:\Android\AndroidStudioProjects\LoftblogMoneyTracker\app\build\intermediates\pre-dexed\debug\classes-352d93e2966ff5ab712c233f0fb1f206edd2d56d.jar E:\Android\AndroidStudioProjects\LoftblogMoneyTracker\app\build\intermediates\pre-dexed\debug\classes-de409459780203812a068d576aa5d4d22ec493da.jar E:\Android\AndroidStudioProjects\LoftblogMoneyTracker\app\build\intermediates\pre-dexed\debug\classes-929da88a3328213b151763d457f179989be7055b.jar E:\Android\AndroidStudioProjects\LoftblogMoneyTracker\app\build\intermediates\pre-dexed\debug\ac
java_class_path (initial): E:\Android\sdk\build-tools\23.0.0\lib\dx.jar
Launcher Type: SUN_STANDARD

Environment Variables:
PATH=C:\ProgramData\Oracle\Java\javapath;C:\WINDOWS\system32;C:\WINDOWS;C:\WINDOWS\System32\Wbem;C:\WINDOWS\System32\WindowsPowerShell\v1.0\;C:\Program Files (x86)\Common Files\Acronis\SnapAPI\;C:\Program Files (x86)\Common Files\Autodesk Shared\;C:\Program Files\Microsoft\Web Platform Installer\;C:\Program Files (x86)\Microsoft ASP.NET\ASP.NET Web Pages\v1.0\;C:\Program Files\Microsoft SQL Server\110\Tools\Binn\;C:\Program Files\Common Files\Autodesk Shared\;C:\Program Files (x86)\NVIDIA Corporation\PhysX\Common;C:\Program Files (x86)\Skype\Phone\
USERNAME=Àëåêñàíäð
OS=Windows_NT
PROCESSOR_IDENTIFIER=Intel64 Family 6 Model 15 Stepping 11, GenuineIntel



---------------  S Y S T E M  ---------------

OS: Windows 8.1 , 64 bit Build 9600 (6.3.9600.17415)

CPU:total 4 (4 cores per cpu, 1 threads per core) family 6 model 15 stepping 11, cmov, cx8, fxsr, mmx, sse, sse2, sse3, ssse3, tsc

Memory: 4k page, physical 8387492k(3023836k free), swap 16776356k(7329292k free)

vm_info: Java HotSpot(TM) 64-Bit Server VM (25.60-b23) for windows-amd64 JRE (1.8.0_60-b27), built on Aug  4 2015 11:06:27 by "java_re" with MS VC++ 10.0 (VS2010)

time: Sat Oct 24 19:59:50 2015
elapsed time: 9 seconds (0d 0h 0m 9s)

