#
# A fatal error has been detected by the Java Runtime Environment:
#
#  EXCEPTION_ACCESS_VIOLATION (0xc0000005) at pc=0xffffffffa30a5120, pid=3280, tid=2192
#
# JRE version: Java(TM) SE Runtime Environment (8.0_60-b27) (build 1.8.0_60-b27)
# Java VM: Java HotSpot(TM) 64-Bit Server VM (25.60-b23 mixed mode windows-amd64 compressed oops)
# Problematic frame:
# C  0xffffffffa30a5120
#
# Failed to write core dump. Minidumps are not enabled by default on client versions of Windows
#
# If you would like to submit a bug report, please visit:
#   http://bugreport.java.com/bugreport/crash.jsp
#

---------------  T H R E A D  ---------------

Current thread (0x0000000001f20800):  JavaThread "main" [_thread_in_Java, id=2192, stack(0x0000000001de0000,0x0000000001ee0000)]

siginfo: ExceptionCode=0xc0000005, ExceptionInformation=0x0000000000000008 0xffffffffa30a5120

Registers:
RAX=0x000000001432d3a0, RBX=0x000000001432d3a0, RCX=0x00000000c168ece8, RDX=0x00000000c168ece8
RSP=0x0000000001edf0c8, RBP=0x0000000001edf130, RSI=0x000000001432d3a0, RDI=0x00000000000008f8
R8 =0x00000000f1c3be80, R9 =0x000000000001eb88, R10=0x0000000064282140, R11=0x0000000002d85280
R12=0x0000000000000000, R13=0x0000000001edf0e0, R14=0x0000000000000000, R15=0x0000000001f20800
RIP=0xffffffffa30a5120, EFLAGS=0x0000000000010202

Top of Stack: (sp=0x0000000001edf0c8)
0x0000000001edf0c8:   00000000020a7a2d 0000000001edf130
0x0000000001edf0d8:   00000000020a7a2d 00000000f1c3be80
0x0000000001edf0e8:   00000000c168ece8 0000000001edf0f0
0x0000000001edf0f8:   0000000014447be0 0000000001edf180
0x0000000001edf108:   0000000014448318 0000000000000000
0x0000000001edf118:   0000000014447d28 0000000001edf0e0
0x0000000001edf128:   0000000001edf178 0000000001edf1c8
0x0000000001edf138:   00000000020a7a2d 0000000000000000
0x0000000001edf148:   0000000000000000 0000000000000000
0x0000000001edf158:   00000000c168ece8 00000000000001f5
0x0000000001edf168:   000000000000025a 000000000001ea1c
0x0000000001edf178:   00000000f1c3be80 00000000f1386cf8
0x0000000001edf188:   0000000001edf188 00000000142a04f2
0x0000000001edf198:   0000000001edf1f8 000000001436d600
0x0000000001edf1a8:   0000000000000000 00000000142a0570
0x0000000001edf1b8:   0000000001edf178 0000000001edf1e8 

Instructions: (pc=0xffffffffa30a5120)
0xffffffffa30a5100:   
[error occurred during error reporting (printing registers, top of stack, instructions near pc), id 0xc0000005]

Register to memory mapping:

RAX={method} {0x000000001432d3a8} 'writeTo' '(Lcom/android/dx/util/AnnotatedOutput;)V' in 'com/android/dx/dex/code/ZeroSizeInsn'
RBX={method} {0x000000001432d3a8} 'writeTo' '(Lcom/android/dx/util/AnnotatedOutput;)V' in 'com/android/dx/dex/code/ZeroSizeInsn'
RCX=0x00000000c168ece8 is an oop
com.android.dx.dex.code.CodeAddress 
 - klass: 'com/android/dx/dex/code/CodeAddress'
RDX=0x00000000c168ece8 is an oop
com.android.dx.dex.code.CodeAddress 
 - klass: 'com/android/dx/dex/code/CodeAddress'
RSP=0x0000000001edf0c8 is pointing into the stack for thread: 0x0000000001f20800
RBP=0x0000000001edf130 is pointing into the stack for thread: 0x0000000001f20800
RSI={method} {0x000000001432d3a8} 'writeTo' '(Lcom/android/dx/util/AnnotatedOutput;)V' in 'com/android/dx/dex/code/ZeroSizeInsn'
RDI=0x00000000000008f8 is an unknown value
R8 =0x00000000f1c3be80 is an oop
com.android.dx.util.ByteArrayAnnotatedOutput 
 - klass: 'com/android/dx/util/ByteArrayAnnotatedOutput'
R9 =0x000000000001eb88 is an unknown value
R10=0x0000000064282140 is an unknown value
R11=0x0000000002d85280 is at entry_point+32 in (nmethod*)0x0000000002d85110
R12=0x0000000000000000 is an unknown value
R13=0x0000000001edf0e0 is pointing into the stack for thread: 0x0000000001f20800
R14=0x0000000000000000 is an unknown value
R15=0x0000000001f20800 is a thread


Stack: [0x0000000001de0000,0x0000000001ee0000],  sp=0x0000000001edf0c8,  free space=1020k
Native frames: (J=compiled Java code, j=interpreted, Vv=VM code, C=native code)
C  0xffffffffa30a5120


---------------  P R O C E S S  ---------------

Java Threads: ( => current thread )
  0x0000000015fa6000 JavaThread "Service Thread" daemon [_thread_blocked, id=8880, stack(0x00000000164a0000,0x00000000165a0000)]
  0x0000000015fa0800 JavaThread "C1 CompilerThread2" daemon [_thread_blocked, id=6616, stack(0x00000000163a0000,0x00000000164a0000)]
  0x00000000147c8800 JavaThread "C2 CompilerThread1" daemon [_thread_blocked, id=10944, stack(0x0000000015ea0000,0x0000000015fa0000)]
  0x000000001476f800 JavaThread "C2 CompilerThread0" daemon [_thread_in_native, id=1104, stack(0x0000000015da0000,0x0000000015ea0000)]
  0x000000001476e000 JavaThread "Attach Listener" daemon [_thread_blocked, id=9232, stack(0x0000000015ca0000,0x0000000015da0000)]
  0x000000001476d000 JavaThread "Signal Dispatcher" daemon [_thread_blocked, id=10668, stack(0x0000000015ba0000,0x0000000015ca0000)]
  0x0000000002016000 JavaThread "Finalizer" daemon [_thread_blocked, id=11004, stack(0x00000000159c0000,0x0000000015ac0000)]
  0x000000000200c000 JavaThread "Reference Handler" daemon [_thread_blocked, id=9524, stack(0x00000000158c0000,0x00000000159c0000)]
=>0x0000000001f20800 JavaThread "main" [_thread_in_Java, id=2192, stack(0x0000000001de0000,0x0000000001ee0000)]

Other Threads:
  0x0000000014736000 VMThread [stack: 0x00000000157c0000,0x00000000158c0000] [id=9312]
  0x0000000015fac000 WatcherThread [stack: 0x00000000165a0000,0x00000000166a0000] [id=8832]

VM state:not at safepoint (normal execution)

VM Mutex/Monitor currently owned by a thread: None

Heap:
 PSYoungGen      total 138240K, used 122408K [0x00000000eab00000, 0x00000000f3700000, 0x0000000100000000)
  eden space 133120K, 88% used [0x00000000eab00000,0x00000000f1d922a0,0x00000000f2d00000)
  from space 5120K, 99% used [0x00000000f3200000,0x00000000f36f8010,0x00000000f3700000)
  to   space 5120K, 0% used [0x00000000f2d00000,0x00000000f2d00000,0x00000000f3200000)
 ParOldGen       total 87552K, used 29750K [0x00000000c0000000, 0x00000000c5580000, 0x00000000eab00000)
  object space 87552K, 33% used [0x00000000c0000000,0x00000000c1d0d930,0x00000000c5580000)
 Metaspace       used 6737K, capacity 7536K, committed 7808K, reserved 1056768K
  class space    used 611K, capacity 616K, committed 640K, reserved 1048576K

Card table byte_map: [0x0000000011460000,0x0000000011670000] byte_map_base: 0x0000000010e60000

Marking Bits: (ParMarkBitMap*) 0x000000006429a5b0
 Begin Bits: [0x0000000011bd0000, 0x0000000012bd0000)
 End Bits:   [0x0000000012bd0000, 0x0000000013bd0000)

Polling page: 0x0000000001ee0000

CodeCache: size=245760Kb used=13339Kb max_used=13339Kb free=232420Kb
 bounds [0x00000000020a0000, 0x0000000002dc0000, 0x00000000110a0000]
 total_blobs=2933 nmethods=2664 adapters=183
 compilation: enabled

Compilation events (10 events):
Event: 29.785 Thread 0x000000001476f800 2719       4       com.android.dx.dex.code.DalvCode::finishProcessingIfNecessary (69 bytes)
Event: 29.785 Thread 0x0000000015fa0800 nmethod 2714 0x0000000002d9a590 code [0x0000000002d9a7a0, 0x0000000002d9b218]
Event: 29.785 Thread 0x0000000015fa0800 2717       3       com.android.dx.dex.code.FixedSizeInsn::writeTo (13 bytes)
Event: 29.786 Thread 0x0000000015fa0800 nmethod 2717 0x0000000002da9dd0 code [0x0000000002da9f40, 0x0000000002daa288]
Event: 29.786 Thread 0x0000000015fa0800 2718       3       com.android.dx.dex.code.InsnFormat::opcodeUnit (54 bytes)
Event: 29.786 Thread 0x0000000015fa0800 nmethod 2718 0x0000000002d978d0 code [0x0000000002d97a60, 0x0000000002d97ed8]
Event: 29.786 Thread 0x0000000015fa0800 2720       1       com.android.dx.dex.code.Dop::getFamily (5 bytes)
Event: 29.786 Thread 0x0000000015fa0800 nmethod 2720 0x0000000002da9b10 code [0x0000000002da9c60, 0x0000000002da9d70]
Event: 29.786 Thread 0x0000000015fa0800 2721       1       com.android.dx.dex.code.ZeroSizeInsn::writeTo (1 bytes)
Event: 29.786 Thread 0x0000000015fa0800 nmethod 2721 0x0000000002da9850 code [0x0000000002da99a0, 0x0000000002da9ab0]

GC Heap History (8 events):
Event: 2.949 GC heap before
{Heap before GC invocations=1 (full 0):
 PSYoungGen      total 38400K, used 33280K [0x00000000eab00000, 0x00000000ed580000, 0x0000000100000000)
  eden space 33280K, 100% used [0x00000000eab00000,0x00000000ecb80000,0x00000000ecb80000)
  from space 5120K, 0% used [0x00000000ed080000,0x00000000ed080000,0x00000000ed580000)
  to   space 5120K, 0% used [0x00000000ecb80000,0x00000000ecb80000,0x00000000ed080000)
 ParOldGen       total 87552K, used 0K [0x00000000c0000000, 0x00000000c5580000, 0x00000000eab00000)
  object space 87552K, 0% used [0x00000000c0000000,0x00000000c0000000,0x00000000c5580000)
 Metaspace       used 5947K, capacity 6960K, committed 7040K, reserved 1056768K
  class space    used 587K, capacity 616K, committed 640K, reserved 1048576K
Event: 3.129 GC heap after
Heap after GC invocations=1 (full 0):
 PSYoungGen      total 38400K, used 5111K [0x00000000eab00000, 0x00000000ef600000, 0x0000000100000000)
  eden space 33280K, 0% used [0x00000000eab00000,0x00000000eab00000,0x00000000ecb80000)
  from space 5120K, 99% used [0x00000000ecb80000,0x00000000ed07dc88,0x00000000ed080000)
  to   space 5120K, 0% used [0x00000000ef100000,0x00000000ef100000,0x00000000ef600000)
 ParOldGen       total 87552K, used 1755K [0x00000000c0000000, 0x00000000c5580000, 0x00000000eab00000)
  object space 87552K, 2% used [0x00000000c0000000,0x00000000c01b6f10,0x00000000c5580000)
 Metaspace       used 5947K, capacity 6960K, committed 7040K, reserved 1056768K
  class space    used 587K, capacity 616K, committed 640K, reserved 1048576K
}
Event: 4.929 GC heap before
{Heap before GC invocations=2 (full 0):
 PSYoungGen      total 38400K, used 38391K [0x00000000eab00000, 0x00000000ef600000, 0x0000000100000000)
  eden space 33280K, 100% used [0x00000000eab00000,0x00000000ecb80000,0x00000000ecb80000)
  from space 5120K, 99% used [0x00000000ecb80000,0x00000000ed07dc88,0x00000000ed080000)
  to   space 5120K, 0% used [0x00000000ef100000,0x00000000ef100000,0x00000000ef600000)
 ParOldGen       total 87552K, used 1755K [0x00000000c0000000, 0x00000000c5580000, 0x00000000eab00000)
  object space 87552K, 2% used [0x00000000c0000000,0x00000000c01b6f10,0x00000000c5580000)
 Metaspace       used 6092K, capacity 7088K, committed 7296K, reserved 1056768K
  class space    used 588K, capacity 616K, committed 640K, reserved 1048576K
Event: 5.211 GC heap after
Heap after GC invocations=2 (full 0):
 PSYoungGen      total 71680K, used 5111K [0x00000000eab00000, 0x00000000ef600000, 0x0000000100000000)
  eden space 66560K, 0% used [0x00000000eab00000,0x00000000eab00000,0x00000000eec00000)
  from space 5120K, 99% used [0x00000000ef100000,0x00000000ef5fdc70,0x00000000ef600000)
  to   space 5120K, 0% used [0x00000000eec00000,0x00000000eec00000,0x00000000ef100000)
 ParOldGen       total 87552K, used 7161K [0x00000000c0000000, 0x00000000c5580000, 0x00000000eab00000)
  object space 87552K, 8% used [0x00000000c0000000,0x00000000c06fe788,0x00000000c5580000)
 Metaspace       used 6092K, capacity 7088K, committed 7296K, reserved 1056768K
  class space    used 588K, capacity 616K, committed 640K, reserved 1048576K
}
Event: 11.758 GC heap before
{Heap before GC invocations=3 (full 0):
 PSYoungGen      total 71680K, used 71671K [0x00000000eab00000, 0x00000000ef600000, 0x0000000100000000)
  eden space 66560K, 100% used [0x00000000eab00000,0x00000000eec00000,0x00000000eec00000)
  from space 5120K, 99% used [0x00000000ef100000,0x00000000ef5fdc70,0x00000000ef600000)
  to   space 5120K, 0% used [0x00000000eec00000,0x00000000eec00000,0x00000000ef100000)
 ParOldGen       total 87552K, used 7161K [0x00000000c0000000, 0x00000000c5580000, 0x00000000eab00000)
  object space 87552K, 8% used [0x00000000c0000000,0x00000000c06fe788,0x00000000c5580000)
 Metaspace       used 6244K, capacity 7152K, committed 7296K, reserved 1056768K
  class space    used 588K, capacity 616K, committed 640K, reserved 1048576K
Event: 11.875 GC heap after
Heap after GC invocations=3 (full 0):
 PSYoungGen      total 71680K, used 5106K [0x00000000eab00000, 0x00000000f3700000, 0x0000000100000000)
  eden space 66560K, 0% used [0x00000000eab00000,0x00000000eab00000,0x00000000eec00000)
  from space 5120K, 99% used [0x00000000eec00000,0x00000000ef0fc850,0x00000000ef100000)
  to   space 5120K, 0% used [0x00000000f3200000,0x00000000f3200000,0x00000000f3700000)
 ParOldGen       total 87552K, used 19145K [0x00000000c0000000, 0x00000000c5580000, 0x00000000eab00000)
  object space 87552K, 21% used [0x00000000c0000000,0x00000000c12b26d8,0x00000000c5580000)
 Metaspace       used 6244K, capacity 7152K, committed 7296K, reserved 1056768K
  class space    used 588K, capacity 616K, committed 640K, reserved 1048576K
}
Event: 12.920 GC heap before
{Heap before GC invocations=4 (full 0):
 PSYoungGen      total 71680K, used 71666K [0x00000000eab00000, 0x00000000f3700000, 0x0000000100000000)
  eden space 66560K, 100% used [0x00000000eab00000,0x00000000eec00000,0x00000000eec00000)
  from space 5120K, 99% used [0x00000000eec00000,0x00000000ef0fc850,0x00000000ef100000)
  to   space 5120K, 0% used [0x00000000f3200000,0x00000000f3200000,0x00000000f3700000)
 ParOldGen       total 87552K, used 19145K [0x00000000c0000000, 0x00000000c5580000, 0x00000000eab00000)
  object space 87552K, 21% used [0x00000000c0000000,0x00000000c12b26d8,0x00000000c5580000)
 Metaspace       used 6271K, capacity 7152K, committed 7296K, reserved 1056768K
  class space    used 588K, capacity 616K, committed 640K, reserved 1048576K
Event: 13.030 GC heap after
Heap after GC invocations=4 (full 0):
 PSYoungGen      total 138240K, used 5088K [0x00000000eab00000, 0x00000000f3700000, 0x0000000100000000)
  eden space 133120K, 0% used [0x00000000eab00000,0x00000000eab00000,0x00000000f2d00000)
  from space 5120K, 99% used [0x00000000f3200000,0x00000000f36f8010,0x00000000f3700000)
  to   space 5120K, 0% used [0x00000000f2d00000,0x00000000f2d00000,0x00000000f3200000)
 ParOldGen       total 87552K, used 29750K [0x00000000c0000000, 0x00000000c5580000, 0x00000000eab00000)
  object space 87552K, 33% used [0x00000000c0000000,0x00000000c1d0d930,0x00000000c5580000)
 Metaspace       used 6271K, capacity 7152K, committed 7296K, reserved 1056768K
  class space    used 588K, capacity 616K, committed 640K, reserved 1048576K
}

Deoptimization events (10 events):
Event: 27.965 Thread 0x0000000001f20800 Uncommon trap: reason=class_check action=maybe_recompile pc=0x0000000002cbf03c method=com.android.dx.dex.code.OutputFinisher.calculateReservedCount([Lcom/android/dx/dex/code/Dop;)I @ 72
Event: 27.969 Thread 0x0000000001f20800 Uncommon trap: reason=class_check action=maybe_recompile pc=0x0000000002cbf03c method=com.android.dx.dex.code.OutputFinisher.calculateReservedCount([Lcom/android/dx/dex/code/Dop;)I @ 72
Event: 27.972 Thread 0x0000000001f20800 Uncommon trap: reason=class_check action=maybe_recompile pc=0x0000000002cbf03c method=com.android.dx.dex.code.OutputFinisher.calculateReservedCount([Lcom/android/dx/dex/code/Dop;)I @ 72
Event: 27.979 Thread 0x0000000001f20800 Uncommon trap: reason=unstable_if action=reinterpret pc=0x0000000002cbbc78 method=com.android.dx.dex.code.form.Form35c.wordCount(Lcom/android/dx/rop/code/RegisterSpecList;)I @ 52
Event: 28.031 Thread 0x0000000001f20800 Uncommon trap: reason=unstable_if action=reinterpret pc=0x0000000002cb875c method=com.android.dx.dex.code.OutputFinisher.align64bits([Lcom/android/dx/dex/code/Dop;)V @ 205
Event: 28.034 Thread 0x0000000001f20800 Uncommon trap: reason=unstable_if action=reinterpret pc=0x0000000002cb7314 method=com.android.dx.dex.code.OutputFinisher.align64bits([Lcom/android/dx/dex/code/Dop;)V @ 205
Event: 28.295 Thread 0x0000000001f20800 Uncommon trap: reason=unstable_if action=reinterpret pc=0x0000000002cf2a24 method=com.android.dx.dex.code.LocalList$MakeState.finish()Lcom/android/dx/dex/code/LocalList; @ 37
Event: 28.561 Thread 0x0000000001f20800 Uncommon trap: reason=unstable_if action=reinterpret pc=0x0000000002ce8684 method=com.android.dx.dex.code.form.Form35c.wordCount(Lcom/android/dx/rop/code/RegisterSpecList;)I @ 65
Event: 28.999 Thread 0x0000000001f20800 Uncommon trap: reason=unstable_if action=reinterpret pc=0x00000000027c3f58 method=java.util.ArrayList.<init>(I)V @ 5
Event: 29.594 Thread 0x0000000001f20800 Uncommon trap: reason=unstable_if action=reinterpret pc=0x0000000002d224c4 method=com.android.dx.util.ByteArrayAnnotatedOutput.writeByte(I)V @ 13

Internal exceptions (4 events):
Event: 0.077 Thread 0x0000000001f20800 Exception <a 'java/lang/NoSuchMethodError': Method sun.misc.Unsafe.defineClass(Ljava/lang/String;[BII)Ljava/lang/Class; name or signature does not match> (0x00000000eab12ea0) thrown at [C:\re\workspace\8-2-build-windows-amd64-cygwin\jdk8u60\4407\hotspot\sr—Dš÷Ž­³?
Event: 0.077 Thread 0x0000000001f20800 Exception <a 'java/lang/NoSuchMethodError': Method sun.misc.Unsafe.prefetchRead(Ljava/lang/Object;J)V name or signature does not match> (0x00000000eab13188) thrown at [C:\re\workspace\8-2-build-windows-amd64-cygwin\jdk8u60\4407\hotspot\src\share\vm\prims\j#¸ãñ @
Event: 5.261 Thread 0x0000000016233000 Implicit null exception at 0x00000000023a81a2 to 0x00000000023a8241
Event: 13.687 Thread 0x0000000016208000 Implicit null exception at 0x000000000263c257 to 0x000000000263cfcd

Events (10 events):
Event: 29.193 loading class com/android/dex/EncodedValueCodec done
Event: 29.523 loading class com/android/dx/dex/file/MapItem
Event: 29.523 loading class com/android/dx/dex/file/MapItem done
Event: 29.524 loading class com/android/dx/dex/file/UniformListItem
Event: 29.524 loading class com/android/dx/dex/file/UniformListItem done
Event: 29.592 loading class com/android/dex/DexFormat
Event: 29.592 loading class com/android/dex/DexFormat done
Event: 29.594 Thread 0x0000000001f20800 Uncommon trap: trap_request=0xffffff65 fr.pc=0x0000000002d224c4
Event: 29.594 Thread 0x0000000001f20800 DEOPT PACKING pc=0x0000000002d224c4 sp=0x0000000001edf2a0
Event: 29.594 Thread 0x0000000001f20800 DEOPT UNPACKING pc=0x00000000020e556a sp=0x0000000001edf258 mode 2


Dynamic libraries:
0x00007ff782eb0000 - 0x00007ff782ee7000 	E:\Java\jdk1.8.0_60\bin\java.exe
0x00007fff9cbe0000 - 0x00007fff9cd8c000 	C:\WINDOWS\SYSTEM32\ntdll.dll
0x00007fff9b4c0000 - 0x00007fff9b5fe000 	C:\WINDOWS\system32\KERNEL32.DLL
0x00007fff9a040000 - 0x00007fff9a155000 	C:\WINDOWS\system32\KERNELBASE.dll
0x00007fff98990000 - 0x00007fff98a1e000 	C:\WINDOWS\system32\apphelp.dll
0x00007fff8ff70000 - 0x00007fff8ffc3000 	C:\WINDOWS\AppPatch\AppPatch64\AcGenral.DLL
0x00007fff9a9a0000 - 0x00007fff9aa4a000 	C:\WINDOWS\system32\msvcrt.dll
0x00007fff99b00000 - 0x00007fff99b2e000 	C:\WINDOWS\SYSTEM32\SspiCli.dll
0x00007fff9ae70000 - 0x00007fff9aec4000 	C:\WINDOWS\system32\SHLWAPI.dll
0x00007fff9b340000 - 0x00007fff9b4b7000 	C:\WINDOWS\system32\USER32.dll
0x00007fff9a650000 - 0x00007fff9a7e4000 	C:\WINDOWS\system32\ole32.dll
0x00007fff9b600000 - 0x00007fff9cb2b000 	C:\WINDOWS\system32\SHELL32.dll
0x00007fff992d0000 - 0x00007fff992f1000 	C:\WINDOWS\SYSTEM32\USERENV.dll
0x00007fff9cb30000 - 0x00007fff9cbda000 	C:\WINDOWS\system32\ADVAPI32.dll
0x00007fff8bb00000 - 0x00007fff8bb1e000 	C:\WINDOWS\SYSTEM32\MPR.dll
0x00007fff9a500000 - 0x00007fff9a641000 	C:\WINDOWS\system32\RPCRT4.dll
0x00007fff9b2e0000 - 0x00007fff9b339000 	C:\WINDOWS\SYSTEM32\sechost.dll
0x00007fff9aed0000 - 0x00007fff9b0e1000 	C:\WINDOWS\SYSTEM32\combase.dll
0x00007fff9ab70000 - 0x00007fff9acbf000 	C:\WINDOWS\system32\GDI32.dll
0x00007fff99d30000 - 0x00007fff99d45000 	C:\WINDOWS\SYSTEM32\profapi.dll
0x00007fff987f0000 - 0x00007fff988a2000 	C:\WINDOWS\SYSTEM32\SHCORE.dll
0x00007fff9aa50000 - 0x00007fff9aa86000 	C:\WINDOWS\system32\IMM32.DLL
0x00007fff9b120000 - 0x00007fff9b272000 	C:\WINDOWS\system32\MSCTF.dll
0x00007fff98170000 - 0x00007fff983eb000 	C:\WINDOWS\WinSxS\amd64_microsoft.windows.common-controls_6595b64144ccf1df_6.0.9600.18006_none_623f33d3ecbe86e8\COMCTL32.dll
0x0000000063550000 - 0x0000000063622000 	E:\Java\jdk1.8.0_60\jre\bin\msvcr100.dll
0x0000000063a90000 - 0x0000000064319000 	E:\Java\jdk1.8.0_60\jre\bin\server\jvm.dll
0x00007fff94020000 - 0x00007fff94029000 	C:\WINDOWS\SYSTEM32\WSOCK32.dll
0x00007fff983f0000 - 0x00007fff98412000 	C:\WINDOWS\SYSTEM32\WINMM.dll
0x00007fff98420000 - 0x00007fff9842a000 	C:\WINDOWS\SYSTEM32\VERSION.dll
0x00007fff9b110000 - 0x00007fff9b117000 	C:\WINDOWS\system32\PSAPI.DLL
0x00007fff9b280000 - 0x00007fff9b2da000 	C:\WINDOWS\system32\WS2_32.dll
0x00007fff98130000 - 0x00007fff9815a000 	C:\WINDOWS\SYSTEM32\WINMMBASE.dll
0x00007fff9acc0000 - 0x00007fff9acc9000 	C:\WINDOWS\system32\NSI.dll
0x00007fff9a160000 - 0x00007fff9a1af000 	C:\WINDOWS\SYSTEM32\cfgmgr32.dll
0x00007fff98950000 - 0x00007fff98978000 	C:\WINDOWS\SYSTEM32\DEVOBJ.dll
0x0000000063a80000 - 0x0000000063a8f000 	E:\Java\jdk1.8.0_60\jre\bin\verify.dll
0x0000000063a50000 - 0x0000000063a79000 	E:\Java\jdk1.8.0_60\jre\bin\java.dll
0x0000000063a30000 - 0x0000000063a46000 	E:\Java\jdk1.8.0_60\jre\bin\zip.dll
0x00007fff94410000 - 0x00007fff94599000 	C:\WINDOWS\SYSTEM32\dbghelp.dll

VM Arguments:
jvm_args: -Xmx1024M -Dfile.encoding=windows-1251 -Duser.country=RU -Duser.language=ru -Duser.variant 
java_command: com.android.dx.command.Main --dex --num-threads=4 --output E:\Android\AndroidStudioProjects\LoftblogMoneyTracker\app\build\intermediates\pre-dexed\debug\classes-38d18fe87934fc43ad0db608f6ba777260c1676d.jar E:\Android\AndroidStudioProjects\LoftblogMoneyTracker\app\build\intermediates\exploded-aar\com.google.android.gms\play-services-basement\8.1.0\jars\classes.jar
java_class_path (initial): E:\Android\sdk\build-tools\23.0.0\lib\dx.jar
Launcher Type: SUN_STANDARD

Environment Variables:
PATH=C:\ProgramData\Oracle\Java\javapath;C:\WINDOWS\system32;C:\WINDOWS;C:\WINDOWS\System32\Wbem;C:\WINDOWS\System32\WindowsPowerShell\v1.0\;C:\Program Files (x86)\Common Files\Acronis\SnapAPI\;C:\Program Files (x86)\Common Files\Autodesk Shared\;C:\Program Files\Microsoft\Web Platform Installer\;C:\Program Files (x86)\Microsoft ASP.NET\ASP.NET Web Pages\v1.0\;C:\Program Files\Microsoft SQL Server\110\Tools\Binn\;C:\Program Files\Common Files\Autodesk Shared\;C:\Program Files (x86)\NVIDIA Corporation\PhysX\Common;C:\Program Files (x86)\Skype\Phone\
USERNAME=Àëåêñàíäð
OS=Windows_NT
PROCESSOR_IDENTIFIER=Intel64 Family 6 Model 15 Stepping 11, GenuineIntel



---------------  S Y S T E M  ---------------

OS: Windows 8.1 , 64 bit Build 9600 (6.3.9600.17415)

CPU:total 4 (4 cores per cpu, 1 threads per core) family 6 model 15 stepping 11, cmov, cx8, fxsr, mmx, sse, sse2, sse3, ssse3, tsc

Memory: 4k page, physical 8387492k(1443264k free), swap 16776356k(3589360k free)

vm_info: Java HotSpot(TM) 64-Bit Server VM (25.60-b23) for windows-amd64 JRE (1.8.0_60-b27), built on Aug  4 2015 11:06:27 by "java_re" with MS VC++ 10.0 (VS2010)

time: Thu Oct 22 22:47:20 2015
elapsed time: 29 seconds (0d 0h 0m 29s)

