#
# A fatal error has been detected by the Java Runtime Environment:
#
#  EXCEPTION_ACCESS_VIOLATION (0xc0000005) at pc=0xffffffffa3be5120, pid=10772, tid=10808
#
# JRE version: Java(TM) SE Runtime Environment (8.0_60-b27) (build 1.8.0_60-b27)
# Java VM: Java HotSpot(TM) 64-Bit Server VM (25.60-b23 mixed mode windows-amd64 compressed oops)
# Problematic frame:
# C  0xffffffffa3be5120
#
# Failed to write core dump. Minidumps are not enabled by default on client versions of Windows
#
# If you would like to submit a bug report, please visit:
#   http://bugreport.java.com/bugreport/crash.jsp
#

---------------  T H R E A D  ---------------

Current thread (0x0000000002ae3800):  JavaThread "main" [_thread_in_Java, id=10808, stack(0x0000000002960000,0x0000000002a60000)]

siginfo: ExceptionCode=0xc0000005, ExceptionInformation=0x0000000000000008 0xffffffffa3be5120

Registers:
RAX=0x00000001000695e8, RBX=0x0000000014fb9118, RCX=0x00000001000695e8, RDX=0x00000000ef5029b0
RSP=0x0000000002a5ef88, RBP=0x0000000002a5f088, RSI=0x00000000ef5029b0, RDI=0x00000001000695e8
R8 =0x00000000ef5029b0, R9 =0x00000000ee757da8, R10=0x00000001000695e8, R11=0x00000000034128e0
R12=0x0000000000000000, R13=0x0000000002a5f038, R14=0x0000000002a5f0d0, R15=0x0000000002ae3800
RIP=0xffffffffa3be5120, EFLAGS=0x0000000000010246

Top of Stack: (sp=0x0000000002a5ef88)
0x0000000002a5ef88:   0000000003412f84 0000000002be7a2d
0x0000000002a5ef98:   0000000000000000 0000000000000020
0x0000000002a5efa8:   0000000000000000 0000000000000002
0x0000000002a5efb8:   00000000ee757d80 00000000ee7578d8
0x0000000002a5efc8:   0000000002a5efc8 0000000002a5f088
0x0000000002a5efd8:   00000000033ef984 0000000002a5f088
0x0000000002a5efe8:   00000000ee7581a0 00000000ef5029b0
0x0000000002a5eff8:   0000000000000004 00000000ee757d80
0x0000000002a5f008:   000000000000012e 0000000000000000
0x0000000002a5f018:   0000000014d9d438 0000000002a5f088
0x0000000002a5f028:   0000000002be7a2d 0000000002be7a2d
0x0000000002a5f038:   00000000ef5029b0 00000000ee7581a0
0x0000000002a5f048:   0000000002a5f048 0000000014daa66a
0x0000000002a5f058:   0000000002a5f0d0 0000000014dab028
0x0000000002a5f068:   0000000014fbb4f8 0000000014daa700
0x0000000002a5f078:   0000000002a5f038 0000000002a5f0c0 

Instructions: (pc=0xffffffffa3be5120)
0xffffffffa3be5100:   
[error occurred during error reporting (printing registers, top of stack, instructions near pc), id 0xc0000005]

Register to memory mapping:

RAX=0x00000001000695e8 is pointing into metadata
RBX=0x0000000014fb9118 is pointing into metadata
RCX=0x00000001000695e8 is pointing into metadata
RDX=0x00000000ef5029b0 is an oop
com.android.dx.rop.cst.CstInteger 
 - klass: 'com/android/dx/rop/cst/CstInteger'
RSP=0x0000000002a5ef88 is pointing into the stack for thread: 0x0000000002ae3800
RBP=0x0000000002a5f088 is pointing into the stack for thread: 0x0000000002ae3800
RSI=0x00000000ef5029b0 is an oop
com.android.dx.rop.cst.CstInteger 
 - klass: 'com/android/dx/rop/cst/CstInteger'
RDI=0x00000001000695e8 is pointing into metadata
R8 =0x00000000ef5029b0 is an oop
com.android.dx.rop.cst.CstInteger 
 - klass: 'com/android/dx/rop/cst/CstInteger'
R9 =0x00000000ee757da8 is an oop
[B 
 - klass: {type array byte}
 - length: 1000
R10=0x00000001000695e8 is pointing into metadata
R11=0x00000000034128e0 is at entry_point+32 in (nmethod*)0x00000000034124d0
R12=0x0000000000000000 is an unknown value
R13=0x0000000002a5f038 is pointing into the stack for thread: 0x0000000002ae3800
R14=0x0000000002a5f0d0 is pointing into the stack for thread: 0x0000000002ae3800
R15=0x0000000002ae3800 is a thread


Stack: [0x0000000002960000,0x0000000002a60000],  sp=0x0000000002a5ef88,  free space=1019k
Native frames: (J=compiled Java code, j=interpreted, Vv=VM code, C=native code)
C  0xffffffffa3be5120


---------------  P R O C E S S  ---------------

Java Threads: ( => current thread )
  0x0000000016c10800 JavaThread "Service Thread" daemon [_thread_blocked, id=2716, stack(0x0000000016fe0000,0x00000000170e0000)]
  0x00000000152b1800 JavaThread "C1 CompilerThread2" daemon [_thread_blocked, id=9244, stack(0x0000000016ae0000,0x0000000016be0000)]
  0x00000000152ae800 JavaThread "C2 CompilerThread1" daemon [_thread_in_native, id=1828, stack(0x00000000169e0000,0x0000000016ae0000)]
  0x00000000152ac800 JavaThread "C2 CompilerThread0" daemon [_thread_in_native, id=7724, stack(0x00000000168e0000,0x00000000169e0000)]
  0x00000000152bc000 JavaThread "Attach Listener" daemon [_thread_blocked, id=2248, stack(0x00000000167e0000,0x00000000168e0000)]
  0x00000000152ba800 JavaThread "Signal Dispatcher" daemon [_thread_blocked, id=7208, stack(0x00000000166e0000,0x00000000167e0000)]
  0x0000000002bd9800 JavaThread "Finalizer" daemon [_thread_blocked, id=5896, stack(0x0000000016500000,0x0000000016600000)]
  0x0000000002bcf800 JavaThread "Reference Handler" daemon [_thread_blocked, id=7656, stack(0x0000000016400000,0x0000000016500000)]
=>0x0000000002ae3800 JavaThread "main" [_thread_in_Java, id=10808, stack(0x0000000002960000,0x0000000002a60000)]

Other Threads:
  0x0000000015277000 VMThread [stack: 0x0000000016300000,0x0000000016400000] [id=7732]
  0x0000000016c36000 WatcherThread [stack: 0x00000000170e0000,0x00000000171e0000] [id=9224]

VM state:not at safepoint (normal execution)

VM Mutex/Monitor currently owned by a thread: None

Heap:
 PSYoungGen      total 71680K, used 67012K [0x00000000eab00000, 0x00000000ef600000, 0x0000000100000000)
  eden space 66560K, 93% used [0x00000000eab00000,0x00000000ee7749f0,0x00000000eec00000)
  from space 5120K, 99% used [0x00000000ef100000,0x00000000ef5fc850,0x00000000ef600000)
  to   space 5120K, 0% used [0x00000000eec00000,0x00000000eec00000,0x00000000ef100000)
 ParOldGen       total 87552K, used 9152K [0x00000000c0000000, 0x00000000c5580000, 0x00000000eab00000)
  object space 87552K, 10% used [0x00000000c0000000,0x00000000c08f0218,0x00000000c5580000)
 Metaspace       used 6640K, capacity 7504K, committed 7680K, reserved 1056768K
  class space    used 614K, capacity 648K, committed 768K, reserved 1048576K

Card table byte_map: [0x0000000011fa0000,0x00000000121b0000] byte_map_base: 0x00000000119a0000

Marking Bits: (ParMarkBitMap*) 0x0000000076e5a5b0
 Begin Bits: [0x0000000012710000, 0x0000000013710000)
 End Bits:   [0x0000000013710000, 0x0000000014710000)

Polling page: 0x00000000028f0000

CodeCache: size=245760Kb used=8453Kb max_used=8464Kb free=237306Kb
 bounds [0x0000000002be0000, 0x0000000003430000, 0x0000000011be0000]
 total_blobs=2454 nmethods=2183 adapters=183
 compilation: enabled

Compilation events (10 events):
Event: 2.908 Thread 0x00000000152b1800 nmethod 2197 0x000000000340f9d0 code [0x000000000340fb80, 0x00000000034101a8]
Event: 2.908 Thread 0x00000000152b1800 2203       3       com.android.dex.EncodedValueCodec::writeUnsignedIntegralValue (66 bytes)
Event: 2.908 Thread 0x00000000152b1800 nmethod 2203 0x0000000003410510 code [0x00000000034106a0, 0x0000000003410ae8]
Event: 2.908 Thread 0x00000000152b1800 2201       3       com.android.dx.dex.file.ValueEncoder::constantToValueType (166 bytes)
Event: 2.908 Thread 0x00000000152b1800 nmethod 2201 0x0000000003410c50 code [0x0000000003410e80, 0x00000000034123e8]
Event: 2.908 Thread 0x00000000152b1800 2200       3       com.android.dx.dex.file.ValueEncoder::writeConstant (494 bytes)
Event: 2.910 Thread 0x00000000152b1800 nmethod 2200 0x00000000034124d0 code [0x00000000034128c0, 0x0000000003414da8]
Event: 2.911 Thread 0x00000000152b1800 2208       1       com.android.dx.rop.cst.CstLiteral32::getLongBits (6 bytes)
Event: 2.911 Thread 0x00000000152b1800 nmethod 2208 0x0000000003415950 code [0x0000000003415aa0, 0x0000000003415bb0]
Event: 2.911 Thread 0x00000000152b1800 2206       3       com.android.dex.EncodedValueCodec::writeSignedIntegralValue (63 bytes)

GC Heap History (4 events):
Event: 1.189 GC heap before
{Heap before GC invocations=1 (full 0):
 PSYoungGen      total 38400K, used 33280K [0x00000000eab00000, 0x00000000ed580000, 0x0000000100000000)
  eden space 33280K, 100% used [0x00000000eab00000,0x00000000ecb80000,0x00000000ecb80000)
  from space 5120K, 0% used [0x00000000ed080000,0x00000000ed080000,0x00000000ed580000)
  to   space 5120K, 0% used [0x00000000ecb80000,0x00000000ecb80000,0x00000000ed080000)
 ParOldGen       total 87552K, used 0K [0x00000000c0000000, 0x00000000c5580000, 0x00000000eab00000)
  object space 87552K, 0% used [0x00000000c0000000,0x00000000c0000000,0x00000000c5580000)
 Metaspace       used 5761K, capacity 6960K, committed 7040K, reserved 1056768K
  class space    used 566K, capacity 616K, committed 640K, reserved 1048576K
Event: 1.222 GC heap after
Heap after GC invocations=1 (full 0):
 PSYoungGen      total 38400K, used 5117K [0x00000000eab00000, 0x00000000ef600000, 0x0000000100000000)
  eden space 33280K, 0% used [0x00000000eab00000,0x00000000eab00000,0x00000000ecb80000)
  from space 5120K, 99% used [0x00000000ecb80000,0x00000000ed07f7c8,0x00000000ed080000)
  to   space 5120K, 0% used [0x00000000ef100000,0x00000000ef100000,0x00000000ef600000)
 ParOldGen       total 87552K, used 3686K [0x00000000c0000000, 0x00000000c5580000, 0x00000000eab00000)
  object space 87552K, 4% used [0x00000000c0000000,0x00000000c03998a8,0x00000000c5580000)
 Metaspace       used 5761K, capacity 6960K, committed 7040K, reserved 1056768K
  class space    used 566K, capacity 616K, committed 640K, reserved 1048576K
}
Event: 1.873 GC heap before
{Heap before GC invocations=2 (full 0):
 PSYoungGen      total 38400K, used 38397K [0x00000000eab00000, 0x00000000ef600000, 0x0000000100000000)
  eden space 33280K, 100% used [0x00000000eab00000,0x00000000ecb80000,0x00000000ecb80000)
  from space 5120K, 99% used [0x00000000ecb80000,0x00000000ed07f7c8,0x00000000ed080000)
  to   space 5120K, 0% used [0x00000000ef100000,0x00000000ef100000,0x00000000ef600000)
 ParOldGen       total 87552K, used 3686K [0x00000000c0000000, 0x00000000c5580000, 0x00000000eab00000)
  object space 87552K, 4% used [0x00000000c0000000,0x00000000c03998a8,0x00000000c5580000)
 Metaspace       used 6032K, capacity 7152K, committed 7296K, reserved 1056768K
  class space    used 579K, capacity 616K, committed 640K, reserved 1048576K
Event: 1.907 GC heap after
Heap after GC invocations=2 (full 0):
 PSYoungGen      total 71680K, used 5106K [0x00000000eab00000, 0x00000000ef600000, 0x0000000100000000)
  eden space 66560K, 0% used [0x00000000eab00000,0x00000000eab00000,0x00000000eec00000)
  from space 5120K, 99% used [0x00000000ef100000,0x00000000ef5fc850,0x00000000ef600000)
  to   space 5120K, 0% used [0x00000000eec00000,0x00000000eec00000,0x00000000ef100000)
 ParOldGen       total 87552K, used 9152K [0x00000000c0000000, 0x00000000c5580000, 0x00000000eab00000)
  object space 87552K, 10% used [0x00000000c0000000,0x00000000c08f0218,0x00000000c5580000)
 Metaspace       used 6032K, capacity 7152K, committed 7296K, reserved 1056768K
  class space    used 579K, capacity 616K, committed 640K, reserved 1048576K
}

Deoptimization events (10 events):
Event: 2.578 Thread 0x0000000002ae3800 Uncommon trap: reason=bimorphic action=maybe_recompile pc=0x0000000002e72ec8 method=java.util.HashMap.getNode(ILjava/lang/Object;)Ljava/util/HashMap$Node; @ 126
Event: 2.580 Thread 0x0000000002ae3800 Uncommon trap: reason=bimorphic action=maybe_recompile pc=0x0000000002e72ec8 method=java.util.HashMap.getNode(ILjava/lang/Object;)Ljava/util/HashMap$Node; @ 126
Event: 2.581 Thread 0x0000000002ae3800 Uncommon trap: reason=bimorphic action=maybe_recompile pc=0x0000000002e72ec8 method=java.util.HashMap.getNode(ILjava/lang/Object;)Ljava/util/HashMap$Node; @ 126
Event: 2.582 Thread 0x0000000002ae3800 Uncommon trap: reason=bimorphic action=maybe_recompile pc=0x0000000002e72ec8 method=java.util.HashMap.getNode(ILjava/lang/Object;)Ljava/util/HashMap$Node; @ 126
Event: 2.583 Thread 0x0000000002ae3800 Uncommon trap: reason=bimorphic action=maybe_recompile pc=0x0000000002e96db8 method=java.util.HashMap.getNode(ILjava/lang/Object;)Ljava/util/HashMap$Node; @ 126
Event: 2.620 Thread 0x0000000002ae3800 Uncommon trap: reason=bimorphic action=maybe_recompile pc=0x0000000002efcebc method=java.util.HashMap.putVal(ILjava/lang/Object;Ljava/lang/Object;ZZ)Ljava/lang/Object; @ 91
Event: 2.620 Thread 0x0000000002ae3800 Uncommon trap: reason=bimorphic action=maybe_recompile pc=0x0000000002efcebc method=java.util.HashMap.putVal(ILjava/lang/Object;Ljava/lang/Object;ZZ)Ljava/lang/Object; @ 91
Event: 2.620 Thread 0x0000000002ae3800 Uncommon trap: reason=bimorphic action=maybe_recompile pc=0x0000000002ef3ecc method=java.util.HashMap.putVal(ILjava/lang/Object;Ljava/lang/Object;ZZ)Ljava/lang/Object; @ 91
Event: 2.869 Thread 0x0000000002ae3800 Uncommon trap: reason=unstable_if action=reinterpret pc=0x00000000033ab380 method=com.android.dx.dex.code.OutputFinisher.findOpcodeForInsn(Lcom/android/dx/dex/code/DalvInsn;Lcom/android/dx/dex/code/Dop;)Lcom/android/dx/dex/code/Dop; @ 1
Event: 2.881 Thread 0x0000000002ae3800 Uncommon trap: reason=unstable_if action=reinterpret pc=0x00000000033a7dd8 method=java.util.ArrayList.<init>(I)V @ 5

Internal exceptions (3 events):
Event: 0.037 Thread 0x0000000002ae3800 Exception <a 'java/lang/NoSuchMethodError': Method sun.misc.Unsafe.defineClass(Ljava/lang/String;[BII)Ljava/lang/Class; name or signature does not match> (0x00000000eab130a8) thrown at [C:\re\workspace\8-2-build-windows-amd64-cygwin\jdk8u60\4407\hotspot\sr°Ñ5ÐX½¢?
Event: 0.037 Thread 0x0000000002ae3800 Exception <a 'java/lang/NoSuchMethodError': Method sun.misc.Unsafe.prefetchRead(Ljava/lang/Object;J)V name or signature does not match> (0x00000000eab13390) thrown at [C:\re\workspace\8-2-build-windows-amd64-cygwin\jdk8u60\4407\hotspot\src\share\vm\prims\jÂY4ŽHù?
Event: 1.570 Thread 0x0000000016d5a800 Implicit null exception at 0x0000000003112ea2 to 0x0000000003112f41

Events (10 events):
Event: 2.879 loading class com/android/dx/dex/file/DebugInfoEncoder done
Event: 2.880 loading class com/android/dx/dex/file/DebugInfoEncoder$1
Event: 2.880 loading class com/android/dx/dex/file/DebugInfoEncoder$1 done
Event: 2.881 Thread 0x0000000002ae3800 Uncommon trap: trap_request=0xffffff65 fr.pc=0x00000000033a7dd8
Event: 2.881 Thread 0x0000000002ae3800 DEOPT PACKING pc=0x00000000033a7dd8 sp=0x0000000002a5edb0
Event: 2.881 Thread 0x0000000002ae3800 DEOPT UNPACKING pc=0x0000000002c2556a sp=0x0000000002a5ed58 mode 2
Event: 2.881 loading class com/android/dx/dex/file/DebugInfoEncoder$2
Event: 2.881 loading class com/android/dx/dex/file/DebugInfoEncoder$2 done
Event: 2.903 loading class com/android/dex/EncodedValueCodec
Event: 2.903 loading class com/android/dex/EncodedValueCodec done


Dynamic libraries:
0x00007ff7f5fe0000 - 0x00007ff7f6017000 	E:\Java\jdk1.8.0_60\bin\java.exe
0x00007ff86a1e0000 - 0x00007ff86a38c000 	C:\WINDOWS\SYSTEM32\ntdll.dll
0x00007ff867860000 - 0x00007ff86799e000 	C:\WINDOWS\system32\KERNEL32.DLL
0x00007ff8675e0000 - 0x00007ff8676f5000 	C:\WINDOWS\system32\KERNELBASE.dll
0x00007ff8658e0000 - 0x00007ff86596e000 	C:\WINDOWS\system32\apphelp.dll
0x00007ff853770000 - 0x00007ff8537c3000 	C:\WINDOWS\AppPatch\AppPatch64\AcGenral.DLL
0x00007ff8696a0000 - 0x00007ff86974a000 	C:\WINDOWS\system32\msvcrt.dll
0x00007ff867100000 - 0x00007ff86712e000 	C:\WINDOWS\SYSTEM32\SspiCli.dll
0x00007ff869750000 - 0x00007ff8697a4000 	C:\WINDOWS\system32\SHLWAPI.dll
0x00007ff869500000 - 0x00007ff869677000 	C:\WINDOWS\system32\USER32.dll
0x00007ff867d10000 - 0x00007ff867ea4000 	C:\WINDOWS\system32\ole32.dll
0x00007ff867f60000 - 0x00007ff86948b000 	C:\WINDOWS\system32\SHELL32.dll
0x00007ff8668d0000 - 0x00007ff8668f1000 	C:\WINDOWS\SYSTEM32\USERENV.dll
0x00007ff867eb0000 - 0x00007ff867f5a000 	C:\WINDOWS\system32\ADVAPI32.dll
0x00007ff85eb70000 - 0x00007ff85eb8e000 	C:\WINDOWS\SYSTEM32\MPR.dll
0x00007ff869ba0000 - 0x00007ff869ce1000 	C:\WINDOWS\system32\RPCRT4.dll
0x00007ff869cf0000 - 0x00007ff869d49000 	C:\WINDOWS\SYSTEM32\sechost.dll
0x00007ff8679a0000 - 0x00007ff867bb1000 	C:\WINDOWS\SYSTEM32\combase.dll
0x00007ff867bc0000 - 0x00007ff867d0f000 	C:\WINDOWS\system32\GDI32.dll
0x00007ff867330000 - 0x00007ff867345000 	C:\WINDOWS\SYSTEM32\profapi.dll
0x00007ff865e80000 - 0x00007ff865f32000 	C:\WINDOWS\SYSTEM32\SHCORE.dll
0x00007ff869d50000 - 0x00007ff869d86000 	C:\WINDOWS\system32\IMM32.DLL
0x00007ff86a070000 - 0x00007ff86a1c2000 	C:\WINDOWS\system32\MSCTF.dll
0x00007ff8646a0000 - 0x00007ff86491b000 	C:\WINDOWS\WinSxS\amd64_microsoft.windows.common-controls_6595b64144ccf1df_6.0.9600.18006_none_623f33d3ecbe86e8\COMCTL32.dll
0x00000000760f0000 - 0x00000000761c2000 	E:\Java\jdk1.8.0_60\jre\bin\msvcr100.dll
0x0000000076650000 - 0x0000000076ed9000 	E:\Java\jdk1.8.0_60\jre\bin\server\jvm.dll
0x00007ff865840000 - 0x00007ff865849000 	C:\WINDOWS\SYSTEM32\WSOCK32.dll
0x00007ff865800000 - 0x00007ff865822000 	C:\WINDOWS\SYSTEM32\WINMM.dll
0x00007ff865830000 - 0x00007ff86583a000 	C:\WINDOWS\SYSTEM32\VERSION.dll
0x00007ff869490000 - 0x00007ff869497000 	C:\WINDOWS\system32\PSAPI.DLL
0x00007ff8694a0000 - 0x00007ff8694fa000 	C:\WINDOWS\system32\WS2_32.dll
0x00007ff863480000 - 0x00007ff8634aa000 	C:\WINDOWS\SYSTEM32\WINMMBASE.dll
0x00007ff86a1d0000 - 0x00007ff86a1d9000 	C:\WINDOWS\system32\NSI.dll
0x00007ff867760000 - 0x00007ff8677af000 	C:\WINDOWS\SYSTEM32\cfgmgr32.dll
0x00007ff866120000 - 0x00007ff866148000 	C:\WINDOWS\SYSTEM32\DEVOBJ.dll
0x0000000050010000 - 0x000000005001f000 	E:\Java\jdk1.8.0_60\jre\bin\verify.dll
0x0000000076620000 - 0x0000000076649000 	E:\Java\jdk1.8.0_60\jre\bin\java.dll
0x0000000076600000 - 0x0000000076616000 	E:\Java\jdk1.8.0_60\jre\bin\zip.dll
0x00007ff863a70000 - 0x00007ff863bf9000 	C:\WINDOWS\SYSTEM32\dbghelp.dll

VM Arguments:
jvm_args: -Xmx1024M -Dfile.encoding=windows-1251 -Duser.country=RU -Duser.language=ru -Duser.variant 
java_command: com.android.dx.command.Main --dex --num-threads=4 --output E:\Android\AndroidStudioProjects\LoftblogMoneyTracker\app\build\intermediates\dex\debug E:\Android\AndroidStudioProjects\LoftblogMoneyTracker\app\build\intermediates\classes\debug E:\Android\AndroidStudioProjects\LoftblogMoneyTracker\app\build\intermediates\pre-dexed\debug\support-annotations-23.0.1-e6941ffc9cbf1270b1623cf686ba7082dcc4df08.jar E:\Android\AndroidStudioProjects\LoftblogMoneyTracker\app\build\intermediates\pre-dexed\debug\classes-8feaabbfb5bdbff71ed9eb50acb4a8fe317bd8e4.jar E:\Android\AndroidStudioProjects\LoftblogMoneyTracker\app\build\intermediates\pre-dexed\debug\classes-8c1319393e271eff68e10a9dcae07a2783f674be.jar E:\Android\AndroidStudioProjects\LoftblogMoneyTracker\app\build\intermediates\pre-dexed\debug\internal_impl-22.2.0-0e6d9ecdf28e1d5717a3b05e5efcbaa26aefd913.jar E:\Android\AndroidStudioProjects\LoftblogMoneyTracker\app\build\intermediates\pre-dexed\debug\classes-96a27b206b99b387079686bb2c6db4d651bf67b0.jar E:\Android\AndroidStudioProjects\LoftblogMoneyTracker\app\build\intermediates\pre-dexed\debug\classes-b570df61e751229d205547820db2b138f3d2f62b.jar E:\Android\AndroidStudioProjects\LoftblogMoneyTracker\app\build\intermediates\pre-dexed\debug\classes-52b7275268a9e54f348a2faeff70a90613f238e9.jar E:\Android\AndroidStudioProjects\LoftblogMoneyTracker\app\build\intermediates\pre-dexed\debug\classes-472fb590b2ae42e351cdbbab4f5c927f6cbdb130.jar E:\Android\AndroidStudioProjects\LoftblogMoneyTracker\app\build\intermediates\pre-dexed\debug\classes-352d93e2966ff5ab712c233f0fb1f206edd2d56d.jar E:\Android\AndroidStudioProjects\LoftblogMoneyTracker\app\build\intermediates\pre-dexed\debug\classes-de409459780203812a068d576aa5d4d22ec493da.jar E:\Android\AndroidStudioProjects\LoftblogMoneyTracker\app\build\intermediates\pre-dexed\debug\classes-929da88a3328213b151763d457f179989be7055b.jar E:\Android\AndroidStudioProjects\LoftblogMoneyTracker\app\build\intermediates\pre-dexed\debug\ac
java_class_path (initial): E:\Android\sdk\build-tools\23.0.0\lib\dx.jar
Launcher Type: SUN_STANDARD

Environment Variables:
PATH=C:\ProgramData\Oracle\Java\javapath;C:\WINDOWS\system32;C:\WINDOWS;C:\WINDOWS\System32\Wbem;C:\WINDOWS\System32\WindowsPowerShell\v1.0\;C:\Program Files (x86)\Common Files\Acronis\SnapAPI\;C:\Program Files (x86)\Common Files\Autodesk Shared\;C:\Program Files\Microsoft\Web Platform Installer\;C:\Program Files (x86)\Microsoft ASP.NET\ASP.NET Web Pages\v1.0\;C:\Program Files\Microsoft SQL Server\110\Tools\Binn\;C:\Program Files\Common Files\Autodesk Shared\;C:\Program Files (x86)\NVIDIA Corporation\PhysX\Common;C:\Program Files (x86)\Skype\Phone\
USERNAME=Àëåêñàíäð
OS=Windows_NT
PROCESSOR_IDENTIFIER=Intel64 Family 6 Model 15 Stepping 11, GenuineIntel



---------------  S Y S T E M  ---------------

OS: Windows 8.1 , 64 bit Build 9600 (6.3.9600.17415)

CPU:total 4 (4 cores per cpu, 1 threads per core) family 6 model 15 stepping 11, cmov, cx8, fxsr, mmx, sse, sse2, sse3, ssse3, tsc

Memory: 4k page, physical 8387492k(1716484k free), swap 16776356k(2708444k free)

vm_info: Java HotSpot(TM) 64-Bit Server VM (25.60-b23) for windows-amd64 JRE (1.8.0_60-b27), built on Aug  4 2015 11:06:27 by "java_re" with MS VC++ 10.0 (VS2010)

time: Thu Oct 29 01:23:48 2015
elapsed time: 2 seconds (0d 0h 0m 2s)

