#
# A fatal error has been detected by the Java Runtime Environment:
#
#  EXCEPTION_ACCESS_VIOLATION (0xc0000005) at pc=0xffffffffa3ca5120, pid=1756, tid=4040
#
# JRE version: Java(TM) SE Runtime Environment (8.0_60-b27) (build 1.8.0_60-b27)
# Java VM: Java HotSpot(TM) 64-Bit Server VM (25.60-b23 mixed mode windows-amd64 compressed oops)
# Problematic frame:
# C  0xffffffffa3ca5120
#
# Failed to write core dump. Minidumps are not enabled by default on client versions of Windows
#
# If you would like to submit a bug report, please visit:
#   http://bugreport.java.com/bugreport/crash.jsp
#

---------------  T H R E A D  ---------------

Current thread (0x0000000002ba0800):  JavaThread "main" [_thread_in_Java, id=4040, stack(0x0000000002aa0000,0x0000000002ba0000)]

siginfo: ExceptionCode=0xc0000005, ExceptionInformation=0x0000000000000008 0xffffffffa3ca5120

Registers:
RAX=0x0000000014e4d210, RBX=0x0000000014e4d210, RCX=0x00000000ece88088, RDX=0x00000000ece88088
RSP=0x0000000002b9ede8, RBP=0x0000000002b9ee48, RSI=0x0000000000000006, RDI=0x000000000001ee02
R8 =0x0000000000000000, R9 =0xfffffffffff3984e, R10=0x0000000058262140, R11=0x00000000033f2fa0
R12=0x0000000000000000, R13=0x0000000002b9edf8, R14=0x0000000002b9eea0, R15=0x0000000002ba0800
RIP=0xffffffffa3ca5120, EFLAGS=0x0000000000010206

Top of Stack: (sp=0x0000000002b9ede8)
0x0000000002b9ede8:   0000000002ca7470 0000000002ca7470
0x0000000002b9edf8:   00000000ece88088 00000000000000fc
0x0000000002b9ee08:   0000000002b9ee08 0000000014deeece
0x0000000002b9ee18:   0000000002b9eea0 0000000014df35b8
0x0000000002b9ee28:   0000000000000000 0000000014deef80
0x0000000002b9ee38:   0000000002b9edf8 0000000002b9ee98
0x0000000002b9ee48:   0000000002b9eee8 0000000002ca7a2d
0x0000000002b9ee58:   00000000000000fc 0000000000000000
0x0000000002b9ee68:   00000000ece88088 00000000ed3ae388
0x0000000002b9ee78:   00000000000000fc 00000000ef1705e0
0x0000000002b9ee88:   0000000000000001 0000000000000000
0x0000000002b9ee98:   00000000ed3aaf58 00000000c05a8328
0x0000000002b9eea8:   0000000002b9eea8 0000000014decaeb
0x0000000002b9eeb8:   0000000002b9ef08 0000000014df0c98
0x0000000002b9eec8:   0000000000000000 0000000014decb30
0x0000000002b9eed8:   0000000002b9ee98 0000000002b9ef00 

Instructions: (pc=0xffffffffa3ca5120)
0xffffffffa3ca5100:   
[error occurred during error reporting (printing registers, top of stack, instructions near pc), id 0xc0000005]

Register to memory mapping:

RAX={method} {0x0000000014e4d218} 'writeSize' '()I' in 'com/android/dx/dex/file/OffsettedItem'
RBX={method} {0x0000000014e4d218} 'writeSize' '()I' in 'com/android/dx/dex/file/OffsettedItem'
RCX=0x00000000ece88088 is an oop
com.android.dx.dex.file.DebugInfoItem 
 - klass: 'com/android/dx/dex/file/DebugInfoItem'
RDX=0x00000000ece88088 is an oop
com.android.dx.dex.file.DebugInfoItem 
 - klass: 'com/android/dx/dex/file/DebugInfoItem'
RSP=0x0000000002b9ede8 is pointing into the stack for thread: 0x0000000002ba0800
RBP=0x0000000002b9ee48 is pointing into the stack for thread: 0x0000000002ba0800
RSI=0x0000000000000006 is an unknown value
RDI=0x000000000001ee02 is an unknown value
R8 =0x0000000000000000 is an unknown value
R9 =0xfffffffffff3984e is an unknown value
R10=0x0000000058262140 is an unknown value
R11=0x00000000033f2fa0 is at entry_point+32 in (nmethod*)0x00000000033f2e10
R12=0x0000000000000000 is an unknown value
R13=0x0000000002b9edf8 is pointing into the stack for thread: 0x0000000002ba0800
R14=0x0000000002b9eea0 is pointing into the stack for thread: 0x0000000002ba0800
R15=0x0000000002ba0800 is a thread


Stack: [0x0000000002aa0000,0x0000000002ba0000],  sp=0x0000000002b9ede8,  free space=1019k
Native frames: (J=compiled Java code, j=interpreted, Vv=VM code, C=native code)
C  0xffffffffa3ca5120


---------------  P R O C E S S  ---------------

Java Threads: ( => current thread )
  0x0000000016ca3800 JavaThread "Service Thread" daemon [_thread_blocked, id=1584, stack(0x00000000170a0000,0x00000000171a0000)]
  0x00000000153cb800 JavaThread "C1 CompilerThread2" daemon [_thread_blocked, id=12916, stack(0x0000000016ba0000,0x0000000016ca0000)]
  0x00000000153c8800 JavaThread "C2 CompilerThread1" daemon [_thread_blocked, id=13128, stack(0x0000000016aa0000,0x0000000016ba0000)]
  0x000000001536f800 JavaThread "C2 CompilerThread0" daemon [_thread_blocked, id=7612, stack(0x00000000169a0000,0x0000000016aa0000)]
  0x000000001536e000 JavaThread "Attach Listener" daemon [_thread_blocked, id=9708, stack(0x00000000168a0000,0x00000000169a0000)]
  0x000000001536d000 JavaThread "Signal Dispatcher" daemon [_thread_blocked, id=10992, stack(0x00000000167a0000,0x00000000168a0000)]
  0x0000000002c96000 JavaThread "Finalizer" daemon [_thread_blocked, id=11284, stack(0x00000000165c0000,0x00000000166c0000)]
  0x0000000002c8c000 JavaThread "Reference Handler" daemon [_thread_blocked, id=5392, stack(0x00000000164c0000,0x00000000165c0000)]
=>0x0000000002ba0800 JavaThread "main" [_thread_in_Java, id=4040, stack(0x0000000002aa0000,0x0000000002ba0000)]

Other Threads:
  0x0000000015336000 VMThread [stack: 0x00000000163c0000,0x00000000164c0000] [id=12072]
  0x0000000016cb2800 WatcherThread [stack: 0x00000000171a0000,0x00000000172a0000] [id=10120]

VM state:not at safepoint (normal execution)

VM Mutex/Monitor currently owned by a thread: None

Heap:
 PSYoungGen      total 71680K, used 46937K [0x00000000eab00000, 0x00000000ef600000, 0x0000000100000000)
  eden space 66560K, 62% used [0x00000000eab00000,0x00000000ed3de520,0x00000000eec00000)
  from space 5120K, 99% used [0x00000000ef100000,0x00000000ef5f8120,0x00000000ef600000)
  to   space 5120K, 0% used [0x00000000eec00000,0x00000000eec00000,0x00000000ef100000)
 ParOldGen       total 87552K, used 6863K [0x00000000c0000000, 0x00000000c5580000, 0x00000000eab00000)
  object space 87552K, 7% used [0x00000000c0000000,0x00000000c06b3dc8,0x00000000c5580000)
 Metaspace       used 6498K, capacity 7408K, committed 7552K, reserved 1056768K
  class space    used 609K, capacity 616K, committed 640K, reserved 1048576K

Card table byte_map: [0x0000000012060000,0x0000000012270000] byte_map_base: 0x0000000011a60000

Marking Bits: (ParMarkBitMap*) 0x000000005827a5b0
 Begin Bits: [0x00000000127d0000, 0x00000000137d0000)
 End Bits:   [0x00000000137d0000, 0x00000000147d0000)

Polling page: 0x00000000011f0000

CodeCache: size=245760Kb used=8569Kb max_used=8580Kb free=237190Kb
 bounds [0x0000000002ca0000, 0x0000000003510000, 0x0000000011ca0000]
 total_blobs=2326 nmethods=2057 adapters=183
 compilation: enabled

Compilation events (10 events):
Event: 17.782 Thread 0x00000000153c8800 nmethod 2063 0x00000000034cea90 code [0x00000000034cebc0, 0x00000000034cec58]
Event: 17.782 Thread 0x000000001536f800 2067       4       com.android.dx.util.ByteArrayAnnotatedOutput::alignTo (69 bytes)
Event: 17.783 Thread 0x00000000153cb800 nmethod 2064 0x0000000003505dd0 code [0x0000000003506100, 0x0000000003507a88]
Event: 17.783 Thread 0x00000000153cb800 2066       3       com.android.dx.util.ByteArray::getBytes (39 bytes)
Event: 17.783 Thread 0x000000001536f800 nmethod 2067 0x0000000003501250 code [0x00000000035013a0, 0x0000000003501498]
Event: 17.783 Thread 0x00000000153cb800 nmethod 2066 0x0000000003500bd0 code [0x0000000003500d60, 0x00000000035010b8]
Event: 17.783 Thread 0x00000000153cb800 2065       3       com.android.dx.util.ByteArrayAnnotatedOutput::write (61 bytes)
Event: 17.783 Thread 0x00000000153cb800 nmethod 2065 0x0000000003505550 code [0x0000000003505700, 0x0000000003505bc8]
Event: 17.783 Thread 0x00000000153c8800 2068       4       com.android.dx.dex.file.OffsettedItem::writeSize (22 bytes)
Event: 17.784 Thread 0x00000000153c8800 nmethod 2068 0x00000000034c5710 code [0x00000000034c5840, 0x00000000034c58b8]

GC Heap History (4 events):
Event: 8.499 GC heap before
{Heap before GC invocations=1 (full 0):
 PSYoungGen      total 38400K, used 33280K [0x00000000eab00000, 0x00000000ed580000, 0x0000000100000000)
  eden space 33280K, 100% used [0x00000000eab00000,0x00000000ecb80000,0x00000000ecb80000)
  from space 5120K, 0% used [0x00000000ed080000,0x00000000ed080000,0x00000000ed580000)
  to   space 5120K, 0% used [0x00000000ecb80000,0x00000000ecb80000,0x00000000ed080000)
 ParOldGen       total 87552K, used 0K [0x00000000c0000000, 0x00000000c5580000, 0x00000000eab00000)
  object space 87552K, 0% used [0x00000000c0000000,0x00000000c0000000,0x00000000c5580000)
 Metaspace       used 5929K, capacity 6960K, committed 7040K, reserved 1056768K
  class space    used 587K, capacity 616K, committed 640K, reserved 1048576K
Event: 8.715 GC heap after
Heap after GC invocations=1 (full 0):
 PSYoungGen      total 38400K, used 5114K [0x00000000eab00000, 0x00000000ef600000, 0x0000000100000000)
  eden space 33280K, 0% used [0x00000000eab00000,0x00000000eab00000,0x00000000ecb80000)
  from space 5120K, 99% used [0x00000000ecb80000,0x00000000ed07eaa8,0x00000000ed080000)
  to   space 5120K, 0% used [0x00000000ef100000,0x00000000ef100000,0x00000000ef600000)
 ParOldGen       total 87552K, used 1739K [0x00000000c0000000, 0x00000000c5580000, 0x00000000eab00000)
  object space 87552K, 1% used [0x00000000c0000000,0x00000000c01b2d88,0x00000000c5580000)
 Metaspace       used 5929K, capacity 6960K, committed 7040K, reserved 1056768K
  class space    used 587K, capacity 616K, committed 640K, reserved 1048576K
}
Event: 10.432 GC heap before
{Heap before GC invocations=2 (full 0):
 PSYoungGen      total 38400K, used 38394K [0x00000000eab00000, 0x00000000ef600000, 0x0000000100000000)
  eden space 33280K, 100% used [0x00000000eab00000,0x00000000ecb80000,0x00000000ecb80000)
  from space 5120K, 99% used [0x00000000ecb80000,0x00000000ed07eaa8,0x00000000ed080000)
  to   space 5120K, 0% used [0x00000000ef100000,0x00000000ef100000,0x00000000ef600000)
 ParOldGen       total 87552K, used 1739K [0x00000000c0000000, 0x00000000c5580000, 0x00000000eab00000)
  object space 87552K, 1% used [0x00000000c0000000,0x00000000c01b2d88,0x00000000c5580000)
 Metaspace       used 6037K, capacity 7024K, committed 7296K, reserved 1056768K
  class space    used 587K, capacity 616K, committed 640K, reserved 1048576K
Event: 10.708 GC heap after
Heap after GC invocations=2 (full 0):
 PSYoungGen      total 71680K, used 5088K [0x00000000eab00000, 0x00000000ef600000, 0x0000000100000000)
  eden space 66560K, 0% used [0x00000000eab00000,0x00000000eab00000,0x00000000eec00000)
  from space 5120K, 99% used [0x00000000ef100000,0x00000000ef5f8120,0x00000000ef600000)
  to   space 5120K, 0% used [0x00000000eec00000,0x00000000eec00000,0x00000000ef100000)
 ParOldGen       total 87552K, used 6863K [0x00000000c0000000, 0x00000000c5580000, 0x00000000eab00000)
  object space 87552K, 7% used [0x00000000c0000000,0x00000000c06b3dc8,0x00000000c5580000)
 Metaspace       used 6037K, capacity 7024K, committed 7296K, reserved 1056768K
  class space    used 587K, capacity 616K, committed 640K, reserved 1048576K
}

Deoptimization events (10 events):
Event: 14.413 Thread 0x0000000002ba0800 Uncommon trap: reason=speculate_class_check action=maybe_recompile pc=0x0000000003009a40 method=com.android.dx.util.FixedSizeList.equals(Ljava/lang/Object;)Z @ 25
Event: 14.413 Thread 0x0000000002ba0800 Uncommon trap: reason=speculate_class_check action=maybe_recompile pc=0x0000000003009a40 method=com.android.dx.util.FixedSizeList.equals(Ljava/lang/Object;)Z @ 25
Event: 14.451 Thread 0x0000000002ba0800 Uncommon trap: reason=unstable_if action=reinterpret pc=0x0000000003413b80 method=com.android.dx.dex.code.OutputFinisher.findOpcodeForInsn(Lcom/android/dx/dex/code/DalvInsn;Lcom/android/dx/dex/code/Dop;)Lcom/android/dx/dex/code/Dop; @ 1
Event: 14.754 Thread 0x0000000002ba0800 Uncommon trap: reason=unstable_if action=reinterpret pc=0x00000000033a758c method=java.util.TreeMap.put(Ljava/lang/Object;Ljava/lang/Object;)Ljava/lang/Object; @ 163
Event: 17.064 Thread 0x0000000002ba0800 Uncommon trap: reason=unstable_if action=reinterpret pc=0x000000000347fad8 method=com.android.dx.dex.code.StdCatchBuilder.handlersFor(Lcom/android/dx/rop/code/BasicBlock;Lcom/android/dx/dex/code/BlockAddresses;)Lcom/android/dx/dex/code/CatchHandlerList; @ kãÜÊN1@
Event: 17.072 Thread 0x0000000002ba0800 Uncommon trap: reason=unstable_if action=reinterpret pc=0x000000000345ea8c method=com.android.dx.dex.code.OutputFinisher.align64bits([Lcom/android/dx/dex/code/Dop;)V @ 172
Event: 17.072 Thread 0x0000000002ba0800 Uncommon trap: reason=unstable_if action=reinterpret pc=0x000000000331de04 method=com.android.dx.rop.code.RegisterSpecSet.equals(Ljava/lang/Object;)Z @ 30
Event: 17.080 Thread 0x0000000002ba0800 Uncommon trap: reason=unstable_if action=reinterpret pc=0x0000000003424398 method=java.util.ArrayList.<init>(I)V @ 5
Event: 17.310 Thread 0x0000000002ba0800 Uncommon trap: reason=unstable_if action=reinterpret pc=0x0000000003497904 method=com.android.dx.util.ByteArrayAnnotatedOutput.writeByte(I)V @ 13
Event: 17.759 Thread 0x0000000002ba0800 Uncommon trap: reason=unstable_if action=reinterpret pc=0x00000000034a6c88 method=com.android.dx.util.ByteArrayAnnotatedOutput.writeByte(I)V @ 13

Internal exceptions (3 events):
Event: 4.189 Thread 0x0000000002ba0800 Exception <a 'java/lang/NoSuchMethodError': Method sun.misc.Unsafe.defineClass(Ljava/lang/String;[BII)Ljava/lang/Class; name or signature does not match> (0x00000000eab130a8) thrown at [C:\re\workspace\8-2-build-windows-amd64-cygwin\jdk8u60\4407\hotspot\srxê^'¡@
Event: 4.189 Thread 0x0000000002ba0800 Exception <a 'java/lang/NoSuchMethodError': Method sun.misc.Unsafe.prefetchRead(Ljava/lang/Object;J)V name or signature does not match> (0x00000000eab13390) thrown at [C:\re\workspace\8-2-build-windows-amd64-cygwin\jdk8u60\4407\hotspot\src\share\vm\prims\jR=Œ∆1ù @
Event: 8.307 Thread 0x0000000016f16800 Implicit null exception at 0x0000000002fce2e2 to 0x0000000002fce381

Events (10 events):
Event: 17.310 Thread 0x0000000002ba0800 Uncommon trap: trap_request=0xffffff65 fr.pc=0x0000000003497904
Event: 17.310 Thread 0x0000000002ba0800 DEOPT PACKING pc=0x0000000003497904 sp=0x0000000002b9ed20
Event: 17.310 Thread 0x0000000002ba0800 DEOPT UNPACKING pc=0x0000000002ce556a sp=0x0000000002b9ecd8 mode 2
Event: 17.750 Thread 0x0000000002ba0800 DEOPT PACKING pc=0x00000000034d9ab7 sp=0x0000000002b9e990
Event: 17.750 Thread 0x0000000002ba0800 DEOPT UNPACKING pc=0x0000000002ce71bf sp=0x0000000002b9e768 mode 0
Event: 17.755 Thread 0x0000000002ba0800 DEOPT PACKING pc=0x00000000034d388a sp=0x0000000002b9eaf0
Event: 17.755 Thread 0x0000000002ba0800 DEOPT UNPACKING pc=0x0000000002ce71bf sp=0x0000000002b9e810 mode 0
Event: 17.759 Thread 0x0000000002ba0800 Uncommon trap: trap_request=0xffffff65 fr.pc=0x00000000034a6c88
Event: 17.759 Thread 0x0000000002ba0800 DEOPT PACKING pc=0x00000000034a6c88 sp=0x0000000002b9ec00
Event: 17.759 Thread 0x0000000002ba0800 DEOPT UNPACKING pc=0x0000000002ce556a sp=0x0000000002b9eb40 mode 2


Dynamic libraries:
0x00007ff7626c0000 - 0x00007ff7626f7000 	E:\Java\jdk1.8.0_60\bin\java.exe
0x00007ffc079f0000 - 0x00007ffc07b9c000 	C:\WINDOWS\SYSTEM32\ntdll.dll
0x00007ffc05d30000 - 0x00007ffc05e6e000 	C:\WINDOWS\system32\KERNEL32.DLL
0x00007ffc04c20000 - 0x00007ffc04d35000 	C:\WINDOWS\system32\KERNELBASE.dll
0x00007ffc036d0000 - 0x00007ffc0375e000 	C:\WINDOWS\system32\apphelp.dll
0x00007ffbfa980000 - 0x00007ffbfa9d3000 	C:\WINDOWS\AppPatch\AppPatch64\AcGenral.DLL
0x00007ffc05750000 - 0x00007ffc057fa000 	C:\WINDOWS\system32\msvcrt.dll
0x00007ffc04920000 - 0x00007ffc0494e000 	C:\WINDOWS\SYSTEM32\SspiCli.dll
0x00007ffc05530000 - 0x00007ffc05584000 	C:\WINDOWS\system32\SHLWAPI.dll
0x00007ffc05140000 - 0x00007ffc052b7000 	C:\WINDOWS\system32\USER32.dll
0x00007ffc05e90000 - 0x00007ffc06024000 	C:\WINDOWS\system32\ole32.dll
0x00007ffc063a0000 - 0x00007ffc078b9000 	C:\WINDOWS\system32\SHELL32.dll
0x00007ffc040f0000 - 0x00007ffc04111000 	C:\WINDOWS\SYSTEM32\USERENV.dll
0x00007ffc05420000 - 0x00007ffc054ca000 	C:\WINDOWS\system32\ADVAPI32.dll
0x00007ffbf7830000 - 0x00007ffbf784e000 	C:\WINDOWS\SYSTEM32\MPR.dll
0x00007ffc05600000 - 0x00007ffc05741000 	C:\WINDOWS\system32\RPCRT4.dll
0x00007ffc054d0000 - 0x00007ffc05529000 	C:\WINDOWS\SYSTEM32\sechost.dll
0x00007ffc06030000 - 0x00007ffc06241000 	C:\WINDOWS\SYSTEM32\combase.dll
0x00007ffc05b90000 - 0x00007ffc05cdf000 	C:\WINDOWS\system32\GDI32.dll
0x00007ffc04b50000 - 0x00007ffc04b65000 	C:\WINDOWS\SYSTEM32\profapi.dll
0x00007ffc03610000 - 0x00007ffc036c2000 	C:\WINDOWS\SYSTEM32\SHCORE.dll
0x00007ffc05cf0000 - 0x00007ffc05d26000 	C:\WINDOWS\system32\IMM32.DLL
0x00007ffc052c0000 - 0x00007ffc05412000 	C:\WINDOWS\system32\MSCTF.dll
0x00007ffc02a60000 - 0x00007ffc02cda000 	C:\WINDOWS\WinSxS\amd64_microsoft.windows.common-controls_6595b64144ccf1df_6.0.9600.17810_none_6240b9c7ecbd0bda\COMCTL32.dll
0x00000000575f0000 - 0x00000000576c2000 	E:\Java\jdk1.8.0_60\jre\bin\msvcr100.dll
0x0000000057a70000 - 0x00000000582f9000 	E:\Java\jdk1.8.0_60\jre\bin\server\jvm.dll
0x00007ffbfafb0000 - 0x00007ffbfafb9000 	C:\WINDOWS\SYSTEM32\WSOCK32.dll
0x00007ffc03090000 - 0x00007ffc030b2000 	C:\WINDOWS\SYSTEM32\WINMM.dll
0x00007ffc030c0000 - 0x00007ffc030ca000 	C:\WINDOWS\SYSTEM32\VERSION.dll
0x00007ffc062c0000 - 0x00007ffc062c7000 	C:\WINDOWS\system32\PSAPI.DLL
0x00007ffc06260000 - 0x00007ffc062ba000 	C:\WINDOWS\system32\WS2_32.dll
0x00007ffc02ea0000 - 0x00007ffc02eca000 	C:\WINDOWS\SYSTEM32\WINMMBASE.dll
0x00007ffc05ce0000 - 0x00007ffc05ce9000 	C:\WINDOWS\system32\NSI.dll
0x00007ffc05030000 - 0x00007ffc0507f000 	C:\WINDOWS\SYSTEM32\cfgmgr32.dll
0x00007ffc03960000 - 0x00007ffc03988000 	C:\WINDOWS\SYSTEM32\DEVOBJ.dll
0x0000000057a60000 - 0x0000000057a6f000 	E:\Java\jdk1.8.0_60\jre\bin\verify.dll
0x0000000057a30000 - 0x0000000057a59000 	E:\Java\jdk1.8.0_60\jre\bin\java.dll
0x0000000057a10000 - 0x0000000057a26000 	E:\Java\jdk1.8.0_60\jre\bin\zip.dll
0x00007ffbfee80000 - 0x00007ffbff009000 	C:\WINDOWS\SYSTEM32\dbghelp.dll

VM Arguments:
jvm_args: -Xmx1024M -Dfile.encoding=windows-1251 -Duser.country=RU -Duser.language=ru -Duser.variant 
java_command: com.android.dx.command.Main --dex --num-threads=4 --output E:\Android\AndroidStudioProjects\LoftblogMoneyTracker\app\build\intermediates\pre-dexed\debug\classes-eb7ff167602022abb79ac6f9e9b61a3ac2891c31.jar E:\Android\AndroidStudioProjects\LoftblogMoneyTracker\app\build\intermediates\exploded-aar\com.google.android.gms\play-services-plus\8.1.0\jars\classes.jar
java_class_path (initial): E:\Android\sdk\build-tools\23.0.0\lib\dx.jar
Launcher Type: SUN_STANDARD

Environment Variables:
PATH=C:\ProgramData\Oracle\Java\javapath;C:\WINDOWS\system32;C:\WINDOWS;C:\WINDOWS\System32\Wbem;C:\WINDOWS\System32\WindowsPowerShell\v1.0\;C:\Program Files (x86)\Common Files\Acronis\SnapAPI\;C:\Program Files (x86)\Common Files\Autodesk Shared\;C:\Program Files\Microsoft\Web Platform Installer\;C:\Program Files (x86)\Microsoft ASP.NET\ASP.NET Web Pages\v1.0\;C:\Program Files\Microsoft SQL Server\110\Tools\Binn\;C:\Program Files\Common Files\Autodesk Shared\;C:\Program Files (x86)\NVIDIA Corporation\PhysX\Common;C:\Program Files (x86)\Skype\Phone\;C:\Program Files (x86)\Common Files\Acronis\TibMounter64
USERNAME=¿ÎÂÍÒ‡Ì‰
OS=Windows_NT
PROCESSOR_IDENTIFIER=Intel64 Family 6 Model 15 Stepping 11, GenuineIntel



---------------  S Y S T E M  ---------------

OS: Windows 8.1 , 64 bit Build 9600 (6.3.9600.17415)

CPU:total 4 (4 cores per cpu, 1 threads per core) family 6 model 15 stepping 11, cmov, cx8, fxsr, mmx, sse, sse2, sse3, ssse3, tsc

Memory: 4k page, physical 8387492k(873772k free), swap 16996044k(4756216k free)

vm_info: Java HotSpot(TM) 64-Bit Server VM (25.60-b23) for windows-amd64 JRE (1.8.0_60-b27), built on Aug  4 2015 11:06:27 by "java_re" with MS VC++ 10.0 (VS2010)

time: Tue Oct 06 03:00:16 2015
elapsed time: 17 seconds (0d 0h 0m 17s)

