#
# A fatal error has been detected by the Java Runtime Environment:
#
#  EXCEPTION_ACCESS_VIOLATION (0xc0000005) at pc=0xffffffffa3135120, pid=3448, tid=10520
#
# JRE version: Java(TM) SE Runtime Environment (8.0_60-b27) (build 1.8.0_60-b27)
# Java VM: Java HotSpot(TM) 64-Bit Server VM (25.60-b23 mixed mode windows-amd64 compressed oops)
# Problematic frame:
# C  0xffffffffa3135120
#
# Failed to write core dump. Minidumps are not enabled by default on client versions of Windows
#
# If you would like to submit a bug report, please visit:
#   http://bugreport.java.com/bugreport/crash.jsp
#

---------------  T H R E A D  ---------------

Current thread (0x0000000002030800):  JavaThread "main" [_thread_in_Java, id=10520, stack(0x0000000001e90000,0x0000000001f90000)]

siginfo: ExceptionCode=0xc0000005, ExceptionInformation=0x0000000000000008 0xffffffffa3135120

Registers:
RAX=0x0000000014400788, RBX=0x0000000014400788, RCX=0x00000000ef49cee0, RDX=0x00000000ef49cee0
RSP=0x0000000001f8efe8, RBP=0x0000000001f8f048, RSI=0x00000000edaf7488, RDI=0x000000000001727f
R8 =0x0000000000000000, R9 =0x0000000000000000, R10=0x0000000058262140, R11=0x0000000002a1da60
R12=0x0000000000000000, R13=0x0000000001f8f000, R14=0x0000000001f8f078, R15=0x0000000002030800
RIP=0xffffffffa3135120, EFLAGS=0x0000000000010206

Top of Stack: (sp=0x0000000001f8efe8)
0x0000000001f8efe8:   00000000021377b0 0000000001f8f020
0x0000000001f8eff8:   00000000021377b0 00000000ef49cee0
0x0000000001f8f008:   0000000001f8f008 0000000014317014
0x0000000001f8f018:   0000000001f8f078 0000000014402028
0x0000000001f8f028:   0000000014518670 0000000014317098
0x0000000001f8f038:   0000000001f8f000 0000000001f8f068
0x0000000001f8f048:   0000000001f8f0c0 0000000002137a2d
0x0000000001f8f058:   0000000000000000 0000000000000000
0x0000000001f8f068:   00000000edabac80 00000000ef118b50
0x0000000001f8f078:   00000000ef49cea8 0000000001f8f080
0x0000000001f8f088:   0000000014316e45 0000000001f8f128
0x0000000001f8f098:   0000000014402028 0000000014517e90
0x0000000001f8f0a8:   0000000014316f50 0000000001f8f068
0x0000000001f8f0b8:   0000000001f8f130 0000000001f8f248
0x0000000001f8f0c8:   0000000002a8ef0c 0000000000000000
0x0000000001f8f0d8:   00000000000375ab 0000000000000000 

Instructions: (pc=0xffffffffa3135120)
0xffffffffa3135100:   
[error occurred during error reporting (printing registers, top of stack, instructions near pc), id 0xc0000005]

Register to memory mapping:

RAX={method} {0x0000000014400790} 'getInsns' '()Lcom/android/dx/dex/code/DalvInsnList;' in 'com/android/dx/dex/code/DalvCode'
RBX={method} {0x0000000014400790} 'getInsns' '()Lcom/android/dx/dex/code/DalvInsnList;' in 'com/android/dx/dex/code/DalvCode'
RCX=0x00000000ef49cee0 is an oop
com.android.dx.dex.code.DalvCode 
 - klass: 'com/android/dx/dex/code/DalvCode'
RDX=0x00000000ef49cee0 is an oop
com.android.dx.dex.code.DalvCode 
 - klass: 'com/android/dx/dex/code/DalvCode'
RSP=0x0000000001f8efe8 is pointing into the stack for thread: 0x0000000002030800
RBP=0x0000000001f8f048 is pointing into the stack for thread: 0x0000000002030800
RSI=0x00000000edaf7488 is an oop
[B 
 - klass: {type array byte}
 - length: 254816
RDI=0x000000000001727f is an unknown value
R8 =0x0000000000000000 is an unknown value
R9 =0x0000000000000000 is an unknown value
R10=0x0000000058262140 is an unknown value
R11=0x0000000002a1da60 is at entry_point+32 in (nmethod*)0x0000000002a1d8d0
R12=0x0000000000000000 is an unknown value
R13=0x0000000001f8f000 is pointing into the stack for thread: 0x0000000002030800
R14=0x0000000001f8f078 is pointing into the stack for thread: 0x0000000002030800
R15=0x0000000002030800 is a thread


Stack: [0x0000000001e90000,0x0000000001f90000],  sp=0x0000000001f8efe8,  free space=1019k
Native frames: (J=compiled Java code, j=interpreted, Vv=VM code, C=native code)
C  0xffffffffa3135120


---------------  P R O C E S S  ---------------

Java Threads: ( => current thread )
  0x0000000016135000 JavaThread "Service Thread" daemon [_thread_blocked, id=10248, stack(0x0000000016530000,0x0000000016630000)]
  0x000000001485e000 JavaThread "C1 CompilerThread2" daemon [_thread_blocked, id=8416, stack(0x0000000016030000,0x0000000016130000)]
  0x0000000014858000 JavaThread "C2 CompilerThread1" daemon [_thread_blocked, id=11984, stack(0x0000000015f30000,0x0000000016030000)]
  0x00000000147fb000 JavaThread "C2 CompilerThread0" daemon [_thread_blocked, id=12596, stack(0x0000000015e30000,0x0000000015f30000)]
  0x00000000147f9800 JavaThread "Attach Listener" daemon [_thread_blocked, id=10892, stack(0x0000000015d30000,0x0000000015e30000)]
  0x0000000014807800 JavaThread "Signal Dispatcher" daemon [_thread_blocked, id=12352, stack(0x0000000015c30000,0x0000000015d30000)]
  0x0000000002126000 JavaThread "Finalizer" daemon [_thread_blocked, id=8164, stack(0x0000000015a50000,0x0000000015b50000)]
  0x000000000211d800 JavaThread "Reference Handler" daemon [_thread_blocked, id=780, stack(0x0000000015950000,0x0000000015a50000)]
=>0x0000000002030800 JavaThread "main" [_thread_in_Java, id=10520, stack(0x0000000001e90000,0x0000000001f90000)]

Other Threads:
  0x00000000147c7000 VMThread [stack: 0x0000000015850000,0x0000000015950000] [id=11580]
  0x0000000016139000 WatcherThread [stack: 0x0000000016630000,0x0000000016730000] [id=400]

VM state:not at safepoint (normal execution)

VM Mutex/Monitor currently owned by a thread: None

Heap:
 PSYoungGen      total 71680K, used 54464K [0x00000000eab00000, 0x00000000ef600000, 0x0000000100000000)
  eden space 66560K, 74% used [0x00000000eab00000,0x00000000edb357f8,0x00000000eec00000)
  from space 5120K, 99% used [0x00000000ef100000,0x00000000ef5faad8,0x00000000ef600000)
  to   space 5120K, 0% used [0x00000000eec00000,0x00000000eec00000,0x00000000ef100000)
 ParOldGen       total 87552K, used 6332K [0x00000000c0000000, 0x00000000c5580000, 0x00000000eab00000)
  object space 87552K, 7% used [0x00000000c0000000,0x00000000c062f0e0,0x00000000c5580000)
 Metaspace       used 6697K, capacity 7568K, committed 7936K, reserved 1056768K
  class space    used 616K, capacity 648K, committed 768K, reserved 1048576K

Card table byte_map: [0x00000000114f0000,0x0000000011700000] byte_map_base: 0x0000000010ef0000

Marking Bits: (ParMarkBitMap*) 0x000000005827a5b0
 Begin Bits: [0x0000000011c60000, 0x0000000012c60000)
 End Bits:   [0x0000000012c60000, 0x0000000013c60000)

Polling page: 0x0000000000610000

CodeCache: size=245760Kb used=9770Kb max_used=9791Kb free=235989Kb
 bounds [0x0000000002130000, 0x0000000002ad0000, 0x0000000011130000]
 total_blobs=2519 nmethods=2247 adapters=186
 compilation: enabled

Compilation events (10 events):
Event: 15.831 Thread 0x000000001485e000 nmethod 2252 0x0000000002aac150 code [0x0000000002aac300, 0x0000000002aac908]
Event: 15.832 Thread 0x000000001485e000 2237       3       com.android.dx.util.ByteArrayAnnotatedOutput::assertCursor (48 bytes)
Event: 15.832 Thread 0x000000001485e000 nmethod 2237 0x0000000002aacb90 code [0x0000000002aacda0, 0x0000000002aad818]
Event: 15.832 Thread 0x000000001485e000 2255       3       com.android.dx.dex.code.form.Form22c::writeTo (45 bytes)
Event: 15.833 Thread 0x000000001485e000 nmethod 2255 0x0000000002aadcd0 code [0x0000000002aadee0, 0x0000000002aaea68]
Event: 15.833 Thread 0x000000001485e000 2256       3       com.android.dx.dex.code.form.Form21c::writeTo (34 bytes)
Event: 15.833 Thread 0x0000000014858000 2262       4       com.android.dx.dex.code.DalvCode::getInsns (9 bytes)
Event: 15.833 Thread 0x000000001485e000 nmethod 2256 0x0000000002aaef10 code [0x0000000002aaf0e0, 0x0000000002aaf928]
Event: 15.833 Thread 0x000000001485e000 2257       3       com.android.dx.dex.file.CodeItem::writeTo0 (489 bytes)
Event: 15.834 Thread 0x0000000014858000 nmethod 2262 0x00000000029ef990 code [0x00000000029efae0, 0x00000000029efb68]

GC Heap History (4 events):
Event: 6.809 GC heap before
{Heap before GC invocations=1 (full 0):
 PSYoungGen      total 38400K, used 33280K [0x00000000eab00000, 0x00000000ed580000, 0x0000000100000000)
  eden space 33280K, 100% used [0x00000000eab00000,0x00000000ecb80000,0x00000000ecb80000)
  from space 5120K, 0% used [0x00000000ed080000,0x00000000ed080000,0x00000000ed580000)
  to   space 5120K, 0% used [0x00000000ecb80000,0x00000000ecb80000,0x00000000ed080000)
 ParOldGen       total 87552K, used 0K [0x00000000c0000000, 0x00000000c5580000, 0x00000000eab00000)
  object space 87552K, 0% used [0x00000000c0000000,0x00000000c0000000,0x00000000c5580000)
 Metaspace       used 6028K, capacity 7024K, committed 7296K, reserved 1056768K
  class space    used 593K, capacity 616K, committed 640K, reserved 1048576K
Event: 7.075 GC heap after
Heap after GC invocations=1 (full 0):
 PSYoungGen      total 38400K, used 5098K [0x00000000eab00000, 0x00000000ef600000, 0x0000000100000000)
  eden space 33280K, 0% used [0x00000000eab00000,0x00000000eab00000,0x00000000ecb80000)
  from space 5120K, 99% used [0x00000000ecb80000,0x00000000ed07aab8,0x00000000ed080000)
  to   space 5120K, 0% used [0x00000000ef100000,0x00000000ef100000,0x00000000ef600000)
 ParOldGen       total 87552K, used 1545K [0x00000000c0000000, 0x00000000c5580000, 0x00000000eab00000)
  object space 87552K, 1% used [0x00000000c0000000,0x00000000c01824d0,0x00000000c5580000)
 Metaspace       used 6028K, capacity 7024K, committed 7296K, reserved 1056768K
  class space    used 593K, capacity 616K, committed 640K, reserved 1048576K
}
Event: 9.150 GC heap before
{Heap before GC invocations=2 (full 0):
 PSYoungGen      total 38400K, used 38378K [0x00000000eab00000, 0x00000000ef600000, 0x0000000100000000)
  eden space 33280K, 100% used [0x00000000eab00000,0x00000000ecb80000,0x00000000ecb80000)
  from space 5120K, 99% used [0x00000000ecb80000,0x00000000ed07aab8,0x00000000ed080000)
  to   space 5120K, 0% used [0x00000000ef100000,0x00000000ef100000,0x00000000ef600000)
 ParOldGen       total 87552K, used 1545K [0x00000000c0000000, 0x00000000c5580000, 0x00000000eab00000)
  object space 87552K, 1% used [0x00000000c0000000,0x00000000c01824d0,0x00000000c5580000)
 Metaspace       used 6169K, capacity 7088K, committed 7296K, reserved 1056768K
  class space    used 594K, capacity 616K, committed 640K, reserved 1048576K
Event: 9.880 GC heap after
Heap after GC invocations=2 (full 0):
 PSYoungGen      total 71680K, used 5098K [0x00000000eab00000, 0x00000000ef600000, 0x0000000100000000)
  eden space 66560K, 0% used [0x00000000eab00000,0x00000000eab00000,0x00000000eec00000)
  from space 5120K, 99% used [0x00000000ef100000,0x00000000ef5faad8,0x00000000ef600000)
  to   space 5120K, 0% used [0x00000000eec00000,0x00000000eec00000,0x00000000ef100000)
 ParOldGen       total 87552K, used 6332K [0x00000000c0000000, 0x00000000c5580000, 0x00000000eab00000)
  object space 87552K, 7% used [0x00000000c0000000,0x00000000c062f0e0,0x00000000c5580000)
 Metaspace       used 6169K, capacity 7088K, committed 7296K, reserved 1056768K
  class space    used 594K, capacity 616K, committed 640K, reserved 1048576K
}

Deoptimization events (10 events):
Event: 12.391 Thread 0x0000000002030800 Uncommon trap: reason=class_check action=maybe_recompile pc=0x00000000025b2b90 method=java.util.HashMap.putVal(ILjava/lang/Object;Ljava/lang/Object;ZZ)Ljava/lang/Object; @ 203
Event: 12.418 Thread 0x0000000002030800 Uncommon trap: reason=bimorphic action=maybe_recompile pc=0x00000000029373e4 method=java.util.HashMap.putVal(ILjava/lang/Object;Ljava/lang/Object;ZZ)Ljava/lang/Object; @ 203
Event: 12.418 Thread 0x0000000002030800 Uncommon trap: reason=bimorphic action=maybe_recompile pc=0x00000000029373e4 method=java.util.HashMap.putVal(ILjava/lang/Object;Ljava/lang/Object;ZZ)Ljava/lang/Object; @ 203
Event: 12.418 Thread 0x0000000002030800 Uncommon trap: reason=bimorphic action=maybe_recompile pc=0x00000000029373e4 method=java.util.HashMap.putVal(ILjava/lang/Object;Ljava/lang/Object;ZZ)Ljava/lang/Object; @ 203
Event: 12.418 Thread 0x0000000002030800 Uncommon trap: reason=bimorphic action=maybe_recompile pc=0x00000000029373e4 method=java.util.HashMap.putVal(ILjava/lang/Object;Ljava/lang/Object;ZZ)Ljava/lang/Object; @ 203
Event: 12.419 Thread 0x0000000002030800 Uncommon trap: reason=unstable_if action=reinterpret pc=0x000000000293c924 method=java.util.HashMap.putVal(ILjava/lang/Object;Ljava/lang/Object;ZZ)Ljava/lang/Object; @ 94
Event: 14.201 Thread 0x0000000002030800 Uncommon trap: reason=unstable_if action=reinterpret pc=0x000000000299fa40 method=com.android.dx.dex.code.OutputFinisher.findOpcodeForInsn(Lcom/android/dx/dex/code/DalvInsn;Lcom/android/dx/dex/code/Dop;)Lcom/android/dx/dex/code/Dop; @ 1
Event: 14.350 Thread 0x0000000002030800 Uncommon trap: reason=unstable_if action=reinterpret pc=0x0000000002871fcc method=java.util.TreeMap.put(Ljava/lang/Object;Ljava/lang/Object;)Ljava/lang/Object; @ 163
Event: 14.481 Thread 0x0000000002030800 Uncommon trap: reason=unstable_if action=reinterpret pc=0x00000000029e634c method=com.android.dx.dex.code.LocalList$MakeState.aboutToProcess(II)V @ 54
Event: 15.660 Thread 0x0000000002030800 Uncommon trap: reason=unstable_if action=reinterpret pc=0x0000000002a24684 method=com.android.dx.util.ByteArrayAnnotatedOutput.writeByte(I)V @ 13

Internal exceptions (4 events):
Event: 0.727 Thread 0x0000000002030800 Exception <a 'java/lang/NoSuchMethodError': Method sun.misc.Unsafe.defineClass(Ljava/lang/String;[BII)Ljava/lang/Class; name or signature does not match> (0x00000000eab130a8) thrown at [C:\re\workspace\8-2-build-windows-amd64-cygwin\jdk8u60\4407\hotspot\sr∑≈+g‹CÁ?
Event: 0.727 Thread 0x0000000002030800 Exception <a 'java/lang/NoSuchMethodError': Method sun.misc.Unsafe.prefetchRead(Ljava/lang/Object;J)V name or signature does not match> (0x00000000eab13390) thrown at [C:\re\workspace\8-2-build-windows-amd64-cygwin\jdk8u60\4407\hotspot\src\share\vm\prims\j_Ωù%8ü@
Event: 6.155 Thread 0x000000001639e800 Implicit null exception at 0x00000000024bdf09 to 0x00000000024bebb1
Event: 6.156 Thread 0x000000001639e800 Implicit null exception at 0x00000000024b7b87 to 0x00000000024b86fd

Events (10 events):
Event: 14.823 loading class com/android/dx/dex/file/DebugInfoEncoder$2 done
Event: 15.362 loading class com/android/dex/EncodedValueCodec
Event: 15.362 loading class com/android/dex/EncodedValueCodec done
Event: 15.648 loading class com/android/dx/dex/file/MapItem
Event: 15.648 loading class com/android/dx/dex/file/MapItem done
Event: 15.659 loading class com/android/dex/DexFormat
Event: 15.659 loading class com/android/dex/DexFormat done
Event: 15.660 Thread 0x0000000002030800 Uncommon trap: trap_request=0xffffff65 fr.pc=0x0000000002a24684
Event: 15.660 Thread 0x0000000002030800 DEOPT PACKING pc=0x0000000002a24684 sp=0x0000000001f8f120
Event: 15.660 Thread 0x0000000002030800 DEOPT UNPACKING pc=0x000000000217556a sp=0x0000000001f8f0d8 mode 2


Dynamic libraries:
0x00007ff7626c0000 - 0x00007ff7626f7000 	E:\Java\jdk1.8.0_60\bin\java.exe
0x00007ffc079f0000 - 0x00007ffc07b9c000 	C:\WINDOWS\SYSTEM32\ntdll.dll
0x00007ffc05d30000 - 0x00007ffc05e6e000 	C:\WINDOWS\system32\KERNEL32.DLL
0x00007ffc04c20000 - 0x00007ffc04d35000 	C:\WINDOWS\system32\KERNELBASE.dll
0x00007ffc036d0000 - 0x00007ffc0375e000 	C:\WINDOWS\system32\apphelp.dll
0x00007ffbfa980000 - 0x00007ffbfa9d3000 	C:\WINDOWS\AppPatch\AppPatch64\AcGenral.DLL
0x00007ffc05750000 - 0x00007ffc057fa000 	C:\WINDOWS\system32\msvcrt.dll
0x00007ffc04920000 - 0x00007ffc0494e000 	C:\WINDOWS\SYSTEM32\SspiCli.dll
0x00007ffc05530000 - 0x00007ffc05584000 	C:\WINDOWS\system32\SHLWAPI.dll
0x00007ffc05140000 - 0x00007ffc052b7000 	C:\WINDOWS\system32\USER32.dll
0x00007ffc05e90000 - 0x00007ffc06024000 	C:\WINDOWS\system32\ole32.dll
0x00007ffc063a0000 - 0x00007ffc078b9000 	C:\WINDOWS\system32\SHELL32.dll
0x00007ffc040f0000 - 0x00007ffc04111000 	C:\WINDOWS\SYSTEM32\USERENV.dll
0x00007ffc05420000 - 0x00007ffc054ca000 	C:\WINDOWS\system32\ADVAPI32.dll
0x00007ffbf7830000 - 0x00007ffbf784e000 	C:\WINDOWS\SYSTEM32\MPR.dll
0x00007ffc05600000 - 0x00007ffc05741000 	C:\WINDOWS\system32\RPCRT4.dll
0x00007ffc054d0000 - 0x00007ffc05529000 	C:\WINDOWS\SYSTEM32\sechost.dll
0x00007ffc06030000 - 0x00007ffc06241000 	C:\WINDOWS\SYSTEM32\combase.dll
0x00007ffc05b90000 - 0x00007ffc05cdf000 	C:\WINDOWS\system32\GDI32.dll
0x00007ffc04b50000 - 0x00007ffc04b65000 	C:\WINDOWS\SYSTEM32\profapi.dll
0x00007ffc03610000 - 0x00007ffc036c2000 	C:\WINDOWS\SYSTEM32\SHCORE.dll
0x00007ffc05cf0000 - 0x00007ffc05d26000 	C:\WINDOWS\system32\IMM32.DLL
0x00007ffc052c0000 - 0x00007ffc05412000 	C:\WINDOWS\system32\MSCTF.dll
0x00007ffc02a60000 - 0x00007ffc02cda000 	C:\WINDOWS\WinSxS\amd64_microsoft.windows.common-controls_6595b64144ccf1df_6.0.9600.17810_none_6240b9c7ecbd0bda\COMCTL32.dll
0x00000000575f0000 - 0x00000000576c2000 	E:\Java\jdk1.8.0_60\jre\bin\msvcr100.dll
0x0000000057a70000 - 0x00000000582f9000 	E:\Java\jdk1.8.0_60\jre\bin\server\jvm.dll
0x00007ffbfafb0000 - 0x00007ffbfafb9000 	C:\WINDOWS\SYSTEM32\WSOCK32.dll
0x00007ffc03090000 - 0x00007ffc030b2000 	C:\WINDOWS\SYSTEM32\WINMM.dll
0x00007ffc030c0000 - 0x00007ffc030ca000 	C:\WINDOWS\SYSTEM32\VERSION.dll
0x00007ffc062c0000 - 0x00007ffc062c7000 	C:\WINDOWS\system32\PSAPI.DLL
0x00007ffc06260000 - 0x00007ffc062ba000 	C:\WINDOWS\system32\WS2_32.dll
0x00007ffc02ea0000 - 0x00007ffc02eca000 	C:\WINDOWS\SYSTEM32\WINMMBASE.dll
0x00007ffc05ce0000 - 0x00007ffc05ce9000 	C:\WINDOWS\system32\NSI.dll
0x00007ffc05030000 - 0x00007ffc0507f000 	C:\WINDOWS\SYSTEM32\cfgmgr32.dll
0x00007ffc03960000 - 0x00007ffc03988000 	C:\WINDOWS\SYSTEM32\DEVOBJ.dll
0x0000000057a60000 - 0x0000000057a6f000 	E:\Java\jdk1.8.0_60\jre\bin\verify.dll
0x0000000057a30000 - 0x0000000057a59000 	E:\Java\jdk1.8.0_60\jre\bin\java.dll
0x0000000057a10000 - 0x0000000057a26000 	E:\Java\jdk1.8.0_60\jre\bin\zip.dll
0x00007ffbfee80000 - 0x00007ffbff009000 	C:\WINDOWS\SYSTEM32\dbghelp.dll

VM Arguments:
jvm_args: -Xmx1024M -Dfile.encoding=windows-1251 -Duser.country=RU -Duser.language=ru -Duser.variant 
java_command: com.android.dx.command.Main --dex --num-threads=4 --output E:\Android\AndroidStudioProjects\LoftblogMoneyTracker\app\build\intermediates\pre-dexed\debug\internal_impl-23.0.1-fbfa1cd1c0e57176701943d82905c28d410d7e6c.jar E:\Android\AndroidStudioProjects\LoftblogMoneyTracker\app\build\intermediates\exploded-aar\com.android.support\support-v4\23.0.1\jars\libs\internal_impl-23.0.1.jar
java_class_path (initial): E:\Android\sdk\build-tools\23.0.0\lib\dx.jar
Launcher Type: SUN_STANDARD

Environment Variables:
PATH=C:\ProgramData\Oracle\Java\javapath;C:\WINDOWS\system32;C:\WINDOWS;C:\WINDOWS\System32\Wbem;C:\WINDOWS\System32\WindowsPowerShell\v1.0\;C:\Program Files (x86)\Common Files\Acronis\SnapAPI\;C:\Program Files (x86)\Common Files\Autodesk Shared\;C:\Program Files\Microsoft\Web Platform Installer\;C:\Program Files (x86)\Microsoft ASP.NET\ASP.NET Web Pages\v1.0\;C:\Program Files\Microsoft SQL Server\110\Tools\Binn\;C:\Program Files\Common Files\Autodesk Shared\;C:\Program Files (x86)\NVIDIA Corporation\PhysX\Common;C:\Program Files (x86)\Skype\Phone\;C:\Program Files (x86)\Common Files\Acronis\TibMounter64
USERNAME=¿ÎÂÍÒ‡Ì‰
OS=Windows_NT
PROCESSOR_IDENTIFIER=Intel64 Family 6 Model 15 Stepping 11, GenuineIntel



---------------  S Y S T E M  ---------------

OS: Windows 8.1 , 64 bit Build 9600 (6.3.9600.17415)

CPU:total 4 (4 cores per cpu, 1 threads per core) family 6 model 15 stepping 11, cmov, cx8, fxsr, mmx, sse, sse2, sse3, ssse3, tsc

Memory: 4k page, physical 8387492k(1920124k free), swap 16996044k(6071640k free)

vm_info: Java HotSpot(TM) 64-Bit Server VM (25.60-b23) for windows-amd64 JRE (1.8.0_60-b27), built on Aug  4 2015 11:06:27 by "java_re" with MS VC++ 10.0 (VS2010)

time: Tue Oct 06 02:03:07 2015
elapsed time: 16 seconds (0d 0h 0m 16s)

