#
# A fatal error has been detected by the Java Runtime Environment:
#
#  EXCEPTION_ACCESS_VIOLATION (0xc0000005) at pc=0xffffffffa3115120, pid=12312, tid=3908
#
# JRE version: Java(TM) SE Runtime Environment (8.0_60-b27) (build 1.8.0_60-b27)
# Java VM: Java HotSpot(TM) 64-Bit Server VM (25.60-b23 mixed mode windows-amd64 compressed oops)
# Problematic frame:
# C  0xffffffffa3115120
#
# Failed to write core dump. Minidumps are not enabled by default on client versions of Windows
#
# If you would like to submit a bug report, please visit:
#   http://bugreport.java.com/bugreport/crash.jsp
#

---------------  T H R E A D  ---------------

Current thread (0x0000000002013800):  JavaThread "main" [_thread_in_Java, id=3908, stack(0x0000000001f10000,0x0000000002010000)]

siginfo: ExceptionCode=0xc0000005, ExceptionInformation=0x0000000000000008 0xffffffffa3115120

Registers:
RAX=0x000000010008cae0, RBX=0x00000000143b7190, RCX=0x000000000002f96d, RDX=0x00000000eab09b48
RSP=0x000000000200ef88, RBP=0x000000000200f448, RSI=0x00000000eab09b48, RDI=0x000000010008cae0
R8 =0x00000000eea35d78, R9 =0x000000000002f96e, R10=0x00000000000000ef, R11=0x00000000ee710060
R12=0x0000000000000000, R13=0x0000000014516a38, R14=0x000000000200ef38, R15=0x0000000002013800
RIP=0xffffffffa3115120, EFLAGS=0x0000000000010202

Top of Stack: (sp=0x000000000200ef88)
0x000000000200ef88:   0000000002a212bc 0000000000000000
0x000000000200ef98:   000000000200efe8 000000000200f020
0x000000000200efa8:   0000000002117a2d 0000000002117a2d
0x000000000200efb8:   0000000000000005 000000000002f204
0x000000000200efc8:   00000000eea5b510 0000000000000000
0x000000000200efd8:   00000000eea35d78 000000000200efe0
0x000000000200efe8:   00000000144ee44f 000000000200f060
0x000000000200eff8:   00000000144ef4e0 0000000000000000
0x000000000200f008:   00000000144ee4c8 0000000000000000
0x000000000200f018:   00000000eea35d78 00000000ee710048
0x000000000200f028:   0002f8f4000000ef 0000000000000005
0x000000000200f038:   000000b20002f209 00000000eab09b48
0x000000000200f048:   0000001100000011 0000000000000000
0x000000000200f058:   00000000ee703430 00000000eea35d78
0x000000000200f068:   000000000200f068 000000000200f448
0x000000000200f078:   000000000282165c 00000000144ef4e0 

Instructions: (pc=0xffffffffa3115120)
0xffffffffa3115100:   
[error occurred during error reporting (printing registers, top of stack, instructions near pc), id 0xc0000005]

Register to memory mapping:

RAX=0x000000010008cae0 is pointing into metadata
RBX={method} {0x00000000143b7198} 'writeTo' '(Lcom/android/dx/util/AnnotatedOutput;)V' in 'com/android/dx/dex/code/FixedSizeInsn'
RCX=0x000000000002f96d is an unknown value
RDX=0x00000000eab09b48 is an oop
com.android.dx.dex.code.SimpleInsn 
 - klass: 'com/android/dx/dex/code/SimpleInsn'
RSP=0x000000000200ef88 is pointing into the stack for thread: 0x0000000002013800
RBP=0x000000000200f448 is pointing into the stack for thread: 0x0000000002013800
RSI=0x00000000eab09b48 is an oop
com.android.dx.dex.code.SimpleInsn 
 - klass: 'com/android/dx/dex/code/SimpleInsn'
RDI=0x000000010008cae0 is pointing into metadata
R8 =0x00000000eea35d78 is an oop
com.android.dx.util.ByteArrayAnnotatedOutput 
 - klass: 'com/android/dx/util/ByteArrayAnnotatedOutput'
R9 =0x000000000002f96e is an unknown value
R10=0x00000000000000ef is an unknown value
R11=0x00000000ee710060 is an oop
[Ljava.lang.Object; 
 - klass: 'java/lang/Object'[]
 - length: 239
R12=0x0000000000000000 is an unknown value
R13=0x0000000014516a38 is pointing into metadata
R14=0x000000000200ef38 is pointing into the stack for thread: 0x0000000002013800
R15=0x0000000002013800 is a thread


Stack: [0x0000000001f10000,0x0000000002010000],  sp=0x000000000200ef88,  free space=1019k
Native frames: (J=compiled Java code, j=interpreted, Vv=VM code, C=native code)
C  0xffffffffa3115120


---------------  P R O C E S S  ---------------

Java Threads: ( => current thread )
  0x0000000014808000 JavaThread "Service Thread" daemon [_thread_blocked, id=9888, stack(0x0000000016540000,0x0000000016640000)]
  0x0000000014801800 JavaThread "C1 CompilerThread2" daemon [_thread_blocked, id=11852, stack(0x0000000016040000,0x0000000016140000)]
  0x00000000147ff000 JavaThread "C2 CompilerThread1" daemon [_thread_in_native, id=5624, stack(0x0000000015f40000,0x0000000016040000)]
  0x000000001480e000 JavaThread "C2 CompilerThread0" daemon [_thread_blocked, id=12812, stack(0x0000000015e40000,0x0000000015f40000)]
  0x000000001480c800 JavaThread "Attach Listener" daemon [_thread_blocked, id=7628, stack(0x0000000015d40000,0x0000000015e40000)]
  0x000000001480b800 JavaThread "Signal Dispatcher" daemon [_thread_blocked, id=11728, stack(0x0000000015c40000,0x0000000015d40000)]
  0x000000000210a000 JavaThread "Finalizer" daemon [_thread_blocked, id=9196, stack(0x0000000015a50000,0x0000000015b50000)]
  0x0000000002100000 JavaThread "Reference Handler" daemon [_thread_blocked, id=9152, stack(0x0000000015950000,0x0000000015a50000)]
=>0x0000000002013800 JavaThread "main" [_thread_in_Java, id=3908, stack(0x0000000001f10000,0x0000000002010000)]

Other Threads:
  0x00000000147c6800 VMThread [stack: 0x0000000015850000,0x0000000015950000] [id=5288]
  0x0000000016193000 WatcherThread [stack: 0x0000000016640000,0x0000000016740000] [id=11864]

VM state:not at safepoint (normal execution)

VM Mutex/Monitor currently owned by a thread: None

Heap:
 PSYoungGen      total 71680K, used 70386K [0x00000000eab00000, 0x00000000ef600000, 0x0000000100000000)
  eden space 66560K, 98% used [0x00000000eab00000,0x00000000eeabd568,0x00000000eec00000)
  from space 5120K, 99% used [0x00000000ef100000,0x00000000ef5ff2b8,0x00000000ef600000)
  to   space 5120K, 0% used [0x00000000eec00000,0x00000000eec00000,0x00000000ef100000)
 ParOldGen       total 87552K, used 9379K [0x00000000c0000000, 0x00000000c5580000, 0x00000000eab00000)
  object space 87552K, 10% used [0x00000000c0000000,0x00000000c0928da0,0x00000000c5580000)
 Metaspace       used 6706K, capacity 7568K, committed 7936K, reserved 1056768K
  class space    used 615K, capacity 648K, committed 768K, reserved 1048576K

Card table byte_map: [0x00000000114d0000,0x00000000116e0000] byte_map_base: 0x0000000010ed0000

Marking Bits: (ParMarkBitMap*) 0x0000000076e5a5b0
 Begin Bits: [0x0000000011c40000, 0x0000000012c40000)
 End Bits:   [0x0000000012c40000, 0x0000000013c40000)

Polling page: 0x00000000006b0000

CodeCache: size=245760Kb used=9387Kb max_used=9399Kb free=236372Kb
 bounds [0x0000000002110000, 0x0000000002a50000, 0x0000000011110000]
 total_blobs=2616 nmethods=2347 adapters=183
 compilation: enabled

Compilation events (10 events):
Event: 3.874 Thread 0x0000000014801800 nmethod 2361 0x0000000002a3e250 code [0x0000000002a3e3e0, 0x0000000002a3e858]
Event: 3.878 Thread 0x0000000014801800 2362       3       com.android.dx.dex.code.form.Form21c::writeTo (34 bytes)
Event: 3.879 Thread 0x0000000014801800 nmethod 2362 0x0000000002a41010 code [0x0000000002a411e0, 0x0000000002a41a28]
Event: 3.879 Thread 0x0000000014801800 2363       3       com.android.dx.dex.code.FixedSizeInsn::writeTo (13 bytes)
Event: 3.879 Thread 0x0000000014801800 nmethod 2363 0x0000000002a40a50 code [0x0000000002a40bc0, 0x0000000002a40f08]
Event: 3.879 Thread 0x0000000014801800 2364       3       com.android.dx.dex.code.form.Form10x::writeTo (10 bytes)
Event: 3.880 Thread 0x0000000014801800 nmethod 2364 0x0000000002a41dd0 code [0x0000000002a41f60, 0x0000000002a421b8]
Event: 3.885 Thread 0x000000001480e000 nmethod 2287 0x0000000002a457d0 code [0x0000000002a45940, 0x0000000002a461d8]
Event: 3.885 Thread 0x000000001480e000 2279       4       com.android.dx.dex.file.ValueEncoder::constantToValueType (166 bytes)
Event: 3.887 Thread 0x000000001480e000 nmethod 2279 0x0000000002a42310 code [0x0000000002a424c0, 0x0000000002a42738]

GC Heap History (4 events):
Event: 1.379 GC heap before
{Heap before GC invocations=1 (full 0):
 PSYoungGen      total 38400K, used 33280K [0x00000000eab00000, 0x00000000ed580000, 0x0000000100000000)
  eden space 33280K, 100% used [0x00000000eab00000,0x00000000ecb80000,0x00000000ecb80000)
  from space 5120K, 0% used [0x00000000ed080000,0x00000000ed080000,0x00000000ed580000)
  to   space 5120K, 0% used [0x00000000ecb80000,0x00000000ecb80000,0x00000000ed080000)
 ParOldGen       total 87552K, used 0K [0x00000000c0000000, 0x00000000c5580000, 0x00000000eab00000)
  object space 87552K, 0% used [0x00000000c0000000,0x00000000c0000000,0x00000000c5580000)
 Metaspace       used 5755K, capacity 6960K, committed 7040K, reserved 1056768K
  class space    used 566K, capacity 616K, committed 640K, reserved 1048576K
Event: 1.415 GC heap after
Heap after GC invocations=1 (full 0):
 PSYoungGen      total 38400K, used 5119K [0x00000000eab00000, 0x00000000ef600000, 0x0000000100000000)
  eden space 33280K, 0% used [0x00000000eab00000,0x00000000eab00000,0x00000000ecb80000)
  from space 5120K, 99% used [0x00000000ecb80000,0x00000000ed07ff10,0x00000000ed080000)
  to   space 5120K, 0% used [0x00000000ef100000,0x00000000ef100000,0x00000000ef600000)
 ParOldGen       total 87552K, used 3466K [0x00000000c0000000, 0x00000000c5580000, 0x00000000eab00000)
  object space 87552K, 3% used [0x00000000c0000000,0x00000000c0362bd0,0x00000000c5580000)
 Metaspace       used 5755K, capacity 6960K, committed 7040K, reserved 1056768K
  class space    used 566K, capacity 616K, committed 640K, reserved 1048576K
}
Event: 2.276 GC heap before
{Heap before GC invocations=2 (full 0):
 PSYoungGen      total 38400K, used 38399K [0x00000000eab00000, 0x00000000ef600000, 0x0000000100000000)
  eden space 33280K, 100% used [0x00000000eab00000,0x00000000ecb80000,0x00000000ecb80000)
  from space 5120K, 99% used [0x00000000ecb80000,0x00000000ed07ff10,0x00000000ed080000)
  to   space 5120K, 0% used [0x00000000ef100000,0x00000000ef100000,0x00000000ef600000)
 ParOldGen       total 87552K, used 3466K [0x00000000c0000000, 0x00000000c5580000, 0x00000000eab00000)
  object space 87552K, 3% used [0x00000000c0000000,0x00000000c0362bd0,0x00000000c5580000)
 Metaspace       used 6002K, capacity 7152K, committed 7296K, reserved 1056768K
  class space    used 579K, capacity 616K, committed 640K, reserved 1048576K
Event: 2.362 GC heap after
Heap after GC invocations=2 (full 0):
 PSYoungGen      total 71680K, used 5116K [0x00000000eab00000, 0x00000000ef600000, 0x0000000100000000)
  eden space 66560K, 0% used [0x00000000eab00000,0x00000000eab00000,0x00000000eec00000)
  from space 5120K, 99% used [0x00000000ef100000,0x00000000ef5ff2b8,0x00000000ef600000)
  to   space 5120K, 0% used [0x00000000eec00000,0x00000000eec00000,0x00000000ef100000)
 ParOldGen       total 87552K, used 9379K [0x00000000c0000000, 0x00000000c5580000, 0x00000000eab00000)
  object space 87552K, 10% used [0x00000000c0000000,0x00000000c0928da0,0x00000000c5580000)
 Metaspace       used 6002K, capacity 7152K, committed 7296K, reserved 1056768K
  class space    used 579K, capacity 616K, committed 640K, reserved 1048576K
}

Deoptimization events (10 events):
Event: 3.337 Thread 0x0000000002013800 Uncommon trap: reason=unstable_if action=reinterpret pc=0x00000000028df2b0 method=java.util.HashMap.putVal(ILjava/lang/Object;Ljava/lang/Object;ZZ)Ljava/lang/Object; @ 94
Event: 3.346 Thread 0x0000000002013800 Uncommon trap: reason=unstable_if action=reinterpret pc=0x00000000028eb244 method=java.util.HashMap.putVal(ILjava/lang/Object;Ljava/lang/Object;ZZ)Ljava/lang/Object; @ 94
Event: 3.579 Thread 0x0000000002013800 Uncommon trap: reason=class_check action=maybe_recompile pc=0x0000000002597de0 method=java.util.Arrays.equals([Ljava/lang/Object;[Ljava/lang/Object;)Z @ 62
Event: 3.579 Thread 0x0000000002013800 Uncommon trap: reason=class_check action=maybe_recompile pc=0x0000000002597de0 method=java.util.Arrays.equals([Ljava/lang/Object;[Ljava/lang/Object;)Z @ 62
Event: 3.579 Thread 0x0000000002013800 Uncommon trap: reason=class_check action=maybe_recompile pc=0x0000000002597de0 method=java.util.Arrays.equals([Ljava/lang/Object;[Ljava/lang/Object;)Z @ 62
Event: 3.579 Thread 0x0000000002013800 Uncommon trap: reason=class_check action=maybe_recompile pc=0x0000000002597de0 method=java.util.Arrays.equals([Ljava/lang/Object;[Ljava/lang/Object;)Z @ 62
Event: 3.648 Thread 0x0000000002013800 Uncommon trap: reason=unstable_if action=reinterpret pc=0x0000000002953400 method=com.android.dx.dex.code.OutputFinisher.findOpcodeForInsn(Lcom/android/dx/dex/code/DalvInsn;Lcom/android/dx/dex/code/Dop;)Lcom/android/dx/dex/code/Dop; @ 1
Event: 3.680 Thread 0x0000000002013800 Uncommon trap: reason=unstable_if action=reinterpret pc=0x00000000029537d8 method=java.util.ArrayList.<init>(I)V @ 5
Event: 3.744 Thread 0x0000000002013800 Uncommon trap: reason=unstable_if action=reinterpret pc=0x00000000029a5568 method=com.android.dx.util.ByteArrayAnnotatedOutput.ensureCapacity(I)V @ 6
Event: 3.745 Thread 0x0000000002013800 Uncommon trap: reason=unstable_if action=reinterpret pc=0x00000000026cc29c method=com.android.dx.util.ByteArrayAnnotatedOutput.ensureCapacity(I)V @ 6

Internal exceptions (3 events):
Event: 0.041 Thread 0x0000000002013800 Exception <a 'java/lang/NoSuchMethodError': Method sun.misc.Unsafe.defineClass(Ljava/lang/String;[BII)Ljava/lang/Class; name or signature does not match> (0x00000000eab12f70) thrown at [C:\re\workspace\8-2-build-windows-amd64-cygwin\jdk8u60\4407\hotspot\srÒ_Xá>¥?
Event: 0.041 Thread 0x0000000002013800 Exception <a 'java/lang/NoSuchMethodError': Method sun.misc.Unsafe.prefetchRead(Ljava/lang/Object;J)V name or signature does not match> (0x00000000eab13258) thrown at [C:\re\workspace\8-2-build-windows-amd64-cygwin\jdk8u60\4407\hotspot\src\share\vm\prims\j9BöV¨—ý?
Event: 1.850 Thread 0x000000001638f000 Implicit null exception at 0x000000000264c2a2 to 0x000000000264c341

Events (10 events):
Event: 3.744 Thread 0x0000000002013800 Uncommon trap: trap_request=0xffffff65 fr.pc=0x00000000029a5568
Event: 3.744 Thread 0x0000000002013800 DEOPT PACKING pc=0x00000000029a5568 sp=0x000000000200f160
Event: 3.744 Thread 0x0000000002013800 DEOPT UNPACKING pc=0x000000000215556a sp=0x000000000200f0a8 mode 2
Event: 3.745 Thread 0x0000000002013800 Uncommon trap: trap_request=0xffffff65 fr.pc=0x00000000026cc29c
Event: 3.745 Thread 0x0000000002013800 DEOPT PACKING pc=0x00000000026cc29c sp=0x000000000200f130
Event: 3.745 Thread 0x0000000002013800 DEOPT UNPACKING pc=0x000000000215556a sp=0x000000000200f0c8 mode 2
Event: 3.775 loading class com/android/dx/dex/file/MapItem
Event: 3.775 loading class com/android/dx/dex/file/MapItem done
Event: 3.785 loading class com/android/dex/DexFormat
Event: 3.785 loading class com/android/dex/DexFormat done


Dynamic libraries:
0x00007ff6ebee0000 - 0x00007ff6ebf17000 	E:\Java\jdk1.8.0_60\bin\java.exe
0x00007ff86a1e0000 - 0x00007ff86a38c000 	C:\WINDOWS\SYSTEM32\ntdll.dll
0x00007ff867860000 - 0x00007ff86799e000 	C:\WINDOWS\system32\KERNEL32.DLL
0x00007ff8675e0000 - 0x00007ff8676f5000 	C:\WINDOWS\system32\KERNELBASE.dll
0x00007ff8658e0000 - 0x00007ff86596e000 	C:\WINDOWS\system32\apphelp.dll
0x00007ff84d9a0000 - 0x00007ff84d9f3000 	C:\WINDOWS\AppPatch\AppPatch64\AcGenral.DLL
0x00007ff8696a0000 - 0x00007ff86974a000 	C:\WINDOWS\system32\msvcrt.dll
0x00007ff867100000 - 0x00007ff86712e000 	C:\WINDOWS\SYSTEM32\SspiCli.dll
0x00007ff869750000 - 0x00007ff8697a4000 	C:\WINDOWS\system32\SHLWAPI.dll
0x00007ff869500000 - 0x00007ff869677000 	C:\WINDOWS\system32\USER32.dll
0x00007ff867d10000 - 0x00007ff867ea4000 	C:\WINDOWS\system32\ole32.dll
0x00007ff867f60000 - 0x00007ff86948b000 	C:\WINDOWS\system32\SHELL32.dll
0x00007ff8668d0000 - 0x00007ff8668f1000 	C:\WINDOWS\SYSTEM32\USERENV.dll
0x00007ff867eb0000 - 0x00007ff867f5a000 	C:\WINDOWS\system32\ADVAPI32.dll
0x00007ff85eb70000 - 0x00007ff85eb8e000 	C:\WINDOWS\SYSTEM32\MPR.dll
0x00007ff869ba0000 - 0x00007ff869ce1000 	C:\WINDOWS\system32\RPCRT4.dll
0x00007ff869cf0000 - 0x00007ff869d49000 	C:\WINDOWS\SYSTEM32\sechost.dll
0x00007ff8679a0000 - 0x00007ff867bb1000 	C:\WINDOWS\SYSTEM32\combase.dll
0x00007ff867bc0000 - 0x00007ff867d0f000 	C:\WINDOWS\system32\GDI32.dll
0x00007ff867330000 - 0x00007ff867345000 	C:\WINDOWS\SYSTEM32\profapi.dll
0x00007ff865e80000 - 0x00007ff865f32000 	C:\WINDOWS\SYSTEM32\SHCORE.dll
0x00007ff869d50000 - 0x00007ff869d86000 	C:\WINDOWS\system32\IMM32.DLL
0x00007ff86a070000 - 0x00007ff86a1c2000 	C:\WINDOWS\system32\MSCTF.dll
0x00007ff8646a0000 - 0x00007ff86491b000 	C:\WINDOWS\WinSxS\amd64_microsoft.windows.common-controls_6595b64144ccf1df_6.0.9600.18006_none_623f33d3ecbe86e8\COMCTL32.dll
0x0000000076090000 - 0x0000000076162000 	E:\Java\jdk1.8.0_60\jre\bin\msvcr100.dll
0x0000000076650000 - 0x0000000076ed9000 	E:\Java\jdk1.8.0_60\jre\bin\server\jvm.dll
0x00007ff865840000 - 0x00007ff865849000 	C:\WINDOWS\SYSTEM32\WSOCK32.dll
0x00007ff865800000 - 0x00007ff865822000 	C:\WINDOWS\SYSTEM32\WINMM.dll
0x00007ff865830000 - 0x00007ff86583a000 	C:\WINDOWS\SYSTEM32\VERSION.dll
0x00007ff869490000 - 0x00007ff869497000 	C:\WINDOWS\system32\PSAPI.DLL
0x00007ff8694a0000 - 0x00007ff8694fa000 	C:\WINDOWS\system32\WS2_32.dll
0x00007ff863480000 - 0x00007ff8634aa000 	C:\WINDOWS\SYSTEM32\WINMMBASE.dll
0x00007ff86a1d0000 - 0x00007ff86a1d9000 	C:\WINDOWS\system32\NSI.dll
0x00007ff867760000 - 0x00007ff8677af000 	C:\WINDOWS\SYSTEM32\cfgmgr32.dll
0x00007ff866120000 - 0x00007ff866148000 	C:\WINDOWS\SYSTEM32\DEVOBJ.dll
0x0000000050010000 - 0x000000005001f000 	E:\Java\jdk1.8.0_60\jre\bin\verify.dll
0x0000000076620000 - 0x0000000076649000 	E:\Java\jdk1.8.0_60\jre\bin\java.dll
0x0000000076600000 - 0x0000000076616000 	E:\Java\jdk1.8.0_60\jre\bin\zip.dll
0x00007ff863a70000 - 0x00007ff863bf9000 	C:\WINDOWS\SYSTEM32\dbghelp.dll

VM Arguments:
jvm_args: -Xmx1024M -Dfile.encoding=windows-1251 -Duser.country=RU -Duser.language=ru -Duser.variant 
java_command: com.android.dx.command.Main --dex --num-threads=4 --output E:\Android\AndroidStudioProjects\LoftblogMoneyTracker\app\build\intermediates\dex\debug E:\Android\AndroidStudioProjects\LoftblogMoneyTracker\app\build\intermediates\classes\debug E:\Android\AndroidStudioProjects\LoftblogMoneyTracker\app\build\intermediates\pre-dexed\debug\support-annotations-23.0.1-e6941ffc9cbf1270b1623cf686ba7082dcc4df08.jar E:\Android\AndroidStudioProjects\LoftblogMoneyTracker\app\build\intermediates\pre-dexed\debug\classes-8feaabbfb5bdbff71ed9eb50acb4a8fe317bd8e4.jar E:\Android\AndroidStudioProjects\LoftblogMoneyTracker\app\build\intermediates\pre-dexed\debug\classes-8c1319393e271eff68e10a9dcae07a2783f674be.jar E:\Android\AndroidStudioProjects\LoftblogMoneyTracker\app\build\intermediates\pre-dexed\debug\internal_impl-22.2.0-0e6d9ecdf28e1d5717a3b05e5efcbaa26aefd913.jar E:\Android\AndroidStudioProjects\LoftblogMoneyTracker\app\build\intermediates\pre-dexed\debug\classes-96a27b206b99b387079686bb2c6db4d651bf67b0.jar E:\Android\AndroidStudioProjects\LoftblogMoneyTracker\app\build\intermediates\pre-dexed\debug\classes-b570df61e751229d205547820db2b138f3d2f62b.jar E:\Android\AndroidStudioProjects\LoftblogMoneyTracker\app\build\intermediates\pre-dexed\debug\classes-52b7275268a9e54f348a2faeff70a90613f238e9.jar E:\Android\AndroidStudioProjects\LoftblogMoneyTracker\app\build\intermediates\pre-dexed\debug\classes-472fb590b2ae42e351cdbbab4f5c927f6cbdb130.jar E:\Android\AndroidStudioProjects\LoftblogMoneyTracker\app\build\intermediates\pre-dexed\debug\classes-352d93e2966ff5ab712c233f0fb1f206edd2d56d.jar E:\Android\AndroidStudioProjects\LoftblogMoneyTracker\app\build\intermediates\pre-dexed\debug\classes-de409459780203812a068d576aa5d4d22ec493da.jar E:\Android\AndroidStudioProjects\LoftblogMoneyTracker\app\build\intermediates\pre-dexed\debug\classes-929da88a3328213b151763d457f179989be7055b.jar E:\Android\AndroidStudioProjects\LoftblogMoneyTracker\app\build\intermediates\pre-dexed\debug\ac
java_class_path (initial): E:\Android\sdk\build-tools\23.0.0\lib\dx.jar
Launcher Type: SUN_STANDARD

Environment Variables:
PATH=C:\ProgramData\Oracle\Java\javapath;C:\WINDOWS\system32;C:\WINDOWS;C:\WINDOWS\System32\Wbem;C:\WINDOWS\System32\WindowsPowerShell\v1.0\;C:\Program Files (x86)\Common Files\Acronis\SnapAPI\;C:\Program Files (x86)\Common Files\Autodesk Shared\;C:\Program Files\Microsoft\Web Platform Installer\;C:\Program Files (x86)\Microsoft ASP.NET\ASP.NET Web Pages\v1.0\;C:\Program Files\Microsoft SQL Server\110\Tools\Binn\;C:\Program Files\Common Files\Autodesk Shared\;C:\Program Files (x86)\NVIDIA Corporation\PhysX\Common;C:\Program Files (x86)\Skype\Phone\
USERNAME=Àëåêñàíäð
OS=Windows_NT
PROCESSOR_IDENTIFIER=Intel64 Family 6 Model 15 Stepping 11, GenuineIntel



---------------  S Y S T E M  ---------------

OS: Windows 8.1 , 64 bit Build 9600 (6.3.9600.17415)

CPU:total 4 (4 cores per cpu, 1 threads per core) family 6 model 15 stepping 11, cmov, cx8, fxsr, mmx, sse, sse2, sse3, ssse3, tsc

Memory: 4k page, physical 8387492k(1609908k free), swap 16776356k(2968716k free)

vm_info: Java HotSpot(TM) 64-Bit Server VM (25.60-b23) for windows-amd64 JRE (1.8.0_60-b27), built on Aug  4 2015 11:06:27 by "java_re" with MS VC++ 10.0 (VS2010)

time: Thu Nov 05 22:16:49 2015
elapsed time: 4 seconds (0d 0h 0m 4s)

