#
# A fatal error has been detected by the Java Runtime Environment:
#
#  EXCEPTION_ACCESS_VIOLATION (0xc0000005) at pc=0xffffffffa3b05120, pid=5244, tid=1388
#
# JRE version: Java(TM) SE Runtime Environment (8.0_60-b27) (build 1.8.0_60-b27)
# Java VM: Java HotSpot(TM) 64-Bit Server VM (25.60-b23 mixed mode windows-amd64 compressed oops)
# Problematic frame:
# C  0xffffffffa3b05120
#
# Failed to write core dump. Minidumps are not enabled by default on client versions of Windows
#
# If you would like to submit a bug report, please visit:
#   http://bugreport.java.com/bugreport/crash.jsp
#

---------------  T H R E A D  ---------------

Current thread (0x0000000016d87800):  JavaThread "pool-1-thread-3" [_thread_in_Java, id=1388, stack(0x0000000017400000,0x0000000017500000)]

siginfo: ExceptionCode=0xc0000005, ExceptionInformation=0x0000000000000008 0xffffffffa3b05120

Registers:
RAX=0x0000000100081bc8, RBX=0x00000001000855b8, RCX=0x0000000000000000, RDX=0x00000000eb907e40
RSP=0x00000000174fe628, RBP=0x00000000174fe938, RSI=0x0000000100081bc8, RDI=0x0000000014deeab0
R8 =0x00000000eb907e40, R9 =0x00000000eb907e78, R10=0x0000000100081bc8, R11=0x0000000000000001
R12=0x0000000000000000, R13=0x00000000174fe8e8, R14=0x00000000174fe960, R15=0x0000000016d87800
RIP=0xffffffffa3b05120, EFLAGS=0x0000000000010246

Top of Stack: (sp=0x00000000174fe628)
0x00000000174fe628:   0000000002de2a9c 0000000000000000
0x00000000174fe638:   0000000016d87800 0000000020010bcc
0x00000000174fe648:   0000000000000000 00000000174fe738
0x00000000174fe658:   0000000057b2b4c5 00000000174fe701
0x00000000174fe668:   0000000002de8ffc 0000000014d4d610
0x00000000174fe678:   0000000002c14019 00000000174fe7d0
0x00000000174fe688:   0000000014d4a1d0 00000000eb910040
0x00000000174fe698:   0000000000000000 0000000000000005
0x00000000174fe6a8:   0000000000000000 00000000174fe7a0
0x00000000174fe6b8:   00000000eb907e40 00000000eb910098
0x00000000174fe6c8:   00000000174fe730 0000000000000000
0x00000000174fe6d8:   00000000174fe6d8 00000000174fe940
0x00000000174fe6e8:   0000000002de8ffc 0000000014d507d8
0x00000000174fe6f8:   0000000000000000 0000000014d4ffa0
0x00000000174fe708:   0000000000000000 00000000174fe728
0x00000000174fe718:   00000000174fe778 0000000002b07a72 

Instructions: (pc=0xffffffffa3b05120)
0xffffffffa3b05100:   
[error occurred during error reporting (printing registers, top of stack, instructions near pc), id 0xc0000005]

Register to memory mapping:

RAX=0x0000000100081bc8 is pointing into metadata
RBX=0x00000001000855b8 is pointing into metadata
RCX=0x0000000000000000 is an unknown value
RDX=0x00000000eb907e40 is an oop
com.android.dx.ssa.NormalSsaInsn 
 - klass: 'com/android/dx/ssa/NormalSsaInsn'
RSP=0x00000000174fe628 is pointing into the stack for thread: 0x0000000016d87800
RBP=0x00000000174fe938 is pointing into the stack for thread: 0x0000000016d87800
RSI=0x0000000100081bc8 is pointing into metadata
RDI=0x0000000014deeab0 is pointing into metadata
R8 =0x00000000eb907e40 is an oop
com.android.dx.ssa.NormalSsaInsn 
 - klass: 'com/android/dx/ssa/NormalSsaInsn'
R9 =0x00000000eb907e78 is an oop
[Ljava.lang.Object; 
 - klass: 'java/lang/Object'[]
 - length: 10
R10=0x0000000100081bc8 is pointing into metadata
R11=0x0000000000000001 is an unknown value
R12=0x0000000000000000 is an unknown value
R13=0x00000000174fe8e8 is pointing into the stack for thread: 0x0000000016d87800
R14=0x00000000174fe960 is pointing into the stack for thread: 0x0000000016d87800
R15=0x0000000016d87800 is a thread


Stack: [0x0000000017400000,0x0000000017500000],  sp=0x00000000174fe628,  free space=1017k
Native frames: (J=compiled Java code, j=interpreted, Vv=VM code, C=native code)
C  0xffffffffa3b05120


---------------  P R O C E S S  ---------------

Java Threads: ( => current thread )
  0x0000000016d91000 JavaThread "pool-1-thread-4" [_thread_in_Java, id=11312, stack(0x0000000017500000,0x0000000017600000)]
=>0x0000000016d87800 JavaThread "pool-1-thread-3" [_thread_in_Java, id=1388, stack(0x0000000017400000,0x0000000017500000)]
  0x0000000016d7c000 JavaThread "pool-1-thread-2" [_thread_in_Java, id=13208, stack(0x0000000017300000,0x0000000017400000)]
  0x0000000016d74800 JavaThread "pool-2-thread-1" [_thread_blocked, id=3644, stack(0x0000000017200000,0x0000000017300000)]
  0x0000000016d73800 JavaThread "pool-1-thread-1" [_thread_in_Java, id=8424, stack(0x0000000017100000,0x0000000017200000)]
  0x0000000016b05000 JavaThread "Service Thread" daemon [_thread_blocked, id=12440, stack(0x0000000016f00000,0x0000000017000000)]
  0x000000001522e000 JavaThread "C1 CompilerThread2" daemon [_thread_in_native, id=7492, stack(0x0000000016a00000,0x0000000016b00000)]
  0x0000000015228000 JavaThread "C2 CompilerThread1" daemon [_thread_blocked, id=11800, stack(0x0000000016900000,0x0000000016a00000)]
  0x00000000151ce800 JavaThread "C2 CompilerThread0" daemon [_thread_blocked, id=13016, stack(0x0000000016800000,0x0000000016900000)]
  0x00000000151cd000 JavaThread "Attach Listener" daemon [_thread_blocked, id=11032, stack(0x0000000016700000,0x0000000016800000)]
  0x00000000151cc000 JavaThread "Signal Dispatcher" daemon [_thread_blocked, id=10232, stack(0x0000000016600000,0x0000000016700000)]
  0x0000000002a36000 JavaThread "Finalizer" daemon [_thread_blocked, id=10384, stack(0x0000000016420000,0x0000000016520000)]
  0x0000000002a2c000 JavaThread "Reference Handler" daemon [_thread_blocked, id=10204, stack(0x0000000016320000,0x0000000016420000)]
  0x0000000002940800 JavaThread "main" [_thread_in_Java, id=10976, stack(0x00000000027b0000,0x00000000028b0000)]

Other Threads:
  0x0000000015196000 VMThread [stack: 0x0000000016220000,0x0000000016320000] [id=3908]
  0x0000000016b12000 WatcherThread [stack: 0x0000000017000000,0x0000000017100000] [id=11816]

VM state:not at safepoint (normal execution)

VM Mutex/Monitor currently owned by a thread: None

Heap:
 PSYoungGen      total 38400K, used 14919K [0x00000000eab00000, 0x00000000ed580000, 0x0000000100000000)
  eden space 33280K, 44% used [0x00000000eab00000,0x00000000eb991f68,0x00000000ecb80000)
  from space 5120K, 0% used [0x00000000ed080000,0x00000000ed080000,0x00000000ed580000)
  to   space 5120K, 0% used [0x00000000ecb80000,0x00000000ecb80000,0x00000000ed080000)
 ParOldGen       total 87552K, used 0K [0x00000000c0000000, 0x00000000c5580000, 0x00000000eab00000)
  object space 87552K, 0% used [0x00000000c0000000,0x00000000c0000000,0x00000000c5580000)
 Metaspace       used 5609K, capacity 6704K, committed 6784K, reserved 1056768K
  class space    used 583K, capacity 616K, committed 640K, reserved 1048576K

Card table byte_map: [0x0000000011ec0000,0x00000000120d0000] byte_map_base: 0x00000000118c0000

Marking Bits: (ParMarkBitMap*) 0x000000005827a5b0
 Begin Bits: [0x0000000012630000, 0x0000000013630000)
 End Bits:   [0x0000000013630000, 0x0000000014630000)

Polling page: 0x00000000028b0000

CodeCache: size=245760Kb used=3199Kb max_used=3216Kb free=242560Kb
 bounds [0x0000000002b00000, 0x0000000002e30000, 0x0000000011b00000]
 total_blobs=1023 nmethods=756 adapters=182
 compilation: enabled

Compilation events (10 events):
Event: 2.054 Thread 0x00000000151ce800  735       4       com.android.dx.ssa.SsaBasicBlock::isReachable (29 bytes)
Event: 2.055 Thread 0x00000000151ce800 nmethod 735 0x0000000002e06210 code [0x0000000002e06340, 0x0000000002e063d8]
Event: 2.056 Thread 0x00000000151ce800  738       4       com.android.dx.util.Bits::set (38 bytes)
Event: 2.057 Thread 0x00000000151ce800 nmethod 738 0x0000000002e04a50 code [0x0000000002e04b80, 0x0000000002e04c38]
Event: 2.057 Thread 0x00000000151ce800  742       4       com.android.dx.ssa.NormalSsaInsn::getOpcode (8 bytes)
Event: 2.058 Thread 0x000000001522e000 nmethod 729 0x0000000002e07c10 code [0x0000000002e08480, 0x0000000002e0cbd8]
Event: 2.058 Thread 0x000000001522e000  736       1       com.android.dx.rop.cst.CstInteger::getType (4 bytes)
Event: 2.058 Thread 0x00000000151ce800 nmethod 742 0x0000000002e04810 code [0x0000000002e04940, 0x0000000002e049b8]
Event: 2.058 Thread 0x000000001522e000 nmethod 736 0x0000000002e04550 code [0x0000000002e046a0, 0x0000000002e047b0]
Event: 2.058 Thread 0x000000001522e000  740       3       com.android.dx.ssa.back.LivenessAnalyzer::run (231 bytes)

GC Heap History (0 events):
No events

Deoptimization events (0 events):
No events

Internal exceptions (2 events):
Event: 0.074 Thread 0x0000000002940800 Exception <a 'java/lang/NoSuchMethodError': Method sun.misc.Unsafe.defineClass(Ljava/lang/String;[BII)Ljava/lang/Class; name or signature does not match> (0x00000000eab130a8) thrown at [C:\re\workspace\8-2-build-windows-amd64-cygwin\jdk8u60\4407\hotspot\srç±ÙB‹≤?
Event: 0.074 Thread 0x0000000002940800 Exception <a 'java/lang/NoSuchMethodError': Method sun.misc.Unsafe.prefetchRead(Ljava/lang/Object;J)V name or signature does not match> (0x00000000eab13390) thrown at [C:\re\workspace\8-2-build-windows-amd64-cygwin\jdk8u60\4407\hotspot\src\share\vm\prims\j

Events (10 events):
Event: 1.498 loading class com/android/dx/cf/code/SwitchList
Event: 1.498 loading class com/android/dx/cf/code/SwitchList done
Event: 1.568 loading class java/util/TreeMap$EntrySet
Event: 1.569 loading class java/util/TreeMap$EntrySet done
Event: 1.569 loading class java/util/TreeMap$EntryIterator
Event: 1.569 loading class java/util/TreeMap$EntryIterator done
Event: 1.573 loading class java/util/DualPivotQuicksort
Event: 1.574 loading class java/util/DualPivotQuicksort done
Event: 1.892 loading class com/android/dx/dex/file/MethodAnnotationStruct
Event: 1.892 loading class com/android/dx/dex/file/MethodAnnotationStruct done


Dynamic libraries:
0x00007ff7626c0000 - 0x00007ff7626f7000 	E:\Java\jdk1.8.0_60\bin\java.exe
0x00007ffc079f0000 - 0x00007ffc07b9c000 	C:\WINDOWS\SYSTEM32\ntdll.dll
0x00007ffc05d30000 - 0x00007ffc05e6e000 	C:\WINDOWS\system32\KERNEL32.DLL
0x00007ffc04c20000 - 0x00007ffc04d35000 	C:\WINDOWS\system32\KERNELBASE.dll
0x00007ffc036d0000 - 0x00007ffc0375e000 	C:\WINDOWS\system32\apphelp.dll
0x00007ffbfab10000 - 0x00007ffbfab63000 	C:\WINDOWS\AppPatch\AppPatch64\AcGenral.DLL
0x00007ffc05750000 - 0x00007ffc057fa000 	C:\WINDOWS\system32\msvcrt.dll
0x00007ffc04920000 - 0x00007ffc0494e000 	C:\WINDOWS\SYSTEM32\SspiCli.dll
0x00007ffc05530000 - 0x00007ffc05584000 	C:\WINDOWS\system32\SHLWAPI.dll
0x00007ffc05140000 - 0x00007ffc052b7000 	C:\WINDOWS\system32\USER32.dll
0x00007ffc05e90000 - 0x00007ffc06024000 	C:\WINDOWS\system32\ole32.dll
0x00007ffc063a0000 - 0x00007ffc078b9000 	C:\WINDOWS\system32\SHELL32.dll
0x00007ffc040f0000 - 0x00007ffc04111000 	C:\WINDOWS\SYSTEM32\USERENV.dll
0x00007ffc05420000 - 0x00007ffc054ca000 	C:\WINDOWS\system32\ADVAPI32.dll
0x00007ffbf7830000 - 0x00007ffbf784e000 	C:\WINDOWS\SYSTEM32\MPR.dll
0x00007ffc05600000 - 0x00007ffc05741000 	C:\WINDOWS\system32\RPCRT4.dll
0x00007ffc054d0000 - 0x00007ffc05529000 	C:\WINDOWS\SYSTEM32\sechost.dll
0x00007ffc06030000 - 0x00007ffc06241000 	C:\WINDOWS\SYSTEM32\combase.dll
0x00007ffc05b90000 - 0x00007ffc05cdf000 	C:\WINDOWS\system32\GDI32.dll
0x00007ffc04b50000 - 0x00007ffc04b65000 	C:\WINDOWS\SYSTEM32\profapi.dll
0x00007ffc03610000 - 0x00007ffc036c2000 	C:\WINDOWS\SYSTEM32\SHCORE.dll
0x00007ffc05cf0000 - 0x00007ffc05d26000 	C:\WINDOWS\system32\IMM32.DLL
0x00007ffc052c0000 - 0x00007ffc05412000 	C:\WINDOWS\system32\MSCTF.dll
0x00007ffc02a60000 - 0x00007ffc02cda000 	C:\WINDOWS\WinSxS\amd64_microsoft.windows.common-controls_6595b64144ccf1df_6.0.9600.17810_none_6240b9c7ecbd0bda\COMCTL32.dll
0x00000000575f0000 - 0x00000000576c2000 	E:\Java\jdk1.8.0_60\jre\bin\msvcr100.dll
0x0000000057a70000 - 0x00000000582f9000 	E:\Java\jdk1.8.0_60\jre\bin\server\jvm.dll
0x00007ffbfafb0000 - 0x00007ffbfafb9000 	C:\WINDOWS\SYSTEM32\WSOCK32.dll
0x00007ffc03090000 - 0x00007ffc030b2000 	C:\WINDOWS\SYSTEM32\WINMM.dll
0x00007ffc030c0000 - 0x00007ffc030ca000 	C:\WINDOWS\SYSTEM32\VERSION.dll
0x00007ffc062c0000 - 0x00007ffc062c7000 	C:\WINDOWS\system32\PSAPI.DLL
0x00007ffc06260000 - 0x00007ffc062ba000 	C:\WINDOWS\system32\WS2_32.dll
0x00007ffc02ea0000 - 0x00007ffc02eca000 	C:\WINDOWS\SYSTEM32\WINMMBASE.dll
0x00007ffc05ce0000 - 0x00007ffc05ce9000 	C:\WINDOWS\system32\NSI.dll
0x00007ffc05030000 - 0x00007ffc0507f000 	C:\WINDOWS\SYSTEM32\cfgmgr32.dll
0x00007ffc03960000 - 0x00007ffc03988000 	C:\WINDOWS\SYSTEM32\DEVOBJ.dll
0x0000000057a60000 - 0x0000000057a6f000 	E:\Java\jdk1.8.0_60\jre\bin\verify.dll
0x0000000057a30000 - 0x0000000057a59000 	E:\Java\jdk1.8.0_60\jre\bin\java.dll
0x0000000057a10000 - 0x0000000057a26000 	E:\Java\jdk1.8.0_60\jre\bin\zip.dll
0x00007ffbfee80000 - 0x00007ffbff009000 	C:\WINDOWS\SYSTEM32\dbghelp.dll

VM Arguments:
jvm_args: -Xmx1024M -Dfile.encoding=windows-1251 -Duser.country=RU -Duser.language=ru -Duser.variant 
java_command: com.android.dx.command.Main --dex --num-threads=4 --output E:\Android\AndroidStudioProjects\LoftblogMoneyTracker\app\build\intermediates\pre-dexed\debug\classes-f281365ae56d0e599f57ca24b7fcfd34f43dc62e.jar E:\Android\AndroidStudioProjects\LoftblogMoneyTracker\app\build\intermediates\exploded-aar\com.google.android.gms\play-services-wearable\7.8.0\jars\classes.jar
java_class_path (initial): E:\Android\sdk\build-tools\23.0.1\lib\dx.jar
Launcher Type: SUN_STANDARD

Environment Variables:
PATH=C:\ProgramData\Oracle\Java\javapath;C:\WINDOWS\system32;C:\WINDOWS;C:\WINDOWS\System32\Wbem;C:\WINDOWS\System32\WindowsPowerShell\v1.0\;C:\Program Files (x86)\Common Files\Acronis\SnapAPI\;C:\Program Files (x86)\Common Files\Autodesk Shared\;C:\Program Files\Microsoft\Web Platform Installer\;C:\Program Files (x86)\Microsoft ASP.NET\ASP.NET Web Pages\v1.0\;C:\Program Files\Microsoft SQL Server\110\Tools\Binn\;C:\Program Files\Common Files\Autodesk Shared\;C:\Program Files (x86)\NVIDIA Corporation\PhysX\Common;C:\Program Files (x86)\Skype\Phone\;C:\Program Files (x86)\Common Files\Acronis\TibMounter64
USERNAME=¿ÎÂÍÒ‡Ì‰
OS=Windows_NT
PROCESSOR_IDENTIFIER=Intel64 Family 6 Model 15 Stepping 11, GenuineIntel



---------------  S Y S T E M  ---------------

OS: Windows 8.1 , 64 bit Build 9600 (6.3.9600.17415)

CPU:total 4 (4 cores per cpu, 1 threads per core) family 6 model 15 stepping 11, cmov, cx8, fxsr, mmx, sse, sse2, sse3, ssse3, tsc

Memory: 4k page, physical 8387492k(3120656k free), swap 16996044k(3992092k free)

vm_info: Java HotSpot(TM) 64-Bit Server VM (25.60-b23) for windows-amd64 JRE (1.8.0_60-b27), built on Aug  4 2015 11:06:27 by "java_re" with MS VC++ 10.0 (VS2010)

time: Wed Oct 07 23:31:24 2015
elapsed time: 2 seconds (0d 0h 0m 2s)

