#
# A fatal error has been detected by the Java Runtime Environment:
#
#  EXCEPTION_ACCESS_VIOLATION (0xc0000005) at pc=0xffffffffa3995120, pid=5048, tid=4076
#
# JRE version: Java(TM) SE Runtime Environment (8.0_60-b27) (build 1.8.0_60-b27)
# Java VM: Java HotSpot(TM) 64-Bit Server VM (25.60-b23 mixed mode windows-amd64 compressed oops)
# Problematic frame:
# C  0xffffffffa3995120
#
# Failed to write core dump. Minidumps are not enabled by default on client versions of Windows
#
# If you would like to submit a bug report, please visit:
#   http://bugreport.java.com/bugreport/crash.jsp
#

---------------  T H R E A D  ---------------

Current thread (0x0000000002893800):  JavaThread "main" [_thread_in_Java, id=4076, stack(0x0000000002790000,0x0000000002890000)]

siginfo: ExceptionCode=0xc0000005, ExceptionInformation=0x0000000000000008 0xffffffffa3995120

Registers:
RAX=0x0000000000000118, RBX=0x0000000014ddd460, RCX=0x0000000000000000, RDX=0x000000000000001c
RSP=0x000000000288e7a8, RBP=0x000000000288e970, RSI=0x00000000ed29b200, RDI=0x0000000000000212
R8 =0x00000000ed28f4b8, R9 =0x000000000000001c, R10=0x0000000058262140, R11=0x0000000000001293
R12=0x0000000000000000, R13=0x0000000014dde7d8, R14=0x0000000000000000, R15=0x0000000002893800
RIP=0xffffffffa3995120, EFLAGS=0x0000000000010206

Top of Stack: (sp=0x000000000288e7a8)
0x000000000288e7a8:   0000000003299ddc 00000000ed29b300
0x000000000288e7b8:   0000000000000000 0000000014ddc8f8
0x000000000288e7c8:   0000000014de7af8 0000000014dd27f8
0x000000000288e7d8:   00000000ed3db578 00000000ed28f4b8
0x000000000288e7e8:   000002120000001c 00000000ed29b200
0x000000000288e7f8:   0000000000000000 0000000000000000
0x000000000288e808:   0000000000000002 0000000000000000
0x000000000288e818:   0000000014dd4348 000000000288e970
0x000000000288e828:   00000000032b5abc 0000000000000000
0x000000000288e838:   00000000ed3db4b0 00000000ed28f8d8
0x000000000288e848:   00000000ed3db478 000000000288e920
0x000000000288e858:   00000000ed3db4e0 00000000ed28f0f0
0x000000000288e868:   000000000000000e 0000000000000000
0x000000000288e878:   0000000000000000 0000000002997a2d
0x000000000288e888:   0000000000000002 0000000000000003
0x000000000288e898:   0000000000000000 000000000288ebc8 

Instructions: (pc=0xffffffffa3995120)
0xffffffffa3995100:   
[error occurred during error reporting (printing registers, top of stack, instructions near pc), id 0xc0000005]

Register to memory mapping:

RAX=0x0000000000000118 is an unknown value
RBX=0x0000000014ddd460 is pointing into metadata
RCX=0x0000000000000000 is an unknown value
RDX=0x000000000000001c is an unknown value
RSP=0x000000000288e7a8 is pointing into the stack for thread: 0x0000000002893800
RBP=0x000000000288e970 is pointing into the stack for thread: 0x0000000002893800
RSI=0x00000000ed29b200 is an oop
com.android.dx.io.IndexType 
 - klass: 'com/android/dx/io/IndexType'
RDI=0x0000000000000212 is an unknown value
R8 =0x00000000ed28f4b8 is an oop
com.android.dx.io.instructions.InstructionCodec$13 
 - klass: 'com/android/dx/io/instructions/InstructionCodec$13'
R9 =0x000000000000001c is an unknown value
R10=0x0000000058262140 is an unknown value
R11=0x0000000000001293 is an unknown value
R12=0x0000000000000000 is an unknown value
R13=0x0000000014dde7d8 is pointing into metadata
R14=0x0000000000000000 is an unknown value
R15=0x0000000002893800 is a thread


Stack: [0x0000000002790000,0x0000000002890000],  sp=0x000000000288e7a8,  free space=1017k
Native frames: (J=compiled Java code, j=interpreted, Vv=VM code, C=native code)
C  0xffffffffa3995120


---------------  P R O C E S S  ---------------

Java Threads: ( => current thread )
  0x00000000150be800 JavaThread "Service Thread" daemon [_thread_blocked, id=8872, stack(0x0000000016da0000,0x0000000016ea0000)]
  0x000000001506c000 JavaThread "C1 CompilerThread2" daemon [_thread_blocked, id=11248, stack(0x00000000168a0000,0x00000000169a0000)]
  0x0000000015065800 JavaThread "C2 CompilerThread1" daemon [_thread_blocked, id=1364, stack(0x00000000167a0000,0x00000000168a0000)]
  0x0000000015062800 JavaThread "C2 CompilerThread0" daemon [_thread_in_native, id=10904, stack(0x00000000166a0000,0x00000000167a0000)]
  0x0000000015061000 JavaThread "Attach Listener" daemon [_thread_blocked, id=9264, stack(0x00000000165a0000,0x00000000166a0000)]
  0x0000000015060000 JavaThread "Signal Dispatcher" daemon [_thread_blocked, id=10412, stack(0x00000000164a0000,0x00000000165a0000)]
  0x000000000298a000 JavaThread "Finalizer" daemon [_thread_blocked, id=11116, stack(0x00000000162c0000,0x00000000163c0000)]
  0x0000000002980800 JavaThread "Reference Handler" daemon [_thread_blocked, id=1648, stack(0x00000000161c0000,0x00000000162c0000)]
=>0x0000000002893800 JavaThread "main" [_thread_in_Java, id=4076, stack(0x0000000002790000,0x0000000002890000)]

Other Threads:
  0x0000000015026800 VMThread [stack: 0x00000000160c0000,0x00000000161c0000] [id=9928]
  0x00000000169f7000 WatcherThread [stack: 0x0000000016ea0000,0x0000000016fa0000] [id=9096]

VM state:not at safepoint (normal execution)

VM Mutex/Monitor currently owned by a thread: None

Heap:
 PSYoungGen      total 71680K, used 47274K [0x00000000eab00000, 0x00000000ef600000, 0x0000000100000000)
  eden space 66560K, 63% used [0x00000000eab00000,0x00000000ed42b8e0,0x00000000eec00000)
  from space 5120K, 99% used [0x00000000ef100000,0x00000000ef5fef28,0x00000000ef600000)
  to   space 5120K, 0% used [0x00000000eec00000,0x00000000eec00000,0x00000000ef100000)
 ParOldGen       total 87552K, used 9558K [0x00000000c0000000, 0x00000000c5580000, 0x00000000eab00000)
  object space 87552K, 10% used [0x00000000c0000000,0x00000000c0955a48,0x00000000c5580000)
 Metaspace       used 7551K, capacity 8152K, committed 8320K, reserved 1056768K
  class space    used 730K, capacity 784K, committed 896K, reserved 1048576K

Card table byte_map: [0x0000000011d50000,0x0000000011f60000] byte_map_base: 0x0000000011750000

Marking Bits: (ParMarkBitMap*) 0x000000005827a5b0
 Begin Bits: [0x00000000124c0000, 0x00000000134c0000)
 End Bits:   [0x00000000134c0000, 0x00000000144c0000)

Polling page: 0x0000000000e50000

CodeCache: size=245760Kb used=9413Kb max_used=9413Kb free=236346Kb
 bounds [0x0000000002990000, 0x00000000032d0000, 0x0000000011990000]
 total_blobs=2798 nmethods=2515 adapters=197
 compilation: enabled

Compilation events (10 events):
Event: 2.584 Thread 0x000000001506c000 nmethod 2508 0x00000000032bdc90 code [0x00000000032bde20, 0x00000000032be228]
Event: 2.584 Thread 0x000000001506c000 2509       3       com.android.dx.io.instructions.InstructionCodec$2::encode (11 bytes)
Event: 2.584 Thread 0x000000001506c000 nmethod 2509 0x00000000032bd450 code [0x00000000032bd5e0, 0x00000000032bda70]
Event: 2.584 Thread 0x000000001506c000 2514       3       com.android.dx.io.instructions.InstructionCodec$25::decode (7 bytes)
Event: 2.584 Thread 0x000000001506c000 nmethod 2514 0x00000000032bd010 code [0x00000000032bd180, 0x00000000032bd368]
Event: 2.584 Thread 0x000000001506c000 2515       3       com.android.dx.io.instructions.InstructionCodec::access$900 (7 bytes)
Event: 2.584 Thread 0x000000001506c000 nmethod 2515 0x00000000032c2450 code [0x00000000032c25c0, 0x00000000032c2728]
Event: 2.584 Thread 0x000000001506c000 2516       3       com.android.dx.io.instructions.InstructionCodec::decodeRegisterList (265 bytes)
Event: 2.584 Thread 0x0000000015065800 2526       4       com.android.dx.io.Opcodes::isValidShape (46 bytes)
Event: 2.585 Thread 0x0000000015065800 nmethod 2526 0x00000000032bccd0 code [0x00000000032bce00, 0x00000000032bce98]

GC Heap History (4 events):
Event: 1.060 GC heap before
{Heap before GC invocations=1 (full 0):
 PSYoungGen      total 38400K, used 33280K [0x00000000eab00000, 0x00000000ed580000, 0x0000000100000000)
  eden space 33280K, 100% used [0x00000000eab00000,0x00000000ecb80000,0x00000000ecb80000)
  from space 5120K, 0% used [0x00000000ed080000,0x00000000ed080000,0x00000000ed580000)
  to   space 5120K, 0% used [0x00000000ecb80000,0x00000000ecb80000,0x00000000ed080000)
 ParOldGen       total 87552K, used 0K [0x00000000c0000000, 0x00000000c5580000, 0x00000000eab00000)
  object space 87552K, 0% used [0x00000000c0000000,0x00000000c0000000,0x00000000c5580000)
 Metaspace       used 5755K, capacity 6960K, committed 7040K, reserved 1056768K
  class space    used 566K, capacity 616K, committed 640K, reserved 1048576K
Event: 1.084 GC heap after
Heap after GC invocations=1 (full 0):
 PSYoungGen      total 38400K, used 5112K [0x00000000eab00000, 0x00000000ef600000, 0x0000000100000000)
  eden space 33280K, 0% used [0x00000000eab00000,0x00000000eab00000,0x00000000ecb80000)
  from space 5120K, 99% used [0x00000000ecb80000,0x00000000ed07e0c0,0x00000000ed080000)
  to   space 5120K, 0% used [0x00000000ef100000,0x00000000ef100000,0x00000000ef600000)
 ParOldGen       total 87552K, used 3611K [0x00000000c0000000, 0x00000000c5580000, 0x00000000eab00000)
  object space 87552K, 4% used [0x00000000c0000000,0x00000000c0386d30,0x00000000c5580000)
 Metaspace       used 5755K, capacity 6960K, committed 7040K, reserved 1056768K
  class space    used 566K, capacity 616K, committed 640K, reserved 1048576K
}
Event: 1.794 GC heap before
{Heap before GC invocations=2 (full 0):
 PSYoungGen      total 38400K, used 38392K [0x00000000eab00000, 0x00000000ef600000, 0x0000000100000000)
  eden space 33280K, 100% used [0x00000000eab00000,0x00000000ecb80000,0x00000000ecb80000)
  from space 5120K, 99% used [0x00000000ecb80000,0x00000000ed07e0c0,0x00000000ed080000)
  to   space 5120K, 0% used [0x00000000ef100000,0x00000000ef100000,0x00000000ef600000)
 ParOldGen       total 87552K, used 3611K [0x00000000c0000000, 0x00000000c5580000, 0x00000000eab00000)
  object space 87552K, 4% used [0x00000000c0000000,0x00000000c0386d30,0x00000000c5580000)
 Metaspace       used 6159K, capacity 7152K, committed 7296K, reserved 1056768K
  class space    used 594K, capacity 616K, committed 640K, reserved 1048576K
Event: 1.827 GC heap after
Heap after GC invocations=2 (full 0):
 PSYoungGen      total 71680K, used 5115K [0x00000000eab00000, 0x00000000ef600000, 0x0000000100000000)
  eden space 66560K, 0% used [0x00000000eab00000,0x00000000eab00000,0x00000000eec00000)
  from space 5120K, 99% used [0x00000000ef100000,0x00000000ef5fef28,0x00000000ef600000)
  to   space 5120K, 0% used [0x00000000eec00000,0x00000000eec00000,0x00000000ef100000)
 ParOldGen       total 87552K, used 9558K [0x00000000c0000000, 0x00000000c5580000, 0x00000000eab00000)
  object space 87552K, 10% used [0x00000000c0000000,0x00000000c0955a48,0x00000000c5580000)
 Metaspace       used 6159K, capacity 7152K, committed 7296K, reserved 1056768K
  class space    used 594K, capacity 616K, committed 640K, reserved 1048576K
}

Deoptimization events (10 events):
Event: 2.044 Thread 0x0000000002893800 Uncommon trap: reason=unstable_if action=reinterpret pc=0x00000000030f51b0 method=java.util.HashMap.putVal(ILjava/lang/Object;Ljava/lang/Object;ZZ)Ljava/lang/Object; @ 94
Event: 2.230 Thread 0x0000000002893800 Uncommon trap: reason=unstable_if action=reinterpret pc=0x000000000318175c method=com.android.dx.util.ByteArrayAnnotatedOutput.ensureCapacity(I)V @ 6
Event: 2.263 Thread 0x0000000002893800 Uncommon trap: reason=unstable_if action=reinterpret pc=0x000000000319f910 method=com.android.dx.util.ByteArrayAnnotatedOutput.writeByte(I)V @ 13
Event: 2.315 Thread 0x0000000002893800 Uncommon trap: reason=unstable_if action=reinterpret pc=0x00000000031ba880 method=com.android.dx.util.ByteArrayAnnotatedOutput.writeUleb128(I)I @ 4
Event: 2.315 Thread 0x0000000002893800 Uncommon trap: reason=unstable_if action=reinterpret pc=0x00000000031b224c method=com.android.dx.util.ByteArrayAnnotatedOutput.writeByte(I)V @ 13
Event: 2.344 Thread 0x0000000002893800 Uncommon trap: reason=unstable_if action=reinterpret pc=0x0000000002d73ddc method=java.util.Arrays.copyOf([Ljava/lang/Object;ILjava/lang/Class;)[Ljava/lang/Object; @ 3
Event: 2.385 Thread 0x0000000002893800 Uncommon trap: reason=unstable_if action=reinterpret pc=0x0000000002ca4294 method=java.lang.String.<init>([CII)V @ 18
Event: 2.480 Thread 0x0000000002893800 Uncommon trap: reason=unstable_if action=reinterpret pc=0x0000000002f028dc method=java.util.HashMap.resize()[Ljava/util/HashMap$Node; @ 206
Event: 2.496 Thread 0x0000000002893800 Uncommon trap: reason=unstable_if action=reinterpret pc=0x00000000030c0d34 method=java.util.HashMap.getNode(ILjava/lang/Object;)Ljava/util/HashMap$Node; @ 84
Event: 2.529 Thread 0x0000000002893800 Uncommon trap: reason=unstable_if action=reinterpret pc=0x0000000003105260 method=java.util.HashMap.getNode(ILjava/lang/Object;)Ljava/util/HashMap$Node; @ 84

Internal exceptions (4 events):
Event: 0.045 Thread 0x0000000002893800 Exception <a 'java/lang/NoSuchMethodError': Method sun.misc.Unsafe.defineClass(Ljava/lang/String;[BII)Ljava/lang/Class; name or signature does not match> (0x00000000eab12f08) thrown at [C:\re\workspace\8-2-build-windows-amd64-cygwin\jdk8u60\4407\hotspot\srV2lﬂˆ¶?
Event: 0.045 Thread 0x0000000002893800 Exception <a 'java/lang/NoSuchMethodError': Method sun.misc.Unsafe.prefetchRead(Ljava/lang/Object;J)V name or signature does not match> (0x00000000eab131f0) thrown at [C:\re\workspace\8-2-build-windows-amd64-cygwin\jdk8u60\4407\hotspot\src\share\vm\prims\jDÅ”`ûÙ?
Event: 1.289 Thread 0x0000000016b9e800 Implicit null exception at 0x0000000002e9c262 to 0x0000000002e9c301
Event: 2.021 Thread 0x0000000002893800 Exception <a 'java/lang/ArrayIndexOutOfBoundsException': 18> (0x00000000ec9c9548) thrown at [C:\re\workspace\8-2-build-windows-amd64-cygwin\jdk8u60\4407\hotspot\src\share\vm\interpreter\interpreterRuntime.cpp, line 366]

Events (10 events):
Event: 2.524 loading class com/android/dx/io/instructions/FillArrayDataPayloadDecodedInstruction done
Event: 2.524 loading class com/android/dx/io/IndexType
Event: 2.524 loading class com/android/dx/io/IndexType done
Event: 2.528 loading class com/android/dx/io/CodeReader$1
Event: 2.528 loading class com/android/dx/io/CodeReader$1 done
Event: 2.528 loading class com/android/dx/io/instructions/ShortArrayCodeOutput
Event: 2.528 loading class com/android/dx/io/instructions/ShortArrayCodeOutput done
Event: 2.529 Thread 0x0000000002893800 Uncommon trap: trap_request=0xffffff65 fr.pc=0x0000000003105260
Event: 2.529 Thread 0x0000000002893800 DEOPT PACKING pc=0x0000000003105260 sp=0x000000000288ec80
Event: 2.529 Thread 0x0000000002893800 DEOPT UNPACKING pc=0x00000000029d556a sp=0x000000000288ebf8 mode 2


Dynamic libraries:
0x00007ff7626c0000 - 0x00007ff7626f7000 	E:\Java\jdk1.8.0_60\bin\java.exe
0x00007ffc079f0000 - 0x00007ffc07b9c000 	C:\WINDOWS\SYSTEM32\ntdll.dll
0x00007ffc05d30000 - 0x00007ffc05e6e000 	C:\WINDOWS\system32\KERNEL32.DLL
0x00007ffc04c20000 - 0x00007ffc04d35000 	C:\WINDOWS\system32\KERNELBASE.dll
0x00007ffc036d0000 - 0x00007ffc0375e000 	C:\WINDOWS\system32\apphelp.dll
0x00007ffbfa6d0000 - 0x00007ffbfa723000 	C:\WINDOWS\AppPatch\AppPatch64\AcGenral.DLL
0x00007ffc05750000 - 0x00007ffc057fa000 	C:\WINDOWS\system32\msvcrt.dll
0x00007ffc04920000 - 0x00007ffc0494e000 	C:\WINDOWS\SYSTEM32\SspiCli.dll
0x00007ffc05530000 - 0x00007ffc05584000 	C:\WINDOWS\system32\SHLWAPI.dll
0x00007ffc05140000 - 0x00007ffc052b7000 	C:\WINDOWS\system32\USER32.dll
0x00007ffc05e90000 - 0x00007ffc06024000 	C:\WINDOWS\system32\ole32.dll
0x00007ffc063a0000 - 0x00007ffc078b9000 	C:\WINDOWS\system32\SHELL32.dll
0x00007ffc040f0000 - 0x00007ffc04111000 	C:\WINDOWS\SYSTEM32\USERENV.dll
0x00007ffc05420000 - 0x00007ffc054ca000 	C:\WINDOWS\system32\ADVAPI32.dll
0x00007ffbf7830000 - 0x00007ffbf784e000 	C:\WINDOWS\SYSTEM32\MPR.dll
0x00007ffc05600000 - 0x00007ffc05741000 	C:\WINDOWS\system32\RPCRT4.dll
0x00007ffc054d0000 - 0x00007ffc05529000 	C:\WINDOWS\SYSTEM32\sechost.dll
0x00007ffc06030000 - 0x00007ffc06241000 	C:\WINDOWS\SYSTEM32\combase.dll
0x00007ffc05b90000 - 0x00007ffc05cdf000 	C:\WINDOWS\system32\GDI32.dll
0x00007ffc04b50000 - 0x00007ffc04b65000 	C:\WINDOWS\SYSTEM32\profapi.dll
0x00007ffc03610000 - 0x00007ffc036c2000 	C:\WINDOWS\SYSTEM32\SHCORE.dll
0x00007ffc05cf0000 - 0x00007ffc05d26000 	C:\WINDOWS\system32\IMM32.DLL
0x00007ffc052c0000 - 0x00007ffc05412000 	C:\WINDOWS\system32\MSCTF.dll
0x00007ffc02a60000 - 0x00007ffc02cda000 	C:\WINDOWS\WinSxS\amd64_microsoft.windows.common-controls_6595b64144ccf1df_6.0.9600.17810_none_6240b9c7ecbd0bda\COMCTL32.dll
0x00000000575f0000 - 0x00000000576c2000 	E:\Java\jdk1.8.0_60\jre\bin\msvcr100.dll
0x0000000057a70000 - 0x00000000582f9000 	E:\Java\jdk1.8.0_60\jre\bin\server\jvm.dll
0x00007ffbfafb0000 - 0x00007ffbfafb9000 	C:\WINDOWS\SYSTEM32\WSOCK32.dll
0x00007ffc03090000 - 0x00007ffc030b2000 	C:\WINDOWS\SYSTEM32\WINMM.dll
0x00007ffc030c0000 - 0x00007ffc030ca000 	C:\WINDOWS\SYSTEM32\VERSION.dll
0x00007ffc062c0000 - 0x00007ffc062c7000 	C:\WINDOWS\system32\PSAPI.DLL
0x00007ffc06260000 - 0x00007ffc062ba000 	C:\WINDOWS\system32\WS2_32.dll
0x00007ffc02ea0000 - 0x00007ffc02eca000 	C:\WINDOWS\SYSTEM32\WINMMBASE.dll
0x00007ffc05ce0000 - 0x00007ffc05ce9000 	C:\WINDOWS\system32\NSI.dll
0x00007ffc05030000 - 0x00007ffc0507f000 	C:\WINDOWS\SYSTEM32\cfgmgr32.dll
0x00007ffc03960000 - 0x00007ffc03988000 	C:\WINDOWS\SYSTEM32\DEVOBJ.dll
0x0000000057a60000 - 0x0000000057a6f000 	E:\Java\jdk1.8.0_60\jre\bin\verify.dll
0x0000000057a30000 - 0x0000000057a59000 	E:\Java\jdk1.8.0_60\jre\bin\java.dll
0x0000000057a10000 - 0x0000000057a26000 	E:\Java\jdk1.8.0_60\jre\bin\zip.dll
0x00007ffbfee80000 - 0x00007ffbff009000 	C:\WINDOWS\SYSTEM32\dbghelp.dll

VM Arguments:
jvm_args: -Xmx1024M -Dfile.encoding=windows-1251 -Duser.country=RU -Duser.language=ru -Duser.variant 
java_command: com.android.dx.command.Main --dex --num-threads=4 --output E:\Android\AndroidStudioProjects\LoftblogMoneyTracker\app\build\intermediates\dex\debug E:\Android\AndroidStudioProjects\LoftblogMoneyTracker\app\build\intermediates\classes\debug E:\Android\AndroidStudioProjects\LoftblogMoneyTracker\app\build\intermediates\pre-dexed\debug\support-annotations-23.0.1-e6941ffc9cbf1270b1623cf686ba7082dcc4df08.jar E:\Android\AndroidStudioProjects\LoftblogMoneyTracker\app\build\intermediates\pre-dexed\debug\classes-8feaabbfb5bdbff71ed9eb50acb4a8fe317bd8e4.jar E:\Android\AndroidStudioProjects\LoftblogMoneyTracker\app\build\intermediates\pre-dexed\debug\classes-605c860b1de6091f9338e0d0bfa1d2af7eff09bf.jar E:\Android\AndroidStudioProjects\LoftblogMoneyTracker\app\build\intermediates\pre-dexed\debug\internal_impl-22.2.0-0e6d9ecdf28e1d5717a3b05e5efcbaa26aefd913.jar E:\Android\AndroidStudioProjects\LoftblogMoneyTracker\app\build\intermediates\pre-dexed\debug\classes-9d3d7bcace659767b90f2753d18d7bd090e510fb.jar E:\Android\AndroidStudioProjects\LoftblogMoneyTracker\app\build\intermediates\pre-dexed\debug\classes-5f2e6f224584a83552840bc8babf15845cbb1b88.jar E:\Android\AndroidStudioProjects\LoftblogMoneyTracker\app\build\intermediates\pre-dexed\debug\classes-ea25387ff06f2a2f1cbec5cb3ab1b643b1f3ea90.jar E:\Android\AndroidStudioProjects\LoftblogMoneyTracker\app\build\intermediates\pre-dexed\debug\classes-472fb590b2ae42e351cdbbab4f5c927f6cbdb130.jar E:\Android\AndroidStudioProjects\LoftblogMoneyTracker\app\build\intermediates\pre-dexed\debug\classes-2c0a0b21f2ebb9a9e5e662f8e8132f636a93e671.jar E:\Android\AndroidStudioProjects\LoftblogMoneyTracker\app\build\intermediates\pre-dexed\debug\classes-41f044e7e8bf56aa7221fd61a9ee324f141f1254.jar E:\Android\AndroidStudioProjects\LoftblogMoneyTracker\app\build\intermediates\pre-dexed\debug\classes-f4226a62deeb56421827c42c806dc6661d7ff9a3.jar E:\Android\AndroidStudioProjects\LoftblogMoneyTracker\app\build\intermediates\pre-dexed\debug\ac
java_class_path (initial): E:\Android\sdk\build-tools\23.0.1\lib\dx.jar
Launcher Type: SUN_STANDARD

Environment Variables:
PATH=C:\ProgramData\Oracle\Java\javapath;C:\WINDOWS\system32;C:\WINDOWS;C:\WINDOWS\System32\Wbem;C:\WINDOWS\System32\WindowsPowerShell\v1.0\;C:\Program Files (x86)\Common Files\Acronis\SnapAPI\;C:\Program Files (x86)\Common Files\Autodesk Shared\;C:\Program Files\Microsoft\Web Platform Installer\;C:\Program Files (x86)\Microsoft ASP.NET\ASP.NET Web Pages\v1.0\;C:\Program Files\Microsoft SQL Server\110\Tools\Binn\;C:\Program Files\Common Files\Autodesk Shared\;C:\Program Files (x86)\NVIDIA Corporation\PhysX\Common;C:\Program Files (x86)\Skype\Phone\;C:\Program Files (x86)\Common Files\Acronis\TibMounter64
USERNAME=¿ÎÂÍÒ‡Ì‰
OS=Windows_NT
PROCESSOR_IDENTIFIER=Intel64 Family 6 Model 15 Stepping 11, GenuineIntel



---------------  S Y S T E M  ---------------

OS: Windows 8.1 , 64 bit Build 9600 (6.3.9600.17415)

CPU:total 4 (4 cores per cpu, 1 threads per core) family 6 model 15 stepping 11, cmov, cx8, fxsr, mmx, sse, sse2, sse3, ssse3, tsc

Memory: 4k page, physical 8387492k(1499192k free), swap 17006116k(4234304k free)

vm_info: Java HotSpot(TM) 64-Bit Server VM (25.60-b23) for windows-amd64 JRE (1.8.0_60-b27), built on Aug  4 2015 11:06:27 by "java_re" with MS VC++ 10.0 (VS2010)

time: Sat Oct 10 01:31:08 2015
elapsed time: 2 seconds (0d 0h 0m 2s)

