#
# A fatal error has been detected by the Java Runtime Environment:
#
#  EXCEPTION_ACCESS_VIOLATION (0xc0000005) at pc=0xffffffffa3605120, pid=10548, tid=10780
#
# JRE version: Java(TM) SE Runtime Environment (8.0_60-b27) (build 1.8.0_60-b27)
# Java VM: Java HotSpot(TM) 64-Bit Server VM (25.60-b23 mixed mode windows-amd64 compressed oops)
# Problematic frame:
# C  0xffffffffa3605120
#
# Failed to write core dump. Minidumps are not enabled by default on client versions of Windows
#
# If you would like to submit a bug report, please visit:
#   http://bugreport.java.com/bugreport/crash.jsp
#

---------------  T H R E A D  ---------------

Current thread (0x00000000167b4800):  JavaThread "pool-1-thread-3" [_thread_in_Java, id=10780, stack(0x0000000016f10000,0x0000000017010000)]

siginfo: ExceptionCode=0xc0000005, ExceptionInformation=0x0000000000000008 0xffffffffa3605120

Registers:
RAX=0x0000000100079560, RBX=0x00000000147dd570, RCX=0x0000000000000001, RDX=0x00000000eb845258
RSP=0x000000001700ebe8, RBP=0x000000001700edb8, RSI=0x00000000148ff7b8, RDI=0x00000000ebb73678
R8 =0x00000000ebb737a8, R9 =0x00000001000828a8, R10=0x00000001000828a8, R11=0x00000000148ff7b8
R12=0x0000000000000000, R13=0x00000001000828a8, R14=0x000000001700edd0, R15=0x00000000167b4800
RIP=0xffffffffa3605120, EFLAGS=0x0000000000010206

Top of Stack: (sp=0x000000001700ebe8)
0x000000001700ebe8:   00000000028cc04c 000000001462f6f8
0x000000001700ebf8:   00000000167b4800 00000000ebb77b80
0x000000001700ec08:   0000000057b63f91 00000001000838a8
0x000000001700ec18:   0000000000000001 00000000167b4800
0x000000001700ec28:   0000000000000057 0000000000000057
0x000000001700ec38:   0000000057b7a152 00000001000838a8
0x000000001700ec48:   00000000167b4800 0000000000000001
0x000000001700ec58:   0000000000000001 00000000ebb77a98
0x000000001700ec68:   00000000ebb77a78 0000000200000041
0x000000001700ec78:   00000000ebb737a8 00000000ebb7be30
0x000000001700ec88:   0000000000000001 00000000ebb73678
0x000000001700ec98:   00000000ebb73630 0000004100000000
0x000000001700eca8:   00000000ebb73990 00000000ebb7bd68
0x000000001700ecb8:   0000000002620d8d 00000000ebb7bd68
0x000000001700ecc8:   0000000100000000 00000000ebb73a50
0x000000001700ecd8:   0000000000000041 0000000002607a2d 

Instructions: (pc=0xffffffffa3605120)
0xffffffffa3605100:   
[error occurred during error reporting (printing registers, top of stack, instructions near pc), id 0xc0000005]

Register to memory mapping:

RAX=0x0000000100079560 is pointing into metadata
RBX={method} {0x00000000147dd578} 'getCatches' '()Lcom/android/dx/rop/type/TypeList;' in 'com/android/dx/rop/code/PlainInsn'
RCX=0x0000000000000001 is an unknown value
RDX=0x00000000eb845258 is an oop
com.android.dx.rop.code.PlainInsn 
 - klass: 'com/android/dx/rop/code/PlainInsn'
RSP=0x000000001700ebe8 is pointing into the stack for thread: 0x00000000167b4800
RBP=0x000000001700edb8 is pointing into the stack for thread: 0x00000000167b4800
RSI=0x00000000148ff7b8 is pointing into metadata
RDI=0x00000000ebb73678 is an oop
java.util.ArrayList 
 - klass: 'java/util/ArrayList'
R8 =0x00000000ebb737a8 is an oop
com.android.dx.ssa.NormalSsaInsn 
 - klass: 'com/android/dx/ssa/NormalSsaInsn'
R9 =0x00000001000828a8 is pointing into metadata
R10=0x00000001000828a8 is pointing into metadata
R11=0x00000000148ff7b8 is pointing into metadata
R12=0x0000000000000000 is an unknown value
R13=0x00000001000828a8 is pointing into metadata
R14=0x000000001700edd0 is pointing into the stack for thread: 0x00000000167b4800
R15=0x00000000167b4800 is a thread


Stack: [0x0000000016f10000,0x0000000017010000],  sp=0x000000001700ebe8,  free space=1018k
Native frames: (J=compiled Java code, j=interpreted, Vv=VM code, C=native code)
C  0xffffffffa3605120


---------------  P R O C E S S  ---------------

Java Threads: ( => current thread )
=>0x00000000167b4800 JavaThread "pool-1-thread-3" [_thread_in_Java, id=10780, stack(0x0000000016f10000,0x0000000017010000)]
  0x00000000167ad800 JavaThread "pool-2-thread-1" [_thread_blocked, id=4164, stack(0x0000000016d10000,0x0000000016e10000)]
  0x0000000016612000 JavaThread "Service Thread" daemon [_thread_blocked, id=4184, stack(0x0000000016a10000,0x0000000016b10000)]
  0x0000000014d2b000 JavaThread "C1 CompilerThread2" daemon [_thread_blocked, id=10724, stack(0x0000000016510000,0x0000000016610000)]
  0x0000000014d28000 JavaThread "C2 CompilerThread1" daemon [_thread_blocked, id=9952, stack(0x0000000016410000,0x0000000016510000)]
  0x0000000014cce800 JavaThread "C2 CompilerThread0" daemon [_thread_blocked, id=12064, stack(0x0000000016310000,0x0000000016410000)]
  0x0000000014ccd000 JavaThread "Attach Listener" daemon [_thread_blocked, id=11676, stack(0x0000000016210000,0x0000000016310000)]
  0x0000000014ccc000 JavaThread "Signal Dispatcher" daemon [_thread_blocked, id=12080, stack(0x0000000016110000,0x0000000016210000)]
  0x00000000025f6000 JavaThread "Finalizer" daemon [_thread_blocked, id=5524, stack(0x0000000015f30000,0x0000000016030000)]
  0x00000000025ec000 JavaThread "Reference Handler" daemon [_thread_blocked, id=2348, stack(0x0000000015e30000,0x0000000015f30000)]
  0x0000000002500800 JavaThread "main" [_thread_blocked, id=3980, stack(0x0000000002400000,0x0000000002500000)]

Other Threads:
  0x0000000014c96000 VMThread [stack: 0x0000000015d30000,0x0000000015e30000] [id=9560]
  0x0000000016616000 WatcherThread [stack: 0x0000000016b10000,0x0000000016c10000] [id=6140]

VM state:not at safepoint (normal execution)

VM Mutex/Monitor currently owned by a thread: None

Heap:
 PSYoungGen      total 38400K, used 17627K [0x00000000eab00000, 0x00000000ed580000, 0x0000000100000000)
  eden space 33280K, 52% used [0x00000000eab00000,0x00000000ebc36c98,0x00000000ecb80000)
  from space 5120K, 0% used [0x00000000ed080000,0x00000000ed080000,0x00000000ed580000)
  to   space 5120K, 0% used [0x00000000ecb80000,0x00000000ecb80000,0x00000000ed080000)
 ParOldGen       total 87552K, used 0K [0x00000000c0000000, 0x00000000c5580000, 0x00000000eab00000)
  object space 87552K, 0% used [0x00000000c0000000,0x00000000c0000000,0x00000000c5580000)
 Metaspace       used 5683K, capacity 6768K, committed 7040K, reserved 1056768K
  class space    used 588K, capacity 616K, committed 640K, reserved 1048576K

Card table byte_map: [0x00000000119c0000,0x0000000011bd0000] byte_map_base: 0x00000000113c0000

Marking Bits: (ParMarkBitMap*) 0x000000005827a5b0
 Begin Bits: [0x0000000012130000, 0x0000000013130000)
 End Bits:   [0x0000000013130000, 0x0000000014130000)

Polling page: 0x0000000000b00000

CodeCache: size=245760Kb used=3544Kb max_used=3562Kb free=242215Kb
 bounds [0x0000000002600000, 0x0000000002980000, 0x0000000011600000]
 total_blobs=1146 nmethods=879 adapters=182
 compilation: enabled

Compilation events (10 events):
Event: 8.710 Thread 0x0000000014d2b000 nmethod 831 0x000000000296bc90 code [0x000000000296be00, 0x000000000296c128]
Event: 8.710 Thread 0x0000000014d2b000  862       3       com.android.dx.rop.code.BasicBlockList::preferredSuccessorOf (77 bytes)
Event: 8.710 Thread 0x0000000014d2b000 nmethod 862 0x000000000296d750 code [0x000000000296d900, 0x000000000296e028]
Event: 8.710 Thread 0x0000000014d2b000  878       3       com.android.dx.ssa.PhiInsn::predBlockIndexForSourcesIndex (15 bytes)
Event: 8.711 Thread 0x0000000014cce800 nmethod 868 0x000000000296fdd0 code [0x000000000296ff40, 0x0000000002970448]
Event: 8.711 Thread 0x0000000014d2b000 nmethod 878 0x000000000296cd50 code [0x000000000296cf00, 0x000000000296d3d8]
Event: 8.711 Thread 0x0000000014cce800  870       4       com.android.dx.ssa.DeadCodeRemover::hasSideEffect (11 bytes)
Event: 8.711 Thread 0x0000000014d2b000  880       1       com.android.dx.rop.code.PlainInsn::getCatches (4 bytes)
Event: 8.711 Thread 0x0000000014d2b000 nmethod 880 0x000000000296ca90 code [0x000000000296cbe0, 0x000000000296ccf0]
Event: 8.711 Thread 0x0000000014d2b000  879       3       java.util.ArrayList$SubList::rangeCheck (26 bytes)

GC Heap History (0 events):
No events

Deoptimization events (1 events):
Event: 8.386 Thread 0x00000000167ac800 Uncommon trap: reason=unstable_if action=reinterpret pc=0x00000000027fa9d0 method=java.util.HashMap.getNode(ILjava/lang/Object;)Ljava/util/HashMap$Node; @ 129

Internal exceptions (2 events):
Event: 3.151 Thread 0x0000000002500800 Exception <a 'java/lang/NoSuchMethodError': Method sun.misc.Unsafe.defineClass(Ljava/lang/String;[BII)Ljava/lang/Class; name or signature does not match> (0x00000000eab130a8) thrown at [C:\re\workspace\8-2-build-windows-amd64-cygwin\jdk8u60\4407\hotspot\sr5w„
,5	@
Event: 3.151 Thread 0x0000000002500800 Exception <a 'java/lang/NoSuchMethodError': Method sun.misc.Unsafe.prefetchRead(Ljava/lang/Object;J)V name or signature does not match> (0x00000000eab13390) thrown at [C:\re\workspace\8-2-build-windows-amd64-cygwin\jdk8u60\4407\hotspot\src\share\vm\prims\j

Events (10 events):
Event: 8.558 loading class com/android/dx/cf/attrib/AttLocalVariableTypeTable done
Event: 8.609 loading class java/util/HashMap$KeySet
Event: 8.609 loading class java/util/HashMap$KeySet done
Event: 8.610 loading class java/util/HashMap$KeyIterator
Event: 8.610 loading class java/util/HashMap$KeyIterator done
Event: 8.636 Thread 0x00000000167ac800 Thread exited: 0x00000000167ac800
Event: 8.639 Thread 0x00000000167b3000 Thread exited: 0x00000000167b3000
Event: 8.641 Executing VM operation: ForceSafepoint
Event: 8.658 Executing VM operation: ForceSafepoint done
Event: 8.701 Thread 0x00000000167b5000 Thread exited: 0x00000000167b5000


Dynamic libraries:
0x00007ff7626c0000 - 0x00007ff7626f7000 	E:\Java\jdk1.8.0_60\bin\java.exe
0x00007ffc079f0000 - 0x00007ffc07b9c000 	C:\WINDOWS\SYSTEM32\ntdll.dll
0x00007ffc05d30000 - 0x00007ffc05e6e000 	C:\WINDOWS\system32\KERNEL32.DLL
0x00007ffc04c20000 - 0x00007ffc04d35000 	C:\WINDOWS\system32\KERNELBASE.dll
0x00007ffc036d0000 - 0x00007ffc0375e000 	C:\WINDOWS\system32\apphelp.dll
0x00007ffbfab10000 - 0x00007ffbfab63000 	C:\WINDOWS\AppPatch\AppPatch64\AcGenral.DLL
0x00007ffc05750000 - 0x00007ffc057fa000 	C:\WINDOWS\system32\msvcrt.dll
0x00007ffc04920000 - 0x00007ffc0494e000 	C:\WINDOWS\SYSTEM32\SspiCli.dll
0x00007ffc05530000 - 0x00007ffc05584000 	C:\WINDOWS\system32\SHLWAPI.dll
0x00007ffc05140000 - 0x00007ffc052b7000 	C:\WINDOWS\system32\USER32.dll
0x00007ffc05e90000 - 0x00007ffc06024000 	C:\WINDOWS\system32\ole32.dll
0x00007ffc063a0000 - 0x00007ffc078b9000 	C:\WINDOWS\system32\SHELL32.dll
0x00007ffc040f0000 - 0x00007ffc04111000 	C:\WINDOWS\SYSTEM32\USERENV.dll
0x00007ffc05420000 - 0x00007ffc054ca000 	C:\WINDOWS\system32\ADVAPI32.dll
0x00007ffbf7830000 - 0x00007ffbf784e000 	C:\WINDOWS\SYSTEM32\MPR.dll
0x00007ffc05600000 - 0x00007ffc05741000 	C:\WINDOWS\system32\RPCRT4.dll
0x00007ffc054d0000 - 0x00007ffc05529000 	C:\WINDOWS\SYSTEM32\sechost.dll
0x00007ffc06030000 - 0x00007ffc06241000 	C:\WINDOWS\SYSTEM32\combase.dll
0x00007ffc05b90000 - 0x00007ffc05cdf000 	C:\WINDOWS\system32\GDI32.dll
0x00007ffc04b50000 - 0x00007ffc04b65000 	C:\WINDOWS\SYSTEM32\profapi.dll
0x00007ffc03610000 - 0x00007ffc036c2000 	C:\WINDOWS\SYSTEM32\SHCORE.dll
0x00007ffc05cf0000 - 0x00007ffc05d26000 	C:\WINDOWS\system32\IMM32.DLL
0x00007ffc052c0000 - 0x00007ffc05412000 	C:\WINDOWS\system32\MSCTF.dll
0x00007ffc02a60000 - 0x00007ffc02cda000 	C:\WINDOWS\WinSxS\amd64_microsoft.windows.common-controls_6595b64144ccf1df_6.0.9600.17810_none_6240b9c7ecbd0bda\COMCTL32.dll
0x00000000575f0000 - 0x00000000576c2000 	E:\Java\jdk1.8.0_60\jre\bin\msvcr100.dll
0x0000000057a70000 - 0x00000000582f9000 	E:\Java\jdk1.8.0_60\jre\bin\server\jvm.dll
0x00007ffbfafb0000 - 0x00007ffbfafb9000 	C:\WINDOWS\SYSTEM32\WSOCK32.dll
0x00007ffc03090000 - 0x00007ffc030b2000 	C:\WINDOWS\SYSTEM32\WINMM.dll
0x00007ffc030c0000 - 0x00007ffc030ca000 	C:\WINDOWS\SYSTEM32\VERSION.dll
0x00007ffc062c0000 - 0x00007ffc062c7000 	C:\WINDOWS\system32\PSAPI.DLL
0x00007ffc06260000 - 0x00007ffc062ba000 	C:\WINDOWS\system32\WS2_32.dll
0x00007ffc02ea0000 - 0x00007ffc02eca000 	C:\WINDOWS\SYSTEM32\WINMMBASE.dll
0x00007ffc05ce0000 - 0x00007ffc05ce9000 	C:\WINDOWS\system32\NSI.dll
0x00007ffc05030000 - 0x00007ffc0507f000 	C:\WINDOWS\SYSTEM32\cfgmgr32.dll
0x00007ffc03960000 - 0x00007ffc03988000 	C:\WINDOWS\SYSTEM32\DEVOBJ.dll
0x0000000057a60000 - 0x0000000057a6f000 	E:\Java\jdk1.8.0_60\jre\bin\verify.dll
0x0000000057a30000 - 0x0000000057a59000 	E:\Java\jdk1.8.0_60\jre\bin\java.dll
0x0000000057a10000 - 0x0000000057a26000 	E:\Java\jdk1.8.0_60\jre\bin\zip.dll
0x00007ffbfee80000 - 0x00007ffbff009000 	C:\WINDOWS\SYSTEM32\dbghelp.dll

VM Arguments:
jvm_args: -Xmx1024M -Dfile.encoding=windows-1251 -Duser.country=RU -Duser.language=ru -Duser.variant 
java_command: com.android.dx.command.Main --dex --num-threads=4 --output E:\Android\AndroidStudioProjects\LoftblogMoneyTracker\app\build\intermediates\pre-dexed\debug\classes-ea25387ff06f2a2f1cbec5cb3ab1b643b1f3ea90.jar E:\Android\AndroidStudioProjects\LoftblogMoneyTracker\app\build\intermediates\exploded-aar\com.google.android.gms\play-services-identity\7.8.0\jars\classes.jar
java_class_path (initial): E:\Android\sdk\build-tools\23.0.1\lib\dx.jar
Launcher Type: SUN_STANDARD

Environment Variables:
PATH=C:\ProgramData\Oracle\Java\javapath;C:\WINDOWS\system32;C:\WINDOWS;C:\WINDOWS\System32\Wbem;C:\WINDOWS\System32\WindowsPowerShell\v1.0\;C:\Program Files (x86)\Common Files\Acronis\SnapAPI\;C:\Program Files (x86)\Common Files\Autodesk Shared\;C:\Program Files\Microsoft\Web Platform Installer\;C:\Program Files (x86)\Microsoft ASP.NET\ASP.NET Web Pages\v1.0\;C:\Program Files\Microsoft SQL Server\110\Tools\Binn\;C:\Program Files\Common Files\Autodesk Shared\;C:\Program Files (x86)\NVIDIA Corporation\PhysX\Common;C:\Program Files (x86)\Skype\Phone\;C:\Program Files (x86)\Common Files\Acronis\TibMounter64
USERNAME=Александр
OS=Windows_NT
PROCESSOR_IDENTIFIER=Intel64 Family 6 Model 15 Stepping 11, GenuineIntel



---------------  S Y S T E M  ---------------

OS: Windows 8.1 , 64 bit Build 9600 (6.3.9600.17415)

CPU:total 4 (4 cores per cpu, 1 threads per core) family 6 model 15 stepping 11, cmov, cx8, fxsr, mmx, sse, sse2, sse3, ssse3, tsc

Memory: 4k page, physical 8387492k(3033908k free), swap 16996044k(4139264k free)

vm_info: Java HotSpot(TM) 64-Bit Server VM (25.60-b23) for windows-amd64 JRE (1.8.0_60-b27), built on Aug  4 2015 11:06:27 by "java_re" with MS VC++ 10.0 (VS2010)

time: Wed Oct 07 23:39:17 2015
elapsed time: 8 seconds (0d 0h 0m 8s)

