#
# A fatal error has been detected by the Java Runtime Environment:
#
#  EXCEPTION_ACCESS_VIOLATION (0xc0000005) at pc=0xffffffffa3c55120, pid=12416, tid=12948
#
# JRE version: Java(TM) SE Runtime Environment (8.0_60-b27) (build 1.8.0_60-b27)
# Java VM: Java HotSpot(TM) 64-Bit Server VM (25.60-b23 mixed mode windows-amd64 compressed oops)
# Problematic frame:
# C  0xffffffffa3c55120
#
# Failed to write core dump. Minidumps are not enabled by default on client versions of Windows
#
# If you would like to submit a bug report, please visit:
#   http://bugreport.java.com/bugreport/crash.jsp
#

---------------  T H R E A D  ---------------

Current thread (0x0000000002b50800):  JavaThread "main" [_thread_in_Java, id=12948, stack(0x0000000002a50000,0x0000000002b50000)]

siginfo: ExceptionCode=0xc0000005, ExceptionInformation=0x0000000000000008 0xffffffffa3c55120

Registers:
RAX=0x0000000000000005, RBX=0x00000000ee3b6dc0, RCX=0x0000000014f37208, RDX=0x00000000ee3b6dc0
RSP=0x0000000002b4f228, RBP=0x0000000002b4f3c8, RSI=0x0000000000000000, RDI=0x00000000edfc7ed8
R8 =0x00000000edfc1a80, R9 =0x0000000000000674, R10=0x00000000edfc8d08, R11=0x000000000000000d
R12=0x0000000000000000, R13=0x0000000011a10000, R14=0x00000000000032d0, R15=0x0000000002b50800
RIP=0xffffffffa3c55120, EFLAGS=0x0000000000010293

Top of Stack: (sp=0x0000000002b4f228)
0x0000000002b4f228:   00000000035836a4 ffffffffffffffff
0x0000000002b4f238:   0000000014ef11b0 0000000002b4f420
0x0000000002b4f248:   00000000030bee14 00000000ee3b6dd0
0x0000000002b4f258:   0000000002c57a2d 0000000002c57a2d
0x0000000002b4f268:   0000000000000014 00000000edfc7ed8
0x0000000002b4f278:   00000000ee3b6dc0 0000000500000000
0x0000000002b4f288:   00000000c08ade58 0000000002b4f2f8
0x0000000002b4f298:   0000000002c57a2d 0000000002b4f3c8
0x0000000002b4f2a8:   0000000003585b14 0000000000000011
0x0000000002b4f2b8:   00000000c08ade58 00000000ee3b6d68
0x0000000002b4f2c8:   0000000002b4f2c8 0000000002b4f3c8
0x0000000002b4f2d8:   00000000035867ec 0000000014ca6b68
0x0000000002b4f2e8:   0000000000000000 0000000014ca6a38
0x0000000002b4f2f8:   0000000000000000 0000000002b4f318
0x0000000002b4f308:   0000000002b4f370 0000000002c57a2d
0x0000000002b4f318:   00000000ee3b6c18 00000000ee3b6d68 

Instructions: (pc=0xffffffffa3c55120)
0xffffffffa3c55100:   
[error occurred during error reporting (printing registers, top of stack, instructions near pc), id 0xc0000005]

Register to memory mapping:

RAX=0x0000000000000005 is an unknown value
RBX=0x00000000ee3b6dc0 is an oop
java.util.HashSet 
 - klass: 'java/util/HashSet'
RCX=0x0000000014f37208 is pointing into metadata
RDX=0x00000000ee3b6dc0 is an oop
java.util.HashSet 
 - klass: 'java/util/HashSet'
RSP=0x0000000002b4f228 is pointing into the stack for thread: 0x0000000002b50800
RBP=0x0000000002b4f3c8 is pointing into the stack for thread: 0x0000000002b50800
RSI=0x0000000000000000 is an unknown value
RDI=0x00000000edfc7ed8 is an oop
com.android.dx.rop.code.RegisterSpecSet 
 - klass: 'com/android/dx/rop/code/RegisterSpecSet'
R8 =0x00000000edfc1a80 is an oop
com.android.dx.rop.code.RegisterSpec 
 - klass: 'com/android/dx/rop/code/RegisterSpec'
R9 =0x0000000000000674 is an unknown value
R10=0x00000000edfc8d08 is an oop
com.android.dx.dex.code.LocalSnapshot 
 - klass: 'com/android/dx/dex/code/LocalSnapshot'
R11=0x000000000000000d is an unknown value
R12=0x0000000000000000 is an unknown value
R13=0x0000000011a10000 is an unknown value
R14=0x00000000000032d0 is an unknown value
R15=0x0000000002b50800 is a thread


Stack: [0x0000000002a50000,0x0000000002b50000],  sp=0x0000000002b4f228,  free space=1020k
Native frames: (J=compiled Java code, j=interpreted, Vv=VM code, C=native code)
C  0xffffffffa3c55120


---------------  P R O C E S S  ---------------

Java Threads: ( => current thread )
  0x0000000016c65000 JavaThread "Service Thread" daemon [_thread_blocked, id=11200, stack(0x0000000017060000,0x0000000017160000)]
  0x000000001537e000 JavaThread "C1 CompilerThread2" daemon [_thread_blocked, id=10160, stack(0x0000000016b60000,0x0000000016c60000)]
  0x0000000015378000 JavaThread "C2 CompilerThread1" daemon [_thread_in_native, id=9752, stack(0x0000000016a60000,0x0000000016b60000)]
  0x000000001531e800 JavaThread "C2 CompilerThread0" daemon [_thread_blocked, id=3572, stack(0x0000000016960000,0x0000000016a60000)]
  0x000000001531d000 JavaThread "Attach Listener" daemon [_thread_blocked, id=12064, stack(0x0000000016860000,0x0000000016960000)]
  0x000000001531c000 JavaThread "Signal Dispatcher" daemon [_thread_blocked, id=12028, stack(0x0000000016760000,0x0000000016860000)]
  0x0000000002c46000 JavaThread "Finalizer" daemon [_thread_blocked, id=10148, stack(0x0000000016580000,0x0000000016680000)]
  0x0000000002c3c000 JavaThread "Reference Handler" daemon [_thread_blocked, id=10552, stack(0x0000000016480000,0x0000000016580000)]
=>0x0000000002b50800 JavaThread "main" [_thread_in_Java, id=12948, stack(0x0000000002a50000,0x0000000002b50000)]

Other Threads:
  0x00000000152e6000 VMThread [stack: 0x0000000016380000,0x0000000016480000] [id=2444]
  0x0000000016c79000 WatcherThread [stack: 0x0000000017160000,0x0000000017260000] [id=896]

VM state:synchronizing (normal execution)

VM Mutex/Monitor currently owned by a thread:  ([mutex/lock_event])
[0x0000000002a4c4a0] Safepoint_lock - owner thread: 0x00000000152e6000
[0x0000000002a4be20] Threads_lock - owner thread: 0x00000000152e6000

Heap:
 PSYoungGen      total 71680K, used 63433K [0x00000000eab00000, 0x00000000f3700000, 0x0000000100000000)
  eden space 66560K, 87% used [0x00000000eab00000,0x00000000ee3fa610,0x00000000eec00000)
  from space 5120K, 99% used [0x00000000eec00000,0x00000000ef0f8018,0x00000000ef100000)
  to   space 5120K, 0% used [0x00000000f3200000,0x00000000f3200000,0x00000000f3700000)
 ParOldGen       total 87552K, used 18238K [0x00000000c0000000, 0x00000000c5580000, 0x00000000eab00000)
  object space 87552K, 20% used [0x00000000c0000000,0x00000000c11cf830,0x00000000c5580000)
 Metaspace       used 6312K, capacity 7216K, committed 7296K, reserved 1056768K
  class space    used 594K, capacity 616K, committed 640K, reserved 1048576K

Card table byte_map: [0x0000000012010000,0x0000000012220000] byte_map_base: 0x0000000011a10000

Marking Bits: (ParMarkBitMap*) 0x000000005827a5b0
 Begin Bits: [0x0000000012780000, 0x0000000013780000)
 End Bits:   [0x0000000013780000, 0x0000000014780000)

Polling page: 0x00000000011d0000

CodeCache: size=245760Kb used=9505Kb max_used=9519Kb free=236254Kb
 bounds [0x0000000002c50000, 0x00000000035b0000, 0x0000000011c50000]
 total_blobs=2327 nmethods=2059 adapters=182
 compilation: enabled

Compilation events (10 events):
Event: 12.642 Thread 0x000000001531e800 nmethod 1924 0x000000000358aa10 code [0x000000000358ab60, 0x000000000358ac18]
Event: 12.642 Thread 0x000000001531e800 1915       4       com.android.dx.rop.type.Prototype::withFirstParameter (68 bytes)
Event: 12.721 Thread 0x000000001531e800 nmethod 1915 0x0000000003597090 code [0x0000000003597300, 0x00000000035993f8]
Event: 12.759 Thread 0x000000001531e800 2074       4       com.android.dx.dex.file.DexFile::internIfAppropriate (128 bytes)
Event: 12.759 Thread 0x000000001537e000 2075       3       com.android.dx.dex.code.OutputFinisher::addConstants (68 bytes)
Event: 12.760 Thread 0x000000001537e000 nmethod 2075 0x000000000358b890 code [0x000000000358ba80, 0x000000000358c448]
Event: 12.760 Thread 0x000000001537e000 2076       3       com.android.dx.dex.code.OutputFinisher::addConstants (93 bytes)
Event: 12.761 Thread 0x000000001537e000 nmethod 2076 0x0000000003587e10 code [0x0000000003588040, 0x0000000003588f48]
Event: 12.761 Thread 0x000000001537e000 2077       3       java.util.HashSet::iterator (13 bytes)
Event: 12.761 Thread 0x000000001537e000 nmethod 2077 0x0000000003587310 code [0x0000000003587480, 0x0000000003587758]

GC Heap History (6 events):
Event: 3.796 GC heap before
{Heap before GC invocations=1 (full 0):
 PSYoungGen      total 38400K, used 33280K [0x00000000eab00000, 0x00000000ed580000, 0x0000000100000000)
  eden space 33280K, 100% used [0x00000000eab00000,0x00000000ecb80000,0x00000000ecb80000)
  from space 5120K, 0% used [0x00000000ed080000,0x00000000ed080000,0x00000000ed580000)
  to   space 5120K, 0% used [0x00000000ecb80000,0x00000000ecb80000,0x00000000ed080000)
 ParOldGen       total 87552K, used 0K [0x00000000c0000000, 0x00000000c5580000, 0x00000000eab00000)
  object space 87552K, 0% used [0x00000000c0000000,0x00000000c0000000,0x00000000c5580000)
 Metaspace       used 5941K, capacity 6960K, committed 7040K, reserved 1056768K
  class space    used 586K, capacity 616K, committed 640K, reserved 1048576K
Event: 4.829 GC heap after
Heap after GC invocations=1 (full 0):
 PSYoungGen      total 38400K, used 5111K [0x00000000eab00000, 0x00000000ef600000, 0x0000000100000000)
  eden space 33280K, 0% used [0x00000000eab00000,0x00000000eab00000,0x00000000ecb80000)
  from space 5120K, 99% used [0x00000000ecb80000,0x00000000ed07dc88,0x00000000ed080000)
  to   space 5120K, 0% used [0x00000000ef100000,0x00000000ef100000,0x00000000ef600000)
 ParOldGen       total 87552K, used 1772K [0x00000000c0000000, 0x00000000c5580000, 0x00000000eab00000)
  object space 87552K, 2% used [0x00000000c0000000,0x00000000c01bb060,0x00000000c5580000)
 Metaspace       used 5941K, capacity 6960K, committed 7040K, reserved 1056768K
  class space    used 586K, capacity 616K, committed 640K, reserved 1048576K
}
Event: 8.161 GC heap before
{Heap before GC invocations=2 (full 0):
 PSYoungGen      total 38400K, used 38391K [0x00000000eab00000, 0x00000000ef600000, 0x0000000100000000)
  eden space 33280K, 100% used [0x00000000eab00000,0x00000000ecb80000,0x00000000ecb80000)
  from space 5120K, 99% used [0x00000000ecb80000,0x00000000ed07dc88,0x00000000ed080000)
  to   space 5120K, 0% used [0x00000000ef100000,0x00000000ef100000,0x00000000ef600000)
 ParOldGen       total 87552K, used 1772K [0x00000000c0000000, 0x00000000c5580000, 0x00000000eab00000)
  object space 87552K, 2% used [0x00000000c0000000,0x00000000c01bb060,0x00000000c5580000)
 Metaspace       used 6095K, capacity 7088K, committed 7296K, reserved 1056768K
  class space    used 586K, capacity 616K, committed 640K, reserved 1048576K
Event: 8.564 GC heap after
Heap after GC invocations=2 (full 0):
 PSYoungGen      total 71680K, used 5114K [0x00000000eab00000, 0x00000000ef600000, 0x0000000100000000)
  eden space 66560K, 0% used [0x00000000eab00000,0x00000000eab00000,0x00000000eec00000)
  from space 5120K, 99% used [0x00000000ef100000,0x00000000ef5feac8,0x00000000ef600000)
  to   space 5120K, 0% used [0x00000000eec00000,0x00000000eec00000,0x00000000ef100000)
 ParOldGen       total 87552K, used 7259K [0x00000000c0000000, 0x00000000c5580000, 0x00000000eab00000)
  object space 87552K, 8% used [0x00000000c0000000,0x00000000c0716c28,0x00000000c5580000)
 Metaspace       used 6095K, capacity 7088K, committed 7296K, reserved 1056768K
  class space    used 586K, capacity 616K, committed 640K, reserved 1048576K
}
Event: 11.590 GC heap before
{Heap before GC invocations=3 (full 0):
 PSYoungGen      total 71680K, used 71674K [0x00000000eab00000, 0x00000000ef600000, 0x0000000100000000)
  eden space 66560K, 100% used [0x00000000eab00000,0x00000000eec00000,0x00000000eec00000)
  from space 5120K, 99% used [0x00000000ef100000,0x00000000ef5feac8,0x00000000ef600000)
  to   space 5120K, 0% used [0x00000000eec00000,0x00000000eec00000,0x00000000ef100000)
 ParOldGen       total 87552K, used 7259K [0x00000000c0000000, 0x00000000c5580000, 0x00000000eab00000)
  object space 87552K, 8% used [0x00000000c0000000,0x00000000c0716c28,0x00000000c5580000)
 Metaspace       used 6183K, capacity 7152K, committed 7296K, reserved 1056768K
  class space    used 587K, capacity 616K, committed 640K, reserved 1048576K
Event: 11.716 GC heap after
Heap after GC invocations=3 (full 0):
 PSYoungGen      total 71680K, used 5088K [0x00000000eab00000, 0x00000000f3700000, 0x0000000100000000)
  eden space 66560K, 0% used [0x00000000eab00000,0x00000000eab00000,0x00000000eec00000)
  from space 5120K, 99% used [0x00000000eec00000,0x00000000ef0f8018,0x00000000ef100000)
  to   space 5120K, 0% used [0x00000000f3200000,0x00000000f3200000,0x00000000f3700000)
 ParOldGen       total 87552K, used 18238K [0x00000000c0000000, 0x00000000c5580000, 0x00000000eab00000)
  object space 87552K, 20% used [0x00000000c0000000,0x00000000c11cf830,0x00000000c5580000)
 Metaspace       used 6183K, capacity 7152K, committed 7296K, reserved 1056768K
  class space    used 587K, capacity 616K, committed 640K, reserved 1048576K
}

Deoptimization events (10 events):
Event: 12.450 Thread 0x0000000002b50800 Uncommon trap: reason=class_check action=maybe_recompile pc=0x00000000030ff384 method=java.util.Arrays.hashCode([Ljava/lang/Object;)I @ 43
Event: 12.450 Thread 0x0000000002b50800 Uncommon trap: reason=class_check action=maybe_recompile pc=0x00000000031081f0 method=java.util.Arrays.hashCode([Ljava/lang/Object;)I @ 43
Event: 12.451 Thread 0x0000000002b50800 Uncommon trap: reason=bimorphic action=maybe_recompile pc=0x00000000030843c0 method=java.util.HashMap.getNode(ILjava/lang/Object;)Ljava/util/HashMap$Node; @ 126
Event: 12.461 Thread 0x0000000002b50800 Uncommon trap: reason=bimorphic action=maybe_recompile pc=0x00000000030843c0 method=java.util.HashMap.getNode(ILjava/lang/Object;)Ljava/util/HashMap$Node; @ 126
Event: 12.461 Thread 0x0000000002b50800 Uncommon trap: reason=bimorphic action=maybe_recompile pc=0x00000000030843c0 method=java.util.HashMap.getNode(ILjava/lang/Object;)Ljava/util/HashMap$Node; @ 126
Event: 12.461 Thread 0x0000000002b50800 Uncommon trap: reason=bimorphic action=maybe_recompile pc=0x000000000302bff0 method=java.util.HashMap.getNode(ILjava/lang/Object;)Ljava/util/HashMap$Node; @ 126
Event: 12.483 Thread 0x0000000002b50800 Uncommon trap: reason=class_check action=maybe_recompile pc=0x00000000030e9938 method=java.util.HashMap.putVal(ILjava/lang/Object;Ljava/lang/Object;ZZ)Ljava/lang/Object; @ 203
Event: 12.485 Thread 0x0000000002b50800 Uncommon trap: reason=class_check action=maybe_recompile pc=0x00000000030e9938 method=java.util.HashMap.putVal(ILjava/lang/Object;Ljava/lang/Object;ZZ)Ljava/lang/Object; @ 203
Event: 12.486 Thread 0x0000000002b50800 Uncommon trap: reason=class_check action=maybe_recompile pc=0x00000000030e9938 method=java.util.HashMap.putVal(ILjava/lang/Object;Ljava/lang/Object;ZZ)Ljava/lang/Object; @ 203
Event: 12.487 Thread 0x0000000002b50800 Uncommon trap: reason=class_check action=maybe_recompile pc=0x00000000030e9938 method=java.util.HashMap.putVal(ILjava/lang/Object;Ljava/lang/Object;ZZ)Ljava/lang/Object; @ 203

Internal exceptions (3 events):
Event: 0.058 Thread 0x0000000002b50800 Exception <a 'java/lang/NoSuchMethodError': Method sun.misc.Unsafe.defineClass(Ljava/lang/String;[BII)Ljava/lang/Class; name or signature does not match> (0x00000000eab130a8) thrown at [C:\re\workspace\8-2-build-windows-amd64-cygwin\jdk8u60\4407\hotspot\srLÊ¸ï€­?
Event: 0.058 Thread 0x0000000002b50800 Exception <a 'java/lang/NoSuchMethodError': Method sun.misc.Unsafe.prefetchRead(Ljava/lang/Object;J)V name or signature does not match> (0x00000000eab13390) thrown at [C:\re\workspace\8-2-build-windows-amd64-cygwin\jdk8u60\4407\hotspot\src\share\vm\prims\j€ÒÇÑ(@
Event: 12.409 Thread 0x0000000016edb000 Implicit null exception at 0x0000000002fbbaa2 to 0x0000000002fbbb41

Events (10 events):
Event: 12.485 Thread 0x0000000002b50800 DEOPT PACKING pc=0x00000000030e9938 sp=0x0000000002b4f2c0
Event: 12.485 Thread 0x0000000002b50800 DEOPT UNPACKING pc=0x0000000002c9556a sp=0x0000000002b4f1e0 mode 2
Event: 12.486 Thread 0x0000000002b50800 Uncommon trap: trap_request=0xffffffde fr.pc=0x00000000030e9938
Event: 12.486 Thread 0x0000000002b50800 DEOPT PACKING pc=0x00000000030e9938 sp=0x0000000002b4f2c0
Event: 12.486 Thread 0x0000000002b50800 DEOPT UNPACKING pc=0x0000000002c9556a sp=0x0000000002b4f1e0 mode 2
Event: 12.487 Thread 0x0000000002b50800 Uncommon trap: trap_request=0xffffffde fr.pc=0x00000000030e9938
Event: 12.487 Thread 0x0000000002b50800 DEOPT PACKING pc=0x00000000030e9938 sp=0x0000000002b4f2c0
Event: 12.487 Thread 0x0000000002b50800 DEOPT UNPACKING pc=0x0000000002c9556a sp=0x0000000002b4f1e0 mode 2
Event: 12.500 loading class com/android/dx/dex/file/CatchStructs
Event: 12.500 loading class com/android/dx/dex/file/CatchStructs done


Dynamic libraries:
0x00007ff7626c0000 - 0x00007ff7626f7000 	E:\Java\jdk1.8.0_60\bin\java.exe
0x00007ffc079f0000 - 0x00007ffc07b9c000 	C:\WINDOWS\SYSTEM32\ntdll.dll
0x00007ffc05d30000 - 0x00007ffc05e6e000 	C:\WINDOWS\system32\KERNEL32.DLL
0x00007ffc04c20000 - 0x00007ffc04d35000 	C:\WINDOWS\system32\KERNELBASE.dll
0x00007ffc036d0000 - 0x00007ffc0375e000 	C:\WINDOWS\system32\apphelp.dll
0x00007ffbfa980000 - 0x00007ffbfa9d3000 	C:\WINDOWS\AppPatch\AppPatch64\AcGenral.DLL
0x00007ffc05750000 - 0x00007ffc057fa000 	C:\WINDOWS\system32\msvcrt.dll
0x00007ffc04920000 - 0x00007ffc0494e000 	C:\WINDOWS\SYSTEM32\SspiCli.dll
0x00007ffc05530000 - 0x00007ffc05584000 	C:\WINDOWS\system32\SHLWAPI.dll
0x00007ffc05140000 - 0x00007ffc052b7000 	C:\WINDOWS\system32\USER32.dll
0x00007ffc05e90000 - 0x00007ffc06024000 	C:\WINDOWS\system32\ole32.dll
0x00007ffc063a0000 - 0x00007ffc078b9000 	C:\WINDOWS\system32\SHELL32.dll
0x00007ffc040f0000 - 0x00007ffc04111000 	C:\WINDOWS\SYSTEM32\USERENV.dll
0x00007ffc05420000 - 0x00007ffc054ca000 	C:\WINDOWS\system32\ADVAPI32.dll
0x00007ffbf7830000 - 0x00007ffbf784e000 	C:\WINDOWS\SYSTEM32\MPR.dll
0x00007ffc05600000 - 0x00007ffc05741000 	C:\WINDOWS\system32\RPCRT4.dll
0x00007ffc054d0000 - 0x00007ffc05529000 	C:\WINDOWS\SYSTEM32\sechost.dll
0x00007ffc06030000 - 0x00007ffc06241000 	C:\WINDOWS\SYSTEM32\combase.dll
0x00007ffc05b90000 - 0x00007ffc05cdf000 	C:\WINDOWS\system32\GDI32.dll
0x00007ffc04b50000 - 0x00007ffc04b65000 	C:\WINDOWS\SYSTEM32\profapi.dll
0x00007ffc03610000 - 0x00007ffc036c2000 	C:\WINDOWS\SYSTEM32\SHCORE.dll
0x00007ffc05cf0000 - 0x00007ffc05d26000 	C:\WINDOWS\system32\IMM32.DLL
0x00007ffc052c0000 - 0x00007ffc05412000 	C:\WINDOWS\system32\MSCTF.dll
0x00007ffc02a60000 - 0x00007ffc02cda000 	C:\WINDOWS\WinSxS\amd64_microsoft.windows.common-controls_6595b64144ccf1df_6.0.9600.17810_none_6240b9c7ecbd0bda\COMCTL32.dll
0x00000000575f0000 - 0x00000000576c2000 	E:\Java\jdk1.8.0_60\jre\bin\msvcr100.dll
0x0000000057a70000 - 0x00000000582f9000 	E:\Java\jdk1.8.0_60\jre\bin\server\jvm.dll
0x00007ffbfafb0000 - 0x00007ffbfafb9000 	C:\WINDOWS\SYSTEM32\WSOCK32.dll
0x00007ffc03090000 - 0x00007ffc030b2000 	C:\WINDOWS\SYSTEM32\WINMM.dll
0x00007ffc030c0000 - 0x00007ffc030ca000 	C:\WINDOWS\SYSTEM32\VERSION.dll
0x00007ffc062c0000 - 0x00007ffc062c7000 	C:\WINDOWS\system32\PSAPI.DLL
0x00007ffc06260000 - 0x00007ffc062ba000 	C:\WINDOWS\system32\WS2_32.dll
0x00007ffc02ea0000 - 0x00007ffc02eca000 	C:\WINDOWS\SYSTEM32\WINMMBASE.dll
0x00007ffc05ce0000 - 0x00007ffc05ce9000 	C:\WINDOWS\system32\NSI.dll
0x00007ffc05030000 - 0x00007ffc0507f000 	C:\WINDOWS\SYSTEM32\cfgmgr32.dll
0x00007ffc03960000 - 0x00007ffc03988000 	C:\WINDOWS\SYSTEM32\DEVOBJ.dll
0x0000000057a60000 - 0x0000000057a6f000 	E:\Java\jdk1.8.0_60\jre\bin\verify.dll
0x0000000057a30000 - 0x0000000057a59000 	E:\Java\jdk1.8.0_60\jre\bin\java.dll
0x0000000057a10000 - 0x0000000057a26000 	E:\Java\jdk1.8.0_60\jre\bin\zip.dll
0x00007ffbfee80000 - 0x00007ffbff009000 	C:\WINDOWS\SYSTEM32\dbghelp.dll

VM Arguments:
jvm_args: -Xmx1024M -Dfile.encoding=windows-1251 -Duser.country=RU -Duser.language=ru -Duser.variant 
java_command: com.android.dx.command.Main --dex --num-threads=4 --output E:\Android\AndroidStudioProjects\LoftblogMoneyTracker\app\build\intermediates\pre-dexed\debug\classes-977005bd02c3939b30fc4eafce83f5e6d10d9144.jar E:\Android\AndroidStudioProjects\LoftblogMoneyTracker\app\build\intermediates\exploded-aar\com.google.android.gms\play-services-drive\8.1.0\jars\classes.jar
java_class_path (initial): E:\Android\sdk\build-tools\23.0.0\lib\dx.jar
Launcher Type: SUN_STANDARD

Environment Variables:
PATH=C:\ProgramData\Oracle\Java\javapath;C:\WINDOWS\system32;C:\WINDOWS;C:\WINDOWS\System32\Wbem;C:\WINDOWS\System32\WindowsPowerShell\v1.0\;C:\Program Files (x86)\Common Files\Acronis\SnapAPI\;C:\Program Files (x86)\Common Files\Autodesk Shared\;C:\Program Files\Microsoft\Web Platform Installer\;C:\Program Files (x86)\Microsoft ASP.NET\ASP.NET Web Pages\v1.0\;C:\Program Files\Microsoft SQL Server\110\Tools\Binn\;C:\Program Files\Common Files\Autodesk Shared\;C:\Program Files (x86)\NVIDIA Corporation\PhysX\Common;C:\Program Files (x86)\Skype\Phone\;C:\Program Files (x86)\Common Files\Acronis\TibMounter64
USERNAME=Àëåêñàíäð
OS=Windows_NT
PROCESSOR_IDENTIFIER=Intel64 Family 6 Model 15 Stepping 11, GenuineIntel



---------------  S Y S T E M  ---------------

OS: Windows 8.1 , 64 bit Build 9600 (6.3.9600.17415)

CPU:total 4 (4 cores per cpu, 1 threads per core) family 6 model 15 stepping 11, cmov, cx8, fxsr, mmx, sse, sse2, sse3, ssse3, tsc

Memory: 4k page, physical 8387492k(1332264k free), swap 16996044k(4864836k free)

vm_info: Java HotSpot(TM) 64-Bit Server VM (25.60-b23) for windows-amd64 JRE (1.8.0_60-b27), built on Aug  4 2015 11:06:27 by "java_re" with MS VC++ 10.0 (VS2010)

time: Tue Oct 06 15:55:42 2015
elapsed time: 14 seconds (0d 0h 0m 14s)

