#
# A fatal error has been detected by the Java Runtime Environment:
#
#  EXCEPTION_ACCESS_VIOLATION (0xc0000005) at pc=0xffffffffa3c35120, pid=13060, tid=10020
#
# JRE version: Java(TM) SE Runtime Environment (8.0_60-b27) (build 1.8.0_60-b27)
# Java VM: Java HotSpot(TM) 64-Bit Server VM (25.60-b23 mixed mode windows-amd64 compressed oops)
# Problematic frame:
# C  0xffffffffa3c35120
#
# Failed to write core dump. Minidumps are not enabled by default on client versions of Windows
#
# If you would like to submit a bug report, please visit:
#   http://bugreport.java.com/bugreport/crash.jsp
#

---------------  T H R E A D  ---------------

Current thread (0x0000000016ee3800):  JavaThread "pool-1-thread-2" [_thread_in_Java, id=10020, stack(0x0000000017470000,0x0000000017570000)]

siginfo: ExceptionCode=0xc0000005, ExceptionInformation=0x0000000000000008 0xffffffffa3c35120

Registers:
RAX=0x0000000014a49270, RBX=0x0000000014a49270, RCX=0x00000000eba41048, RDX=0x00000000eba41048
RSP=0x000000001756ed88, RBP=0x000000001756ede8, RSI=0x0000000000000318, RDI=0x000000000000042e
R8 =0x0000000000000000, R9 =0x00000000eba413d8, R10=0x0000000058262140, R11=0x0000000002dfeda0
R12=0x0000000000000000, R13=0x000000001756ed98, R14=0x0000000000000000, R15=0x0000000016ee3800
RIP=0xffffffffa3c35120, EFLAGS=0x0000000000010206

Top of Stack: (sp=0x000000001756ed88)
0x000000001756ed88:   0000000002c377b0 0000000002c377b0
0x000000001756ed98:   0000000000000000 00000000eba41048
0x000000001756eda8:   000000001756eda8 0000000014e8607e
0x000000001756edb8:   000000001756ee10 0000000014e86668
0x000000001756edc8:   0000000000000000 0000000014e861b0
0x000000001756edd8:   000000001756ed98 000000001756ee10
0x000000001756ede8:   000000001756ee58 0000000002c37a2d
0x000000001756edf8:   00000000eba3f600 0000000000000000
0x000000001756ee08:   00000000eba3f6e0 00000000eba40f58
0x000000001756ee18:   000000001756ee18 0000000014e84a00
0x000000001756ee28:   000000001756ee68 0000000014e86668
0x000000001756ee38:   0000000000000000 0000000014e84a18
0x000000001756ee48:   000000001756ee10 000000001756ee68
0x000000001756ee58:   000000001756eeb0 0000000002c37a2d
0x000000001756ee68:   00000000eba3ea00 000000001756ee70
0x000000001756ee78:   0000000014e5ab33 000000001756eed0 

Instructions: (pc=0xffffffffa3c35120)
0xffffffffa3c35100:   
[error occurred during error reporting (printing registers, top of stack, instructions near pc), id 0xc0000005]

Register to memory mapping:

RAX={method} {0x0000000014a49278} 'remove' '(I)Ljava/lang/Object;' in 'java/util/ArrayList'
RBX={method} {0x0000000014a49278} 'remove' '(I)Ljava/lang/Object;' in 'java/util/ArrayList'
RCX=0x00000000eba41048 is an oop
java.util.ArrayList 
 - klass: 'java/util/ArrayList'
RDX=0x00000000eba41048 is an oop
java.util.ArrayList 
 - klass: 'java/util/ArrayList'
RSP=0x000000001756ed88 is pointing into the stack for thread: 0x0000000016ee3800
RBP=0x000000001756ede8 is pointing into the stack for thread: 0x0000000016ee3800
RSI=0x0000000000000318 is an unknown value
RDI=0x000000000000042e is an unknown value
R8 =0x0000000000000000 is an unknown value
R9 =0x00000000eba413d8 is an oop
[Ljava.lang.Object; 
 - klass: 'java/lang/Object'[]
 - length: 10
R10=0x0000000058262140 is an unknown value
R11=0x0000000002dfeda0 is at entry_point+32 in (nmethod*)0x0000000002dfebd0
R12=0x0000000000000000 is an unknown value
R13=0x000000001756ed98 is pointing into the stack for thread: 0x0000000016ee3800
R14=0x0000000000000000 is an unknown value
R15=0x0000000016ee3800 is a thread


Stack: [0x0000000017470000,0x0000000017570000],  sp=0x000000001756ed88,  free space=1019k
Native frames: (J=compiled Java code, j=interpreted, Vv=VM code, C=native code)
C  0xffffffffa3c35120


---------------  P R O C E S S  ---------------

Java Threads: ( => current thread )
  0x0000000016ee7000 JavaThread "pool-1-thread-4" [_thread_blocked, id=8600, stack(0x0000000017670000,0x0000000017770000)]
  0x0000000016ee5000 JavaThread "pool-1-thread-3" [_thread_in_Java, id=9372, stack(0x0000000017570000,0x0000000017670000)]
=>0x0000000016ee3800 JavaThread "pool-1-thread-2" [_thread_in_Java, id=10020, stack(0x0000000017470000,0x0000000017570000)]
  0x0000000016edb000 JavaThread "pool-2-thread-1" [_thread_blocked, id=10236, stack(0x0000000017370000,0x0000000017470000)]
  0x0000000016eda800 JavaThread "pool-1-thread-1" [_thread_blocked, id=11324, stack(0x0000000017270000,0x0000000017370000)]
  0x000000001535c000 JavaThread "Service Thread" daemon [_thread_blocked, id=11308, stack(0x0000000017070000,0x0000000017170000)]
  0x000000001535a800 JavaThread "C1 CompilerThread2" daemon [_thread_blocked, id=9676, stack(0x0000000016b70000,0x0000000016c70000)]
  0x0000000015358000 JavaThread "C2 CompilerThread1" daemon [_thread_blocked, id=3556, stack(0x0000000016a70000,0x0000000016b70000)]
  0x00000000152fe800 JavaThread "C2 CompilerThread0" daemon [_thread_blocked, id=9072, stack(0x0000000016970000,0x0000000016a70000)]
  0x00000000152fd000 JavaThread "Attach Listener" daemon [_thread_blocked, id=12544, stack(0x0000000016870000,0x0000000016970000)]
  0x00000000152fc000 JavaThread "Signal Dispatcher" daemon [_thread_blocked, id=2152, stack(0x0000000016770000,0x0000000016870000)]
  0x0000000002c26000 JavaThread "Finalizer" daemon [_thread_blocked, id=2348, stack(0x0000000016590000,0x0000000016690000)]
  0x0000000002c1c000 JavaThread "Reference Handler" daemon [_thread_blocked, id=11212, stack(0x0000000016490000,0x0000000016590000)]
  0x0000000002b30800 JavaThread "main" [_thread_in_Java, id=13136, stack(0x0000000002a30000,0x0000000002b30000)]

Other Threads:
  0x00000000152c6000 VMThread [stack: 0x0000000016390000,0x0000000016490000] [id=11688]
  0x0000000016c78800 WatcherThread [stack: 0x0000000017170000,0x0000000017270000] [id=1364]

VM state:not at safepoint (normal execution)

VM Mutex/Monitor currently owned by a thread: None

Heap:
 PSYoungGen      total 38400K, used 16259K [0x00000000eab00000, 0x00000000ed580000, 0x0000000100000000)
  eden space 33280K, 48% used [0x00000000eab00000,0x00000000ebae0d78,0x00000000ecb80000)
  from space 5120K, 0% used [0x00000000ed080000,0x00000000ed080000,0x00000000ed580000)
  to   space 5120K, 0% used [0x00000000ecb80000,0x00000000ecb80000,0x00000000ed080000)
 ParOldGen       total 87552K, used 0K [0x00000000c0000000, 0x00000000c5580000, 0x00000000eab00000)
  object space 87552K, 0% used [0x00000000c0000000,0x00000000c0000000,0x00000000c5580000)
 Metaspace       used 5565K, capacity 6640K, committed 6784K, reserved 1056768K
  class space    used 582K, capacity 616K, committed 640K, reserved 1048576K

Card table byte_map: [0x0000000011ff0000,0x0000000012200000] byte_map_base: 0x00000000119f0000

Marking Bits: (ParMarkBitMap*) 0x000000005827a5b0
 Begin Bits: [0x0000000012760000, 0x0000000013760000)
 End Bits:   [0x0000000013760000, 0x0000000014760000)

Polling page: 0x00000000012b0000

CodeCache: size=245760Kb used=2821Kb max_used=2826Kb free=242938Kb
 bounds [0x0000000002c30000, 0x0000000002f00000, 0x0000000011c30000]
 total_blobs=990 nmethods=723 adapters=182
 compilation: enabled

Compilation events (10 events):
Event: 5.396 Thread 0x000000001535a800  672       1       com.android.dx.cf.code.Ropper::access$100 (5 bytes)
Event: 5.396 Thread 0x000000001535a800 nmethod 672 0x0000000002ef0810 code [0x0000000002ef0960, 0x0000000002ef0a50]
Event: 5.396 Thread 0x000000001535a800  695       1       com.android.dx.dex.code.RopTranslator::access$200 (5 bytes)
Event: 5.396 Thread 0x000000001535a800 nmethod 695 0x0000000002ef0550 code [0x0000000002ef06a0, 0x0000000002ef0790]
Event: 5.396 Thread 0x000000001535a800  731       3       com.android.dx.util.IntList::makeImmutable (20 bytes)
Event: 5.397 Thread 0x000000001535a800 nmethod 731 0x0000000002eeff50 code [0x0000000002ef00c0, 0x0000000002ef0438]
Event: 5.397 Thread 0x000000001535a800  626       1       com.android.dx.cf.iface.StdMember::getNat (5 bytes)
Event: 5.397 Thread 0x000000001535a800 nmethod 626 0x0000000002eefc90 code [0x0000000002eefde0, 0x0000000002eefef0]
Event: 5.397 Thread 0x000000001535a800  732   !   3       com.android.dx.ssa.LocalVariableInfo::setStarts (40 bytes)
Event: 5.397 Thread 0x00000000152fe800 nmethod 729 0x0000000002eef810 code [0x0000000002eef960, 0x0000000002eefaf8]

GC Heap History (0 events):
No events

Deoptimization events (1 events):
Event: 5.060 Thread 0x0000000002b30800 Uncommon trap: reason=unstable_if action=reinterpret pc=0x0000000002e13590 method=java.util.HashMap.getNode(ILjava/lang/Object;)Ljava/util/HashMap$Node; @ 129

Internal exceptions (2 events):
Event: 0.987 Thread 0x0000000002b30800 Exception <a 'java/lang/NoSuchMethodError': Method sun.misc.Unsafe.defineClass(Ljava/lang/String;[BII)Ljava/lang/Class; name or signature does not match> (0x00000000eab130a8) thrown at [C:\re\workspace\8-2-build-windows-amd64-cygwin\jdk8u60\4407\hotspot\srpї­.”п?
Event: 0.987 Thread 0x0000000002b30800 Exception <a 'java/lang/NoSuchMethodError': Method sun.misc.Unsafe.prefetchRead(Ljava/lang/Object;J)V name or signature does not match> (0x00000000eab13390) thrown at [C:\re\workspace\8-2-build-windows-amd64-cygwin\jdk8u60\4407\hotspot\src\share\vm\prims\j

Events (10 events):
Event: 5.039 loading class com/android/dx/ssa/back/FirstFitLocalCombiningAllocator$Multiset done
Event: 5.060 Thread 0x0000000002b30800 Uncommon trap: trap_request=0xffffff65 fr.pc=0x0000000002e13590
Event: 5.060 Thread 0x0000000002b30800 DEOPT PACKING pc=0x0000000002e13590 sp=0x0000000002b2e360
Event: 5.060 Thread 0x0000000002b30800 DEOPT UNPACKING pc=0x0000000002c7556a sp=0x0000000002b2e2d8 mode 2
Event: 5.062 loading class java/util/DualPivotQuicksort
Event: 5.062 loading class java/util/DualPivotQuicksort done
Event: 5.063 loading class com/android/dx/dex/file/MethodAnnotationStruct
Event: 5.063 loading class com/android/dx/dex/file/MethodAnnotationStruct done
Event: 5.353 loading class java/util/ArrayList$1
Event: 5.354 loading class java/util/ArrayList$1 done


Dynamic libraries:
0x00007ff7626c0000 - 0x00007ff7626f7000 	E:\Java\jdk1.8.0_60\bin\java.exe
0x00007ffc079f0000 - 0x00007ffc07b9c000 	C:\WINDOWS\SYSTEM32\ntdll.dll
0x00007ffc05d30000 - 0x00007ffc05e6e000 	C:\WINDOWS\system32\KERNEL32.DLL
0x00007ffc04c20000 - 0x00007ffc04d35000 	C:\WINDOWS\system32\KERNELBASE.dll
0x00007ffc036d0000 - 0x00007ffc0375e000 	C:\WINDOWS\system32\apphelp.dll
0x00007ffbfab10000 - 0x00007ffbfab63000 	C:\WINDOWS\AppPatch\AppPatch64\AcGenral.DLL
0x00007ffc05750000 - 0x00007ffc057fa000 	C:\WINDOWS\system32\msvcrt.dll
0x00007ffc04920000 - 0x00007ffc0494e000 	C:\WINDOWS\SYSTEM32\SspiCli.dll
0x00007ffc05530000 - 0x00007ffc05584000 	C:\WINDOWS\system32\SHLWAPI.dll
0x00007ffc05140000 - 0x00007ffc052b7000 	C:\WINDOWS\system32\USER32.dll
0x00007ffc05e90000 - 0x00007ffc06024000 	C:\WINDOWS\system32\ole32.dll
0x00007ffc063a0000 - 0x00007ffc078b9000 	C:\WINDOWS\system32\SHELL32.dll
0x00007ffc040f0000 - 0x00007ffc04111000 	C:\WINDOWS\SYSTEM32\USERENV.dll
0x00007ffc05420000 - 0x00007ffc054ca000 	C:\WINDOWS\system32\ADVAPI32.dll
0x00007ffbf7830000 - 0x00007ffbf784e000 	C:\WINDOWS\SYSTEM32\MPR.dll
0x00007ffc05600000 - 0x00007ffc05741000 	C:\WINDOWS\system32\RPCRT4.dll
0x00007ffc054d0000 - 0x00007ffc05529000 	C:\WINDOWS\SYSTEM32\sechost.dll
0x00007ffc06030000 - 0x00007ffc06241000 	C:\WINDOWS\SYSTEM32\combase.dll
0x00007ffc05b90000 - 0x00007ffc05cdf000 	C:\WINDOWS\system32\GDI32.dll
0x00007ffc04b50000 - 0x00007ffc04b65000 	C:\WINDOWS\SYSTEM32\profapi.dll
0x00007ffc03610000 - 0x00007ffc036c2000 	C:\WINDOWS\SYSTEM32\SHCORE.dll
0x00007ffc05cf0000 - 0x00007ffc05d26000 	C:\WINDOWS\system32\IMM32.DLL
0x00007ffc052c0000 - 0x00007ffc05412000 	C:\WINDOWS\system32\MSCTF.dll
0x00007ffc02a60000 - 0x00007ffc02cda000 	C:\WINDOWS\WinSxS\amd64_microsoft.windows.common-controls_6595b64144ccf1df_6.0.9600.17810_none_6240b9c7ecbd0bda\COMCTL32.dll
0x00000000575f0000 - 0x00000000576c2000 	E:\Java\jdk1.8.0_60\jre\bin\msvcr100.dll
0x0000000057a70000 - 0x00000000582f9000 	E:\Java\jdk1.8.0_60\jre\bin\server\jvm.dll
0x00007ffbfafb0000 - 0x00007ffbfafb9000 	C:\WINDOWS\SYSTEM32\WSOCK32.dll
0x00007ffc03090000 - 0x00007ffc030b2000 	C:\WINDOWS\SYSTEM32\WINMM.dll
0x00007ffc030c0000 - 0x00007ffc030ca000 	C:\WINDOWS\SYSTEM32\VERSION.dll
0x00007ffc062c0000 - 0x00007ffc062c7000 	C:\WINDOWS\system32\PSAPI.DLL
0x00007ffc06260000 - 0x00007ffc062ba000 	C:\WINDOWS\system32\WS2_32.dll
0x00007ffc02ea0000 - 0x00007ffc02eca000 	C:\WINDOWS\SYSTEM32\WINMMBASE.dll
0x00007ffc05ce0000 - 0x00007ffc05ce9000 	C:\WINDOWS\system32\NSI.dll
0x00007ffc05030000 - 0x00007ffc0507f000 	C:\WINDOWS\SYSTEM32\cfgmgr32.dll
0x00007ffc03960000 - 0x00007ffc03988000 	C:\WINDOWS\SYSTEM32\DEVOBJ.dll
0x0000000057a60000 - 0x0000000057a6f000 	E:\Java\jdk1.8.0_60\jre\bin\verify.dll
0x0000000057a30000 - 0x0000000057a59000 	E:\Java\jdk1.8.0_60\jre\bin\java.dll
0x0000000057a10000 - 0x0000000057a26000 	E:\Java\jdk1.8.0_60\jre\bin\zip.dll
0x00007ffbfee80000 - 0x00007ffbff009000 	C:\WINDOWS\SYSTEM32\dbghelp.dll

VM Arguments:
jvm_args: -Xmx1024M -Dfile.encoding=windows-1251 -Duser.country=RU -Duser.language=ru -Duser.variant 
java_command: com.android.dx.command.Main --dex --num-threads=4 --output E:\Android\AndroidStudioProjects\LoftblogMoneyTracker\app\build\intermediates\pre-dexed\debug\classes-a3d1ba393142769f1d8c03164a1eead96ebbb376.jar E:\Android\AndroidStudioProjects\LoftblogMoneyTracker\app\build\intermediates\exploded-aar\com.google.android.gms\play-services-games\7.8.0\jars\classes.jar
java_class_path (initial): E:\Android\sdk\build-tools\23.0.1\lib\dx.jar
Launcher Type: SUN_STANDARD

Environment Variables:
PATH=C:\ProgramData\Oracle\Java\javapath;C:\WINDOWS\system32;C:\WINDOWS;C:\WINDOWS\System32\Wbem;C:\WINDOWS\System32\WindowsPowerShell\v1.0\;C:\Program Files (x86)\Common Files\Acronis\SnapAPI\;C:\Program Files (x86)\Common Files\Autodesk Shared\;C:\Program Files\Microsoft\Web Platform Installer\;C:\Program Files (x86)\Microsoft ASP.NET\ASP.NET Web Pages\v1.0\;C:\Program Files\Microsoft SQL Server\110\Tools\Binn\;C:\Program Files\Common Files\Autodesk Shared\;C:\Program Files (x86)\NVIDIA Corporation\PhysX\Common;C:\Program Files (x86)\Skype\Phone\;C:\Program Files (x86)\Common Files\Acronis\TibMounter64
USERNAME=Александр
OS=Windows_NT
PROCESSOR_IDENTIFIER=Intel64 Family 6 Model 15 Stepping 11, GenuineIntel



---------------  S Y S T E M  ---------------

OS: Windows 8.1 , 64 bit Build 9600 (6.3.9600.17415)

CPU:total 4 (4 cores per cpu, 1 threads per core) family 6 model 15 stepping 11, cmov, cx8, fxsr, mmx, sse, sse2, sse3, ssse3, tsc

Memory: 4k page, physical 8387492k(2359800k free), swap 17006116k(3705240k free)

vm_info: Java HotSpot(TM) 64-Bit Server VM (25.60-b23) for windows-amd64 JRE (1.8.0_60-b27), built on Aug  4 2015 11:06:27 by "java_re" with MS VC++ 10.0 (VS2010)

time: Wed Oct 07 23:54:09 2015
elapsed time: 5 seconds (0d 0h 0m 5s)

