#
# A fatal error has been detected by the Java Runtime Environment:
#
#  EXCEPTION_ACCESS_VIOLATION (0xc0000005) at pc=0xffffffffa3c25120, pid=4012, tid=1988
#
# JRE version: Java(TM) SE Runtime Environment (8.0_60-b27) (build 1.8.0_60-b27)
# Java VM: Java HotSpot(TM) 64-Bit Server VM (25.60-b23 mixed mode windows-amd64 compressed oops)
# Problematic frame:
# C  0xffffffffa3c25120
#
# Failed to write core dump. Minidumps are not enabled by default on client versions of Windows
#
# If you would like to submit a bug report, please visit:
#   http://bugreport.java.com/bugreport/crash.jsp
#

---------------  T H R E A D  ---------------

Current thread (0x0000000002b23800):  JavaThread "main" [_thread_in_Java, id=1988, stack(0x0000000002960000,0x0000000002a60000)]

siginfo: ExceptionCode=0xc0000005, ExceptionInformation=0x0000000000000008 0xffffffffa3c25120

Registers:
RAX=0x0000000014aa04c0, RBX=0x0000000014aa04c0, RCX=0x00000000ed8bedb8, RDX=0x00000000ed8bedb8
RSP=0x0000000002a5eb98, RBP=0x0000000002a5ec00, RSI=0x00000000000006f0, RDI=0x00000000000010f8
R8 =0x00000000000006f3, R9 =0x00000000ed889036, R10=0x0000000064282140, R11=0x0000000003496300
R12=0x0000000000000000, R13=0x0000000002a5ebb0, R14=0x0000000000000000, R15=0x0000000002b23800
RIP=0xffffffffa3c25120, EFLAGS=0x0000000000010206

Top of Stack: (sp=0x0000000002a5eb98)
0x0000000002a5eb98:   0000000002c27200 00000000ed8d8880
0x0000000002a5eba8:   0000000002c27200 00000000000006f3
0x0000000002a5ebb8:   00000000ed8bedb8 0000000002a5ebc0
0x0000000002a5ebc8:   0000000014aa4fac 0000000002a5ec18
0x0000000002a5ebd8:   0000000014aa88c0 0000000000000000
0x0000000002a5ebe8:   0000000014aa4fd8 0000000002a5ebb0
0x0000000002a5ebf8:   0000000002a5ec10 0000000002a5ec60
0x0000000002a5ec08:   0000000002c27470 00000000000006f0
0x0000000002a5ec18:   00000000ed8bedb8 0000000002a5ec20
0x0000000002a5ec28:   0000000014aa5296 0000000002a5ec80
0x0000000002a5ec38:   0000000014aa88c0 0000000000000000
0x0000000002a5ec48:   0000000014aa52a0 0000000002a5ec10
0x0000000002a5ec58:   0000000002a5ec70 0000000002a5ecc8
0x0000000002a5ec68:   0000000002c27470 0000000000000000
0x0000000002a5ec78:   00000000000006f0 00000000ed8bedb8
0x0000000002a5ec88:   0000000002a5ec88 0000000014aa0c9e 

Instructions: (pc=0xffffffffa3c25120)
0xffffffffa3c25100:   
[error occurred during error reporting (printing registers, top of stack, instructions near pc), id 0xc0000005]

Register to memory mapping:

RAX={method} {0x0000000014aa04c8} '_get' '(I)B' in 'java/nio/HeapByteBuffer'
RBX={method} {0x0000000014aa04c8} '_get' '(I)B' in 'java/nio/HeapByteBuffer'
RCX=0x00000000ed8bedb8 is an oop
java.nio.HeapByteBuffer 
 - klass: 'java/nio/HeapByteBuffer'
RDX=0x00000000ed8bedb8 is an oop
java.nio.HeapByteBuffer 
 - klass: 'java/nio/HeapByteBuffer'
RSP=0x0000000002a5eb98 is pointing into the stack for thread: 0x0000000002b23800
RBP=0x0000000002a5ec00 is pointing into the stack for thread: 0x0000000002b23800
RSI=0x00000000000006f0 is an unknown value
RDI=0x00000000000010f8 is an unknown value
R8 =0x00000000000006f3 is an unknown value
R9 =0x00000000ed889036 is an unknown value
R10=0x0000000064282140 is an unknown value
R11=0x0000000003496300 is at entry_point+32 in (nmethod*)0x0000000003496190
R12=0x0000000000000000 is an unknown value
R13=0x0000000002a5ebb0 is pointing into the stack for thread: 0x0000000002b23800
R14=0x0000000000000000 is an unknown value
R15=0x0000000002b23800 is a thread


Stack: [0x0000000002960000,0x0000000002a60000],  sp=0x0000000002a5eb98,  free space=1018k
Native frames: (J=compiled Java code, j=interpreted, Vv=VM code, C=native code)
C  0xffffffffa3c25120


---------------  P R O C E S S  ---------------

Java Threads: ( => current thread )
  0x0000000016c68800 JavaThread "Service Thread" daemon [_thread_blocked, id=4028, stack(0x0000000017040000,0x0000000017140000)]
  0x00000000152f2800 JavaThread "C1 CompilerThread2" daemon [_thread_blocked, id=8284, stack(0x0000000016b40000,0x0000000016c40000)]
  0x00000000152ef800 JavaThread "C2 CompilerThread1" daemon [_thread_in_native, id=5936, stack(0x0000000016a40000,0x0000000016b40000)]
  0x00000000152ed000 JavaThread "C2 CompilerThread0" daemon [_thread_in_native, id=2208, stack(0x0000000016940000,0x0000000016a40000)]
  0x00000000152fc800 JavaThread "Attach Listener" daemon [_thread_blocked, id=10216, stack(0x0000000016840000,0x0000000016940000)]
  0x00000000152fb800 JavaThread "Signal Dispatcher" daemon [_thread_blocked, id=9488, stack(0x0000000016740000,0x0000000016840000)]
  0x0000000002c1a000 JavaThread "Finalizer" daemon [_thread_blocked, id=212, stack(0x0000000016560000,0x0000000016660000)]
  0x0000000002c10000 JavaThread "Reference Handler" daemon [_thread_blocked, id=6632, stack(0x0000000016460000,0x0000000016560000)]
=>0x0000000002b23800 JavaThread "main" [_thread_in_Java, id=1988, stack(0x0000000002960000,0x0000000002a60000)]

Other Threads:
  0x00000000152b6800 VMThread [stack: 0x0000000016360000,0x0000000016460000] [id=2936]
  0x0000000016c8c800 WatcherThread [stack: 0x0000000017140000,0x0000000017240000] [id=4788]

VM state:not at safepoint (normal execution)

VM Mutex/Monitor currently owned by a thread: None

Heap:
 PSYoungGen      total 71680K, used 52548K [0x00000000eab00000, 0x00000000ef600000, 0x0000000100000000)
  eden space 66560K, 71% used [0x00000000eab00000,0x00000000ed952720,0x00000000eec00000)
  from space 5120K, 99% used [0x00000000ef100000,0x00000000ef5fec08,0x00000000ef600000)
  to   space 5120K, 0% used [0x00000000eec00000,0x00000000eec00000,0x00000000ef100000)
 ParOldGen       total 87552K, used 9105K [0x00000000c0000000, 0x00000000c5580000, 0x00000000eab00000)
  object space 87552K, 10% used [0x00000000c0000000,0x00000000c08e44e8,0x00000000c5580000)
 Metaspace       used 7127K, capacity 7736K, committed 7936K, reserved 1056768K
  class space    used 666K, capacity 688K, committed 768K, reserved 1048576K

Card table byte_map: [0x0000000011fe0000,0x00000000121f0000] byte_map_base: 0x00000000119e0000

Marking Bits: (ParMarkBitMap*) 0x000000006429a5b0
 Begin Bits: [0x0000000012750000, 0x0000000013750000)
 End Bits:   [0x0000000013750000, 0x0000000014750000)

Polling page: 0x0000000001150000

CodeCache: size=245760Kb used=8736Kb max_used=8736Kb free=237023Kb
 bounds [0x0000000002c20000, 0x00000000034b0000, 0x0000000011c20000]
 total_blobs=2529 nmethods=2251 adapters=190
 compilation: enabled

Compilation events (10 events):
Event: 2.701 Thread 0x00000000152f2800 nmethod 2260 0x00000000034a1190 code [0x00000000034a12e0, 0x00000000034a13d0]
Event: 2.702 Thread 0x00000000152f2800 2269       2       java.nio.Buffer::remaining (10 bytes)
Event: 2.702 Thread 0x00000000152f2800 nmethod 2269 0x00000000034a1450 code [0x00000000034a15a0, 0x00000000034a16f0]
Event: 2.702 Thread 0x00000000152f2800 2270       2       java.lang.String::compareTo (9 bytes)
Event: 2.702 Thread 0x00000000152f2800 nmethod 2270 0x00000000034a1750 code [0x00000000034a18c0, 0x00000000034a1a68]
Event: 2.702 Thread 0x00000000152f2800 2275       2       com.android.dex.Dex$Section::readInt (8 bytes)
Event: 2.702 Thread 0x00000000152f2800 nmethod 2275 0x00000000034a1b10 code [0x00000000034a1c80, 0x00000000034a1e08]
Event: 2.702 Thread 0x00000000152f2800 2279       1       java.nio.HeapByteBuffer::_get (7 bytes)
Event: 2.702 Thread 0x00000000152f2800 nmethod 2279 0x00000000034a1e90 code [0x00000000034a1fe0, 0x00000000034a2110]
Event: 2.702 Thread 0x00000000152f2800 2276       2       java.nio.HeapByteBuffer::getInt (18 bytes)

GC Heap History (4 events):
Event: 1.171 GC heap before
{Heap before GC invocations=1 (full 0):
 PSYoungGen      total 38400K, used 33280K [0x00000000eab00000, 0x00000000ed580000, 0x0000000100000000)
  eden space 33280K, 100% used [0x00000000eab00000,0x00000000ecb80000,0x00000000ecb80000)
  from space 5120K, 0% used [0x00000000ed080000,0x00000000ed080000,0x00000000ed580000)
  to   space 5120K, 0% used [0x00000000ecb80000,0x00000000ecb80000,0x00000000ed080000)
 ParOldGen       total 87552K, used 0K [0x00000000c0000000, 0x00000000c5580000, 0x00000000eab00000)
  object space 87552K, 0% used [0x00000000c0000000,0x00000000c0000000,0x00000000c5580000)
 Metaspace       used 5719K, capacity 6960K, committed 7040K, reserved 1056768K
  class space    used 566K, capacity 616K, committed 640K, reserved 1048576K
Event: 1.204 GC heap after
Heap after GC invocations=1 (full 0):
 PSYoungGen      total 38400K, used 5119K [0x00000000eab00000, 0x00000000ef600000, 0x0000000100000000)
  eden space 33280K, 0% used [0x00000000eab00000,0x00000000eab00000,0x00000000ecb80000)
  from space 5120K, 99% used [0x00000000ecb80000,0x00000000ed07fd68,0x00000000ed080000)
  to   space 5120K, 0% used [0x00000000ef100000,0x00000000ef100000,0x00000000ef600000)
 ParOldGen       total 87552K, used 3532K [0x00000000c0000000, 0x00000000c5580000, 0x00000000eab00000)
  object space 87552K, 4% used [0x00000000c0000000,0x00000000c0373320,0x00000000c5580000)
 Metaspace       used 5719K, capacity 6960K, committed 7040K, reserved 1056768K
  class space    used 566K, capacity 616K, committed 640K, reserved 1048576K
}
Event: 1.817 GC heap before
{Heap before GC invocations=2 (full 0):
 PSYoungGen      total 38400K, used 38399K [0x00000000eab00000, 0x00000000ef600000, 0x0000000100000000)
  eden space 33280K, 100% used [0x00000000eab00000,0x00000000ecb80000,0x00000000ecb80000)
  from space 5120K, 99% used [0x00000000ecb80000,0x00000000ed07fd68,0x00000000ed080000)
  to   space 5120K, 0% used [0x00000000ef100000,0x00000000ef100000,0x00000000ef600000)
 ParOldGen       total 87552K, used 3532K [0x00000000c0000000, 0x00000000c5580000, 0x00000000eab00000)
  object space 87552K, 4% used [0x00000000c0000000,0x00000000c0373320,0x00000000c5580000)
 Metaspace       used 5994K, capacity 7152K, committed 7296K, reserved 1056768K
  class space    used 579K, capacity 616K, committed 640K, reserved 1048576K
Event: 1.860 GC heap after
Heap after GC invocations=2 (full 0):
 PSYoungGen      total 71680K, used 5115K [0x00000000eab00000, 0x00000000ef600000, 0x0000000100000000)
  eden space 66560K, 0% used [0x00000000eab00000,0x00000000eab00000,0x00000000eec00000)
  from space 5120K, 99% used [0x00000000ef100000,0x00000000ef5fec08,0x00000000ef600000)
  to   space 5120K, 0% used [0x00000000eec00000,0x00000000eec00000,0x00000000ef100000)
 ParOldGen       total 87552K, used 9105K [0x00000000c0000000, 0x00000000c5580000, 0x00000000eab00000)
  object space 87552K, 10% used [0x00000000c0000000,0x00000000c08e44e8,0x00000000c5580000)
 Metaspace       used 5994K, capacity 7152K, committed 7296K, reserved 1056768K
  class space    used 579K, capacity 616K, committed 640K, reserved 1048576K
}

Deoptimization events (10 events):
Event: 2.202 Thread 0x0000000002b23800 Uncommon trap: reason=bimorphic action=maybe_recompile pc=0x0000000002eec434 method=java.util.HashMap.getNode(ILjava/lang/Object;)Ljava/util/HashMap$Node; @ 126
Event: 2.230 Thread 0x0000000002b23800 Uncommon trap: reason=class_check action=maybe_recompile pc=0x0000000002efffe0 method=java.util.HashMap.putVal(ILjava/lang/Object;Ljava/lang/Object;ZZ)Ljava/lang/Object; @ 203
Event: 2.230 Thread 0x0000000002b23800 Uncommon trap: reason=class_check action=maybe_recompile pc=0x0000000002efffe0 method=java.util.HashMap.putVal(ILjava/lang/Object;Ljava/lang/Object;ZZ)Ljava/lang/Object; @ 203
Event: 2.230 Thread 0x0000000002b23800 Uncommon trap: reason=class_check action=maybe_recompile pc=0x0000000002efffe0 method=java.util.HashMap.putVal(ILjava/lang/Object;Ljava/lang/Object;ZZ)Ljava/lang/Object; @ 203
Event: 2.230 Thread 0x0000000002b23800 Uncommon trap: reason=class_check action=maybe_recompile pc=0x0000000002efffe0 method=java.util.HashMap.putVal(ILjava/lang/Object;Ljava/lang/Object;ZZ)Ljava/lang/Object; @ 203
Event: 2.230 Thread 0x0000000002b23800 Uncommon trap: reason=class_check action=maybe_recompile pc=0x0000000002f0260c method=java.util.HashMap.putVal(ILjava/lang/Object;Ljava/lang/Object;ZZ)Ljava/lang/Object; @ 203
Event: 2.254 Thread 0x0000000002b23800 Uncommon trap: reason=unstable_if action=reinterpret pc=0x00000000033a9034 method=java.util.HashMap.putVal(ILjava/lang/Object;Ljava/lang/Object;ZZ)Ljava/lang/Object; @ 94
Event: 2.258 Thread 0x0000000002b23800 Uncommon trap: reason=unstable_if action=reinterpret pc=0x00000000033a5bb4 method=java.util.HashMap.putVal(ILjava/lang/Object;Ljava/lang/Object;ZZ)Ljava/lang/Object; @ 206
Event: 2.638 Thread 0x0000000002b23800 Uncommon trap: reason=unstable_if action=reinterpret pc=0x00000000030543dc method=java.util.Arrays.copyOf([Ljava/lang/Object;ILjava/lang/Class;)[Ljava/lang/Object; @ 3
Event: 2.696 Thread 0x0000000002b23800 Uncommon trap: reason=unstable_if action=reinterpret pc=0x0000000002e96314 method=java.lang.String.<init>([CII)V @ 18

Internal exceptions (3 events):
Event: 0.041 Thread 0x0000000002b23800 Exception <a 'java/lang/NoSuchMethodError': Method sun.misc.Unsafe.defineClass(Ljava/lang/String;[BII)Ljava/lang/Class; name or signature does not match> (0x00000000eab130a8) thrown at [C:\re\workspace\8-2-build-windows-amd64-cygwin\jdk8u60\4407\hotspot\sr@á]M¥?
Event: 0.041 Thread 0x0000000002b23800 Exception <a 'java/lang/NoSuchMethodError': Method sun.misc.Unsafe.prefetchRead(Ljava/lang/Object;J)V name or signature does not match> (0x00000000eab13390) thrown at [C:\re\workspace\8-2-build-windows-amd64-cygwin\jdk8u60\4407\hotspot\src\share\vm\prims\j€wÉ7—Xø?
Event: 1.522 Thread 0x0000000016d9b000 Implicit null exception at 0x000000000312d6e2 to 0x000000000312d781

Events (10 events):
Event: 2.695 loading class com/android/dx/merge/InstructionTransformer$MethodVisitor done
Event: 2.695 loading class com/android/dx/merge/DexMerger$1
Event: 2.695 loading class com/android/dx/merge/DexMerger$1 done
Event: 2.695 loading class com/android/dx/merge/DexMerger$IdMerger
Event: 2.695 loading class com/android/dx/merge/DexMerger$IdMerger done
Event: 2.696 loading class com/android/dex/Mutf8
Event: 2.696 loading class com/android/dex/Mutf8 done
Event: 2.696 Thread 0x0000000002b23800 Uncommon trap: trap_request=0xffffff65 fr.pc=0x0000000002e96314
Event: 2.696 Thread 0x0000000002b23800 DEOPT PACKING pc=0x0000000002e96314 sp=0x0000000002a5ec10
Event: 2.696 Thread 0x0000000002b23800 DEOPT UNPACKING pc=0x0000000002c6556a sp=0x0000000002a5ebf8 mode 2


Dynamic libraries:
0x00007ff782eb0000 - 0x00007ff782ee7000 	E:\Java\jdk1.8.0_60\bin\java.exe
0x00007fff9cbe0000 - 0x00007fff9cd8c000 	C:\WINDOWS\SYSTEM32\ntdll.dll
0x00007fff9b4c0000 - 0x00007fff9b5fe000 	C:\WINDOWS\system32\KERNEL32.DLL
0x00007fff9a040000 - 0x00007fff9a155000 	C:\WINDOWS\system32\KERNELBASE.dll
0x00007fff98990000 - 0x00007fff98a1e000 	C:\WINDOWS\system32\apphelp.dll
0x00007fff90660000 - 0x00007fff906b3000 	C:\WINDOWS\AppPatch\AppPatch64\AcGenral.DLL
0x00007fff9a9a0000 - 0x00007fff9aa4a000 	C:\WINDOWS\system32\msvcrt.dll
0x00007fff99b00000 - 0x00007fff99b2e000 	C:\WINDOWS\SYSTEM32\SspiCli.dll
0x00007fff9ae70000 - 0x00007fff9aec4000 	C:\WINDOWS\system32\SHLWAPI.dll
0x00007fff9b340000 - 0x00007fff9b4b7000 	C:\WINDOWS\system32\USER32.dll
0x00007fff9a650000 - 0x00007fff9a7e4000 	C:\WINDOWS\system32\ole32.dll
0x00007fff9b600000 - 0x00007fff9cb2b000 	C:\WINDOWS\system32\SHELL32.dll
0x00007fff992d0000 - 0x00007fff992f1000 	C:\WINDOWS\SYSTEM32\USERENV.dll
0x00007fff9cb30000 - 0x00007fff9cbda000 	C:\WINDOWS\system32\ADVAPI32.dll
0x00007fff8bb00000 - 0x00007fff8bb1e000 	C:\WINDOWS\SYSTEM32\MPR.dll
0x00007fff9a500000 - 0x00007fff9a641000 	C:\WINDOWS\system32\RPCRT4.dll
0x00007fff9b2e0000 - 0x00007fff9b339000 	C:\WINDOWS\SYSTEM32\sechost.dll
0x00007fff9aed0000 - 0x00007fff9b0e1000 	C:\WINDOWS\SYSTEM32\combase.dll
0x00007fff9ab70000 - 0x00007fff9acbf000 	C:\WINDOWS\system32\GDI32.dll
0x00007fff99d30000 - 0x00007fff99d45000 	C:\WINDOWS\SYSTEM32\profapi.dll
0x00007fff987f0000 - 0x00007fff988a2000 	C:\WINDOWS\SYSTEM32\SHCORE.dll
0x00007fff9aa50000 - 0x00007fff9aa86000 	C:\WINDOWS\system32\IMM32.DLL
0x00007fff9b120000 - 0x00007fff9b272000 	C:\WINDOWS\system32\MSCTF.dll
0x00007fff98170000 - 0x00007fff983eb000 	C:\WINDOWS\WinSxS\amd64_microsoft.windows.common-controls_6595b64144ccf1df_6.0.9600.18006_none_623f33d3ecbe86e8\COMCTL32.dll
0x00000000636e0000 - 0x00000000637b2000 	E:\Java\jdk1.8.0_60\jre\bin\msvcr100.dll
0x0000000063a90000 - 0x0000000064319000 	E:\Java\jdk1.8.0_60\jre\bin\server\jvm.dll
0x00007fff94020000 - 0x00007fff94029000 	C:\WINDOWS\SYSTEM32\WSOCK32.dll
0x00007fff983f0000 - 0x00007fff98412000 	C:\WINDOWS\SYSTEM32\WINMM.dll
0x00007fff98420000 - 0x00007fff9842a000 	C:\WINDOWS\SYSTEM32\VERSION.dll
0x00007fff9b110000 - 0x00007fff9b117000 	C:\WINDOWS\system32\PSAPI.DLL
0x00007fff9b280000 - 0x00007fff9b2da000 	C:\WINDOWS\system32\WS2_32.dll
0x00007fff98130000 - 0x00007fff9815a000 	C:\WINDOWS\SYSTEM32\WINMMBASE.dll
0x00007fff9acc0000 - 0x00007fff9acc9000 	C:\WINDOWS\system32\NSI.dll
0x00007fff9a160000 - 0x00007fff9a1af000 	C:\WINDOWS\SYSTEM32\cfgmgr32.dll
0x00007fff98950000 - 0x00007fff98978000 	C:\WINDOWS\SYSTEM32\DEVOBJ.dll
0x0000000063a80000 - 0x0000000063a8f000 	E:\Java\jdk1.8.0_60\jre\bin\verify.dll
0x0000000063a50000 - 0x0000000063a79000 	E:\Java\jdk1.8.0_60\jre\bin\java.dll
0x0000000063a30000 - 0x0000000063a46000 	E:\Java\jdk1.8.0_60\jre\bin\zip.dll
0x00007fff94410000 - 0x00007fff94599000 	C:\WINDOWS\SYSTEM32\dbghelp.dll

VM Arguments:
jvm_args: -Xmx1024M -Dfile.encoding=windows-1251 -Duser.country=RU -Duser.language=ru -Duser.variant 
java_command: com.android.dx.command.Main --dex --num-threads=4 --output E:\Android\AndroidStudioProjects\LoftblogMoneyTracker\app\build\intermediates\dex\debug E:\Android\AndroidStudioProjects\LoftblogMoneyTracker\app\build\intermediates\classes\debug E:\Android\AndroidStudioProjects\LoftblogMoneyTracker\app\build\intermediates\pre-dexed\debug\support-annotations-23.0.1-e6941ffc9cbf1270b1623cf686ba7082dcc4df08.jar E:\Android\AndroidStudioProjects\LoftblogMoneyTracker\app\build\intermediates\pre-dexed\debug\classes-8feaabbfb5bdbff71ed9eb50acb4a8fe317bd8e4.jar E:\Android\AndroidStudioProjects\LoftblogMoneyTracker\app\build\intermediates\pre-dexed\debug\classes-8c1319393e271eff68e10a9dcae07a2783f674be.jar E:\Android\AndroidStudioProjects\LoftblogMoneyTracker\app\build\intermediates\pre-dexed\debug\internal_impl-22.2.0-0e6d9ecdf28e1d5717a3b05e5efcbaa26aefd913.jar E:\Android\AndroidStudioProjects\LoftblogMoneyTracker\app\build\intermediates\pre-dexed\debug\classes-96a27b206b99b387079686bb2c6db4d651bf67b0.jar E:\Android\AndroidStudioProjects\LoftblogMoneyTracker\app\build\intermediates\pre-dexed\debug\classes-b570df61e751229d205547820db2b138f3d2f62b.jar E:\Android\AndroidStudioProjects\LoftblogMoneyTracker\app\build\intermediates\pre-dexed\debug\classes-52b7275268a9e54f348a2faeff70a90613f238e9.jar E:\Android\AndroidStudioProjects\LoftblogMoneyTracker\app\build\intermediates\pre-dexed\debug\classes-472fb590b2ae42e351cdbbab4f5c927f6cbdb130.jar E:\Android\AndroidStudioProjects\LoftblogMoneyTracker\app\build\intermediates\pre-dexed\debug\classes-352d93e2966ff5ab712c233f0fb1f206edd2d56d.jar E:\Android\AndroidStudioProjects\LoftblogMoneyTracker\app\build\intermediates\pre-dexed\debug\classes-de409459780203812a068d576aa5d4d22ec493da.jar E:\Android\AndroidStudioProjects\LoftblogMoneyTracker\app\build\intermediates\pre-dexed\debug\classes-929da88a3328213b151763d457f179989be7055b.jar E:\Android\AndroidStudioProjects\LoftblogMoneyTracker\app\build\intermediates\pre-dexed\debug\ac
java_class_path (initial): E:\Android\sdk\build-tools\23.0.1\lib\dx.jar
Launcher Type: SUN_STANDARD

Environment Variables:
PATH=C:\ProgramData\Oracle\Java\javapath;C:\WINDOWS\system32;C:\WINDOWS;C:\WINDOWS\System32\Wbem;C:\WINDOWS\System32\WindowsPowerShell\v1.0\;C:\Program Files (x86)\Common Files\Acronis\SnapAPI\;C:\Program Files (x86)\Common Files\Autodesk Shared\;C:\Program Files\Microsoft\Web Platform Installer\;C:\Program Files (x86)\Microsoft ASP.NET\ASP.NET Web Pages\v1.0\;C:\Program Files\Microsoft SQL Server\110\Tools\Binn\;C:\Program Files\Common Files\Autodesk Shared\;C:\Program Files (x86)\NVIDIA Corporation\PhysX\Common;C:\Program Files (x86)\Skype\Phone\
USERNAME=Àëåêñàíäð
OS=Windows_NT
PROCESSOR_IDENTIFIER=Intel64 Family 6 Model 15 Stepping 11, GenuineIntel



---------------  S Y S T E M  ---------------

OS: Windows 8.1 , 64 bit Build 9600 (6.3.9600.17415)

CPU:total 4 (4 cores per cpu, 1 threads per core) family 6 model 15 stepping 11, cmov, cx8, fxsr, mmx, sse, sse2, sse3, ssse3, tsc

Memory: 4k page, physical 8387492k(1695056k free), swap 16776356k(3929280k free)

vm_info: Java HotSpot(TM) 64-Bit Server VM (25.60-b23) for windows-amd64 JRE (1.8.0_60-b27), built on Aug  4 2015 11:06:27 by "java_re" with MS VC++ 10.0 (VS2010)

time: Wed Oct 21 17:50:31 2015
elapsed time: 2 seconds (0d 0h 0m 2s)

