#
# A fatal error has been detected by the Java Runtime Environment:
#
#  EXCEPTION_ACCESS_VIOLATION (0xc0000005) at pc=0xffffffffa3125120, pid=8824, tid=4828
#
# JRE version: Java(TM) SE Runtime Environment (8.0_60-b27) (build 1.8.0_60-b27)
# Java VM: Java HotSpot(TM) 64-Bit Server VM (25.60-b23 mixed mode windows-amd64 compressed oops)
# Problematic frame:
# C  0xffffffffa3125120
#
# Failed to write core dump. Minidumps are not enabled by default on client versions of Windows
#
# If you would like to submit a bug report, please visit:
#   http://bugreport.java.com/bugreport/crash.jsp
#

---------------  T H R E A D  ---------------

Current thread (0x0000000002023800):  JavaThread "main" [_thread_in_Java, id=4828, stack(0x0000000001e20000,0x0000000001f20000)]

siginfo: ExceptionCode=0xc0000005, ExceptionInformation=0x0000000000000008 0xffffffffa3125120

Registers:
RAX=0x0000000100028d98, RBX=0x0000000000000108, RCX=0x00000000edb76e90, RDX=0x00000000eda26aa8
RSP=0x0000000001f1ecc8, RBP=0x0000000001f1ef08, RSI=0x0000000100028d98, RDI=0x00000000eda26aa8
R8 =0x0000000000000002, R9 =0x00000000eda007e8, R10=0x0000000100028d98, R11=0x0000000002ad2820
R12=0x0000000000000000, R13=0x0000000001f1eeb8, R14=0x0000000000000000, R15=0x0000000002023800
RIP=0xffffffffa3125120, EFLAGS=0x0000000000010202

Top of Stack: (sp=0x0000000001f1ecc8)
0x0000000001f1ecc8:   0000000002ac8654 0000000000000000
0x0000000001f1ecd8:   0000000000000000 0000000002023800
0x0000000001f1ece8:   0000000000000000 0000000002023800
0x0000000001f1ecf8:   0000000000000000 0000000001f1eeb8
0x0000000001f1ed08:   0000000000000000 0000000001f1ef08
0x0000000001f1ed18:   0000000002a9e9dc 00000000eda007e8
0x0000000001f1ed28:   0000000000000001 0000000000000000
0x0000000001f1ed38:   0000000014511420 0000000001f1ef08
0x0000000001f1ed48:   0000000002aafa64 0000000013fa0558
0x0000000001f1ed58:   00000000eda26aa8 0000000000000174
0x0000000001f1ed68:   00000000eda26aa8 0000000001f1ef08
0x0000000001f1ed78:   0000000002aca15c ffffffffffffffff
0x0000000001f1ed88:   000008db000149d8 00000000eda26aa8
0x0000000001f1ed98:   0000000014526d80 0000000001f1ef08
0x0000000001f1eda8:   00000000edb76ea8 00000000edb76ea8
0x0000000001f1edb8:   0000000002125410 0000000001f1ef08 

Instructions: (pc=0xffffffffa3125120)
0xffffffffa3125100:   
[error occurred during error reporting (printing registers, top of stack, instructions near pc), id 0xc0000005]

Register to memory mapping:

RAX=0x0000000100028d98 is pointing into metadata
RBX=0x0000000000000108 is an unknown value
RCX=0x00000000edb76e90 is an oop
com.android.dx.merge.DexMerger$5 
 - klass: 'com/android/dx/merge/DexMerger$5'
RDX=0x00000000eda26aa8 is an oop
java.nio.HeapByteBuffer 
 - klass: 'java/nio/HeapByteBuffer'
RSP=0x0000000001f1ecc8 is pointing into the stack for thread: 0x0000000002023800
RBP=0x0000000001f1ef08 is pointing into the stack for thread: 0x0000000002023800
RSI=0x0000000100028d98 is pointing into metadata
RDI=0x00000000eda26aa8 is an oop
java.nio.HeapByteBuffer 
 - klass: 'java/nio/HeapByteBuffer'
R8 =0x0000000000000002 is an unknown value
R9 =0x00000000eda007e8 is an oop
com.android.dx.merge.IndexMap 
 - klass: 'com/android/dx/merge/IndexMap'
R10=0x0000000100028d98 is pointing into metadata
R11=0x0000000002ad2820 is at entry_point+32 in (nmethod*)0x0000000002ad2650
R12=0x0000000000000000 is an unknown value
R13=0x0000000001f1eeb8 is pointing into the stack for thread: 0x0000000002023800
R14=0x0000000000000000 is an unknown value
R15=0x0000000002023800 is a thread


Stack: [0x0000000001e20000,0x0000000001f20000],  sp=0x0000000001f1ecc8,  free space=1019k
Native frames: (J=compiled Java code, j=interpreted, Vv=VM code, C=native code)
C  0xffffffffa3125120


---------------  P R O C E S S  ---------------

Java Threads: ( => current thread )
  0x000000001484e000 JavaThread "Service Thread" daemon [_thread_blocked, id=11004, stack(0x0000000016520000,0x0000000016620000)]
  0x00000000147fd800 JavaThread "C1 CompilerThread2" daemon [_thread_blocked, id=956, stack(0x0000000016020000,0x0000000016120000)]
  0x00000000147f4800 JavaThread "C2 CompilerThread1" daemon [_thread_blocked, id=8736, stack(0x0000000015f20000,0x0000000016020000)]
  0x00000000147ee000 JavaThread "C2 CompilerThread0" daemon [_thread_blocked, id=9452, stack(0x0000000015e20000,0x0000000015f20000)]
  0x00000000147ed000 JavaThread "Attach Listener" daemon [_thread_blocked, id=9284, stack(0x0000000015d20000,0x0000000015e20000)]
  0x00000000147fb800 JavaThread "Signal Dispatcher" daemon [_thread_blocked, id=9680, stack(0x0000000015c20000,0x0000000015d20000)]
  0x0000000002119000 JavaThread "Finalizer" daemon [_thread_blocked, id=10124, stack(0x0000000015a40000,0x0000000015b40000)]
  0x0000000002110800 JavaThread "Reference Handler" daemon [_thread_blocked, id=11080, stack(0x0000000015940000,0x0000000015a40000)]
=>0x0000000002023800 JavaThread "main" [_thread_in_Java, id=4828, stack(0x0000000001e20000,0x0000000001f20000)]

Other Threads:
  0x00000000147b6800 VMThread [stack: 0x0000000015840000,0x0000000015940000] [id=9996]
  0x000000001616a000 WatcherThread [stack: 0x0000000016620000,0x0000000016720000] [id=10820]

VM state:not at safepoint (normal execution)

VM Mutex/Monitor currently owned by a thread: None

Heap:
 PSYoungGen      total 71680K, used 55371K [0x00000000eab00000, 0x00000000ef600000, 0x0000000100000000)
  eden space 66560K, 75% used [0x00000000eab00000,0x00000000edc15620,0x00000000eec00000)
  from space 5120K, 99% used [0x00000000ef100000,0x00000000ef5fd628,0x00000000ef600000)
  to   space 5120K, 0% used [0x00000000eec00000,0x00000000eec00000,0x00000000ef100000)
 ParOldGen       total 87552K, used 9202K [0x00000000c0000000, 0x00000000c5580000, 0x00000000eab00000)
  object space 87552K, 10% used [0x00000000c0000000,0x00000000c08fcab8,0x00000000c5580000)
 Metaspace       used 7206K, capacity 7800K, committed 7936K, reserved 1056768K
  class space    used 671K, capacity 688K, committed 768K, reserved 1048576K

Card table byte_map: [0x00000000114e0000,0x00000000116f0000] byte_map_base: 0x0000000010ee0000

Marking Bits: (ParMarkBitMap*) 0x000000006429a5b0
 Begin Bits: [0x0000000011c50000, 0x0000000012c50000)
 End Bits:   [0x0000000012c50000, 0x0000000013c50000)

Polling page: 0x0000000000620000

CodeCache: size=245760Kb used=9922Kb max_used=9935Kb free=235837Kb
 bounds [0x0000000002120000, 0x0000000002ae0000, 0x0000000011120000]
 total_blobs=2721 nmethods=2445 adapters=190
 compilation: enabled

Compilation events (10 events):
Event: 3.910 Thread 0x00000000147fd800 2447       3       com.android.dx.merge.DexMerger$5::write (9 bytes)
Event: 3.910 Thread 0x00000000147fd800 nmethod 2447 0x0000000002ad2650 code [0x0000000002ad2800, 0x0000000002ad2ec8]
Event: 3.912 Thread 0x00000000147f4800 nmethod 2336% 0x0000000002ad6390 code [0x0000000002ad64e0, 0x0000000002ad6a98]
Event: 3.912 Thread 0x00000000147f4800 2407       4       com.android.dex.Mutf8::encode (153 bytes)
Event: 3.914 Thread 0x00000000147ee000 nmethod 2406 0x0000000002ad3d10 code [0x0000000002ad3ea0, 0x0000000002ad47b8]
Event: 3.914 Thread 0x00000000147ee000 2450       4       java.nio.Buffer::nextGetIndex (38 bytes)
Event: 3.915 Thread 0x00000000147ee000 nmethod 2450 0x0000000002ac7910 code [0x0000000002ac7a40, 0x0000000002ac7ad8]
Event: 3.915 Thread 0x00000000147ee000 2451       4       java.nio.Buffer::nextPutIndex (38 bytes)
Event: 3.915 Thread 0x00000000147ee000 nmethod 2451 0x0000000002ad7310 code [0x0000000002ad7440, 0x0000000002ad74d8]
Event: 3.915 Thread 0x00000000147ee000 2454       4       java.nio.HeapByteBuffer::putShort (20 bytes)

GC Heap History (4 events):
Event: 1.581 GC heap before
{Heap before GC invocations=1 (full 0):
 PSYoungGen      total 38400K, used 33280K [0x00000000eab00000, 0x00000000ed580000, 0x0000000100000000)
  eden space 33280K, 100% used [0x00000000eab00000,0x00000000ecb80000,0x00000000ecb80000)
  from space 5120K, 0% used [0x00000000ed080000,0x00000000ed080000,0x00000000ed580000)
  to   space 5120K, 0% used [0x00000000ecb80000,0x00000000ecb80000,0x00000000ed080000)
 ParOldGen       total 87552K, used 0K [0x00000000c0000000, 0x00000000c5580000, 0x00000000eab00000)
  object space 87552K, 0% used [0x00000000c0000000,0x00000000c0000000,0x00000000c5580000)
 Metaspace       used 5758K, capacity 6960K, committed 7040K, reserved 1056768K
  class space    used 566K, capacity 616K, committed 640K, reserved 1048576K
Event: 1.612 GC heap after
Heap after GC invocations=1 (full 0):
 PSYoungGen      total 38400K, used 5119K [0x00000000eab00000, 0x00000000ef600000, 0x0000000100000000)
  eden space 33280K, 0% used [0x00000000eab00000,0x00000000eab00000,0x00000000ecb80000)
  from space 5120K, 99% used [0x00000000ecb80000,0x00000000ed07fc28,0x00000000ed080000)
  to   space 5120K, 0% used [0x00000000ef100000,0x00000000ef100000,0x00000000ef600000)
 ParOldGen       total 87552K, used 3576K [0x00000000c0000000, 0x00000000c5580000, 0x00000000eab00000)
  object space 87552K, 4% used [0x00000000c0000000,0x00000000c037e218,0x00000000c5580000)
 Metaspace       used 5758K, capacity 6960K, committed 7040K, reserved 1056768K
  class space    used 566K, capacity 616K, committed 640K, reserved 1048576K
}
Event: 2.719 GC heap before
{Heap before GC invocations=2 (full 0):
 PSYoungGen      total 38400K, used 38399K [0x00000000eab00000, 0x00000000ef600000, 0x0000000100000000)
  eden space 33280K, 100% used [0x00000000eab00000,0x00000000ecb80000,0x00000000ecb80000)
  from space 5120K, 99% used [0x00000000ecb80000,0x00000000ed07fc28,0x00000000ed080000)
  to   space 5120K, 0% used [0x00000000ef100000,0x00000000ef100000,0x00000000ef600000)
 ParOldGen       total 87552K, used 3576K [0x00000000c0000000, 0x00000000c5580000, 0x00000000eab00000)
  object space 87552K, 4% used [0x00000000c0000000,0x00000000c037e218,0x00000000c5580000)
 Metaspace       used 6034K, capacity 7152K, committed 7296K, reserved 1056768K
  class space    used 579K, capacity 616K, committed 640K, reserved 1048576K
Event: 2.761 GC heap after
Heap after GC invocations=2 (full 0):
 PSYoungGen      total 71680K, used 5109K [0x00000000eab00000, 0x00000000ef600000, 0x0000000100000000)
  eden space 66560K, 0% used [0x00000000eab00000,0x00000000eab00000,0x00000000eec00000)
  from space 5120K, 99% used [0x00000000ef100000,0x00000000ef5fd628,0x00000000ef600000)
  to   space 5120K, 0% used [0x00000000eec00000,0x00000000eec00000,0x00000000ef100000)
 ParOldGen       total 87552K, used 9202K [0x00000000c0000000, 0x00000000c5580000, 0x00000000eab00000)
  object space 87552K, 10% used [0x00000000c0000000,0x00000000c08fcab8,0x00000000c5580000)
 Metaspace       used 6034K, capacity 7152K, committed 7296K, reserved 1056768K
  class space    used 579K, capacity 616K, committed 640K, reserved 1048576K
}

Deoptimization events (10 events):
Event: 3.736 Thread 0x0000000002023800 Uncommon trap: reason=unstable_if action=reinterpret pc=0x0000000002a01700 method=com.android.dx.util.ByteArrayAnnotatedOutput.writeUleb128(I)I @ 4
Event: 3.736 Thread 0x0000000002023800 Uncommon trap: reason=unstable_if action=reinterpret pc=0x0000000002a0854c method=com.android.dx.util.ByteArrayAnnotatedOutput.writeByte(I)V @ 13
Event: 3.772 Thread 0x0000000002023800 Uncommon trap: reason=unstable_if action=reinterpret pc=0x00000000024e501c method=java.util.Arrays.copyOf([Ljava/lang/Object;ILjava/lang/Class;)[Ljava/lang/Object; @ 3
Event: 3.774 Thread 0x0000000002023800 Uncommon trap: reason=speculate_class_check action=maybe_recompile pc=0x0000000002938c18 method=java.util.HashMap.putVal(ILjava/lang/Object;Ljava/lang/Object;ZZ)Ljava/lang/Object; @ 56
Event: 3.774 Thread 0x0000000002023800 Uncommon trap: reason=speculate_class_check action=maybe_recompile pc=0x0000000002938c54 method=java.util.HashMap.putVal(ILjava/lang/Object;Ljava/lang/Object;ZZ)Ljava/lang/Object; @ 152
Event: 3.774 Thread 0x0000000002023800 Uncommon trap: reason=speculate_class_check action=maybe_recompile pc=0x0000000002938c18 method=java.util.HashMap.putVal(ILjava/lang/Object;Ljava/lang/Object;ZZ)Ljava/lang/Object; @ 56
Event: 3.774 Thread 0x0000000002023800 Uncommon trap: reason=speculate_class_check action=maybe_recompile pc=0x0000000002938c18 method=java.util.HashMap.putVal(ILjava/lang/Object;Ljava/lang/Object;ZZ)Ljava/lang/Object; @ 56
Event: 3.774 Thread 0x0000000002023800 Uncommon trap: reason=class_check action=maybe_recompile pc=0x00000000029265a8 method=java.util.HashMap.putVal(ILjava/lang/Object;Ljava/lang/Object;ZZ)Ljava/lang/Object; @ 56
Event: 3.774 Thread 0x0000000002023800 Uncommon trap: reason=class_check action=maybe_recompile pc=0x00000000029265a8 method=java.util.HashMap.putVal(ILjava/lang/Object;Ljava/lang/Object;ZZ)Ljava/lang/Object; @ 56
Event: 3.837 Thread 0x0000000002023800 Uncommon trap: reason=unstable_if action=reinterpret pc=0x00000000024406d4 method=java.lang.String.<init>([CII)V @ 18

Internal exceptions (3 events):
Event: 0.039 Thread 0x0000000002023800 Exception <a 'java/lang/NoSuchMethodError': Method sun.misc.Unsafe.defineClass(Ljava/lang/String;[BII)Ljava/lang/Class; name or signature does not match> (0x00000000eab13038) thrown at [C:\re\workspace\8-2-build-windows-amd64-cygwin\jdk8u60\4407\hotspot\sr•)†È––£?
Event: 0.039 Thread 0x0000000002023800 Exception <a 'java/lang/NoSuchMethodError': Method sun.misc.Unsafe.prefetchRead(Ljava/lang/Object;J)V name or signature does not match> (0x00000000eab13320) thrown at [C:\re\workspace\8-2-build-windows-amd64-cygwin\jdk8u60\4407\hotspot\src\share\vm\prims\j?3≈$±
Event: 2.086 Thread 0x0000000016284000 Implicit null exception at 0x0000000002692d22 to 0x0000000002692dc1

Events (10 events):
Event: 3.888 loading class com/android/dex/util/Unsigned
Event: 3.888 loading class com/android/dex/util/Unsigned done
Event: 3.900 loading class com/android/dx/merge/DexMerger$4
Event: 3.900 loading class com/android/dx/merge/DexMerger$4 done
Event: 3.900 loading class com/android/dex/ProtoId
Event: 3.900 loading class com/android/dex/ProtoId done
Event: 3.903 loading class com/android/dx/merge/DexMerger$5
Event: 3.903 loading class com/android/dx/merge/DexMerger$5 done
Event: 3.904 loading class com/android/dex/FieldId
Event: 3.904 loading class com/android/dex/FieldId done


Dynamic libraries:
0x00007ff782eb0000 - 0x00007ff782ee7000 	E:\Java\jdk1.8.0_60\bin\java.exe
0x00007fff9cbe0000 - 0x00007fff9cd8c000 	C:\WINDOWS\SYSTEM32\ntdll.dll
0x00007fff9b4c0000 - 0x00007fff9b5fe000 	C:\WINDOWS\system32\KERNEL32.DLL
0x00007fff9a040000 - 0x00007fff9a155000 	C:\WINDOWS\system32\KERNELBASE.dll
0x00007fff98990000 - 0x00007fff98a1e000 	C:\WINDOWS\system32\apphelp.dll
0x00007fff8ff70000 - 0x00007fff8ffc3000 	C:\WINDOWS\AppPatch\AppPatch64\AcGenral.DLL
0x00007fff9a9a0000 - 0x00007fff9aa4a000 	C:\WINDOWS\system32\msvcrt.dll
0x00007fff99b00000 - 0x00007fff99b2e000 	C:\WINDOWS\SYSTEM32\SspiCli.dll
0x00007fff9ae70000 - 0x00007fff9aec4000 	C:\WINDOWS\system32\SHLWAPI.dll
0x00007fff9b340000 - 0x00007fff9b4b7000 	C:\WINDOWS\system32\USER32.dll
0x00007fff9a650000 - 0x00007fff9a7e4000 	C:\WINDOWS\system32\ole32.dll
0x00007fff9b600000 - 0x00007fff9cb2b000 	C:\WINDOWS\system32\SHELL32.dll
0x00007fff992d0000 - 0x00007fff992f1000 	C:\WINDOWS\SYSTEM32\USERENV.dll
0x00007fff9cb30000 - 0x00007fff9cbda000 	C:\WINDOWS\system32\ADVAPI32.dll
0x00007fff8bb00000 - 0x00007fff8bb1e000 	C:\WINDOWS\SYSTEM32\MPR.dll
0x00007fff9a500000 - 0x00007fff9a641000 	C:\WINDOWS\system32\RPCRT4.dll
0x00007fff9b2e0000 - 0x00007fff9b339000 	C:\WINDOWS\SYSTEM32\sechost.dll
0x00007fff9aed0000 - 0x00007fff9b0e1000 	C:\WINDOWS\SYSTEM32\combase.dll
0x00007fff9ab70000 - 0x00007fff9acbf000 	C:\WINDOWS\system32\GDI32.dll
0x00007fff99d30000 - 0x00007fff99d45000 	C:\WINDOWS\SYSTEM32\profapi.dll
0x00007fff987f0000 - 0x00007fff988a2000 	C:\WINDOWS\SYSTEM32\SHCORE.dll
0x00007fff9aa50000 - 0x00007fff9aa86000 	C:\WINDOWS\system32\IMM32.DLL
0x00007fff9b120000 - 0x00007fff9b272000 	C:\WINDOWS\system32\MSCTF.dll
0x00007fff98170000 - 0x00007fff983eb000 	C:\WINDOWS\WinSxS\amd64_microsoft.windows.common-controls_6595b64144ccf1df_6.0.9600.18006_none_623f33d3ecbe86e8\COMCTL32.dll
0x0000000063550000 - 0x0000000063622000 	E:\Java\jdk1.8.0_60\jre\bin\msvcr100.dll
0x0000000063a90000 - 0x0000000064319000 	E:\Java\jdk1.8.0_60\jre\bin\server\jvm.dll
0x00007fff94020000 - 0x00007fff94029000 	C:\WINDOWS\SYSTEM32\WSOCK32.dll
0x00007fff983f0000 - 0x00007fff98412000 	C:\WINDOWS\SYSTEM32\WINMM.dll
0x00007fff98420000 - 0x00007fff9842a000 	C:\WINDOWS\SYSTEM32\VERSION.dll
0x00007fff9b110000 - 0x00007fff9b117000 	C:\WINDOWS\system32\PSAPI.DLL
0x00007fff9b280000 - 0x00007fff9b2da000 	C:\WINDOWS\system32\WS2_32.dll
0x00007fff98130000 - 0x00007fff9815a000 	C:\WINDOWS\SYSTEM32\WINMMBASE.dll
0x00007fff9acc0000 - 0x00007fff9acc9000 	C:\WINDOWS\system32\NSI.dll
0x00007fff9a160000 - 0x00007fff9a1af000 	C:\WINDOWS\SYSTEM32\cfgmgr32.dll
0x00007fff98950000 - 0x00007fff98978000 	C:\WINDOWS\SYSTEM32\DEVOBJ.dll
0x0000000063a80000 - 0x0000000063a8f000 	E:\Java\jdk1.8.0_60\jre\bin\verify.dll
0x0000000063a50000 - 0x0000000063a79000 	E:\Java\jdk1.8.0_60\jre\bin\java.dll
0x0000000063a30000 - 0x0000000063a46000 	E:\Java\jdk1.8.0_60\jre\bin\zip.dll
0x00007fff94410000 - 0x00007fff94599000 	C:\WINDOWS\SYSTEM32\dbghelp.dll

VM Arguments:
jvm_args: -Xmx1024M -Dfile.encoding=windows-1251 -Duser.country=RU -Duser.language=ru -Duser.variant 
java_command: com.android.dx.command.Main --dex --num-threads=4 --output E:\Android\AndroidStudioProjects\LoftblogMoneyTracker\app\build\intermediates\dex\debug E:\Android\AndroidStudioProjects\LoftblogMoneyTracker\app\build\intermediates\classes\debug E:\Android\AndroidStudioProjects\LoftblogMoneyTracker\app\build\intermediates\pre-dexed\debug\support-annotations-23.0.1-e6941ffc9cbf1270b1623cf686ba7082dcc4df08.jar E:\Android\AndroidStudioProjects\LoftblogMoneyTracker\app\build\intermediates\pre-dexed\debug\classes-8feaabbfb5bdbff71ed9eb50acb4a8fe317bd8e4.jar E:\Android\AndroidStudioProjects\LoftblogMoneyTracker\app\build\intermediates\pre-dexed\debug\classes-8c1319393e271eff68e10a9dcae07a2783f674be.jar E:\Android\AndroidStudioProjects\LoftblogMoneyTracker\app\build\intermediates\pre-dexed\debug\internal_impl-22.2.0-0e6d9ecdf28e1d5717a3b05e5efcbaa26aefd913.jar E:\Android\AndroidStudioProjects\LoftblogMoneyTracker\app\build\intermediates\pre-dexed\debug\classes-96a27b206b99b387079686bb2c6db4d651bf67b0.jar E:\Android\AndroidStudioProjects\LoftblogMoneyTracker\app\build\intermediates\pre-dexed\debug\classes-b570df61e751229d205547820db2b138f3d2f62b.jar E:\Android\AndroidStudioProjects\LoftblogMoneyTracker\app\build\intermediates\pre-dexed\debug\classes-52b7275268a9e54f348a2faeff70a90613f238e9.jar E:\Android\AndroidStudioProjects\LoftblogMoneyTracker\app\build\intermediates\pre-dexed\debug\classes-472fb590b2ae42e351cdbbab4f5c927f6cbdb130.jar E:\Android\AndroidStudioProjects\LoftblogMoneyTracker\app\build\intermediates\pre-dexed\debug\classes-352d93e2966ff5ab712c233f0fb1f206edd2d56d.jar E:\Android\AndroidStudioProjects\LoftblogMoneyTracker\app\build\intermediates\pre-dexed\debug\classes-de409459780203812a068d576aa5d4d22ec493da.jar E:\Android\AndroidStudioProjects\LoftblogMoneyTracker\app\build\intermediates\pre-dexed\debug\classes-929da88a3328213b151763d457f179989be7055b.jar E:\Android\AndroidStudioProjects\LoftblogMoneyTracker\app\build\intermediates\pre-dexed\debug\ac
java_class_path (initial): E:\Android\sdk\build-tools\23.0.0\lib\dx.jar
Launcher Type: SUN_STANDARD

Environment Variables:
PATH=C:\ProgramData\Oracle\Java\javapath;C:\WINDOWS\system32;C:\WINDOWS;C:\WINDOWS\System32\Wbem;C:\WINDOWS\System32\WindowsPowerShell\v1.0\;C:\Program Files (x86)\Common Files\Acronis\SnapAPI\;C:\Program Files (x86)\Common Files\Autodesk Shared\;C:\Program Files\Microsoft\Web Platform Installer\;C:\Program Files (x86)\Microsoft ASP.NET\ASP.NET Web Pages\v1.0\;C:\Program Files\Microsoft SQL Server\110\Tools\Binn\;C:\Program Files\Common Files\Autodesk Shared\;C:\Program Files (x86)\NVIDIA Corporation\PhysX\Common;C:\Program Files (x86)\Skype\Phone\
USERNAME=¿ÎÂÍÒ‡Ì‰
OS=Windows_NT
PROCESSOR_IDENTIFIER=Intel64 Family 6 Model 15 Stepping 11, GenuineIntel



---------------  S Y S T E M  ---------------

OS: Windows 8.1 , 64 bit Build 9600 (6.3.9600.17415)

CPU:total 4 (4 cores per cpu, 1 threads per core) family 6 model 15 stepping 11, cmov, cx8, fxsr, mmx, sse, sse2, sse3, ssse3, tsc

Memory: 4k page, physical 8387492k(2034472k free), swap 16776356k(5324312k free)

vm_info: Java HotSpot(TM) 64-Bit Server VM (25.60-b23) for windows-amd64 JRE (1.8.0_60-b27), built on Aug  4 2015 11:06:27 by "java_re" with MS VC++ 10.0 (VS2010)

time: Thu Oct 22 21:14:46 2015
elapsed time: 3 seconds (0d 0h 0m 3s)

