#
# A fatal error has been detected by the Java Runtime Environment:
#
#  EXCEPTION_ACCESS_VIOLATION (0xc0000005) at pc=0xffffffffa3a55120, pid=8644, tid=5908
#
# JRE version: Java(TM) SE Runtime Environment (8.0_60-b27) (build 1.8.0_60-b27)
# Java VM: Java HotSpot(TM) 64-Bit Server VM (25.60-b23 mixed mode windows-amd64 compressed oops)
# Problematic frame:
# C  0xffffffffa3a55120
#
# Failed to write core dump. Minidumps are not enabled by default on client versions of Windows
#
# If you would like to submit a bug report, please visit:
#   http://bugreport.java.com/bugreport/crash.jsp
#

---------------  T H R E A D  ---------------

Current thread (0x0000000016cc8800):  JavaThread "pool-1-thread-2" [_thread_in_Java, id=5908, stack(0x0000000017250000,0x0000000017350000)]

siginfo: ExceptionCode=0xc0000005, ExceptionInformation=0x0000000000000008 0xffffffffa3a55120

Registers:
RAX=0x0000000014c75010, RBX=0x0000000014c75010, RCX=0x0000000014c43310, RDX=0x00000000ecbf3538
RSP=0x000000001734e628, RBP=0x000000001734e688, RSI=0x00000000eb9881d0, RDI=0x0000000014d68b48
R8 =0x00000000ecbf3538, R9 =0x0000000000000003, R10=0x0000000064282140, R11=0x0000000002ccb9e0
R12=0x0000000000000000, R13=0x000000001734e638, R14=0x000000001734e6b8, R15=0x0000000016cc8800
RIP=0xffffffffa3a55120, EFLAGS=0x0000000000010206

Top of Stack: (sp=0x000000001734e628)
0x000000001734e628:   0000000002a57200 0000000002a57200
0x000000001734e638:   00000000ecbf3538 00000000ecbf3538
0x000000001734e648:   000000001734e648 0000000014c40b65
0x000000001734e658:   000000001734e6b8 0000000014c43310
0x000000001734e668:   0000000014d118c8 0000000014c40c78
0x000000001734e678:   000000001734e638 000000001734e6c0
0x000000001734e688:   000000000000073f 0000000002ec555c
0x000000001734e698:   00000000ecb880f0 00000000ecb83dd8
0x000000001734e6a8:   00000000ecbf3538 00000000eb988190
0x000000001734e6b8:   00000000eb7592b0 0000000000000000
0x000000001734e6c8:   000000000301389c 0000000000000003
0x000000001734e6d8:   0000000000000001 00000000eb7c6bb8
0x000000001734e6e8:   00000000030115f0 00000000ecc024c0
0x000000001734e6f8:   00000000ecc00470 00000000eb7c5e10
0x000000001734e708:   0000000002e561b4 eb987fb8eb987fa0
0x000000001734e718:   00000000eb7592b0 000000010007fc48 

Instructions: (pc=0xffffffffa3a55120)
0xffffffffa3a55100:   
[error occurred during error reporting (printing registers, top of stack, instructions near pc), id 0xc0000005]

Register to memory mapping:

RAX={method} {0x0000000014c75018} 'isPossiblyAssignableFrom' '(Lcom/android/dx/rop/type/TypeBearer;Lcom/android/dx/rop/type/TypeBearer;)Z' in 'com/android/dx/cf/code/Merger'
RBX={method} {0x0000000014c75018} 'isPossiblyAssignableFrom' '(Lcom/android/dx/rop/type/TypeBearer;Lcom/android/dx/rop/type/TypeBearer;)Z' in 'com/android/dx/cf/code/Merger'
RCX=0x0000000014c43310 is pointing into metadata
RDX=0x00000000ecbf3538 is an oop
com.android.dx.rop.type.Type 
 - klass: 'com/android/dx/rop/type/Type'
RSP=0x000000001734e628 is pointing into the stack for thread: 0x0000000016cc8800
RBP=0x000000001734e688 is pointing into the stack for thread: 0x0000000016cc8800
RSI=0x00000000eb9881d0 is an oop
com.android.dx.cf.code.ExecutionStack 
 - klass: 'com/android/dx/cf/code/ExecutionStack'
RDI=0x0000000014d68b48 is pointing into metadata
R8 =0x00000000ecbf3538 is an oop
com.android.dx.rop.type.Type 
 - klass: 'com/android/dx/rop/type/Type'
R9 =0x0000000000000003 is an unknown value
R10=0x0000000064282140 is an unknown value
R11=0x0000000002ccb9e0 is at entry_point+0 in (nmethod*)0x0000000002ccb690
R12=0x0000000000000000 is an unknown value
R13=0x000000001734e638 is pointing into the stack for thread: 0x0000000016cc8800
R14=0x000000001734e6b8 is pointing into the stack for thread: 0x0000000016cc8800
R15=0x0000000016cc8800 is a thread


Stack: [0x0000000017250000,0x0000000017350000],  sp=0x000000001734e628,  free space=1017k
Native frames: (J=compiled Java code, j=interpreted, Vv=VM code, C=native code)
C  0xffffffffa3a55120


---------------  P R O C E S S  ---------------

Java Threads: ( => current thread )
  0x0000000016ccf000 JavaThread "pool-1-thread-4" [_thread_in_Java, id=1148, stack(0x0000000017450000,0x0000000017550000)]
  0x0000000016ccd000 JavaThread "pool-1-thread-3" [_thread_in_Java, id=4356, stack(0x0000000017350000,0x0000000017450000)]
=>0x0000000016cc8800 JavaThread "pool-1-thread-2" [_thread_in_Java, id=5908, stack(0x0000000017250000,0x0000000017350000)]
  0x0000000016cc4000 JavaThread "pool-2-thread-1" [_thread_blocked, id=8148, stack(0x0000000017150000,0x0000000017250000)]
  0x0000000016cc3800 JavaThread "pool-1-thread-1" [_thread_in_Java, id=8036, stack(0x0000000017050000,0x0000000017150000)]
  0x0000000016a55800 JavaThread "Service Thread" daemon [_thread_blocked, id=4368, stack(0x0000000016e50000,0x0000000016f50000)]
  0x000000001517b000 JavaThread "C1 CompilerThread2" daemon [_thread_blocked, id=9236, stack(0x0000000016950000,0x0000000016a50000)]
  0x0000000015178800 JavaThread "C2 CompilerThread1" daemon [_thread_blocked, id=3212, stack(0x0000000016850000,0x0000000016950000)]
  0x000000001511f800 JavaThread "C2 CompilerThread0" daemon [_thread_in_native, id=9780, stack(0x0000000016750000,0x0000000016850000)]
  0x000000001511e800 JavaThread "Attach Listener" daemon [_thread_blocked, id=8556, stack(0x0000000016650000,0x0000000016750000)]
  0x000000001511d000 JavaThread "Signal Dispatcher" daemon [_thread_blocked, id=9916, stack(0x0000000016550000,0x0000000016650000)]
  0x0000000002a47800 JavaThread "Finalizer" daemon [_thread_blocked, id=8696, stack(0x0000000016370000,0x0000000016470000)]
  0x0000000002a3e000 JavaThread "Reference Handler" daemon [_thread_blocked, id=9964, stack(0x0000000016270000,0x0000000016370000)]
  0x0000000002950800 JavaThread "main" [_thread_in_Java, id=9960, stack(0x00000000027a0000,0x00000000028a0000)]

Other Threads:
  0x00000000150e6000 VMThread [stack: 0x0000000016170000,0x0000000016270000] [id=9816]
  0x0000000016a6b800 WatcherThread [stack: 0x0000000016f50000,0x0000000017050000] [id=10376]

VM state:not at safepoint (normal execution)

VM Mutex/Monitor currently owned by a thread: None

Heap:
 PSYoungGen      total 38400K, used 20188K [0x00000000eab00000, 0x00000000ef600000, 0x0000000100000000)
  eden space 33280K, 45% used [0x00000000eab00000,0x00000000eb9b9628,0x00000000ecb80000)
  from space 5120K, 99% used [0x00000000ecb80000,0x00000000ed07dc88,0x00000000ed080000)
  to   space 5120K, 0% used [0x00000000ef100000,0x00000000ef100000,0x00000000ef600000)
 ParOldGen       total 87552K, used 1725K [0x00000000c0000000, 0x00000000c5580000, 0x00000000eab00000)
  object space 87552K, 1% used [0x00000000c0000000,0x00000000c01af400,0x00000000c5580000)
 Metaspace       used 6050K, capacity 7088K, committed 7296K, reserved 1056768K
  class space    used 587K, capacity 616K, committed 640K, reserved 1048576K

Card table byte_map: [0x0000000011e10000,0x0000000012020000] byte_map_base: 0x0000000011810000

Marking Bits: (ParMarkBitMap*) 0x000000006429a5b0
 Begin Bits: [0x0000000012580000, 0x0000000013580000)
 End Bits:   [0x0000000013580000, 0x0000000014580000)

Polling page: 0x0000000000f40000

CodeCache: size=245760Kb used=6400Kb max_used=6410Kb free=239359Kb
 bounds [0x0000000002a50000, 0x00000000030a0000, 0x0000000011a50000]
 total_blobs=1788 nmethods=1521 adapters=182
 compilation: enabled

Compilation events (10 events):
Event: 10.127 Thread 0x000000001517b000 nmethod 1525 0x00000000030905d0 code [0x00000000030907e0, 0x0000000003091308]
Event: 10.128 Thread 0x000000001517b000 1526       3       com.android.dx.util.Hex::u2 (44 bytes)
Event: 10.128 Thread 0x000000001511f800 nmethod 1519 0x000000000308fb50 code [0x000000000308fcc0, 0x00000000030900b8]
Event: 10.128 Thread 0x000000001511f800 1520       4       com.android.dx.rop.code.LocalVariableInfo::mergeStarts (75 bytes)
Event: 10.128 Thread 0x000000001517b000 nmethod 1526 0x000000000308b110 code [0x000000000308b2c0, 0x000000000308b938]
Event: 10.128 Thread 0x000000001517b000 1527       3       com.android.dx.cf.code.Ropper::getFirstTempStackReg (20 bytes)
Event: 10.129 Thread 0x000000001517b000 nmethod 1527 0x0000000003095a50 code [0x0000000003095be0, 0x00000000030961c8]
Event: 10.129 Thread 0x000000001517b000 1528       3       com.android.dx.cf.code.Ropper::getNormalRegCount (13 bytes)
Event: 10.129 Thread 0x000000001517b000 nmethod 1528 0x0000000003095510 code [0x0000000003095680, 0x0000000003095950]
Event: 10.130 Thread 0x0000000015178800 nmethod 1516 0x0000000003098110 code [0x00000000030982e0, 0x0000000003098890]

GC Heap History (2 events):
Event: 6.634 GC heap before
{Heap before GC invocations=1 (full 0):
 PSYoungGen      total 38400K, used 33280K [0x00000000eab00000, 0x00000000ed580000, 0x0000000100000000)
  eden space 33280K, 100% used [0x00000000eab00000,0x00000000ecb80000,0x00000000ecb80000)
  from space 5120K, 0% used [0x00000000ed080000,0x00000000ed080000,0x00000000ed580000)
  to   space 5120K, 0% used [0x00000000ecb80000,0x00000000ecb80000,0x00000000ed080000)
 ParOldGen       total 87552K, used 0K [0x00000000c0000000, 0x00000000c5580000, 0x00000000eab00000)
  object space 87552K, 0% used [0x00000000c0000000,0x00000000c0000000,0x00000000c5580000)
 Metaspace       used 5994K, capacity 7024K, committed 7296K, reserved 1056768K
  class space    used 587K, capacity 616K, committed 640K, reserved 1048576K
Event: 7.475 GC heap after
Heap after GC invocations=1 (full 0):
 PSYoungGen      total 38400K, used 5111K [0x00000000eab00000, 0x00000000ef600000, 0x0000000100000000)
  eden space 33280K, 0% used [0x00000000eab00000,0x00000000eab00000,0x00000000ecb80000)
  from space 5120K, 99% used [0x00000000ecb80000,0x00000000ed07dc88,0x00000000ed080000)
  to   space 5120K, 0% used [0x00000000ef100000,0x00000000ef100000,0x00000000ef600000)
 ParOldGen       total 87552K, used 1725K [0x00000000c0000000, 0x00000000c5580000, 0x00000000eab00000)
  object space 87552K, 1% used [0x00000000c0000000,0x00000000c01af400,0x00000000c5580000)
 Metaspace       used 5994K, capacity 7024K, committed 7296K, reserved 1056768K
  class space    used 587K, capacity 616K, committed 640K, reserved 1048576K
}

Deoptimization events (7 events):
Event: 3.240 Thread 0x0000000016cc8800 Uncommon trap: reason=unstable_if action=reinterpret pc=0x0000000002c4eb70 method=java.util.BitSet.nextSetBit(I)I @ 87
Event: 5.155 Thread 0x0000000016ccd000 Uncommon trap: reason=unstable_if action=reinterpret pc=0x0000000002eb9d04 method=com.android.dx.util.LabeledList.set(ILcom/android/dx/util/LabeledItem;)V @ 16
Event: 5.797 Thread 0x0000000016cc3800 Uncommon trap: reason=unloaded action=reinterpret pc=0x0000000002d090cc method=com.android.dx.ssa.SsaRenamer$BlockRenamer.visitMoveInsn(Lcom/android/dx/ssa/NormalSsaInsn;)V @ 208
Event: 5.798 Thread 0x0000000016cc3800 Uncommon trap: reason=unstable_if action=reinterpret pc=0x0000000002e1770c method=com.android.dx.ssa.NormalSsaInsn.getLocalAssignment()Lcom/android/dx/rop/code/RegisterSpec; @ 12
Event: 5.798 Thread 0x0000000016cc3800 Uncommon trap: reason=unstable_if action=reinterpret pc=0x0000000002defa00 method=com.android.dx.ssa.NormalSsaInsn.getLocalAssignment()Lcom/android/dx/rop/code/RegisterSpec; @ 12
Event: 5.799 Thread 0x0000000016cc3800 Uncommon trap: reason=unstable_if action=reinterpret pc=0x0000000002df2628 method=com.android.dx.ssa.NormalSsaInsn.getLocalAssignment()Lcom/android/dx/rop/code/RegisterSpec; @ 12
Event: 5.799 Thread 0x0000000016cc3800 Uncommon trap: reason=unstable_if action=reinterpret pc=0x0000000002d9cab0 method=com.android.dx.ssa.NormalSsaInsn.getLocalAssignment()Lcom/android/dx/rop/code/RegisterSpec; @ 12

Internal exceptions (2 events):
Event: 0.102 Thread 0x0000000002950800 Exception <a 'java/lang/NoSuchMethodError': Method sun.misc.Unsafe.defineClass(Ljava/lang/String;[BII)Ljava/lang/Class; name or signature does not match> (0x00000000eab12f08) thrown at [C:\re\workspace\8-2-build-windows-amd64-cygwin\jdk8u60\4407\hotspot\srВmЩє?
Event: 0.102 Thread 0x0000000002950800 Exception <a 'java/lang/NoSuchMethodError': Method sun.misc.Unsafe.prefetchRead(Ljava/lang/Object;J)V name or signature does not match> (0x00000000eab131f0) thrown at [C:\re\workspace\8-2-build-windows-amd64-cygwin\jdk8u60\4407\hotspot\src\share\vm\prims\j

Events (10 events):
Event: 5.798 Thread 0x0000000016cc3800 DEOPT PACKING pc=0x0000000002defa00 sp=0x000000001714ea60
Event: 5.798 Thread 0x0000000016cc3800 DEOPT UNPACKING pc=0x0000000002a9556a sp=0x000000001714e8d8 mode 2
Event: 5.799 Thread 0x0000000016cc3800 Uncommon trap: trap_request=0xffffff65 fr.pc=0x0000000002df2628
Event: 5.799 Thread 0x0000000016cc3800 DEOPT PACKING pc=0x0000000002df2628 sp=0x000000001714e9c0
Event: 5.799 Thread 0x0000000016cc3800 DEOPT UNPACKING pc=0x0000000002a9556a sp=0x000000001714e8e0 mode 2
Event: 5.799 Thread 0x0000000016cc3800 Uncommon trap: trap_request=0xffffff65 fr.pc=0x0000000002d9cab0
Event: 5.799 Thread 0x0000000016cc3800 DEOPT PACKING pc=0x0000000002d9cab0 sp=0x000000001714e980
Event: 5.799 Thread 0x0000000016cc3800 DEOPT UNPACKING pc=0x0000000002a9556a sp=0x000000001714e908 mode 2
Event: 6.382 Executing VM operation: ParallelGCFailedAllocation
Event: 7.475 Executing VM operation: ParallelGCFailedAllocation done


Dynamic libraries:
0x00007ff6a38c0000 - 0x00007ff6a38f7000 	E:\Java\jdk1.8.0_60\bin\java.exe
0x00007fff9cbe0000 - 0x00007fff9cd8c000 	C:\WINDOWS\SYSTEM32\ntdll.dll
0x00007fff9b4c0000 - 0x00007fff9b5fe000 	C:\WINDOWS\system32\KERNEL32.DLL
0x00007fff9a040000 - 0x00007fff9a155000 	C:\WINDOWS\system32\KERNELBASE.dll
0x00007fff98990000 - 0x00007fff98a1e000 	C:\WINDOWS\system32\apphelp.dll
0x00007fff8c050000 - 0x00007fff8c0a3000 	C:\WINDOWS\AppPatch\AppPatch64\AcGenral.DLL
0x00007fff9a9a0000 - 0x00007fff9aa4a000 	C:\WINDOWS\system32\msvcrt.dll
0x00007fff99b00000 - 0x00007fff99b2e000 	C:\WINDOWS\SYSTEM32\SspiCli.dll
0x00007fff9ae70000 - 0x00007fff9aec4000 	C:\WINDOWS\system32\SHLWAPI.dll
0x00007fff9b340000 - 0x00007fff9b4b7000 	C:\WINDOWS\system32\USER32.dll
0x00007fff9a650000 - 0x00007fff9a7e4000 	C:\WINDOWS\system32\ole32.dll
0x00007fff9b600000 - 0x00007fff9cb2b000 	C:\WINDOWS\system32\SHELL32.dll
0x00007fff992d0000 - 0x00007fff992f1000 	C:\WINDOWS\SYSTEM32\USERENV.dll
0x00007fff9cb30000 - 0x00007fff9cbda000 	C:\WINDOWS\system32\ADVAPI32.dll
0x00007fff8bb00000 - 0x00007fff8bb1e000 	C:\WINDOWS\SYSTEM32\MPR.dll
0x00007fff9a500000 - 0x00007fff9a641000 	C:\WINDOWS\system32\RPCRT4.dll
0x00007fff9b2e0000 - 0x00007fff9b339000 	C:\WINDOWS\SYSTEM32\sechost.dll
0x00007fff9aed0000 - 0x00007fff9b0e1000 	C:\WINDOWS\SYSTEM32\combase.dll
0x00007fff9ab70000 - 0x00007fff9acbf000 	C:\WINDOWS\system32\GDI32.dll
0x00007fff99d30000 - 0x00007fff99d45000 	C:\WINDOWS\SYSTEM32\profapi.dll
0x00007fff987f0000 - 0x00007fff988a2000 	C:\WINDOWS\SYSTEM32\SHCORE.dll
0x00007fff9aa50000 - 0x00007fff9aa86000 	C:\WINDOWS\system32\IMM32.DLL
0x00007fff9b120000 - 0x00007fff9b272000 	C:\WINDOWS\system32\MSCTF.dll
0x00007fff98170000 - 0x00007fff983eb000 	C:\WINDOWS\WinSxS\amd64_microsoft.windows.common-controls_6595b64144ccf1df_6.0.9600.18006_none_623f33d3ecbe86e8\COMCTL32.dll
0x0000000063550000 - 0x0000000063622000 	E:\Java\jdk1.8.0_60\jre\bin\msvcr100.dll
0x0000000063a90000 - 0x0000000064319000 	E:\Java\jdk1.8.0_60\jre\bin\server\jvm.dll
0x00007fff94020000 - 0x00007fff94029000 	C:\WINDOWS\SYSTEM32\WSOCK32.dll
0x00007fff983f0000 - 0x00007fff98412000 	C:\WINDOWS\SYSTEM32\WINMM.dll
0x00007fff98420000 - 0x00007fff9842a000 	C:\WINDOWS\SYSTEM32\VERSION.dll
0x00007fff9b110000 - 0x00007fff9b117000 	C:\WINDOWS\system32\PSAPI.DLL
0x00007fff9b280000 - 0x00007fff9b2da000 	C:\WINDOWS\system32\WS2_32.dll
0x00007fff98130000 - 0x00007fff9815a000 	C:\WINDOWS\SYSTEM32\WINMMBASE.dll
0x00007fff9acc0000 - 0x00007fff9acc9000 	C:\WINDOWS\system32\NSI.dll
0x00007fff9a160000 - 0x00007fff9a1af000 	C:\WINDOWS\SYSTEM32\cfgmgr32.dll
0x00007fff98950000 - 0x00007fff98978000 	C:\WINDOWS\SYSTEM32\DEVOBJ.dll
0x0000000063a80000 - 0x0000000063a8f000 	E:\Java\jdk1.8.0_60\jre\bin\verify.dll
0x0000000063a50000 - 0x0000000063a79000 	E:\Java\jdk1.8.0_60\jre\bin\java.dll
0x0000000063a30000 - 0x0000000063a46000 	E:\Java\jdk1.8.0_60\jre\bin\zip.dll
0x00007fff94410000 - 0x00007fff94599000 	C:\WINDOWS\SYSTEM32\dbghelp.dll

VM Arguments:
jvm_args: -Xmx1024M -Dfile.encoding=windows-1251 -Duser.country=RU -Duser.language=ru -Duser.variant 
java_command: com.android.dx.command.Main --dex --num-threads=4 --output E:\Android\AndroidStudioProjects\LoftblogMoneyTracker\app\build\intermediates\pre-dexed\debug\classes-3c2dda4b85c71227cd28a3891e7084ff51049318.jar E:\Android\AndroidStudioProjects\LoftblogMoneyTracker\app\build\intermediates\exploded-aar\com.google.android.gms\play-services-location\8.1.0\jars\classes.jar
java_class_path (initial): E:\Android\sdk\build-tools\23.0.1\lib\dx.jar
Launcher Type: SUN_STANDARD

Environment Variables:
PATH=C:\ProgramData\Oracle\Java\javapath;C:\WINDOWS\system32;C:\WINDOWS;C:\WINDOWS\System32\Wbem;C:\WINDOWS\System32\WindowsPowerShell\v1.0\;C:\Program Files (x86)\Common Files\Acronis\SnapAPI\;C:\Program Files (x86)\Common Files\Autodesk Shared\;C:\Program Files\Microsoft\Web Platform Installer\;C:\Program Files (x86)\Microsoft ASP.NET\ASP.NET Web Pages\v1.0\;C:\Program Files\Microsoft SQL Server\110\Tools\Binn\;C:\Program Files\Common Files\Autodesk Shared\;C:\Program Files (x86)\NVIDIA Corporation\PhysX\Common;C:\Program Files (x86)\Skype\Phone\
USERNAME=Александр
OS=Windows_NT
PROCESSOR_IDENTIFIER=Intel64 Family 6 Model 15 Stepping 11, GenuineIntel



---------------  S Y S T E M  ---------------

OS: Windows 8.1 , 64 bit Build 9600 (6.3.9600.17415)

CPU:total 4 (4 cores per cpu, 1 threads per core) family 6 model 15 stepping 11, cmov, cx8, fxsr, mmx, sse, sse2, sse3, ssse3, tsc

Memory: 4k page, physical 8387492k(1712960k free), swap 16776356k(3673664k free)

vm_info: Java HotSpot(TM) 64-Bit Server VM (25.60-b23) for windows-amd64 JRE (1.8.0_60-b27), built on Aug  4 2015 11:06:27 by "java_re" with MS VC++ 10.0 (VS2010)

time: Fri Oct 23 23:04:51 2015
elapsed time: 10 seconds (0d 0h 0m 10s)

