#
# A fatal error has been detected by the Java Runtime Environment:
#
#  EXCEPTION_ACCESS_VIOLATION (0xc0000005) at pc=0xffffffffa3c75120, pid=9872, tid=8524
#
# JRE version: Java(TM) SE Runtime Environment (8.0_60-b27) (build 1.8.0_60-b27)
# Java VM: Java HotSpot(TM) 64-Bit Server VM (25.60-b23 mixed mode windows-amd64 compressed oops)
# Problematic frame:
# C  0xffffffffa3c75120
#
# Failed to write core dump. Minidumps are not enabled by default on client versions of Windows
#
# If you would like to submit a bug report, please visit:
#   http://bugreport.java.com/bugreport/crash.jsp
#

---------------  T H R E A D  ---------------

Current thread (0x0000000002b70800):  JavaThread "main" [_thread_in_Java, id=8524, stack(0x00000000029f0000,0x0000000002af0000)]

siginfo: ExceptionCode=0xc0000005, ExceptionInformation=0x0000000000000008 0xffffffffa3c75120

Registers:
RAX=0x0000000000000000, RBX=0x0000000000000000, RCX=0x0000000000000000, RDX=0x00000000ed0a7ef8
RSP=0x0000000002aedfb8, RBP=0x0000000002aee6c8, RSI=0x0000000014fb2f60, RDI=0x00000000ed0a9a18
R8 =0x0000000000000000, R9 =0x00000000ed0a9a18, R10=0x0000000000000001, R11=0x0000000000000138
R12=0x0000000000000000, R13=0x0000000000000850, R14=0x000000010006e410, R15=0x0000000002b70800
RIP=0xffffffffa3c75120, EFLAGS=0x0000000000010206

Top of Stack: (sp=0x0000000002aedfb8)
0x0000000002aedfb8:   0000000003117a1c 0000000002aee4c8
0x0000000002aedfc8:   00000000031ce604 0000000000000000
0x0000000002aedfd8:   0000000000000000 0000000000000000
0x0000000002aedfe8:   0000000000000000 0000000000000000
0x0000000002aedff8:   00000000ed09ef50 00000000c4a712f8
0x0000000002aee008:   00000000c47234d0 00000000ed0a9a40
0x0000000002aee018:   00000000ed0a7ef8 00000000ed0a9a18
0x0000000002aee028:   0000000000000000 00000000c4a740e0
0x0000000002aee038:   0000000000000029 0000000002aee6c8
0x0000000002aee048:   000000000324eccc 0000000002aee4c8
0x0000000002aee058:   00000000031f5ac4 00000000ed09ede8
0x0000000002aee068:   0000000000000178 0000000000000004
0x0000000002aee078:   0000000002e0cdf1 00000000c4a740e0
0x0000000002aee088:   0000000000000000 00000000c481e558
0x0000000002aee098:   2fb2c97ac2de11fd 00000000ed09fa90
0x0000000002aee0a8:   b34fb8a6d4b198fa 00000000c4a709c8 

Instructions: (pc=0xffffffffa3c75120)
0xffffffffa3c75100:   
[error occurred during error reporting (printing registers, top of stack, instructions near pc), id 0xc0000005]

Register to memory mapping:

RAX=0x0000000000000000 is an unknown value
RBX=0x0000000000000000 is an unknown value
RCX=0x0000000000000000 is an unknown value
RDX=0x00000000ed0a7ef8 is an oop
com.android.dx.cf.code.BytecodeArray 
 - klass: 'com/android/dx/cf/code/BytecodeArray'
RSP=0x0000000002aedfb8 is pointing into the stack for thread: 0x0000000002b70800
RBP=0x0000000002aee6c8 is pointing into the stack for thread: 0x0000000002b70800
RSI=0x0000000014fb2f60 is pointing into metadata
RDI=0x00000000ed0a9a18 is an oop
com.android.dx.cf.code.BasicBlocker 
 - klass: 'com/android/dx/cf/code/BasicBlocker'
R8 =0x0000000000000000 is an unknown value
R9 =0x00000000ed0a9a18 is an oop
com.android.dx.cf.code.BasicBlocker 
 - klass: 'com/android/dx/cf/code/BasicBlocker'
R10=0x0000000000000001 is an unknown value
R11=0x0000000000000138 is an unknown value
R12=0x0000000000000000 is an unknown value
R13=0x0000000000000850 is an unknown value
R14=0x000000010006e410 is pointing into metadata
R15=0x0000000002b70800 is a thread


Stack: [0x00000000029f0000,0x0000000002af0000],  sp=0x0000000002aedfb8,  free space=1015k
Native frames: (J=compiled Java code, j=interpreted, Vv=VM code, C=native code)
C  0xffffffffa3c75120


---------------  P R O C E S S  ---------------

Java Threads: ( => current thread )
  0x0000000016f1e000 JavaThread "pool-1-thread-4" [_thread_in_Java, id=5912, stack(0x0000000017680000,0x0000000017780000)]
  0x0000000016f0f000 JavaThread "pool-1-thread-3" [_thread_in_Java, id=11688, stack(0x0000000017580000,0x0000000017680000)]
  0x0000000016efa000 JavaThread "pool-1-thread-2" [_thread_in_Java, id=10060, stack(0x0000000017480000,0x0000000017580000)]
  0x0000000016ef0000 JavaThread "pool-2-thread-1" [_thread_blocked, id=9344, stack(0x0000000017380000,0x0000000017480000)]
  0x0000000016ee8800 JavaThread "pool-1-thread-1" [_thread_in_Java, id=10132, stack(0x0000000017280000,0x0000000017380000)]
  0x0000000016c85000 JavaThread "Service Thread" daemon [_thread_blocked, id=1192, stack(0x0000000017080000,0x0000000017180000)]
  0x000000001539e000 JavaThread "C1 CompilerThread2" daemon [_thread_blocked, id=5104, stack(0x0000000016b80000,0x0000000016c80000)]
  0x0000000015398000 JavaThread "C2 CompilerThread1" daemon [_thread_blocked, id=10096, stack(0x0000000016a80000,0x0000000016b80000)]
  0x000000001533e800 JavaThread "C2 CompilerThread0" daemon [_thread_in_native, id=856, stack(0x0000000016980000,0x0000000016a80000)]
  0x000000001533d000 JavaThread "Attach Listener" daemon [_thread_blocked, id=9724, stack(0x0000000016880000,0x0000000016980000)]
  0x000000001533c000 JavaThread "Signal Dispatcher" daemon [_thread_blocked, id=10200, stack(0x0000000016780000,0x0000000016880000)]
  0x0000000002c66000 JavaThread "Finalizer" daemon [_thread_blocked, id=4548, stack(0x00000000165a0000,0x00000000166a0000)]
  0x0000000002c5c000 JavaThread "Reference Handler" daemon [_thread_blocked, id=11424, stack(0x00000000164a0000,0x00000000165a0000)]
=>0x0000000002b70800 JavaThread "main" [_thread_in_Java, id=8524, stack(0x00000000029f0000,0x0000000002af0000)]

Other Threads:
  0x0000000015306000 VMThread [stack: 0x00000000163a0000,0x00000000164a0000] [id=12792]
  0x0000000016c99800 WatcherThread [stack: 0x0000000017180000,0x0000000017280000] [id=1188]

VM state:not at safepoint (normal execution)

VM Mutex/Monitor currently owned by a thread: None

Heap:
 PSYoungGen      total 138240K, used 39531K [0x00000000eab00000, 0x0000000100000000, 0x0000000100000000)
  eden space 133120K, 29% used [0x00000000eab00000,0x00000000ed19aca0,0x00000000f2d00000)
  from space 5120K, 0% used [0x00000000f2d00000,0x00000000f2d00000,0x00000000f3200000)
  to   space 47616K, 0% used [0x00000000fd180000,0x00000000fd180000,0x0000000100000000)
 ParOldGen       total 163840K, used 76565K [0x00000000c0000000, 0x00000000ca000000, 0x00000000eab00000)
  object space 163840K, 46% used [0x00000000c0000000,0x00000000c4ac55d8,0x00000000ca000000)
 Metaspace       used 6297K, capacity 7192K, committed 7424K, reserved 1056768K
  class space    used 609K, capacity 656K, committed 768K, reserved 1048576K

Card table byte_map: [0x0000000012030000,0x0000000012240000] byte_map_base: 0x0000000011a30000

Marking Bits: (ParMarkBitMap*) 0x000000005827a5b0
 Begin Bits: [0x00000000127a0000, 0x00000000137a0000)
 End Bits:   [0x00000000137a0000, 0x00000000147a0000)

Polling page: 0x00000000010a0000

CodeCache: size=245760Kb used=9763Kb max_used=9780Kb free=235997Kb
 bounds [0x0000000002c70000, 0x0000000003610000, 0x0000000011c70000]
 total_blobs=2233 nmethods=1965 adapters=182
 compilation: enabled

Compilation events (10 events):
Event: 19.713 Thread 0x0000000015398000 nmethod 2015% 0x00000000035eb690 code [0x00000000035eb8e0, 0x00000000035ed280]
Event: 19.713 Thread 0x0000000015398000 2029       4       com.android.dx.cf.code.BasicBlocker::getBlockList (208 bytes)
Event: 19.716 Thread 0x000000001539e000 2037       2       com.android.dx.ssa.LiteralOpUpgrader$1::visitNonMoveInsn (203 bytes)
Event: 19.717 Thread 0x000000001539e000 nmethod 2037 0x00000000035e9050 code [0x00000000035e93a0, 0x00000000035ea1e8]
Event: 19.725 Thread 0x000000001539e000 2038       3       com.android.dx.dex.file.AnnotationUtils::makeSignature (251 bytes)
Event: 19.729 Thread 0x000000001539e000 nmethod 2038 0x00000000035ef0d0 code [0x00000000035ef520, 0x00000000035f1f68]
Event: 19.752 Thread 0x000000001533e800 nmethod 2016 0x00000000035f7990 code [0x00000000035f7c80, 0x00000000035fa150]
Event: 19.757 Thread 0x000000001539e000 2039       2       com.android.dx.cf.attrib.AttLocalVariableTable::<init> (8 bytes)
Event: 19.757 Thread 0x000000001539e000 nmethod 2039 0x00000000035e8cd0 code [0x00000000035e8e40, 0x00000000035e8fc8]
Event: 19.760 Thread 0x000000001533e800 2033       4       com.android.dx.ssa.SsaConverter::placePhiFunctions (394 bytes)

GC Heap History (10 events):
Event: 6.377 GC heap before
{Heap before GC invocations=2 (full 0):
 PSYoungGen      total 38400K, used 38391K [0x00000000eab00000, 0x00000000ef600000, 0x0000000100000000)
  eden space 33280K, 100% used [0x00000000eab00000,0x00000000ecb80000,0x00000000ecb80000)
  from space 5120K, 99% used [0x00000000ecb80000,0x00000000ed07dc88,0x00000000ed080000)
  to   space 5120K, 0% used [0x00000000ef100000,0x00000000ef100000,0x00000000ef600000)
 ParOldGen       total 87552K, used 1710K [0x00000000c0000000, 0x00000000c5580000, 0x00000000eab00000)
  object space 87552K, 1% used [0x00000000c0000000,0x00000000c01abbb0,0x00000000c5580000)
 Metaspace       used 5997K, capacity 7024K, committed 7296K, reserved 1056768K
  class space    used 586K, capacity 616K, committed 640K, reserved 1048576K
Event: 6.817 GC heap after
Heap after GC invocations=2 (full 0):
 PSYoungGen      total 71680K, used 5095K [0x00000000eab00000, 0x00000000ef600000, 0x0000000100000000)
  eden space 66560K, 0% used [0x00000000eab00000,0x00000000eab00000,0x00000000eec00000)
  from space 5120K, 99% used [0x00000000ef100000,0x00000000ef5f9c98,0x00000000ef600000)
  to   space 5120K, 0% used [0x00000000eec00000,0x00000000eec00000,0x00000000ef100000)
 ParOldGen       total 87552K, used 6564K [0x00000000c0000000, 0x00000000c5580000, 0x00000000eab00000)
  object space 87552K, 7% used [0x00000000c0000000,0x00000000c0669068,0x00000000c5580000)
 Metaspace       used 5997K, capacity 7024K, committed 7296K, reserved 1056768K
  class space    used 586K, capacity 616K, committed 640K, reserved 1048576K
}
Event: 9.477 GC heap before
{Heap before GC invocations=3 (full 0):
 PSYoungGen      total 71680K, used 71655K [0x00000000eab00000, 0x00000000ef600000, 0x0000000100000000)
  eden space 66560K, 100% used [0x00000000eab00000,0x00000000eec00000,0x00000000eec00000)
  from space 5120K, 99% used [0x00000000ef100000,0x00000000ef5f9c98,0x00000000ef600000)
  to   space 5120K, 0% used [0x00000000eec00000,0x00000000eec00000,0x00000000ef100000)
 ParOldGen       total 87552K, used 6564K [0x00000000c0000000, 0x00000000c5580000, 0x00000000eab00000)
  object space 87552K, 7% used [0x00000000c0000000,0x00000000c0669068,0x00000000c5580000)
 Metaspace       used 6092K, capacity 7088K, committed 7296K, reserved 1056768K
  class space    used 587K, capacity 616K, committed 640K, reserved 1048576K
Event: 9.700 GC heap after
Heap after GC invocations=3 (full 0):
 PSYoungGen      total 71680K, used 5109K [0x00000000eab00000, 0x00000000f3700000, 0x0000000100000000)
  eden space 66560K, 0% used [0x00000000eab00000,0x00000000eab00000,0x00000000eec00000)
  from space 5120K, 99% used [0x00000000eec00000,0x00000000ef0fd6f0,0x00000000ef100000)
  to   space 5120K, 0% used [0x00000000f3200000,0x00000000f3200000,0x00000000f3700000)
 ParOldGen       total 87552K, used 15821K [0x00000000c0000000, 0x00000000c5580000, 0x00000000eab00000)
  object space 87552K, 18% used [0x00000000c0000000,0x00000000c0f736a0,0x00000000c5580000)
 Metaspace       used 6092K, capacity 7088K, committed 7296K, reserved 1056768K
  class space    used 587K, capacity 616K, committed 640K, reserved 1048576K
}
Event: 10.991 GC heap before
{Heap before GC invocations=4 (full 0):
 PSYoungGen      total 71680K, used 71669K [0x00000000eab00000, 0x00000000f3700000, 0x0000000100000000)
  eden space 66560K, 100% used [0x00000000eab00000,0x00000000eec00000,0x00000000eec00000)
  from space 5120K, 99% used [0x00000000eec00000,0x00000000ef0fd6f0,0x00000000ef100000)
  to   space 5120K, 0% used [0x00000000f3200000,0x00000000f3200000,0x00000000f3700000)
 ParOldGen       total 87552K, used 15821K [0x00000000c0000000, 0x00000000c5580000, 0x00000000eab00000)
  object space 87552K, 18% used [0x00000000c0000000,0x00000000c0f736a0,0x00000000c5580000)
 Metaspace       used 6260K, capacity 7128K, committed 7424K, reserved 1056768K
  class space    used 607K, capacity 656K, committed 768K, reserved 1048576K
Event: 11.221 GC heap after
Heap after GC invocations=4 (full 0):
 PSYoungGen      total 138240K, used 5109K [0x00000000eab00000, 0x00000000f3700000, 0x0000000100000000)
  eden space 133120K, 0% used [0x00000000eab00000,0x00000000eab00000,0x00000000f2d00000)
  from space 5120K, 99% used [0x00000000f3200000,0x00000000f36fd6f0,0x00000000f3700000)
  to   space 5120K, 0% used [0x00000000f2d00000,0x00000000f2d00000,0x00000000f3200000)
 ParOldGen       total 87552K, used 26371K [0x00000000c0000000, 0x00000000c5580000, 0x00000000eab00000)
  object space 87552K, 30% used [0x00000000c0000000,0x00000000c19c0dc0,0x00000000c5580000)
 Metaspace       used 6260K, capacity 7128K, committed 7424K, reserved 1056768K
  class space    used 607K, capacity 656K, committed 768K, reserved 1048576K
}
Event: 16.984 GC heap before
{Heap before GC invocations=5 (full 0):
 PSYoungGen      total 138240K, used 138229K [0x00000000eab00000, 0x00000000f3700000, 0x0000000100000000)
  eden space 133120K, 100% used [0x00000000eab00000,0x00000000f2d00000,0x00000000f2d00000)
  from space 5120K, 99% used [0x00000000f3200000,0x00000000f36fd6f0,0x00000000f3700000)
  to   space 5120K, 0% used [0x00000000f2d00000,0x00000000f2d00000,0x00000000f3200000)
 ParOldGen       total 87552K, used 26371K [0x00000000c0000000, 0x00000000c5580000, 0x00000000eab00000)
  object space 87552K, 30% used [0x00000000c0000000,0x00000000c19c0dc0,0x00000000c5580000)
 Metaspace       used 6296K, capacity 7192K, committed 7424K, reserved 1056768K
  class space    used 609K, capacity 656K, committed 768K, reserved 1048576K
Event: 17.493 GC heap after
Heap after GC invocations=5 (full 0):
 PSYoungGen      total 138240K, used 5113K [0x00000000eab00000, 0x0000000100000000, 0x0000000100000000)
  eden space 133120K, 0% used [0x00000000eab00000,0x00000000eab00000,0x00000000f2d00000)
  from space 5120K, 99% used [0x00000000f2d00000,0x00000000f31fe670,0x00000000f3200000)
  to   space 47616K, 0% used [0x00000000fd180000,0x00000000fd180000,0x0000000100000000)
 ParOldGen       total 87552K, used 77189K [0x00000000c0000000, 0x00000000c5580000, 0x00000000eab00000)
  object space 87552K, 88% used [0x00000000c0000000,0x00000000c4b61538,0x00000000c5580000)
 Metaspace       used 6296K, capacity 7192K, committed 7424K, reserved 1056768K
  class space    used 609K, capacity 656K, committed 768K, reserved 1048576K
}
Event: 17.493 GC heap before
{Heap before GC invocations=6 (full 1):
 PSYoungGen      total 138240K, used 5113K [0x00000000eab00000, 0x0000000100000000, 0x0000000100000000)
  eden space 133120K, 0% used [0x00000000eab00000,0x00000000eab00000,0x00000000f2d00000)
  from space 5120K, 99% used [0x00000000f2d00000,0x00000000f31fe670,0x00000000f3200000)
  to   space 47616K, 0% used [0x00000000fd180000,0x00000000fd180000,0x0000000100000000)
 ParOldGen       total 87552K, used 77189K [0x00000000c0000000, 0x00000000c5580000, 0x00000000eab00000)
  object space 87552K, 88% used [0x00000000c0000000,0x00000000c4b61538,0x00000000c5580000)
 Metaspace       used 6296K, capacity 7192K, committed 7424K, reserved 1056768K
  class space    used 609K, capacity 656K, committed 768K, reserved 1048576K
Event: 18.641 GC heap after
Heap after GC invocations=6 (full 1):
 PSYoungGen      total 138240K, used 0K [0x00000000eab00000, 0x0000000100000000, 0x0000000100000000)
  eden space 133120K, 0% used [0x00000000eab00000,0x00000000eab00000,0x00000000f2d00000)
  from space 5120K, 0% used [0x00000000f2d00000,0x00000000f2d00000,0x00000000f3200000)
  to   space 47616K, 0% used [0x00000000fd180000,0x00000000fd180000,0x0000000100000000)
 ParOldGen       total 163840K, used 76565K [0x00000000c0000000, 0x00000000ca000000, 0x00000000eab00000)
  object space 163840K, 46% used [0x00000000c0000000,0x00000000c4ac55d8,0x00000000ca000000)
 Metaspace       used 6296K, capacity 7192K, committed 7424K, reserved 1056768K
  class space    used 609K, capacity 656K, committed 768K, reserved 1048576K
}

Deoptimization events (10 events):
Event: 14.711 Thread 0x0000000002b70800 Uncommon trap: reason=class_check action=maybe_recompile pc=0x000000000347c568 method=com.android.dx.ssa.SsaConverter.placePhiFunctions(Lcom/android/dx/ssa/SsaMethod;Lcom/android/dx/ssa/LocalVariableInfo;I)V @ 257
Event: 14.770 Thread 0x0000000002b70800 Uncommon trap: reason=class_check action=maybe_recompile pc=0x00000000034d2a80 method=com.android.dx.ssa.SsaConverter.placePhiFunctions(Lcom/android/dx/ssa/SsaMethod;Lcom/android/dx/ssa/LocalVariableInfo;I)V @ 257
Event: 14.771 Thread 0x0000000002b70800 Uncommon trap: reason=class_check action=maybe_recompile pc=0x00000000034d2a80 method=com.android.dx.ssa.SsaConverter.placePhiFunctions(Lcom/android/dx/ssa/SsaMethod;Lcom/android/dx/ssa/LocalVariableInfo;I)V @ 257
Event: 14.772 Thread 0x0000000002b70800 Uncommon trap: reason=class_check action=maybe_recompile pc=0x00000000034d2a80 method=com.android.dx.ssa.SsaConverter.placePhiFunctions(Lcom/android/dx/ssa/SsaMethod;Lcom/android/dx/ssa/LocalVariableInfo;I)V @ 257
Event: 16.085 Thread 0x0000000002b70800 Uncommon trap: reason=unstable_if action=reinterpret pc=0x00000000030890a0 method=com.android.dx.ssa.SetFactory.makeLivenessSet(I)Lcom/android/dx/util/IntSet; @ 4
Event: 16.085 Thread 0x0000000002b70800 Uncommon trap: reason=unstable_if action=reinterpret pc=0x000000000306c9b4 method=com.android.dx.ssa.SetFactory.makeLivenessSet(I)Lcom/android/dx/util/IntSet; @ 4
Event: 18.848 Thread 0x0000000002b70800 Uncommon trap: reason=unstable_if action=reinterpret pc=0x0000000003599ca0 method=com.android.dx.util.BitIntSet.merge(Lcom/android/dx/util/IntSet;)V @ 89
Event: 19.715 Thread 0x0000000016f0f000 Uncommon trap: reason=unstable_if action=reinterpret pc=0x0000000003587610 method=com.android.dx.ssa.LiteralOpUpgrader$1.visitNonMoveInsn(Lcom/android/dx/ssa/NormalSsaInsn;)V @ 176
Event: 19.749 Thread 0x0000000016f0f000 Uncommon trap: reason=class_check action=maybe_recompile pc=0x00000000034f6030 method=com.android.dx.cf.code.BytecodeArray.parseInstruction(ILcom/android/dx/cf/code/BytecodeArray$Visitor;)I @ 987
Event: 19.754 Thread 0x0000000016f0f000 Uncommon trap: reason=class_check action=maybe_recompile pc=0x00000000034f6030 method=com.android.dx.cf.code.BytecodeArray.parseInstruction(ILcom/android/dx/cf/code/BytecodeArray$Visitor;)I @ 987

Internal exceptions (5 events):
Event: 0.452 Thread 0x0000000002b70800 Exception <a 'java/lang/NoSuchMethodError': Method sun.misc.Unsafe.defineClass(Ljava/lang/String;[BII)Ljava/lang/Class; name or signature does not match> (0x00000000eab130a8) thrown at [C:\re\workspace\8-2-build-windows-amd64-cygwin\jdk8u60\4407\hotspot\sr|Иiи0иЬ?
Event: 0.452 Thread 0x0000000002b70800 Exception <a 'java/lang/NoSuchMethodError': Method sun.misc.Unsafe.prefetchRead(Ljava/lang/Object;J)V name or signature does not match> (0x00000000eab13390) thrown at [C:\re\workspace\8-2-build-windows-amd64-cygwin\jdk8u60\4407\hotspot\src\share\vm\prims\jДД?J~u%@
Event: 10.729 Thread 0x0000000016f1e000 Exception <a 'java/lang/ArrayIndexOutOfBoundsException': 18> (0x00000000ed319570) thrown at [C:\re\workspace\8-2-build-windows-amd64-cygwin\jdk8u60\4407\hotspot\src\share\vm\interpreter\interpreterRuntime.cpp, line 366]
Event: 10.731 Thread 0x0000000016f1e000 Exception <a 'java/lang/ArrayIndexOutOfBoundsException': 145> (0x00000000ed31b0f0) thrown at [C:\re\workspace\8-2-build-windows-amd64-cygwin\jdk8u60\4407\hotspot\src\share\vm\interpreter\interpreterRuntime.cpp, line 366]
Event: 10.734 Thread 0x0000000016f1e000 Exception <a 'java/lang/ArrayIndexOutOfBoundsException'> (0x00000000ed31c3d8) thrown at [C:\re\workspace\8-2-build-windows-amd64-cygwin\jdk8u60\4407\hotspot\src\share\vm\runtime\sharedRuntime.cpp, line 605]

Events (10 events):
Event: 19.748 Thread 0x0000000016f0f000 Uncommon trap: trap_request=0xffffffde fr.pc=0x00000000034f6030
Event: 19.749 Thread 0x0000000016f0f000 DEOPT PACKING pc=0x00000000034f6030 sp=0x000000001767ecb0
Event: 19.749 Thread 0x0000000016f0f000 DEOPT UNPACKING pc=0x0000000002cb556a sp=0x000000001767ec60 mode 2
Event: 19.749 Thread 0x0000000016f0f000 DEOPT PACKING pc=0x00000000030e7857 sp=0x000000001767ee00
Event: 19.749 Thread 0x0000000016f0f000 DEOPT UNPACKING pc=0x0000000002cb71bf sp=0x000000001767ebe8 mode 0
Event: 19.753 Thread 0x0000000016f0f000 DEOPT PACKING pc=0x000000000312c76f sp=0x000000001767edb0
Event: 19.753 Thread 0x0000000016f0f000 DEOPT UNPACKING pc=0x0000000002cb71bf sp=0x000000001767eae0 mode 0
Event: 19.754 Thread 0x0000000016f0f000 Uncommon trap: trap_request=0xffffffde fr.pc=0x00000000034f6030
Event: 19.754 Thread 0x0000000016f0f000 DEOPT PACKING pc=0x00000000034f6030 sp=0x000000001767ecb0
Event: 19.754 Thread 0x0000000016f0f000 DEOPT UNPACKING pc=0x0000000002cb556a sp=0x000000001767ec60 mode 2


Dynamic libraries:
0x00007ff7626c0000 - 0x00007ff7626f7000 	E:\Java\jdk1.8.0_60\bin\java.exe
0x00007ffc079f0000 - 0x00007ffc07b9c000 	C:\WINDOWS\SYSTEM32\ntdll.dll
0x00007ffc05d30000 - 0x00007ffc05e6e000 	C:\WINDOWS\system32\KERNEL32.DLL
0x00007ffc04c20000 - 0x00007ffc04d35000 	C:\WINDOWS\system32\KERNELBASE.dll
0x00007ffc036d0000 - 0x00007ffc0375e000 	C:\WINDOWS\system32\apphelp.dll
0x00007ffbfa980000 - 0x00007ffbfa9d3000 	C:\WINDOWS\AppPatch\AppPatch64\AcGenral.DLL
0x00007ffc05750000 - 0x00007ffc057fa000 	C:\WINDOWS\system32\msvcrt.dll
0x00007ffc04920000 - 0x00007ffc0494e000 	C:\WINDOWS\SYSTEM32\SspiCli.dll
0x00007ffc05530000 - 0x00007ffc05584000 	C:\WINDOWS\system32\SHLWAPI.dll
0x00007ffc05140000 - 0x00007ffc052b7000 	C:\WINDOWS\system32\USER32.dll
0x00007ffc05e90000 - 0x00007ffc06024000 	C:\WINDOWS\system32\ole32.dll
0x00007ffc063a0000 - 0x00007ffc078b9000 	C:\WINDOWS\system32\SHELL32.dll
0x00007ffc040f0000 - 0x00007ffc04111000 	C:\WINDOWS\SYSTEM32\USERENV.dll
0x00007ffc05420000 - 0x00007ffc054ca000 	C:\WINDOWS\system32\ADVAPI32.dll
0x00007ffbf7830000 - 0x00007ffbf784e000 	C:\WINDOWS\SYSTEM32\MPR.dll
0x00007ffc05600000 - 0x00007ffc05741000 	C:\WINDOWS\system32\RPCRT4.dll
0x00007ffc054d0000 - 0x00007ffc05529000 	C:\WINDOWS\SYSTEM32\sechost.dll
0x00007ffc06030000 - 0x00007ffc06241000 	C:\WINDOWS\SYSTEM32\combase.dll
0x00007ffc05b90000 - 0x00007ffc05cdf000 	C:\WINDOWS\system32\GDI32.dll
0x00007ffc04b50000 - 0x00007ffc04b65000 	C:\WINDOWS\SYSTEM32\profapi.dll
0x00007ffc03610000 - 0x00007ffc036c2000 	C:\WINDOWS\SYSTEM32\SHCORE.dll
0x00007ffc05cf0000 - 0x00007ffc05d26000 	C:\WINDOWS\system32\IMM32.DLL
0x00007ffc052c0000 - 0x00007ffc05412000 	C:\WINDOWS\system32\MSCTF.dll
0x00007ffc02a60000 - 0x00007ffc02cda000 	C:\WINDOWS\WinSxS\amd64_microsoft.windows.common-controls_6595b64144ccf1df_6.0.9600.17810_none_6240b9c7ecbd0bda\COMCTL32.dll
0x00000000575f0000 - 0x00000000576c2000 	E:\Java\jdk1.8.0_60\jre\bin\msvcr100.dll
0x0000000057a70000 - 0x00000000582f9000 	E:\Java\jdk1.8.0_60\jre\bin\server\jvm.dll
0x00007ffbfafb0000 - 0x00007ffbfafb9000 	C:\WINDOWS\SYSTEM32\WSOCK32.dll
0x00007ffc03090000 - 0x00007ffc030b2000 	C:\WINDOWS\SYSTEM32\WINMM.dll
0x00007ffc030c0000 - 0x00007ffc030ca000 	C:\WINDOWS\SYSTEM32\VERSION.dll
0x00007ffc062c0000 - 0x00007ffc062c7000 	C:\WINDOWS\system32\PSAPI.DLL
0x00007ffc06260000 - 0x00007ffc062ba000 	C:\WINDOWS\system32\WS2_32.dll
0x00007ffc02ea0000 - 0x00007ffc02eca000 	C:\WINDOWS\SYSTEM32\WINMMBASE.dll
0x00007ffc05ce0000 - 0x00007ffc05ce9000 	C:\WINDOWS\system32\NSI.dll
0x00007ffc05030000 - 0x00007ffc0507f000 	C:\WINDOWS\SYSTEM32\cfgmgr32.dll
0x00007ffc03960000 - 0x00007ffc03988000 	C:\WINDOWS\SYSTEM32\DEVOBJ.dll
0x0000000057a60000 - 0x0000000057a6f000 	E:\Java\jdk1.8.0_60\jre\bin\verify.dll
0x0000000057a30000 - 0x0000000057a59000 	E:\Java\jdk1.8.0_60\jre\bin\java.dll
0x0000000057a10000 - 0x0000000057a26000 	E:\Java\jdk1.8.0_60\jre\bin\zip.dll
0x00007ffbfee80000 - 0x00007ffbff009000 	C:\WINDOWS\SYSTEM32\dbghelp.dll

VM Arguments:
jvm_args: -Xmx1024M -Dfile.encoding=windows-1251 -Duser.country=RU -Duser.language=ru -Duser.variant 
java_command: com.android.dx.command.Main --dex --num-threads=4 --output E:\Android\AndroidStudioProjects\LoftblogMoneyTracker\app\build\intermediates\pre-dexed\debug\classes-63a2b88a82b034ba848d183102b5b5ef369df092.jar E:\Android\AndroidStudioProjects\LoftblogMoneyTracker\app\build\intermediates\exploded-aar\com.google.android.gms\play-services-analytics\7.5.0\jars\classes.jar
java_class_path (initial): E:\Android\sdk\build-tools\23.0.0\lib\dx.jar
Launcher Type: SUN_STANDARD

Environment Variables:
PATH=C:\ProgramData\Oracle\Java\javapath;C:\WINDOWS\system32;C:\WINDOWS;C:\WINDOWS\System32\Wbem;C:\WINDOWS\System32\WindowsPowerShell\v1.0\;C:\Program Files (x86)\Common Files\Acronis\SnapAPI\;C:\Program Files (x86)\Common Files\Autodesk Shared\;C:\Program Files\Microsoft\Web Platform Installer\;C:\Program Files (x86)\Microsoft ASP.NET\ASP.NET Web Pages\v1.0\;C:\Program Files\Microsoft SQL Server\110\Tools\Binn\;C:\Program Files\Common Files\Autodesk Shared\;C:\Program Files (x86)\NVIDIA Corporation\PhysX\Common;C:\Program Files (x86)\Skype\Phone\;C:\Program Files (x86)\Common Files\Acronis\TibMounter64
USERNAME=Александр
OS=Windows_NT
PROCESSOR_IDENTIFIER=Intel64 Family 6 Model 15 Stepping 11, GenuineIntel



---------------  S Y S T E M  ---------------

OS: Windows 8.1 , 64 bit Build 9600 (6.3.9600.17415)

CPU:total 4 (4 cores per cpu, 1 threads per core) family 6 model 15 stepping 11, cmov, cx8, fxsr, mmx, sse, sse2, sse3, ssse3, tsc

Memory: 4k page, physical 8387492k(1016568k free), swap 16996044k(5117164k free)

vm_info: Java HotSpot(TM) 64-Bit Server VM (25.60-b23) for windows-amd64 JRE (1.8.0_60-b27), built on Aug  4 2015 11:06:27 by "java_re" with MS VC++ 10.0 (VS2010)

time: Tue Oct 06 16:42:47 2015
elapsed time: 20 seconds (0d 0h 0m 20s)

