#
# A fatal error has been detected by the Java Runtime Environment:
#
#  EXCEPTION_ACCESS_VIOLATION (0xc0000005) at pc=0xffffffffa3895120, pid=8432, tid=956
#
# JRE version: Java(TM) SE Runtime Environment (8.0_60-b27) (build 1.8.0_60-b27)
# Java VM: Java HotSpot(TM) 64-Bit Server VM (25.60-b23 mixed mode windows-amd64 compressed oops)
# Problematic frame:
# C  0xffffffffa3895120
#
# Failed to write core dump. Minidumps are not enabled by default on client versions of Windows
#
# If you would like to submit a bug report, please visit:
#   http://bugreport.java.com/bugreport/crash.jsp
#

---------------  T H R E A D  ---------------

Current thread (0x0000000002793800):  JavaThread "main" [_thread_in_Java, id=956, stack(0x0000000002690000,0x0000000002790000)]

siginfo: ExceptionCode=0xc0000005, ExceptionInformation=0x0000000000000008 0xffffffffa3895120

Registers:
RAX=0x0000000014c98778, RBX=0x0000000014c98778, RCX=0x00000000ed97cb70, RDX=0x00000000ed97cb70
RSP=0x000000000278f138, RBP=0x000000000278f1b8, RSI=0x000000000000061e, RDI=0x0000000000000067
R8 =0x000000000000020c, R9 =0x00000000ed8ee718, R10=0x0000000064282140, R11=0x000000000315cf00
R12=0x0000000000000000, R13=0x000000000278f150, R14=0x0000000000000000, R15=0x0000000002793800
RIP=0xffffffffa3895120, EFLAGS=0x0000000000010202

Top of Stack: (sp=0x000000000278f138)
0x000000000278f138:   0000000002897a2d 000000000278f1b8
0x000000000278f148:   0000000002897a2d 000000000000061e
0x000000000278f158:   0000000000000067 00000000ed8ee718
0x000000000278f168:   000000000000020c 00000000ed97cb70
0x000000000278f178:   000000000278f178 0000000014c9949f
0x000000000278f188:   000000000278f238 0000000014c99cb0
0x000000000278f198:   0000000000000000 0000000014c995d8
0x000000000278f1a8:   000000000278f150 000000000278f238
0x000000000278f1b8:   000000000278f280 0000000002897a2d
0x000000000278f1c8:   00000000ed9dff68 0000000000000001
0x000000000278f1d8:   0000000000000000 00000000ed9dff68
0x000000000278f1e8:   00000000ed9e0008 000000000000061e
0x000000000278f1f8:   0000000000000068 00000000000005c0
0x000000000278f208:   000000000000020c 0000000000001770
0x000000000278f218:   00000000ed97cc08 00000000ed97cbb8
0x000000000278f228:   00000000ed8c0860 00000000ed8a4348 

Instructions: (pc=0xffffffffa3895120)
0xffffffffa3895100:   
[error occurred during error reporting (printing registers, top of stack, instructions near pc), id 0xc0000005]

Register to memory mapping:

RAX={method} {0x0000000014c98780} 'updateIndex' '(ILcom/android/dx/merge/IndexMap;II)V' in 'com/android/dx/merge/DexMerger$1'
RBX={method} {0x0000000014c98780} 'updateIndex' '(ILcom/android/dx/merge/IndexMap;II)V' in 'com/android/dx/merge/DexMerger$1'
RCX=0x00000000ed97cb70 is an oop
com.android.dx.merge.DexMerger$1 
 - klass: 'com/android/dx/merge/DexMerger$1'
RDX=0x00000000ed97cb70 is an oop
com.android.dx.merge.DexMerger$1 
 - klass: 'com/android/dx/merge/DexMerger$1'
RSP=0x000000000278f138 is pointing into the stack for thread: 0x0000000002793800
RBP=0x000000000278f1b8 is pointing into the stack for thread: 0x0000000002793800
RSI=0x000000000000061e is an unknown value
RDI=0x0000000000000067 is an unknown value
R8 =0x000000000000020c is an unknown value
R9 =0x00000000ed8ee718 is an oop
com.android.dx.merge.IndexMap 
 - klass: 'com/android/dx/merge/IndexMap'
R10=0x0000000064282140 is an unknown value
R11=0x000000000315cf00 is at entry_point+32 in (nmethod*)0x000000000315cd90
R12=0x0000000000000000 is an unknown value
R13=0x000000000278f150 is pointing into the stack for thread: 0x0000000002793800
R14=0x0000000000000000 is an unknown value
R15=0x0000000002793800 is a thread


Stack: [0x0000000002690000,0x0000000002790000],  sp=0x000000000278f138,  free space=1020k
Native frames: (J=compiled Java code, j=interpreted, Vv=VM code, C=native code)
C  0xffffffffa3895120


---------------  P R O C E S S  ---------------

Java Threads: ( => current thread )
  0x00000000168d0800 JavaThread "Service Thread" daemon [_thread_blocked, id=9068, stack(0x0000000016ca0000,0x0000000016da0000)]
  0x0000000014f66800 JavaThread "C1 CompilerThread2" daemon [_thread_blocked, id=8952, stack(0x00000000167a0000,0x00000000168a0000)]
  0x0000000014f60000 JavaThread "C2 CompilerThread1" daemon [_thread_blocked, id=10116, stack(0x00000000166a0000,0x00000000167a0000)]
  0x0000000014f5d000 JavaThread "C2 CompilerThread0" daemon [_thread_blocked, id=11232, stack(0x00000000165a0000,0x00000000166a0000)]
  0x0000000014f5c000 JavaThread "Attach Listener" daemon [_thread_blocked, id=9264, stack(0x00000000164a0000,0x00000000165a0000)]
  0x0000000014f6a000 JavaThread "Signal Dispatcher" daemon [_thread_blocked, id=10596, stack(0x00000000163a0000,0x00000000164a0000)]
  0x0000000002889000 JavaThread "Finalizer" daemon [_thread_blocked, id=10784, stack(0x00000000161c0000,0x00000000162c0000)]
  0x0000000002880800 JavaThread "Reference Handler" daemon [_thread_blocked, id=3008, stack(0x00000000160c0000,0x00000000161c0000)]
=>0x0000000002793800 JavaThread "main" [_thread_in_Java, id=956, stack(0x0000000002690000,0x0000000002790000)]

Other Threads:
  0x0000000014f26800 VMThread [stack: 0x0000000015fc0000,0x00000000160c0000] [id=8596]
  0x00000000168ee800 WatcherThread [stack: 0x0000000016da0000,0x0000000016ea0000] [id=10552]

VM state:not at safepoint (normal execution)

VM Mutex/Monitor currently owned by a thread: None

Heap:
 PSYoungGen      total 71680K, used 53312K [0x00000000eab00000, 0x00000000ef600000, 0x0000000100000000)
  eden space 66560K, 72% used [0x00000000eab00000,0x00000000eda11110,0x00000000eec00000)
  from space 5120K, 99% used [0x00000000ef100000,0x00000000ef5ff2a0,0x00000000ef600000)
  to   space 5120K, 0% used [0x00000000eec00000,0x00000000eec00000,0x00000000ef100000)
 ParOldGen       total 87552K, used 9212K [0x00000000c0000000, 0x00000000c5580000, 0x00000000eab00000)
  object space 87552K, 10% used [0x00000000c0000000,0x00000000c08ff018,0x00000000c5580000)
 Metaspace       used 7152K, capacity 7736K, committed 7936K, reserved 1056768K
  class space    used 666K, capacity 688K, committed 768K, reserved 1048576K

Card table byte_map: [0x0000000011c50000,0x0000000011e60000] byte_map_base: 0x0000000011650000

Marking Bits: (ParMarkBitMap*) 0x000000006429a5b0
 Begin Bits: [0x00000000123c0000, 0x00000000133c0000)
 End Bits:   [0x00000000133c0000, 0x00000000143c0000)

Polling page: 0x00000000025f0000

CodeCache: size=245760Kb used=9061Kb max_used=9088Kb free=236698Kb
 bounds [0x0000000002890000, 0x0000000003180000, 0x0000000011890000]
 total_blobs=2658 nmethods=2382 adapters=190
 compilation: enabled

Compilation events (10 events):
Event: 2.460 Thread 0x0000000014f66800 2385       3       java.nio.ByteBuffer::put (9 bytes)
Event: 2.461 Thread 0x0000000014f66800 nmethod 2385 0x0000000003163710 code [0x0000000003163880, 0x0000000003163aa8]
Event: 2.461 Thread 0x0000000014f66800 2386       3       java.nio.HeapByteBuffer::put (54 bytes)
Event: 2.461 Thread 0x0000000014f66800 nmethod 2386 0x0000000003163b50 code [0x0000000003163d20, 0x0000000003164498]
Event: 2.461 Thread 0x0000000014f66800 2365       1       com.android.dx.merge.DexMerger::access$1700 (5 bytes)
Event: 2.461 Thread 0x0000000014f66800 nmethod 2365 0x0000000003164790 code [0x00000000031648e0, 0x00000000031649d0]
Event: 2.461 Thread 0x0000000014f66800 2391       1       com.android.dx.merge.DexMerger$1::updateIndex (9 bytes)
Event: 2.461 Thread 0x0000000014f66800 nmethod 2391 0x0000000003164a50 code [0x0000000003164ba0, 0x0000000003164cd0]
Event: 2.473 Thread 0x0000000014f60000 nmethod 2387 0x0000000003168190 code [0x0000000003168300, 0x0000000003168a98]
Event: 2.473 Thread 0x0000000014f60000 2388       4       com.android.dex.Mutf8::countBytes (98 bytes)

GC Heap History (4 events):
Event: 1.051 GC heap before
{Heap before GC invocations=1 (full 0):
 PSYoungGen      total 38400K, used 33280K [0x00000000eab00000, 0x00000000ed580000, 0x0000000100000000)
  eden space 33280K, 100% used [0x00000000eab00000,0x00000000ecb80000,0x00000000ecb80000)
  from space 5120K, 0% used [0x00000000ed080000,0x00000000ed080000,0x00000000ed580000)
  to   space 5120K, 0% used [0x00000000ecb80000,0x00000000ecb80000,0x00000000ed080000)
 ParOldGen       total 87552K, used 0K [0x00000000c0000000, 0x00000000c5580000, 0x00000000eab00000)
  object space 87552K, 0% used [0x00000000c0000000,0x00000000c0000000,0x00000000c5580000)
 Metaspace       used 5726K, capacity 6960K, committed 7040K, reserved 1056768K
  class space    used 566K, capacity 616K, committed 640K, reserved 1048576K
Event: 1.077 GC heap after
Heap after GC invocations=1 (full 0):
 PSYoungGen      total 38400K, used 5116K [0x00000000eab00000, 0x00000000ef600000, 0x0000000100000000)
  eden space 33280K, 0% used [0x00000000eab00000,0x00000000eab00000,0x00000000ecb80000)
  from space 5120K, 99% used [0x00000000ecb80000,0x00000000ed07f1a0,0x00000000ed080000)
  to   space 5120K, 0% used [0x00000000ef100000,0x00000000ef100000,0x00000000ef600000)
 ParOldGen       total 87552K, used 3497K [0x00000000c0000000, 0x00000000c5580000, 0x00000000eab00000)
  object space 87552K, 3% used [0x00000000c0000000,0x00000000c036a6f8,0x00000000c5580000)
 Metaspace       used 5726K, capacity 6960K, committed 7040K, reserved 1056768K
  class space    used 566K, capacity 616K, committed 640K, reserved 1048576K
}
Event: 1.734 GC heap before
{Heap before GC invocations=2 (full 0):
 PSYoungGen      total 38400K, used 38396K [0x00000000eab00000, 0x00000000ef600000, 0x0000000100000000)
  eden space 33280K, 100% used [0x00000000eab00000,0x00000000ecb80000,0x00000000ecb80000)
  from space 5120K, 99% used [0x00000000ecb80000,0x00000000ed07f1a0,0x00000000ed080000)
  to   space 5120K, 0% used [0x00000000ef100000,0x00000000ef100000,0x00000000ef600000)
 ParOldGen       total 87552K, used 3497K [0x00000000c0000000, 0x00000000c5580000, 0x00000000eab00000)
  object space 87552K, 3% used [0x00000000c0000000,0x00000000c036a6f8,0x00000000c5580000)
 Metaspace       used 6022K, capacity 7152K, committed 7296K, reserved 1056768K
  class space    used 579K, capacity 616K, committed 640K, reserved 1048576K
Event: 1.790 GC heap after
Heap after GC invocations=2 (full 0):
 PSYoungGen      total 71680K, used 5116K [0x00000000eab00000, 0x00000000ef600000, 0x0000000100000000)
  eden space 66560K, 0% used [0x00000000eab00000,0x00000000eab00000,0x00000000eec00000)
  from space 5120K, 99% used [0x00000000ef100000,0x00000000ef5ff2a0,0x00000000ef600000)
  to   space 5120K, 0% used [0x00000000eec00000,0x00000000eec00000,0x00000000ef100000)
 ParOldGen       total 87552K, used 9212K [0x00000000c0000000, 0x00000000c5580000, 0x00000000eab00000)
  object space 87552K, 10% used [0x00000000c0000000,0x00000000c08ff018,0x00000000c5580000)
 Metaspace       used 6022K, capacity 7152K, committed 7296K, reserved 1056768K
  class space    used 579K, capacity 616K, committed 640K, reserved 1048576K
}

Deoptimization events (10 events):
Event: 2.388 Thread 0x0000000002793800 Uncommon trap: reason=unstable_if action=reinterpret pc=0x00000000030c88c0 method=com.android.dx.util.ByteArrayAnnotatedOutput.writeUleb128(I)I @ 4
Event: 2.388 Thread 0x0000000002793800 Uncommon trap: reason=unstable_if action=reinterpret pc=0x00000000030c734c method=com.android.dx.util.ByteArrayAnnotatedOutput.writeByte(I)V @ 13
Event: 2.404 Thread 0x0000000002793800 Uncommon trap: reason=unstable_if action=reinterpret pc=0x0000000002c7901c method=java.util.Arrays.copyOf([Ljava/lang/Object;ILjava/lang/Class;)[Ljava/lang/Object; @ 3
Event: 2.405 Thread 0x0000000002793800 Uncommon trap: reason=speculate_class_check action=maybe_recompile pc=0x0000000003001758 method=java.util.HashMap.putVal(ILjava/lang/Object;Ljava/lang/Object;ZZ)Ljava/lang/Object; @ 56
Event: 2.405 Thread 0x0000000002793800 Uncommon trap: reason=speculate_class_check action=maybe_recompile pc=0x0000000003001794 method=java.util.HashMap.putVal(ILjava/lang/Object;Ljava/lang/Object;ZZ)Ljava/lang/Object; @ 152
Event: 2.405 Thread 0x0000000002793800 Uncommon trap: reason=speculate_class_check action=maybe_recompile pc=0x0000000003001758 method=java.util.HashMap.putVal(ILjava/lang/Object;Ljava/lang/Object;ZZ)Ljava/lang/Object; @ 56
Event: 2.405 Thread 0x0000000002793800 Uncommon trap: reason=speculate_class_check action=maybe_recompile pc=0x0000000003001758 method=java.util.HashMap.putVal(ILjava/lang/Object;Ljava/lang/Object;ZZ)Ljava/lang/Object; @ 56
Event: 2.405 Thread 0x0000000002793800 Uncommon trap: reason=class_check action=maybe_recompile pc=0x0000000002ff60e8 method=java.util.HashMap.putVal(ILjava/lang/Object;Ljava/lang/Object;ZZ)Ljava/lang/Object; @ 56
Event: 2.405 Thread 0x0000000002793800 Uncommon trap: reason=class_check action=maybe_recompile pc=0x0000000002ff60e8 method=java.util.HashMap.putVal(ILjava/lang/Object;Ljava/lang/Object;ZZ)Ljava/lang/Object; @ 56
Event: 2.447 Thread 0x0000000002793800 Uncommon trap: reason=unstable_if action=reinterpret pc=0x0000000002c9cd94 method=java.lang.String.<init>([CII)V @ 18

Internal exceptions (3 events):
Event: 0.041 Thread 0x0000000002793800 Exception <a 'java/lang/NoSuchMethodError': Method sun.misc.Unsafe.defineClass(Ljava/lang/String;[BII)Ljava/lang/Class; name or signature does not match> (0x00000000eab130a8) thrown at [C:\re\workspace\8-2-build-windows-amd64-cygwin\jdk8u60\4407\hotspot\sr½èL¯Þ¤?
Event: 0.041 Thread 0x0000000002793800 Exception <a 'java/lang/NoSuchMethodError': Method sun.misc.Unsafe.prefetchRead(Ljava/lang/Object;J)V name or signature does not match> (0x00000000eab13390) thrown at [C:\re\workspace\8-2-build-windows-amd64-cygwin\jdk8u60\4407\hotspot\src\share\vm\prims\jÆˆ+‡çõ?
Event: 1.369 Thread 0x0000000016a2a800 Implicit null exception at 0x0000000002d97322 to 0x0000000002d973c1

Events (10 events):
Event: 2.443 loading class com/android/dx/merge/InstructionTransformer$MethodVisitor done
Event: 2.444 loading class com/android/dx/merge/DexMerger$1
Event: 2.444 loading class com/android/dx/merge/DexMerger$1 done
Event: 2.445 loading class com/android/dx/merge/DexMerger$IdMerger
Event: 2.445 loading class com/android/dx/merge/DexMerger$IdMerger done
Event: 2.446 loading class com/android/dex/Mutf8
Event: 2.446 loading class com/android/dex/Mutf8 done
Event: 2.447 Thread 0x0000000002793800 Uncommon trap: trap_request=0xffffff65 fr.pc=0x0000000002c9cd94
Event: 2.447 Thread 0x0000000002793800 DEOPT PACKING pc=0x0000000002c9cd94 sp=0x000000000278eee0
Event: 2.447 Thread 0x0000000002793800 DEOPT UNPACKING pc=0x00000000028d556a sp=0x000000000278eec8 mode 2


Dynamic libraries:
0x00007ff782eb0000 - 0x00007ff782ee7000 	E:\Java\jdk1.8.0_60\bin\java.exe
0x00007fff9cbe0000 - 0x00007fff9cd8c000 	C:\WINDOWS\SYSTEM32\ntdll.dll
0x00007fff9b4c0000 - 0x00007fff9b5fe000 	C:\WINDOWS\system32\KERNEL32.DLL
0x00007fff9a040000 - 0x00007fff9a155000 	C:\WINDOWS\system32\KERNELBASE.dll
0x00007fff98990000 - 0x00007fff98a1e000 	C:\WINDOWS\system32\apphelp.dll
0x00007fff90660000 - 0x00007fff906b3000 	C:\WINDOWS\AppPatch\AppPatch64\AcGenral.DLL
0x00007fff9a9a0000 - 0x00007fff9aa4a000 	C:\WINDOWS\system32\msvcrt.dll
0x00007fff99b00000 - 0x00007fff99b2e000 	C:\WINDOWS\SYSTEM32\SspiCli.dll
0x00007fff9ae70000 - 0x00007fff9aec4000 	C:\WINDOWS\system32\SHLWAPI.dll
0x00007fff9b340000 - 0x00007fff9b4b7000 	C:\WINDOWS\system32\USER32.dll
0x00007fff9a650000 - 0x00007fff9a7e4000 	C:\WINDOWS\system32\ole32.dll
0x00007fff9b600000 - 0x00007fff9cb2b000 	C:\WINDOWS\system32\SHELL32.dll
0x00007fff992d0000 - 0x00007fff992f1000 	C:\WINDOWS\SYSTEM32\USERENV.dll
0x00007fff9cb30000 - 0x00007fff9cbda000 	C:\WINDOWS\system32\ADVAPI32.dll
0x00007fff8bb00000 - 0x00007fff8bb1e000 	C:\WINDOWS\SYSTEM32\MPR.dll
0x00007fff9a500000 - 0x00007fff9a641000 	C:\WINDOWS\system32\RPCRT4.dll
0x00007fff9b2e0000 - 0x00007fff9b339000 	C:\WINDOWS\SYSTEM32\sechost.dll
0x00007fff9aed0000 - 0x00007fff9b0e1000 	C:\WINDOWS\SYSTEM32\combase.dll
0x00007fff9ab70000 - 0x00007fff9acbf000 	C:\WINDOWS\system32\GDI32.dll
0x00007fff99d30000 - 0x00007fff99d45000 	C:\WINDOWS\SYSTEM32\profapi.dll
0x00007fff987f0000 - 0x00007fff988a2000 	C:\WINDOWS\SYSTEM32\SHCORE.dll
0x00007fff9aa50000 - 0x00007fff9aa86000 	C:\WINDOWS\system32\IMM32.DLL
0x00007fff9b120000 - 0x00007fff9b272000 	C:\WINDOWS\system32\MSCTF.dll
0x00007fff98170000 - 0x00007fff983eb000 	C:\WINDOWS\WinSxS\amd64_microsoft.windows.common-controls_6595b64144ccf1df_6.0.9600.18006_none_623f33d3ecbe86e8\COMCTL32.dll
0x00000000636e0000 - 0x00000000637b2000 	E:\Java\jdk1.8.0_60\jre\bin\msvcr100.dll
0x0000000063a90000 - 0x0000000064319000 	E:\Java\jdk1.8.0_60\jre\bin\server\jvm.dll
0x00007fff94020000 - 0x00007fff94029000 	C:\WINDOWS\SYSTEM32\WSOCK32.dll
0x00007fff983f0000 - 0x00007fff98412000 	C:\WINDOWS\SYSTEM32\WINMM.dll
0x00007fff98420000 - 0x00007fff9842a000 	C:\WINDOWS\SYSTEM32\VERSION.dll
0x00007fff9b110000 - 0x00007fff9b117000 	C:\WINDOWS\system32\PSAPI.DLL
0x00007fff9b280000 - 0x00007fff9b2da000 	C:\WINDOWS\system32\WS2_32.dll
0x00007fff98130000 - 0x00007fff9815a000 	C:\WINDOWS\SYSTEM32\WINMMBASE.dll
0x00007fff9acc0000 - 0x00007fff9acc9000 	C:\WINDOWS\system32\NSI.dll
0x00007fff9a160000 - 0x00007fff9a1af000 	C:\WINDOWS\SYSTEM32\cfgmgr32.dll
0x00007fff98950000 - 0x00007fff98978000 	C:\WINDOWS\SYSTEM32\DEVOBJ.dll
0x0000000063a80000 - 0x0000000063a8f000 	E:\Java\jdk1.8.0_60\jre\bin\verify.dll
0x0000000063a50000 - 0x0000000063a79000 	E:\Java\jdk1.8.0_60\jre\bin\java.dll
0x0000000063a30000 - 0x0000000063a46000 	E:\Java\jdk1.8.0_60\jre\bin\zip.dll
0x00007fff94410000 - 0x00007fff94599000 	C:\WINDOWS\SYSTEM32\dbghelp.dll

VM Arguments:
jvm_args: -Xmx1024M -Dfile.encoding=windows-1251 -Duser.country=RU -Duser.language=ru -Duser.variant 
java_command: com.android.dx.command.Main --dex --num-threads=4 --output E:\Android\AndroidStudioProjects\LoftblogMoneyTracker\app\build\intermediates\dex\debug E:\Android\AndroidStudioProjects\LoftblogMoneyTracker\app\build\intermediates\classes\debug E:\Android\AndroidStudioProjects\LoftblogMoneyTracker\app\build\intermediates\pre-dexed\debug\support-annotations-23.0.1-e6941ffc9cbf1270b1623cf686ba7082dcc4df08.jar E:\Android\AndroidStudioProjects\LoftblogMoneyTracker\app\build\intermediates\pre-dexed\debug\classes-8feaabbfb5bdbff71ed9eb50acb4a8fe317bd8e4.jar E:\Android\AndroidStudioProjects\LoftblogMoneyTracker\app\build\intermediates\pre-dexed\debug\classes-8c1319393e271eff68e10a9dcae07a2783f674be.jar E:\Android\AndroidStudioProjects\LoftblogMoneyTracker\app\build\intermediates\pre-dexed\debug\internal_impl-22.2.0-0e6d9ecdf28e1d5717a3b05e5efcbaa26aefd913.jar E:\Android\AndroidStudioProjects\LoftblogMoneyTracker\app\build\intermediates\pre-dexed\debug\classes-96a27b206b99b387079686bb2c6db4d651bf67b0.jar E:\Android\AndroidStudioProjects\LoftblogMoneyTracker\app\build\intermediates\pre-dexed\debug\classes-b570df61e751229d205547820db2b138f3d2f62b.jar E:\Android\AndroidStudioProjects\LoftblogMoneyTracker\app\build\intermediates\pre-dexed\debug\classes-52b7275268a9e54f348a2faeff70a90613f238e9.jar E:\Android\AndroidStudioProjects\LoftblogMoneyTracker\app\build\intermediates\pre-dexed\debug\classes-472fb590b2ae42e351cdbbab4f5c927f6cbdb130.jar E:\Android\AndroidStudioProjects\LoftblogMoneyTracker\app\build\intermediates\pre-dexed\debug\classes-352d93e2966ff5ab712c233f0fb1f206edd2d56d.jar E:\Android\AndroidStudioProjects\LoftblogMoneyTracker\app\build\intermediates\pre-dexed\debug\classes-de409459780203812a068d576aa5d4d22ec493da.jar E:\Android\AndroidStudioProjects\LoftblogMoneyTracker\app\build\intermediates\pre-dexed\debug\classes-929da88a3328213b151763d457f179989be7055b.jar E:\Android\AndroidStudioProjects\LoftblogMoneyTracker\app\build\intermediates\pre-dexed\debug\ac
java_class_path (initial): E:\Android\sdk\build-tools\23.0.1\lib\dx.jar
Launcher Type: SUN_STANDARD

Environment Variables:
PATH=C:\ProgramData\Oracle\Java\javapath;C:\WINDOWS\system32;C:\WINDOWS;C:\WINDOWS\System32\Wbem;C:\WINDOWS\System32\WindowsPowerShell\v1.0\;C:\Program Files (x86)\Common Files\Acronis\SnapAPI\;C:\Program Files (x86)\Common Files\Autodesk Shared\;C:\Program Files\Microsoft\Web Platform Installer\;C:\Program Files (x86)\Microsoft ASP.NET\ASP.NET Web Pages\v1.0\;C:\Program Files\Microsoft SQL Server\110\Tools\Binn\;C:\Program Files\Common Files\Autodesk Shared\;C:\Program Files (x86)\NVIDIA Corporation\PhysX\Common;C:\Program Files (x86)\Skype\Phone\
USERNAME=Àëåêñàíäð
OS=Windows_NT
PROCESSOR_IDENTIFIER=Intel64 Family 6 Model 15 Stepping 11, GenuineIntel



---------------  S Y S T E M  ---------------

OS: Windows 8.1 , 64 bit Build 9600 (6.3.9600.17415)

CPU:total 4 (4 cores per cpu, 1 threads per core) family 6 model 15 stepping 11, cmov, cx8, fxsr, mmx, sse, sse2, sse3, ssse3, tsc

Memory: 4k page, physical 8387492k(1550124k free), swap 16776356k(4756032k free)

vm_info: Java HotSpot(TM) 64-Bit Server VM (25.60-b23) for windows-amd64 JRE (1.8.0_60-b27), built on Aug  4 2015 11:06:27 by "java_re" with MS VC++ 10.0 (VS2010)

time: Tue Oct 20 23:00:44 2015
elapsed time: 2 seconds (0d 0h 0m 2s)

