#
# A fatal error has been detected by the Java Runtime Environment:
#
#  EXCEPTION_ACCESS_VIOLATION (0xc0000005) at pc=0xffffffffa3565120, pid=10356, tid=8208
#
# JRE version: Java(TM) SE Runtime Environment (8.0_60-b27) (build 1.8.0_60-b27)
# Java VM: Java HotSpot(TM) 64-Bit Server VM (25.60-b23 mixed mode windows-amd64 compressed oops)
# Problematic frame:
# C  0xffffffffa3565120
#
# Failed to write core dump. Minidumps are not enabled by default on client versions of Windows
#
# If you would like to submit a bug report, please visit:
#   http://bugreport.java.com/bugreport/crash.jsp
#

---------------  T H R E A D  ---------------

Current thread (0x0000000014c2f800):  JavaThread "pool-1-thread-4" [_thread_in_Java, id=8208, stack(0x0000000016f80000,0x0000000017080000)]

siginfo: ExceptionCode=0xc0000005, ExceptionInformation=0x0000000000000008 0xffffffffa3565120

Registers:
RAX=0x00000000147cadd0, RBX=0x00000000147cadd0, RCX=0x00000000eba45258, RDX=0x00000000eb212a18
RSP=0x000000001707ec28, RBP=0x000000001707ecc8, RSI=0x0000000100082a08, RDI=0x0000000014845568
R8 =0x000000000000001e, R9 =0x0000000000000000, R10=0x0000000058262140, R11=0x00000000027eb2e0
R12=0x0000000000000000, R13=0x000000001707ec78, R14=0x000000001707ecf8, R15=0x0000000014c2f800
RIP=0xffffffffa3565120, EFLAGS=0x0000000000010206

Top of Stack: (sp=0x000000001707ec28)
0x000000001707ec28:   00000000027eb3bc 0000000014861ed0
0x000000001707ec38:   00000000147cd140 0000000000000000
0x000000001707ec48:   000000001707ec78 000000001707ecc8
0x000000001707ec58:   0000000002567470 000000001707ecc8
0x000000001707ec68:   00000000025677b0 00000000025677b0
0x000000001707ec78:   000000000000001e 00000000eba45258
0x000000001707ec88:   000000001707ec88 00000000147cdd6d
0x000000001707ec98:   000000001707ecf8 00000000147d5c88
0x000000001707eca8:   0000000000000000 00000000147cddd8
0x000000001707ecb8:   000000001707ec78 000000001707ecf8
0x000000001707ecc8:   000000001707ed40 0000000002567a2d
0x000000001707ecd8:   00000000eb684d00 00000000ffffffff
0x000000001707ece8:   000000000000001e 000000000000002e
0x000000001707ecf8:   00000000eba45258 000000001707ed00
0x000000001707ed08:   00000000147ccc71 000000001707ed50
0x000000001707ed18:   00000000147d5c88 0000000000000000 

Instructions: (pc=0xffffffffa3565120)
0xffffffffa3565100:   
[error occurred during error reporting (printing registers, top of stack, instructions near pc), id 0xc0000005]

Register to memory mapping:

RAX={method} {0x00000000147cadd8} 'getDefinitionSpecForSsaReg' '(I)Lcom/android/dx/rop/code/RegisterSpec;' in 'com/android/dx/ssa/back/RegisterAllocator'
RBX={method} {0x00000000147cadd8} 'getDefinitionSpecForSsaReg' '(I)Lcom/android/dx/rop/code/RegisterSpec;' in 'com/android/dx/ssa/back/RegisterAllocator'
RCX=0x00000000eba45258 is an oop
com.android.dx.ssa.back.FirstFitLocalCombiningAllocator 
 - klass: 'com/android/dx/ssa/back/FirstFitLocalCombiningAllocator'
RDX=0x00000000eb212a18 is an oop
com.android.dx.ssa.SsaMethod 
 - klass: 'com/android/dx/ssa/SsaMethod'
RSP=0x000000001707ec28 is pointing into the stack for thread: 0x0000000014c2f800
RBP=0x000000001707ecc8 is pointing into the stack for thread: 0x0000000014c2f800
RSI=0x0000000100082a08 is pointing into metadata
RDI=0x0000000014845568 is pointing into metadata
R8 =0x000000000000001e is an unknown value
R9 =0x0000000000000000 is an unknown value
R10=0x0000000058262140 is an unknown value
R11=0x00000000027eb2e0 is at entry_point+32 in (nmethod*)0x00000000027eb150
R12=0x0000000000000000 is an unknown value
R13=0x000000001707ec78 is pointing into the stack for thread: 0x0000000014c2f800
R14=0x000000001707ecf8 is pointing into the stack for thread: 0x0000000014c2f800
R15=0x0000000014c2f800 is a thread


Stack: [0x0000000016f80000,0x0000000017080000],  sp=0x000000001707ec28,  free space=1019k
Native frames: (J=compiled Java code, j=interpreted, Vv=VM code, C=native code)
C  0xffffffffa3565120


---------------  P R O C E S S  ---------------

Java Threads: ( => current thread )
=>0x0000000014c2f800 JavaThread "pool-1-thread-4" [_thread_in_Java, id=8208, stack(0x0000000016f80000,0x0000000017080000)]
  0x0000000014c30800 JavaThread "pool-1-thread-3" [_thread_in_vm, id=5244, stack(0x0000000016e80000,0x0000000016f80000)]
  0x0000000014c32800 JavaThread "pool-1-thread-2" [_thread_in_Java, id=1272, stack(0x0000000016d80000,0x0000000016e80000)]
  0x0000000014c2d800 JavaThread "pool-2-thread-1" [_thread_blocked, id=8504, stack(0x0000000016c80000,0x0000000016d80000)]
  0x0000000014c2c800 JavaThread "pool-1-thread-1" [_thread_in_vm, id=4888, stack(0x0000000016b80000,0x0000000016c80000)]
  0x0000000014c2e000 JavaThread "Service Thread" daemon [_thread_blocked, id=10820, stack(0x0000000016980000,0x0000000016a80000)]
  0x0000000016385800 JavaThread "C1 CompilerThread2" daemon [_thread_blocked, id=10792, stack(0x0000000016880000,0x0000000016980000)]
  0x0000000014c8e800 JavaThread "C2 CompilerThread1" daemon [_thread_blocked, id=10532, stack(0x0000000016780000,0x0000000016880000)]
  0x0000000014c35000 JavaThread "C2 CompilerThread0" daemon [_thread_in_native, id=5400, stack(0x0000000016280000,0x0000000016380000)]
  0x0000000014c2c000 JavaThread "Attach Listener" daemon [_thread_blocked, id=9140, stack(0x0000000016180000,0x0000000016280000)]
  0x0000000014c2f000 JavaThread "Signal Dispatcher" daemon [_thread_blocked, id=8420, stack(0x0000000016080000,0x0000000016180000)]
  0x0000000002556000 JavaThread "Finalizer" daemon [_thread_blocked, id=10048, stack(0x0000000015ea0000,0x0000000015fa0000)]
  0x000000000254c000 JavaThread "Reference Handler" daemon [_thread_blocked, id=6120, stack(0x0000000015da0000,0x0000000015ea0000)]
  0x0000000002460800 JavaThread "main" [_thread_in_Java, id=2216, stack(0x00000000022b0000,0x00000000023b0000)]

Other Threads:
  0x0000000014bf6000 VMThread [stack: 0x0000000015ca0000,0x0000000015da0000] [id=8272]
  0x00000000163b3000 WatcherThread [stack: 0x0000000016a80000,0x0000000016b80000] [id=8028]

VM state:not at safepoint (normal execution)

VM Mutex/Monitor currently owned by a thread: None

Heap:
 PSYoungGen      total 38400K, used 16257K [0x00000000eab00000, 0x00000000ed580000, 0x0000000100000000)
  eden space 33280K, 48% used [0x00000000eab00000,0x00000000ebae04b0,0x00000000ecb80000)
  from space 5120K, 0% used [0x00000000ed080000,0x00000000ed080000,0x00000000ed580000)
  to   space 5120K, 0% used [0x00000000ecb80000,0x00000000ecb80000,0x00000000ed080000)
 ParOldGen       total 87552K, used 0K [0x00000000c0000000, 0x00000000c5580000, 0x00000000eab00000)
  object space 87552K, 0% used [0x00000000c0000000,0x00000000c0000000,0x00000000c5580000)
 Metaspace       used 5609K, capacity 6704K, committed 6784K, reserved 1056768K
  class space    used 585K, capacity 616K, committed 640K, reserved 1048576K

Card table byte_map: [0x0000000011920000,0x0000000011b30000] byte_map_base: 0x0000000011320000

Marking Bits: (ParMarkBitMap*) 0x000000005827a5b0
 Begin Bits: [0x0000000012090000, 0x0000000013090000)
 End Bits:   [0x0000000013090000, 0x0000000014090000)

Polling page: 0x0000000000a30000

CodeCache: size=245760Kb used=3145Kb max_used=3157Kb free=242614Kb
 bounds [0x0000000002560000, 0x0000000002880000, 0x0000000011560000]
 total_blobs=1023 nmethods=756 adapters=182
 compilation: enabled

Compilation events (10 events):
Event: 4.981 Thread 0x0000000014c8e800 nmethod 746 0x000000000286b310 code [0x000000000286b460, 0x000000000286b598]
Event: 5.062 Thread 0x0000000016385800  749       3       com.android.dx.ssa.PhiInsn::getSources (95 bytes)
Event: 5.064 Thread 0x0000000016385800 nmethod 749 0x0000000002860350 code [0x00000000028605c0, 0x0000000002861618]
Event: 5.064 Thread 0x0000000016385800  751       3       com.android.dx.ssa.back.LivenessAnalyzer::run (231 bytes)
Event: 5.064 Thread 0x0000000014c8e800  755       4       com.android.dx.ssa.SsaMethod::getDefinitionForRegister (61 bytes)
Event: 5.065 Thread 0x0000000016385800 nmethod 751 0x0000000002870b10 code [0x0000000002870e20, 0x00000000028724e8]
Event: 5.065 Thread 0x0000000016385800  748       3       com.android.dx.ssa.DeadCodeRemover::isCircularNoSideEffect (140 bytes)
Event: 5.067 Thread 0x0000000016385800 nmethod 748 0x000000000285e610 code [0x000000000285e8c0, 0x000000000285fa08]
Event: 5.067 Thread 0x0000000016385800  752       3       com.android.dx.ssa.back.InterferenceGraph::ensureCapacity (42 bytes)
Event: 5.067 Thread 0x0000000014c8e800 nmethod 755 0x000000000285e0d0 code [0x000000000285e240, 0x000000000285e468]

GC Heap History (0 events):
No events

Deoptimization events (2 events):
Event: 4.896 Thread 0x0000000014c2c800 Uncommon trap: reason=unstable_if action=reinterpret pc=0x00000000027597c0 method=java.util.HashMap.getNode(ILjava/lang/Object;)Ljava/util/HashMap$Node; @ 129
Event: 4.948 Thread 0x0000000014c30800 Uncommon trap: reason=unstable_if action=reinterpret pc=0x0000000002759f30 method=java.util.BitSet.nextSetBit(I)I @ 87

Internal exceptions (2 events):
Event: 1.157 Thread 0x0000000002460800 Exception <a 'java/lang/NoSuchMethodError': Method sun.misc.Unsafe.defineClass(Ljava/lang/String;[BII)Ljava/lang/Class; name or signature does not match> (0x00000000eab12f18) thrown at [C:\re\workspace\8-2-build-windows-amd64-cygwin\jdk8u60\4407\hotspot\srчё:wеЃт?
Event: 1.157 Thread 0x0000000002460800 Exception <a 'java/lang/NoSuchMethodError': Method sun.misc.Unsafe.prefetchRead(Ljava/lang/Object;J)V name or signature does not match> (0x00000000eab13200) thrown at [C:\re\workspace\8-2-build-windows-amd64-cygwin\jdk8u60\4407\hotspot\src\share\vm\prims\j

Events (10 events):
Event: 4.896 Thread 0x0000000014c2c800 DEOPT UNPACKING pc=0x00000000025a556a sp=0x0000000016c7e4b8 mode 2
Event: 4.944 loading class com/android/dx/cf/code/Ropper$ExceptionHandlerSetup
Event: 4.944 loading class com/android/dx/cf/code/Ropper$ExceptionHandlerSetup done
Event: 4.947 loading class java/util/HashMap$Values
Event: 4.947 loading class java/util/HashMap$Values done
Event: 4.947 loading class java/util/HashMap$ValueIterator
Event: 4.947 loading class java/util/HashMap$ValueIterator done
Event: 4.948 Thread 0x0000000014c30800 Uncommon trap: trap_request=0xffffff65 fr.pc=0x0000000002759f30
Event: 4.948 Thread 0x0000000014c30800 DEOPT PACKING pc=0x0000000002759f30 sp=0x0000000016f7ede0
Event: 4.948 Thread 0x0000000014c30800 DEOPT UNPACKING pc=0x00000000025a556a sp=0x0000000016f7ed78 mode 2


Dynamic libraries:
0x00007ff7626c0000 - 0x00007ff7626f7000 	E:\Java\jdk1.8.0_60\bin\java.exe
0x00007ffc079f0000 - 0x00007ffc07b9c000 	C:\WINDOWS\SYSTEM32\ntdll.dll
0x00007ffc05d30000 - 0x00007ffc05e6e000 	C:\WINDOWS\system32\KERNEL32.DLL
0x00007ffc04c20000 - 0x00007ffc04d35000 	C:\WINDOWS\system32\KERNELBASE.dll
0x00007ffc036d0000 - 0x00007ffc0375e000 	C:\WINDOWS\system32\apphelp.dll
0x00007ffbfa980000 - 0x00007ffbfa9d3000 	C:\WINDOWS\AppPatch\AppPatch64\AcGenral.DLL
0x00007ffc05750000 - 0x00007ffc057fa000 	C:\WINDOWS\system32\msvcrt.dll
0x00007ffc04920000 - 0x00007ffc0494e000 	C:\WINDOWS\SYSTEM32\SspiCli.dll
0x00007ffc05530000 - 0x00007ffc05584000 	C:\WINDOWS\system32\SHLWAPI.dll
0x00007ffc05140000 - 0x00007ffc052b7000 	C:\WINDOWS\system32\USER32.dll
0x00007ffc05e90000 - 0x00007ffc06024000 	C:\WINDOWS\system32\ole32.dll
0x00007ffc063a0000 - 0x00007ffc078b9000 	C:\WINDOWS\system32\SHELL32.dll
0x00007ffc040f0000 - 0x00007ffc04111000 	C:\WINDOWS\SYSTEM32\USERENV.dll
0x00007ffc05420000 - 0x00007ffc054ca000 	C:\WINDOWS\system32\ADVAPI32.dll
0x00007ffbf7830000 - 0x00007ffbf784e000 	C:\WINDOWS\SYSTEM32\MPR.dll
0x00007ffc05600000 - 0x00007ffc05741000 	C:\WINDOWS\system32\RPCRT4.dll
0x00007ffc054d0000 - 0x00007ffc05529000 	C:\WINDOWS\SYSTEM32\sechost.dll
0x00007ffc06030000 - 0x00007ffc06241000 	C:\WINDOWS\SYSTEM32\combase.dll
0x00007ffc05b90000 - 0x00007ffc05cdf000 	C:\WINDOWS\system32\GDI32.dll
0x00007ffc04b50000 - 0x00007ffc04b65000 	C:\WINDOWS\SYSTEM32\profapi.dll
0x00007ffc03610000 - 0x00007ffc036c2000 	C:\WINDOWS\SYSTEM32\SHCORE.dll
0x00007ffc05cf0000 - 0x00007ffc05d26000 	C:\WINDOWS\system32\IMM32.DLL
0x00007ffc052c0000 - 0x00007ffc05412000 	C:\WINDOWS\system32\MSCTF.dll
0x00007ffc02a60000 - 0x00007ffc02cda000 	C:\WINDOWS\WinSxS\amd64_microsoft.windows.common-controls_6595b64144ccf1df_6.0.9600.17810_none_6240b9c7ecbd0bda\COMCTL32.dll
0x00000000575f0000 - 0x00000000576c2000 	E:\Java\jdk1.8.0_60\jre\bin\msvcr100.dll
0x0000000057a70000 - 0x00000000582f9000 	E:\Java\jdk1.8.0_60\jre\bin\server\jvm.dll
0x00007ffbfafb0000 - 0x00007ffbfafb9000 	C:\WINDOWS\SYSTEM32\WSOCK32.dll
0x00007ffc03090000 - 0x00007ffc030b2000 	C:\WINDOWS\SYSTEM32\WINMM.dll
0x00007ffc030c0000 - 0x00007ffc030ca000 	C:\WINDOWS\SYSTEM32\VERSION.dll
0x00007ffc062c0000 - 0x00007ffc062c7000 	C:\WINDOWS\system32\PSAPI.DLL
0x00007ffc06260000 - 0x00007ffc062ba000 	C:\WINDOWS\system32\WS2_32.dll
0x00007ffc02ea0000 - 0x00007ffc02eca000 	C:\WINDOWS\SYSTEM32\WINMMBASE.dll
0x00007ffc05ce0000 - 0x00007ffc05ce9000 	C:\WINDOWS\system32\NSI.dll
0x00007ffc05030000 - 0x00007ffc0507f000 	C:\WINDOWS\SYSTEM32\cfgmgr32.dll
0x00007ffc03960000 - 0x00007ffc03988000 	C:\WINDOWS\SYSTEM32\DEVOBJ.dll
0x0000000057a60000 - 0x0000000057a6f000 	E:\Java\jdk1.8.0_60\jre\bin\verify.dll
0x0000000057a30000 - 0x0000000057a59000 	E:\Java\jdk1.8.0_60\jre\bin\java.dll
0x0000000057a10000 - 0x0000000057a26000 	E:\Java\jdk1.8.0_60\jre\bin\zip.dll
0x00007ffbfee80000 - 0x00007ffbff009000 	C:\WINDOWS\SYSTEM32\dbghelp.dll

VM Arguments:
jvm_args: -Xmx1024M -Dfile.encoding=windows-1251 -Duser.country=RU -Duser.language=ru -Duser.variant 
java_command: com.android.dx.command.Main --dex --num-threads=4 --output E:\Android\AndroidStudioProjects\LoftblogMoneyTracker\app\build\intermediates\pre-dexed\debug\classes-a49dc37fbafd0cf30f9fb830187f31d829f4d99c.jar E:\Android\AndroidStudioProjects\LoftblogMoneyTracker\app\build\intermediates\exploded-aar\com.android.support\design\23.0.1\jars\classes.jar
java_class_path (initial): E:\Android\sdk\build-tools\23.0.0\lib\dx.jar
Launcher Type: SUN_STANDARD

Environment Variables:
PATH=C:\ProgramData\Oracle\Java\javapath;C:\WINDOWS\system32;C:\WINDOWS;C:\WINDOWS\System32\Wbem;C:\WINDOWS\System32\WindowsPowerShell\v1.0\;C:\Program Files (x86)\Common Files\Acronis\SnapAPI\;C:\Program Files (x86)\Common Files\Autodesk Shared\;C:\Program Files\Microsoft\Web Platform Installer\;C:\Program Files (x86)\Microsoft ASP.NET\ASP.NET Web Pages\v1.0\;C:\Program Files\Microsoft SQL Server\110\Tools\Binn\;C:\Program Files\Common Files\Autodesk Shared\;C:\Program Files (x86)\NVIDIA Corporation\PhysX\Common;C:\Program Files (x86)\Skype\Phone\;C:\Program Files (x86)\Common Files\Acronis\TibMounter64
USERNAME=Александр
OS=Windows_NT
PROCESSOR_IDENTIFIER=Intel64 Family 6 Model 15 Stepping 11, GenuineIntel



---------------  S Y S T E M  ---------------

OS: Windows 8.1 , 64 bit Build 9600 (6.3.9600.17415)

CPU:total 4 (4 cores per cpu, 1 threads per core) family 6 model 15 stepping 11, cmov, cx8, fxsr, mmx, sse, sse2, sse3, ssse3, tsc

Memory: 4k page, physical 8387492k(1394692k free), swap 16996044k(5438756k free)

vm_info: Java HotSpot(TM) 64-Bit Server VM (25.60-b23) for windows-amd64 JRE (1.8.0_60-b27), built on Aug  4 2015 11:06:27 by "java_re" with MS VC++ 10.0 (VS2010)

time: Tue Oct 06 02:02:25 2015
elapsed time: 5 seconds (0d 0h 0m 5s)

