#
# A fatal error has been detected by the Java Runtime Environment:
#
#  EXCEPTION_ACCESS_VIOLATION (0xc0000005) at pc=0xffffffffa33c5120, pid=12220, tid=5400
#
# JRE version: Java(TM) SE Runtime Environment (8.0_60-b27) (build 1.8.0_60-b27)
# Java VM: Java HotSpot(TM) 64-Bit Server VM (25.60-b23 mixed mode windows-amd64 compressed oops)
# Problematic frame:
# C  0xffffffffa33c5120
#
# Failed to write core dump. Minidumps are not enabled by default on client versions of Windows
#
# If you would like to submit a bug report, please visit:
#   http://bugreport.java.com/bugreport/crash.jsp
#

---------------  T H R E A D  ---------------

Current thread (0x00000000022c0800):  JavaThread "main" [_thread_in_Java, id=5400, stack(0x00000000021c0000,0x00000000022c0000)]

siginfo: ExceptionCode=0xc0000005, ExceptionInformation=0x0000000000000008 0xffffffffa33c5120

Registers:
RAX=0x00000000145a8f18, RBX=0x00000000145a8f18, RCX=0x00000000f22910b0, RDX=0x00000000f22910b0
RSP=0x00000000022bf2b8, RBP=0x00000000022bf320, RSI=0x00000000145a8f18, RDI=0x0000000000001828
R8 =0x00000000f2f4c6e0, R9 =0x00000000009d7d90, R10=0x0000000058262140, R11=0x0000000003045900
R12=0x0000000000000000, R13=0x00000000022bf2d0, R14=0x0000000000000000, R15=0x00000000022c0800
RIP=0xffffffffa33c5120, EFLAGS=0x0000000000010206

Top of Stack: (sp=0x00000000022bf2b8)
0x00000000022bf2b8:   00000000023c7a2d 00000000022bf320
0x00000000022bf2c8:   00000000023c7a2d 00000000f2f4c6e0
0x00000000022bf2d8:   00000000f22910b0 00000000022bf2e0
0x00000000022bf2e8:   000000001450dc64 00000000022bf350
0x00000000022bf2f8:   00000000145135b8 0000000000000000
0x00000000022bf308:   000000001450dcc0 00000000022bf2d0
0x00000000022bf318:   00000000022bf350 00000000022bf398
0x00000000022bf328:   00000000023c7a2d 00000000f22910b0
0x00000000022bf338:   000000000000235f 0000000000000d05
0x00000000022bf348:   00000000f2f4c6e0 00000000c02c3cd0
0x00000000022bf358:   00000000022bf358 000000001450be55
0x00000000022bf368:   00000000022bf3a8 0000000014510c98
0x00000000022bf378:   0000000000000000 000000001450be78
0x00000000022bf388:   00000000022bf350 00000000022bf3a8
0x00000000022bf398:   00000000022bf3f0 00000000023c7a2d
0x00000000022bf3a8:   00000000c02c3cd0 00000000022bf3b0 

Instructions: (pc=0xffffffffa33c5120)
0xffffffffa33c5100:   
[error occurred during error reporting (printing registers, top of stack, instructions near pc), id 0xc0000005]

Register to memory mapping:

RAX={method} {0x00000000145a8f20} 'addContents' '(Lcom/android/dx/dex/file/DexFile;)V' in 'com/android/dx/dex/file/StringDataItem'
RBX={method} {0x00000000145a8f20} 'addContents' '(Lcom/android/dx/dex/file/DexFile;)V' in 'com/android/dx/dex/file/StringDataItem'
RCX=0x00000000f22910b0 is an oop
com.android.dx.dex.file.StringDataItem 
 - klass: 'com/android/dx/dex/file/StringDataItem'
RDX=0x00000000f22910b0 is an oop
com.android.dx.dex.file.StringDataItem 
 - klass: 'com/android/dx/dex/file/StringDataItem'
RSP=0x00000000022bf2b8 is pointing into the stack for thread: 0x00000000022c0800
RBP=0x00000000022bf320 is pointing into the stack for thread: 0x00000000022c0800
RSI={method} {0x00000000145a8f20} 'addContents' '(Lcom/android/dx/dex/file/DexFile;)V' in 'com/android/dx/dex/file/StringDataItem'
RDI=0x0000000000001828 is an unknown value
R8 =0x00000000f2f4c6e0 is an oop
com.android.dx.dex.file.DexFile 
 - klass: 'com/android/dx/dex/file/DexFile'
R9 =0x00000000009d7d90 is an unknown value
R10=0x0000000058262140 is an unknown value
R11=0x0000000003045900 is at entry_point+32 in (nmethod*)0x0000000003045790
R12=0x0000000000000000 is an unknown value
R13=0x00000000022bf2d0 is pointing into the stack for thread: 0x00000000022c0800
R14=0x0000000000000000 is an unknown value
R15=0x00000000022c0800 is a thread


Stack: [0x00000000021c0000,0x00000000022c0000],  sp=0x00000000022bf2b8,  free space=1020k
Native frames: (J=compiled Java code, j=interpreted, Vv=VM code, C=native code)
C  0xffffffffa33c5120


---------------  P R O C E S S  ---------------

Java Threads: ( => current thread )
  0x00000000163f6000 JavaThread "Service Thread" daemon [_thread_blocked, id=12004, stack(0x00000000167f0000,0x00000000168f0000)]
  0x0000000014aee000 JavaThread "C1 CompilerThread2" daemon [_thread_blocked, id=8584, stack(0x00000000162f0000,0x00000000163f0000)]
  0x0000000014ae7800 JavaThread "C2 CompilerThread1" daemon [_thread_blocked, id=10172, stack(0x00000000161f0000,0x00000000162f0000)]
  0x0000000014a8e800 JavaThread "C2 CompilerThread0" daemon [_thread_blocked, id=11316, stack(0x00000000160f0000,0x00000000161f0000)]
  0x0000000014a8d000 JavaThread "Attach Listener" daemon [_thread_blocked, id=9168, stack(0x0000000015ff0000,0x00000000160f0000)]
  0x0000000014a8c000 JavaThread "Signal Dispatcher" daemon [_thread_blocked, id=11856, stack(0x0000000015ef0000,0x0000000015ff0000)]
  0x00000000023b6000 JavaThread "Finalizer" daemon [_thread_blocked, id=604, stack(0x0000000015d10000,0x0000000015e10000)]
  0x00000000023ac000 JavaThread "Reference Handler" daemon [_thread_blocked, id=3984, stack(0x0000000015c10000,0x0000000015d10000)]
=>0x00000000022c0800 JavaThread "main" [_thread_in_Java, id=5400, stack(0x00000000021c0000,0x00000000022c0000)]

Other Threads:
  0x0000000014a56000 VMThread [stack: 0x0000000015b10000,0x0000000015c10000] [id=5748]
  0x0000000016414000 WatcherThread [stack: 0x00000000168f0000,0x00000000169f0000] [id=11484]

VM state:synchronizing (normal execution)

VM Mutex/Monitor currently owned by a thread:  ([mutex/lock_event])
[0x00000000009dc8a0] Safepoint_lock - owner thread: 0x0000000014a56000
[0x00000000009dc3a0] Threads_lock - owner thread: 0x0000000014a56000

Heap:
 PSYoungGen      total 138240K, used 128314K [0x00000000eab00000, 0x00000000fe700000, 0x0000000100000000)
  eden space 133120K, 92% used [0x00000000eab00000,0x00000000f234fa18,0x00000000f2d00000)
  from space 5120K, 99% used [0x00000000f2d00000,0x00000000f31ff1a8,0x00000000f3200000)
  to   space 28672K, 0% used [0x00000000fcb00000,0x00000000fcb00000,0x00000000fe700000)
 ParOldGen       total 87552K, used 48612K [0x00000000c0000000, 0x00000000c5580000, 0x00000000eab00000)
  object space 87552K, 55% used [0x00000000c0000000,0x00000000c2f79228,0x00000000c5580000)
 Metaspace       used 6551K, capacity 7320K, committed 7680K, reserved 1056768K
  class space    used 621K, capacity 656K, committed 768K, reserved 1048576K

Card table byte_map: [0x0000000011780000,0x0000000011990000] byte_map_base: 0x0000000011180000

Marking Bits: (ParMarkBitMap*) 0x000000005827a5b0
 Begin Bits: [0x0000000011ef0000, 0x0000000012ef0000)
 End Bits:   [0x0000000012ef0000, 0x0000000013ef0000)

Polling page: 0x00000000009a0000

CodeCache: size=245760Kb used=12785Kb max_used=12797Kb free=232974Kb
 bounds [0x00000000023c0000, 0x0000000003050000, 0x00000000113c0000]
 total_blobs=2715 nmethods=2447 adapters=182
 compilation: enabled

Compilation events (10 events):
Event: 28.103 Thread 0x0000000014aee000 nmethod 2499 0x0000000003043150 code [0x00000000030432e0, 0x0000000003043870]
Event: 28.103 Thread 0x0000000014aee000 2500       3       com.android.dx.rop.cst.CstString::getUtf16Size (8 bytes)
Event: 28.103 Thread 0x0000000014aee000 nmethod 2500 0x0000000003042c90 code [0x0000000003042e00, 0x0000000003043050]
Event: 28.103 Thread 0x0000000014aee000 2501       3       com.android.dx.rop.cst.CstString::getUtf8Size (8 bytes)
Event: 28.103 Thread 0x0000000014aee000 nmethod 2501 0x00000000030427d0 code [0x0000000003042920, 0x0000000003042b10]
Event: 28.105 Thread 0x0000000014ae7800 2502       4       com.android.dx.dex.file.StringIdItem::addContents (36 bytes)
Event: 28.107 Thread 0x0000000014aee000 2503       3       com.android.dx.dex.file.StringDataItem::addContents (1 bytes)
Event: 28.107 Thread 0x0000000014aee000 nmethod 2503 0x0000000003045790 code [0x00000000030458e0, 0x0000000003045a30]
Event: 28.107 Thread 0x0000000014aee000 2504       1       com.android.dx.dex.file.StringDataItem::addContents (1 bytes)
Event: 28.107 Thread 0x0000000014aee000 nmethod 2504 0x000000000303ef90 code [0x000000000303f0e0, 0x000000000303f1f0]

GC Heap History (10 events):
Event: 3.501 GC heap before
{Heap before GC invocations=1 (full 0):
 PSYoungGen      total 38400K, used 33280K [0x00000000eab00000, 0x00000000ed580000, 0x0000000100000000)
  eden space 33280K, 100% used [0x00000000eab00000,0x00000000ecb80000,0x00000000ecb80000)
  from space 5120K, 0% used [0x00000000ed080000,0x00000000ed080000,0x00000000ed580000)
  to   space 5120K, 0% used [0x00000000ecb80000,0x00000000ecb80000,0x00000000ed080000)
 ParOldGen       total 87552K, used 0K [0x00000000c0000000, 0x00000000c5580000, 0x00000000eab00000)
  object space 87552K, 0% used [0x00000000c0000000,0x00000000c0000000,0x00000000c5580000)
 Metaspace       used 5980K, capacity 7024K, committed 7296K, reserved 1056768K
  class space    used 592K, capacity 616K, committed 640K, reserved 1048576K
Event: 3.566 GC heap after
Heap after GC invocations=1 (full 0):
 PSYoungGen      total 38400K, used 5111K [0x00000000eab00000, 0x00000000ef600000, 0x0000000100000000)
  eden space 33280K, 0% used [0x00000000eab00000,0x00000000eab00000,0x00000000ecb80000)
  from space 5120K, 99% used [0x00000000ecb80000,0x00000000ed07dc88,0x00000000ed080000)
  to   space 5120K, 0% used [0x00000000ef100000,0x00000000ef100000,0x00000000ef600000)
 ParOldGen       total 87552K, used 1760K [0x00000000c0000000, 0x00000000c5580000, 0x00000000eab00000)
  object space 87552K, 2% used [0x00000000c0000000,0x00000000c01b82f0,0x00000000c5580000)
 Metaspace       used 5980K, capacity 7024K, committed 7296K, reserved 1056768K
  class space    used 592K, capacity 616K, committed 640K, reserved 1048576K
}
Event: 6.578 GC heap before
{Heap before GC invocations=2 (full 0):
 PSYoungGen      total 38400K, used 38391K [0x00000000eab00000, 0x00000000ef600000, 0x0000000100000000)
  eden space 33280K, 100% used [0x00000000eab00000,0x00000000ecb80000,0x00000000ecb80000)
  from space 5120K, 99% used [0x00000000ecb80000,0x00000000ed07dc88,0x00000000ed080000)
  to   space 5120K, 0% used [0x00000000ef100000,0x00000000ef100000,0x00000000ef600000)
 ParOldGen       total 87552K, used 1760K [0x00000000c0000000, 0x00000000c5580000, 0x00000000eab00000)
  object space 87552K, 2% used [0x00000000c0000000,0x00000000c01b82f0,0x00000000c5580000)
 Metaspace       used 6077K, capacity 7088K, committed 7296K, reserved 1056768K
  class space    used 593K, capacity 616K, committed 640K, reserved 1048576K
Event: 6.860 GC heap after
Heap after GC invocations=2 (full 0):
 PSYoungGen      total 71680K, used 5093K [0x00000000eab00000, 0x00000000ef600000, 0x0000000100000000)
  eden space 66560K, 0% used [0x00000000eab00000,0x00000000eab00000,0x00000000eec00000)
  from space 5120K, 99% used [0x00000000ef100000,0x00000000ef5f9728,0x00000000ef600000)
  to   space 5120K, 0% used [0x00000000eec00000,0x00000000eec00000,0x00000000ef100000)
 ParOldGen       total 87552K, used 5814K [0x00000000c0000000, 0x00000000c5580000, 0x00000000eab00000)
  object space 87552K, 6% used [0x00000000c0000000,0x00000000c05ad838,0x00000000c5580000)
 Metaspace       used 6077K, capacity 7088K, committed 7296K, reserved 1056768K
  class space    used 593K, capacity 616K, committed 640K, reserved 1048576K
}
Event: 15.605 GC heap before
{Heap before GC invocations=3 (full 0):
 PSYoungGen      total 71680K, used 71653K [0x00000000eab00000, 0x00000000ef600000, 0x0000000100000000)
  eden space 66560K, 100% used [0x00000000eab00000,0x00000000eec00000,0x00000000eec00000)
  from space 5120K, 99% used [0x00000000ef100000,0x00000000ef5f9728,0x00000000ef600000)
  to   space 5120K, 0% used [0x00000000eec00000,0x00000000eec00000,0x00000000ef100000)
 ParOldGen       total 87552K, used 5814K [0x00000000c0000000, 0x00000000c5580000, 0x00000000eab00000)
  object space 87552K, 6% used [0x00000000c0000000,0x00000000c05ad838,0x00000000c5580000)
 Metaspace       used 6271K, capacity 7192K, committed 7424K, reserved 1056768K
  class space    used 613K, capacity 656K, committed 768K, reserved 1048576K
Event: 16.223 GC heap after
Heap after GC invocations=3 (full 0):
 PSYoungGen      total 71680K, used 5096K [0x00000000eab00000, 0x00000000f3700000, 0x0000000100000000)
  eden space 66560K, 0% used [0x00000000eab00000,0x00000000eab00000,0x00000000eec00000)
  from space 5120K, 99% used [0x00000000eec00000,0x00000000ef0fa128,0x00000000ef100000)
  to   space 5120K, 0% used [0x00000000f3200000,0x00000000f3200000,0x00000000f3700000)
 ParOldGen       total 87552K, used 15574K [0x00000000c0000000, 0x00000000c5580000, 0x00000000eab00000)
  object space 87552K, 17% used [0x00000000c0000000,0x00000000c0f35a70,0x00000000c5580000)
 Metaspace       used 6271K, capacity 7192K, committed 7424K, reserved 1056768K
  class space    used 613K, capacity 656K, committed 768K, reserved 1048576K
}
Event: 18.916 GC heap before
{Heap before GC invocations=4 (full 0):
 PSYoungGen      total 71680K, used 71656K [0x00000000eab00000, 0x00000000f3700000, 0x0000000100000000)
  eden space 66560K, 100% used [0x00000000eab00000,0x00000000eec00000,0x00000000eec00000)
  from space 5120K, 99% used [0x00000000eec00000,0x00000000ef0fa128,0x00000000ef100000)
  to   space 5120K, 0% used [0x00000000f3200000,0x00000000f3200000,0x00000000f3700000)
 ParOldGen       total 87552K, used 15574K [0x00000000c0000000, 0x00000000c5580000, 0x00000000eab00000)
  object space 87552K, 17% used [0x00000000c0000000,0x00000000c0f35a70,0x00000000c5580000)
 Metaspace       used 6342K, capacity 7256K, committed 7424K, reserved 1056768K
  class space    used 613K, capacity 656K, committed 768K, reserved 1048576K
Event: 20.615 GC heap after
Heap after GC invocations=4 (full 0):
 PSYoungGen      total 138240K, used 5093K [0x00000000eab00000, 0x00000000f3700000, 0x0000000100000000)
  eden space 133120K, 0% used [0x00000000eab00000,0x00000000eab00000,0x00000000f2d00000)
  from space 5120K, 99% used [0x00000000f3200000,0x00000000f36f9428,0x00000000f3700000)
  to   space 5120K, 0% used [0x00000000f2d00000,0x00000000f2d00000,0x00000000f3200000)
 ParOldGen       total 87552K, used 26855K [0x00000000c0000000, 0x00000000c5580000, 0x00000000eab00000)
  object space 87552K, 30% used [0x00000000c0000000,0x00000000c1a39de0,0x00000000c5580000)
 Metaspace       used 6342K, capacity 7256K, committed 7424K, reserved 1056768K
  class space    used 613K, capacity 656K, committed 768K, reserved 1048576K
}
Event: 25.410 GC heap before
{Heap before GC invocations=5 (full 0):
 PSYoungGen      total 138240K, used 138213K [0x00000000eab00000, 0x00000000f3700000, 0x0000000100000000)
  eden space 133120K, 100% used [0x00000000eab00000,0x00000000f2d00000,0x00000000f2d00000)
  from space 5120K, 99% used [0x00000000f3200000,0x00000000f36f9428,0x00000000f3700000)
  to   space 5120K, 0% used [0x00000000f2d00000,0x00000000f2d00000,0x00000000f3200000)
 ParOldGen       total 87552K, used 26855K [0x00000000c0000000, 0x00000000c5580000, 0x00000000eab00000)
  object space 87552K, 30% used [0x00000000c0000000,0x00000000c1a39de0,0x00000000c5580000)
 Metaspace       used 6387K, capacity 7256K, committed 7424K, reserved 1056768K
  class space    used 614K, capacity 656K, committed 768K, reserved 1048576K
Event: 25.781 GC heap after
Heap after GC invocations=5 (full 0):
 PSYoungGen      total 138240K, used 5116K [0x00000000eab00000, 0x00000000fe700000, 0x0000000100000000)
  eden space 133120K, 0% used [0x00000000eab00000,0x00000000eab00000,0x00000000f2d00000)
  from space 5120K, 99% used [0x00000000f2d00000,0x00000000f31ff1a8,0x00000000f3200000)
  to   space 28672K, 0% used [0x00000000fcb00000,0x00000000fcb00000,0x00000000fe700000)
 ParOldGen       total 87552K, used 48612K [0x00000000c0000000, 0x00000000c5580000, 0x00000000eab00000)
  object space 87552K, 55% used [0x00000000c0000000,0x00000000c2f79228,0x00000000c5580000)
 Metaspace       used 6387K, capacity 7256K, committed 7424K, reserved 1056768K
  class space    used 614K, capacity 656K, committed 768K, reserved 1048576K
}

Deoptimization events (10 events):
Event: 26.738 Thread 0x000000001668f000 Uncommon trap: reason=unstable_if action=reinterpret pc=0x0000000002c9d4b0 method=com.android.dx.ssa.SCCP.simulateStmt(Lcom/android/dx/ssa/SsaInsn;)V @ 435
Event: 26.743 Thread 0x000000001668f000 Uncommon trap: reason=unstable_if action=reinterpret pc=0x0000000002d959fc method=com.android.dx.ssa.SCCP.replaceBranches()V @ 14
Event: 26.845 Thread 0x0000000016677800 Uncommon trap: reason=unstable_if action=reinterpret pc=0x0000000002f1d59c method=com.android.dx.dex.code.RopTranslator.pickOrder()V @ 279
Event: 26.974 Thread 0x000000001668f000 Uncommon trap: reason=unstable_if action=reinterpret pc=0x0000000002ced9f0 method=com.android.dx.cf.code.Ropper.addOrReplaceBlock(Lcom/android/dx/rop/code/BasicBlock;Lcom/android/dx/util/IntList;)Z @ 24
Event: 26.995 Thread 0x00000000022c0800 Uncommon trap: reason=class_check action=maybe_recompile pc=0x0000000002914004 method=java.util.Arrays.hashCode([Ljava/lang/Object;)I @ 43
Event: 26.995 Thread 0x00000000022c0800 Uncommon trap: reason=class_check action=maybe_recompile pc=0x0000000002914004 method=java.util.Arrays.hashCode([Ljava/lang/Object;)I @ 43
Event: 26.995 Thread 0x00000000022c0800 Uncommon trap: reason=class_check action=maybe_recompile pc=0x0000000002914004 method=java.util.Arrays.hashCode([Ljava/lang/Object;)I @ 43
Event: 26.995 Thread 0x00000000022c0800 Uncommon trap: reason=class_check action=maybe_recompile pc=0x0000000002914004 method=java.util.Arrays.hashCode([Ljava/lang/Object;)I @ 43
Event: 26.995 Thread 0x00000000022c0800 Uncommon trap: reason=class_check action=maybe_recompile pc=0x0000000002913a70 method=java.util.Arrays.hashCode([Ljava/lang/Object;)I @ 43
Event: 27.638 Thread 0x00000000022c0800 Uncommon trap: reason=unstable_if action=reinterpret pc=0x000000000291146c method=java.util.HashMap.putVal(ILjava/lang/Object;Ljava/lang/Object;ZZ)Ljava/lang/Object; @ 162

Internal exceptions (8 events):
Event: 0.601 Thread 0x00000000022c0800 Exception <a 'java/lang/NoSuchMethodError': Method sun.misc.Unsafe.defineClass(Ljava/lang/String;[BII)Ljava/lang/Class; name or signature does not match> (0x00000000eab130a8) thrown at [C:\re\workspace\8-2-build-windows-amd64-cygwin\jdk8u60\4407\hotspot\sroBНд?г?
Event: 0.602 Thread 0x00000000022c0800 Exception <a 'java/lang/NoSuchMethodError': Method sun.misc.Unsafe.prefetchRead(Ljava/lang/Object;J)V name or signature does not match> (0x00000000eab13390) thrown at [C:\re\workspace\8-2-build-windows-amd64-cygwin\jdk8u60\4407\hotspot\src\share\vm\prims\j_µч–Ы@
Event: 6.964 Thread 0x00000000022c0800 Exception <a 'java/lang/ArrayIndexOutOfBoundsException': 18> (0x00000000eab199b8) thrown at [C:\re\workspace\8-2-build-windows-amd64-cygwin\jdk8u60\4407\hotspot\src\share\vm\interpreter\interpreterRuntime.cpp, line 366]
Event: 6.967 Thread 0x00000000022c0800 Exception <a 'java/lang/ArrayIndexOutOfBoundsException': 145> (0x00000000eab1b538) thrown at [C:\re\workspace\8-2-build-windows-amd64-cygwin\jdk8u60\4407\hotspot\src\share\vm\interpreter\interpreterRuntime.cpp, line 366]
Event: 6.968 Thread 0x00000000022c0800 Exception <a 'java/lang/ArrayIndexOutOfBoundsException': 40> (0x00000000eab1c820) thrown at [C:\re\workspace\8-2-build-windows-amd64-cygwin\jdk8u60\4407\hotspot\src\share\vm\interpreter\interpreterRuntime.cpp, line 366]
Event: 7.018 Thread 0x00000000022c0800 Implicit null exception at 0x00000000029711d2 to 0x0000000002973ad9
Event: 7.038 Thread 0x0000000016658800 Implicit null exception at 0x00000000029711d2 to 0x0000000002973ad9
Event: 17.036 Thread 0x0000000016658800 Implicit null exception at 0x00000000029307c2 to 0x0000000002931d69

Events (10 events):
Event: 27.044 Thread 0x0000000016658800 Thread exited: 0x0000000016658800
Event: 27.080 loading class com/android/dx/dex/file/CatchStructs
Event: 27.080 loading class com/android/dx/dex/file/CatchStructs done
Event: 27.638 Thread 0x00000000022c0800 Uncommon trap: trap_request=0xffffff65 fr.pc=0x000000000291146c
Event: 27.638 Thread 0x00000000022c0800 DEOPT PACKING pc=0x000000000291146c sp=0x00000000022bf060
Event: 27.638 Thread 0x00000000022c0800 DEOPT UNPACKING pc=0x000000000240556a sp=0x00000000022bef70 mode 2
Event: 27.927 loading class com/android/dx/dex/file/ProtoIdItem
Event: 27.927 loading class com/android/dx/dex/file/ProtoIdItem done
Event: 28.100 loading class com/android/dex/Leb128
Event: 28.100 loading class com/android/dex/Leb128 done


Dynamic libraries:
0x00007ff702f30000 - 0x00007ff702f67000 	E:\Java\jdk1.8.0_60\bin\java.exe
0x00007ffc079f0000 - 0x00007ffc07b9c000 	C:\WINDOWS\SYSTEM32\ntdll.dll
0x00007ffc05d30000 - 0x00007ffc05e6e000 	C:\WINDOWS\system32\KERNEL32.DLL
0x00007ffc04c20000 - 0x00007ffc04d35000 	C:\WINDOWS\system32\KERNELBASE.dll
0x00007ffc036d0000 - 0x00007ffc0375e000 	C:\WINDOWS\system32\apphelp.dll
0x00007ffbfa3e0000 - 0x00007ffbfa433000 	C:\WINDOWS\AppPatch\AppPatch64\AcGenral.DLL
0x00007ffc05750000 - 0x00007ffc057fa000 	C:\WINDOWS\system32\msvcrt.dll
0x00007ffc04920000 - 0x00007ffc0494e000 	C:\WINDOWS\SYSTEM32\SspiCli.dll
0x00007ffc05530000 - 0x00007ffc05584000 	C:\WINDOWS\system32\SHLWAPI.dll
0x00007ffc05140000 - 0x00007ffc052b7000 	C:\WINDOWS\system32\USER32.dll
0x00007ffc05e90000 - 0x00007ffc06024000 	C:\WINDOWS\system32\ole32.dll
0x00007ffc063a0000 - 0x00007ffc078b9000 	C:\WINDOWS\system32\SHELL32.dll
0x00007ffc040f0000 - 0x00007ffc04111000 	C:\WINDOWS\SYSTEM32\USERENV.dll
0x00007ffc05420000 - 0x00007ffc054ca000 	C:\WINDOWS\system32\ADVAPI32.dll
0x00007ffbf7830000 - 0x00007ffbf784e000 	C:\WINDOWS\SYSTEM32\MPR.dll
0x00007ffc05600000 - 0x00007ffc05741000 	C:\WINDOWS\system32\RPCRT4.dll
0x00007ffc054d0000 - 0x00007ffc05529000 	C:\WINDOWS\SYSTEM32\sechost.dll
0x00007ffc06030000 - 0x00007ffc06241000 	C:\WINDOWS\SYSTEM32\combase.dll
0x00007ffc05b90000 - 0x00007ffc05cdf000 	C:\WINDOWS\system32\GDI32.dll
0x00007ffc04b50000 - 0x00007ffc04b65000 	C:\WINDOWS\SYSTEM32\profapi.dll
0x00007ffc03610000 - 0x00007ffc036c2000 	C:\WINDOWS\SYSTEM32\SHCORE.dll
0x00007ffc05cf0000 - 0x00007ffc05d26000 	C:\WINDOWS\system32\IMM32.DLL
0x00007ffc052c0000 - 0x00007ffc05412000 	C:\WINDOWS\system32\MSCTF.dll
0x00007ffc02a60000 - 0x00007ffc02cda000 	C:\WINDOWS\WinSxS\amd64_microsoft.windows.common-controls_6595b64144ccf1df_6.0.9600.17810_none_6240b9c7ecbd0bda\COMCTL32.dll
0x00000000575f0000 - 0x00000000576c2000 	E:\Java\jdk1.8.0_60\jre\bin\msvcr100.dll
0x0000000057a70000 - 0x00000000582f9000 	E:\Java\jdk1.8.0_60\jre\bin\server\jvm.dll
0x00007ffbfafb0000 - 0x00007ffbfafb9000 	C:\WINDOWS\SYSTEM32\WSOCK32.dll
0x00007ffc03090000 - 0x00007ffc030b2000 	C:\WINDOWS\SYSTEM32\WINMM.dll
0x00007ffc030c0000 - 0x00007ffc030ca000 	C:\WINDOWS\SYSTEM32\VERSION.dll
0x00007ffc062c0000 - 0x00007ffc062c7000 	C:\WINDOWS\system32\PSAPI.DLL
0x00007ffc06260000 - 0x00007ffc062ba000 	C:\WINDOWS\system32\WS2_32.dll
0x00007ffc02ea0000 - 0x00007ffc02eca000 	C:\WINDOWS\SYSTEM32\WINMMBASE.dll
0x00007ffc05ce0000 - 0x00007ffc05ce9000 	C:\WINDOWS\system32\NSI.dll
0x00007ffc05030000 - 0x00007ffc0507f000 	C:\WINDOWS\SYSTEM32\cfgmgr32.dll
0x00007ffc03960000 - 0x00007ffc03988000 	C:\WINDOWS\SYSTEM32\DEVOBJ.dll
0x0000000057a60000 - 0x0000000057a6f000 	E:\Java\jdk1.8.0_60\jre\bin\verify.dll
0x0000000057a30000 - 0x0000000057a59000 	E:\Java\jdk1.8.0_60\jre\bin\java.dll
0x0000000057a10000 - 0x0000000057a26000 	E:\Java\jdk1.8.0_60\jre\bin\zip.dll
0x00007ffbfee80000 - 0x00007ffbff009000 	C:\WINDOWS\SYSTEM32\dbghelp.dll

VM Arguments:
jvm_args: -Xmx1024M -Dfile.encoding=windows-1251 -Duser.country=RU -Duser.language=ru -Duser.variant 
java_command: com.android.dx.command.Main --dex --num-threads=4 --output E:\Android\AndroidStudioProjects\LoftblogMoneyTracker\app\build\intermediates\pre-dexed\debug\classes-eda7785133e2da65e21f8101f53cea0749348342.jar E:\Android\AndroidStudioProjects\LoftblogMoneyTracker\app\build\intermediates\exploded-aar\com.android.support\support-v4\23.0.1\jars\classes.jar
java_class_path (initial): E:\Android\sdk\build-tools\23.0.0\lib\dx.jar
Launcher Type: SUN_STANDARD

Environment Variables:
PATH=C:\ProgramData\Oracle\Java\javapath;C:\WINDOWS\system32;C:\WINDOWS;C:\WINDOWS\System32\Wbem;C:\WINDOWS\System32\WindowsPowerShell\v1.0\;C:\Program Files (x86)\Common Files\Acronis\SnapAPI\;C:\Program Files (x86)\Common Files\Autodesk Shared\;C:\Program Files\Microsoft\Web Platform Installer\;C:\Program Files (x86)\Microsoft ASP.NET\ASP.NET Web Pages\v1.0\;C:\Program Files\Microsoft SQL Server\110\Tools\Binn\;C:\Program Files\Common Files\Autodesk Shared\;C:\Program Files (x86)\NVIDIA Corporation\PhysX\Common;C:\Program Files (x86)\Skype\Phone\;C:\Program Files (x86)\Common Files\Acronis\TibMounter64
USERNAME=Александр
OS=Windows_NT
PROCESSOR_IDENTIFIER=Intel64 Family 6 Model 15 Stepping 11, GenuineIntel



---------------  S Y S T E M  ---------------

OS: Windows 8.1 , 64 bit Build 9600 (6.3.9600.17415)

CPU:total 4 (4 cores per cpu, 1 threads per core) family 6 model 15 stepping 11, cmov, cx8, fxsr, mmx, sse, sse2, sse3, ssse3, tsc

Memory: 4k page, physical 8387492k(166236k free), swap 17061580k(1895512k free)

vm_info: Java HotSpot(TM) 64-Bit Server VM (25.60-b23) for windows-amd64 JRE (1.8.0_60-b27), built on Aug  4 2015 11:06:27 by "java_re" with MS VC++ 10.0 (VS2010)

time: Mon Oct 05 00:21:03 2015
elapsed time: 38 seconds (0d 0h 0m 38s)

