#
# A fatal error has been detected by the Java Runtime Environment:
#
#  EXCEPTION_ACCESS_VIOLATION (0xc0000005) at pc=0xffffffffa35f5120, pid=2844, tid=76
#
# JRE version: Java(TM) SE Runtime Environment (8.0_60-b27) (build 1.8.0_60-b27)
# Java VM: Java HotSpot(TM) 64-Bit Server VM (25.60-b23 mixed mode windows-amd64 compressed oops)
# Problematic frame:
# C  0xffffffffa35f5120
#
# Failed to write core dump. Minidumps are not enabled by default on client versions of Windows
#
# If you would like to submit a bug report, please visit:
#   http://bugreport.java.com/bugreport/crash.jsp
#

---------------  T H R E A D  ---------------

Current thread (0x00000000024f0800):  JavaThread "main" [_thread_in_Java, id=76, stack(0x00000000023f0000,0x00000000024f0000)]

siginfo: ExceptionCode=0xc0000005, ExceptionInformation=0x0000000000000008 0xffffffffa35f5120

Registers:
RAX=0x00000001000918e8, RBX=0x00000000148a6c50, RCX=0x00000000c0b75b48, RDX=0x00000000eb9b8a38
RSP=0x00000000024eef68, RBP=0x00000000024ef030, RSI=0x00000000eb9a9608, RDI=0x00000001000918e8
R8 =0x00000000eb9b8a38, R9 =0x00000000eb9a9608, R10=0x00000000642820f0, R11=0x0000000002f444c0
R12=0x0000000000000000, R13=0x00000000024eefd8, R14=0x0000000100064e38, R15=0x00000000024f0800
RIP=0xffffffffa35f5120, EFLAGS=0x0000000000010206

Top of Stack: (sp=0x00000000024eef68)
0x00000000024eef68:   0000000002f4456c 00000000eb9b8d70
0x00000000024eef78:   00000000eb370f10 00000000c0b75b48
0x00000000024eef88:   00000000024eef88 0000000014744219
0x00000000024eef98:   00000000024eefe8 00000000147453a8
0x00000000024eefa8:   00000000eb9a9608 00000000edadba68
0x00000000024eefb8:   000000000260cc03 00000000024ef030
0x00000000024eefc8:   00000000025f74b5 00000000025f74b5
0x00000000024eefd8:   00000000eb9a9608 00000000eb9b8a38
0x00000000024eefe8:   00000000c0b75b48 00000000024eeff0
0x00000000024eeff8:   000000001460b7dd 00000000024ef060
0x00000000024ef008:   000000001460cb48 0000000014630ce8
0x00000000024ef018:   000000001460b808 00000000024eefd8
0x00000000024ef028:   00000000024ef070 00000000024ef2a0
0x00000000024ef038:   0000000002b4ad04 0000000000000769
0x00000000024ef048:   00000000c0b75b48 0000000000000c95
0x00000000024ef058:   00000000000001a6 00000000ee465448 

Instructions: (pc=0xffffffffa35f5120)
0xffffffffa35f5100:   
[error occurred during error reporting (printing registers, top of stack, instructions near pc), id 0xc0000005]

Register to memory mapping:

RAX=0x00000001000918e8 is pointing into metadata
RBX={method} {0x00000000148a6c58} 'itemType' '()Lcom/android/dx/dex/file/ItemType;' in 'com/android/dx/dex/file/CodeItem'
RCX=0x00000000c0b75b48 is an oop
com.android.dx.dex.file.MixedItemSection$1 
 - klass: 'com/android/dx/dex/file/MixedItemSection$1'
RDX=0x00000000eb9b8a38 is an oop
com.android.dx.dex.file.CodeItem 
 - klass: 'com/android/dx/dex/file/CodeItem'
RSP=0x00000000024eef68 is pointing into the stack for thread: 0x00000000024f0800
RBP=0x00000000024ef030 is pointing into the stack for thread: 0x00000000024f0800
RSI=0x00000000eb9a9608 is an oop
com.android.dx.dex.file.CodeItem 
 - klass: 'com/android/dx/dex/file/CodeItem'
RDI=0x00000001000918e8 is pointing into metadata
R8 =0x00000000eb9b8a38 is an oop
com.android.dx.dex.file.CodeItem 
 - klass: 'com/android/dx/dex/file/CodeItem'
R9 =0x00000000eb9a9608 is an oop
com.android.dx.dex.file.CodeItem 
 - klass: 'com/android/dx/dex/file/CodeItem'
R10=0x00000000642820f0 is an unknown value
R11=0x0000000002f444c0 is at entry_point+32 in (nmethod*)0x0000000002f44310
R12=0x0000000000000000 is an unknown value
R13=0x00000000024eefd8 is pointing into the stack for thread: 0x00000000024f0800
R14=0x0000000100064e38 is pointing into metadata
R15=0x00000000024f0800 is a thread


Stack: [0x00000000023f0000,0x00000000024f0000],  sp=0x00000000024eef68,  free space=1019k
Native frames: (J=compiled Java code, j=interpreted, Vv=VM code, C=native code)
C  0xffffffffa35f5120


---------------  P R O C E S S  ---------------

Java Threads: ( => current thread )
  0x0000000016645000 JavaThread "Service Thread" daemon [_thread_blocked, id=3548, stack(0x0000000016a10000,0x0000000016b10000)]
  0x0000000014cca800 JavaThread "C1 CompilerThread2" daemon [_thread_blocked, id=9652, stack(0x0000000016510000,0x0000000016610000)]
  0x0000000014cc6800 JavaThread "C2 CompilerThread1" daemon [_thread_in_native, id=5392, stack(0x0000000016410000,0x0000000016510000)]
  0x0000000014cbf800 JavaThread "C2 CompilerThread0" daemon [_thread_in_native, id=9440, stack(0x0000000016310000,0x0000000016410000)]
  0x0000000014cbe000 JavaThread "Attach Listener" daemon [_thread_blocked, id=8724, stack(0x0000000016210000,0x0000000016310000)]
  0x0000000014cbd000 JavaThread "Signal Dispatcher" daemon [_thread_blocked, id=10080, stack(0x0000000016110000,0x0000000016210000)]
  0x00000000025e6000 JavaThread "Finalizer" daemon [_thread_blocked, id=10680, stack(0x0000000015f20000,0x0000000016020000)]
  0x00000000025dc000 JavaThread "Reference Handler" daemon [_thread_blocked, id=8860, stack(0x0000000015e20000,0x0000000015f20000)]
=>0x00000000024f0800 JavaThread "main" [_thread_in_Java, id=76, stack(0x00000000023f0000,0x00000000024f0000)]

Other Threads:
  0x0000000014c86000 VMThread [stack: 0x0000000015d20000,0x0000000015e20000] [id=1620]
  0x0000000016669000 WatcherThread [stack: 0x0000000016b10000,0x0000000016c10000] [id=11052]

VM state:not at safepoint (normal execution)

VM Mutex/Monitor currently owned by a thread: None

Heap:
 PSYoungGen      total 71680K, used 66977K [0x00000000eab00000, 0x00000000f3700000, 0x0000000100000000)
  eden space 66560K, 92% used [0x00000000eab00000,0x00000000ee76bd70,0x00000000eec00000)
  from space 5120K, 99% used [0x00000000eec00000,0x00000000ef0fc900,0x00000000ef100000)
  to   space 5120K, 0% used [0x00000000f3200000,0x00000000f3200000,0x00000000f3700000)
 ParOldGen       total 87552K, used 17872K [0x00000000c0000000, 0x00000000c5580000, 0x00000000eab00000)
  object space 87552K, 20% used [0x00000000c0000000,0x00000000c1174368,0x00000000c5580000)
 Metaspace       used 6401K, capacity 7280K, committed 7552K, reserved 1056768K
  class space    used 596K, capacity 616K, committed 640K, reserved 1048576K

Card table byte_map: [0x00000000119b0000,0x0000000011bc0000] byte_map_base: 0x00000000113b0000

Marking Bits: (ParMarkBitMap*) 0x000000006429a5b0
 Begin Bits: [0x0000000012120000, 0x0000000013120000)
 End Bits:   [0x0000000013120000, 0x0000000014120000)

Polling page: 0x0000000002380000

CodeCache: size=245760Kb used=9526Kb max_used=9531Kb free=236233Kb
 bounds [0x00000000025f0000, 0x0000000002f50000, 0x00000000115f0000]
 total_blobs=2400 nmethods=2132 adapters=182
 compilation: enabled

Compilation events (10 events):
Event: 7.000 Thread 0x0000000014cca800 2158       2       com.android.dx.dex.file.StringDataItem::addContents (1 bytes)
Event: 7.000 Thread 0x0000000014cca800 nmethod 2158 0x0000000002f42e90 code [0x0000000002f42fe0, 0x0000000002f43130]
Event: 7.001 Thread 0x0000000014cca800 2159       1       com.android.dx.dex.file.StringDataItem::addContents (1 bytes)
Event: 7.001 Thread 0x0000000014cca800 nmethod 2159 0x0000000002f3f090 code [0x0000000002f3f1e0, 0x0000000002f3f2f0]
Event: 7.003 Thread 0x0000000014cca800 2160       2       com.android.dx.dex.file.MixedItemSection$1::compare (13 bytes)
Event: 7.003 Thread 0x0000000014cca800 nmethod 2160 0x0000000002f44310 code [0x0000000002f444a0, 0x0000000002f446e8]
Event: 7.003 Thread 0x0000000014cca800 2161       2       com.android.dx.dex.file.CodeItem::itemType (4 bytes)
Event: 7.003 Thread 0x0000000014cca800 nmethod 2161 0x0000000002f42b50 code [0x0000000002f42ca0, 0x0000000002f42df0]
Event: 7.004 Thread 0x0000000014cca800 2162       1       com.android.dx.dex.file.CodeItem::itemType (4 bytes)
Event: 7.004 Thread 0x0000000014cca800 nmethod 2162 0x0000000002f44050 code [0x0000000002f441a0, 0x0000000002f442b0]

GC Heap History (6 events):
Event: 2.129 GC heap before
{Heap before GC invocations=1 (full 0):
 PSYoungGen      total 38400K, used 33280K [0x00000000eab00000, 0x00000000ed580000, 0x0000000100000000)
  eden space 33280K, 100% used [0x00000000eab00000,0x00000000ecb80000,0x00000000ecb80000)
  from space 5120K, 0% used [0x00000000ed080000,0x00000000ed080000,0x00000000ed580000)
  to   space 5120K, 0% used [0x00000000ecb80000,0x00000000ecb80000,0x00000000ed080000)
 ParOldGen       total 87552K, used 0K [0x00000000c0000000, 0x00000000c5580000, 0x00000000eab00000)
  object space 87552K, 0% used [0x00000000c0000000,0x00000000c0000000,0x00000000c5580000)
 Metaspace       used 5990K, capacity 7024K, committed 7296K, reserved 1056768K
  class space    used 586K, capacity 616K, committed 640K, reserved 1048576K
Event: 2.313 GC heap after
Heap after GC invocations=1 (full 0):
 PSYoungGen      total 38400K, used 5114K [0x00000000eab00000, 0x00000000ef600000, 0x0000000100000000)
  eden space 33280K, 0% used [0x00000000eab00000,0x00000000eab00000,0x00000000ecb80000)
  from space 5120K, 99% used [0x00000000ecb80000,0x00000000ed07eac8,0x00000000ed080000)
  to   space 5120K, 0% used [0x00000000ef100000,0x00000000ef100000,0x00000000ef600000)
 ParOldGen       total 87552K, used 1737K [0x00000000c0000000, 0x00000000c5580000, 0x00000000eab00000)
  object space 87552K, 1% used [0x00000000c0000000,0x00000000c01b2438,0x00000000c5580000)
 Metaspace       used 5990K, capacity 7024K, committed 7296K, reserved 1056768K
  class space    used 586K, capacity 616K, committed 640K, reserved 1048576K
}
Event: 4.087 GC heap before
{Heap before GC invocations=2 (full 0):
 PSYoungGen      total 38400K, used 38394K [0x00000000eab00000, 0x00000000ef600000, 0x0000000100000000)
  eden space 33280K, 100% used [0x00000000eab00000,0x00000000ecb80000,0x00000000ecb80000)
  from space 5120K, 99% used [0x00000000ecb80000,0x00000000ed07eac8,0x00000000ed080000)
  to   space 5120K, 0% used [0x00000000ef100000,0x00000000ef100000,0x00000000ef600000)
 ParOldGen       total 87552K, used 1737K [0x00000000c0000000, 0x00000000c5580000, 0x00000000eab00000)
  object space 87552K, 1% used [0x00000000c0000000,0x00000000c01b2438,0x00000000c5580000)
 Metaspace       used 6122K, capacity 7088K, committed 7296K, reserved 1056768K
  class space    used 587K, capacity 616K, committed 640K, reserved 1048576K
Event: 4.151 GC heap after
Heap after GC invocations=2 (full 0):
 PSYoungGen      total 71680K, used 5114K [0x00000000eab00000, 0x00000000ef600000, 0x0000000100000000)
  eden space 66560K, 0% used [0x00000000eab00000,0x00000000eab00000,0x00000000eec00000)
  from space 5120K, 99% used [0x00000000ef100000,0x00000000ef5feac8,0x00000000ef600000)
  to   space 5120K, 0% used [0x00000000eec00000,0x00000000eec00000,0x00000000ef100000)
 ParOldGen       total 87552K, used 7380K [0x00000000c0000000, 0x00000000c5580000, 0x00000000eab00000)
  object space 87552K, 8% used [0x00000000c0000000,0x00000000c0735300,0x00000000c5580000)
 Metaspace       used 6122K, capacity 7088K, committed 7296K, reserved 1056768K
  class space    used 587K, capacity 616K, committed 640K, reserved 1048576K
}
Event: 6.018 GC heap before
{Heap before GC invocations=3 (full 0):
 PSYoungGen      total 71680K, used 71674K [0x00000000eab00000, 0x00000000ef600000, 0x0000000100000000)
  eden space 66560K, 100% used [0x00000000eab00000,0x00000000eec00000,0x00000000eec00000)
  from space 5120K, 99% used [0x00000000ef100000,0x00000000ef5feac8,0x00000000ef600000)
  to   space 5120K, 0% used [0x00000000eec00000,0x00000000eec00000,0x00000000ef100000)
 ParOldGen       total 87552K, used 7380K [0x00000000c0000000, 0x00000000c5580000, 0x00000000eab00000)
  object space 87552K, 8% used [0x00000000c0000000,0x00000000c0735300,0x00000000c5580000)
 Metaspace       used 6227K, capacity 7152K, committed 7296K, reserved 1056768K
  class space    used 588K, capacity 616K, committed 640K, reserved 1048576K
Event: 6.282 GC heap after
Heap after GC invocations=3 (full 0):
 PSYoungGen      total 71680K, used 5106K [0x00000000eab00000, 0x00000000f3700000, 0x0000000100000000)
  eden space 66560K, 0% used [0x00000000eab00000,0x00000000eab00000,0x00000000eec00000)
  from space 5120K, 99% used [0x00000000eec00000,0x00000000ef0fc900,0x00000000ef100000)
  to   space 5120K, 0% used [0x00000000f3200000,0x00000000f3200000,0x00000000f3700000)
 ParOldGen       total 87552K, used 17872K [0x00000000c0000000, 0x00000000c5580000, 0x00000000eab00000)
  object space 87552K, 20% used [0x00000000c0000000,0x00000000c1174368,0x00000000c5580000)
 Metaspace       used 6227K, capacity 7152K, committed 7296K, reserved 1056768K
  class space    used 588K, capacity 616K, committed 640K, reserved 1048576K
}

Deoptimization events (10 events):
Event: 6.846 Thread 0x00000000024f0800 Uncommon trap: reason=class_check action=maybe_recompile pc=0x0000000002a9f6c4 method=java.util.Arrays.hashCode([Ljava/lang/Object;)I @ 43
Event: 6.846 Thread 0x00000000024f0800 Uncommon trap: reason=class_check action=maybe_recompile pc=0x0000000002aa38e8 method=java.util.Arrays.hashCode([Ljava/lang/Object;)I @ 43
Event: 6.847 Thread 0x00000000024f0800 Uncommon trap: reason=bimorphic action=maybe_recompile pc=0x00000000029ca754 method=java.util.HashMap.getNode(ILjava/lang/Object;)Ljava/util/HashMap$Node; @ 126
Event: 6.849 Thread 0x00000000024f0800 Uncommon trap: reason=bimorphic action=maybe_recompile pc=0x00000000029ca754 method=java.util.HashMap.getNode(ILjava/lang/Object;)Ljava/util/HashMap$Node; @ 126
Event: 6.849 Thread 0x00000000024f0800 Uncommon trap: reason=class_check action=maybe_recompile pc=0x0000000002db99d8 method=java.util.HashMap.putVal(ILjava/lang/Object;Ljava/lang/Object;ZZ)Ljava/lang/Object; @ 203
Event: 6.851 Thread 0x00000000024f0800 Uncommon trap: reason=bimorphic action=maybe_recompile pc=0x00000000029ca754 method=java.util.HashMap.getNode(ILjava/lang/Object;)Ljava/util/HashMap$Node; @ 126
Event: 6.851 Thread 0x00000000024f0800 Uncommon trap: reason=bimorphic action=maybe_recompile pc=0x0000000002981078 method=java.util.HashMap.getNode(ILjava/lang/Object;)Ljava/util/HashMap$Node; @ 126
Event: 6.860 Thread 0x00000000024f0800 Uncommon trap: reason=class_check action=maybe_recompile pc=0x0000000002db99d8 method=java.util.HashMap.putVal(ILjava/lang/Object;Ljava/lang/Object;ZZ)Ljava/lang/Object; @ 203
Event: 6.861 Thread 0x00000000024f0800 Uncommon trap: reason=class_check action=maybe_recompile pc=0x0000000002db99d8 method=java.util.HashMap.putVal(ILjava/lang/Object;Ljava/lang/Object;ZZ)Ljava/lang/Object; @ 203
Event: 6.862 Thread 0x00000000024f0800 Uncommon trap: reason=class_check action=maybe_recompile pc=0x0000000002db99d8 method=java.util.HashMap.putVal(ILjava/lang/Object;Ljava/lang/Object;ZZ)Ljava/lang/Object; @ 203

Internal exceptions (4 events):
Event: 0.044 Thread 0x00000000024f0800 Exception <a 'java/lang/NoSuchMethodError': Method sun.misc.Unsafe.defineClass(Ljava/lang/String;[BII)Ljava/lang/Class; name or signature does not match> (0x00000000eab130a8) thrown at [C:\re\workspace\8-2-build-windows-amd64-cygwin\jdk8u60\4407\hotspot\srΩ¡-ùz¶?
Event: 0.044 Thread 0x00000000024f0800 Exception <a 'java/lang/NoSuchMethodError': Method sun.misc.Unsafe.prefetchRead(Ljava/lang/Object;J)V name or signature does not match> (0x00000000eab13390) thrown at [C:\re\workspace\8-2-build-windows-amd64-cygwin\jdk8u60\4407\hotspot\src\share\vm\prims\jŸFçÛ·@
Event: 6.767 Thread 0x0000000016880800 Implicit null exception at 0x0000000002deea5a to 0x0000000002def361
Event: 6.777 Thread 0x0000000016880000 Implicit null exception at 0x0000000002917762 to 0x0000000002917801

Events (10 events):
Event: 6.930 Thread 0x00000000024f0800 DEOPT PACKING pc=0x0000000002f1f535 sp=0x00000000024ef060
Event: 6.930 Thread 0x00000000024f0800 DEOPT UNPACKING pc=0x00000000026371bf sp=0x00000000024eeda8 mode 0
Event: 6.969 loading class com/android/dx/dex/file/ProtoIdItem
Event: 6.969 loading class com/android/dx/dex/file/ProtoIdItem done
Event: 6.997 loading class com/android/dex/Leb128
Event: 6.997 loading class com/android/dex/Leb128 done
Event: 7.001 loading class java/util/Collections$1
Event: 7.001 loading class java/util/Collections$1 done
Event: 7.001 loading class com/android/dx/dex/file/MixedItemSection$2
Event: 7.001 loading class com/android/dx/dex/file/MixedItemSection$2 done


Dynamic libraries:
0x00007ff6a38c0000 - 0x00007ff6a38f7000 	E:\Java\jdk1.8.0_60\bin\java.exe
0x00007fff9cbe0000 - 0x00007fff9cd8c000 	C:\WINDOWS\SYSTEM32\ntdll.dll
0x00007fff9b4c0000 - 0x00007fff9b5fe000 	C:\WINDOWS\system32\KERNEL32.DLL
0x00007fff9a040000 - 0x00007fff9a155000 	C:\WINDOWS\system32\KERNELBASE.dll
0x00007fff98990000 - 0x00007fff98a1e000 	C:\WINDOWS\system32\apphelp.dll
0x00007fff8c050000 - 0x00007fff8c0a3000 	C:\WINDOWS\AppPatch\AppPatch64\AcGenral.DLL
0x00007fff9a9a0000 - 0x00007fff9aa4a000 	C:\WINDOWS\system32\msvcrt.dll
0x00007fff99b00000 - 0x00007fff99b2e000 	C:\WINDOWS\SYSTEM32\SspiCli.dll
0x00007fff9ae70000 - 0x00007fff9aec4000 	C:\WINDOWS\system32\SHLWAPI.dll
0x00007fff9b340000 - 0x00007fff9b4b7000 	C:\WINDOWS\system32\USER32.dll
0x00007fff9a650000 - 0x00007fff9a7e4000 	C:\WINDOWS\system32\ole32.dll
0x00007fff9b600000 - 0x00007fff9cb2b000 	C:\WINDOWS\system32\SHELL32.dll
0x00007fff992d0000 - 0x00007fff992f1000 	C:\WINDOWS\SYSTEM32\USERENV.dll
0x00007fff9cb30000 - 0x00007fff9cbda000 	C:\WINDOWS\system32\ADVAPI32.dll
0x00007fff8bb00000 - 0x00007fff8bb1e000 	C:\WINDOWS\SYSTEM32\MPR.dll
0x00007fff9a500000 - 0x00007fff9a641000 	C:\WINDOWS\system32\RPCRT4.dll
0x00007fff9b2e0000 - 0x00007fff9b339000 	C:\WINDOWS\SYSTEM32\sechost.dll
0x00007fff9aed0000 - 0x00007fff9b0e1000 	C:\WINDOWS\SYSTEM32\combase.dll
0x00007fff9ab70000 - 0x00007fff9acbf000 	C:\WINDOWS\system32\GDI32.dll
0x00007fff99d30000 - 0x00007fff99d45000 	C:\WINDOWS\SYSTEM32\profapi.dll
0x00007fff987f0000 - 0x00007fff988a2000 	C:\WINDOWS\SYSTEM32\SHCORE.dll
0x00007fff9aa50000 - 0x00007fff9aa86000 	C:\WINDOWS\system32\IMM32.DLL
0x00007fff9b120000 - 0x00007fff9b272000 	C:\WINDOWS\system32\MSCTF.dll
0x00007fff98170000 - 0x00007fff983eb000 	C:\WINDOWS\WinSxS\amd64_microsoft.windows.common-controls_6595b64144ccf1df_6.0.9600.18006_none_623f33d3ecbe86e8\COMCTL32.dll
0x0000000063550000 - 0x0000000063622000 	E:\Java\jdk1.8.0_60\jre\bin\msvcr100.dll
0x0000000063a90000 - 0x0000000064319000 	E:\Java\jdk1.8.0_60\jre\bin\server\jvm.dll
0x00007fff94020000 - 0x00007fff94029000 	C:\WINDOWS\SYSTEM32\WSOCK32.dll
0x00007fff983f0000 - 0x00007fff98412000 	C:\WINDOWS\SYSTEM32\WINMM.dll
0x00007fff98420000 - 0x00007fff9842a000 	C:\WINDOWS\SYSTEM32\VERSION.dll
0x00007fff9b110000 - 0x00007fff9b117000 	C:\WINDOWS\system32\PSAPI.DLL
0x00007fff9b280000 - 0x00007fff9b2da000 	C:\WINDOWS\system32\WS2_32.dll
0x00007fff98130000 - 0x00007fff9815a000 	C:\WINDOWS\SYSTEM32\WINMMBASE.dll
0x00007fff9acc0000 - 0x00007fff9acc9000 	C:\WINDOWS\system32\NSI.dll
0x00007fff9a160000 - 0x00007fff9a1af000 	C:\WINDOWS\SYSTEM32\cfgmgr32.dll
0x00007fff98950000 - 0x00007fff98978000 	C:\WINDOWS\SYSTEM32\DEVOBJ.dll
0x0000000063a80000 - 0x0000000063a8f000 	E:\Java\jdk1.8.0_60\jre\bin\verify.dll
0x0000000063a50000 - 0x0000000063a79000 	E:\Java\jdk1.8.0_60\jre\bin\java.dll
0x0000000063a30000 - 0x0000000063a46000 	E:\Java\jdk1.8.0_60\jre\bin\zip.dll
0x00007fff94410000 - 0x00007fff94599000 	C:\WINDOWS\SYSTEM32\dbghelp.dll

VM Arguments:
jvm_args: -Xmx1024M -Dfile.encoding=windows-1251 -Duser.country=RU -Duser.language=ru -Duser.variant 
java_command: com.android.dx.command.Main --dex --num-threads=4 --output E:\Android\AndroidStudioProjects\LoftblogMoneyTracker\app\build\intermediates\pre-dexed\debug\classes-977005bd02c3939b30fc4eafce83f5e6d10d9144.jar E:\Android\AndroidStudioProjects\LoftblogMoneyTracker\app\build\intermediates\exploded-aar\com.google.android.gms\play-services-drive\8.1.0\jars\classes.jar
java_class_path (initial): E:\Android\sdk\build-tools\23.0.1\lib\dx.jar
Launcher Type: SUN_STANDARD

Environment Variables:
PATH=C:\ProgramData\Oracle\Java\javapath;C:\WINDOWS\system32;C:\WINDOWS;C:\WINDOWS\System32\Wbem;C:\WINDOWS\System32\WindowsPowerShell\v1.0\;C:\Program Files (x86)\Common Files\Acronis\SnapAPI\;C:\Program Files (x86)\Common Files\Autodesk Shared\;C:\Program Files\Microsoft\Web Platform Installer\;C:\Program Files (x86)\Microsoft ASP.NET\ASP.NET Web Pages\v1.0\;C:\Program Files\Microsoft SQL Server\110\Tools\Binn\;C:\Program Files\Common Files\Autodesk Shared\;C:\Program Files (x86)\NVIDIA Corporation\PhysX\Common;C:\Program Files (x86)\Skype\Phone\
USERNAME=¿ÎÂÍÒ‡Ì‰
OS=Windows_NT
PROCESSOR_IDENTIFIER=Intel64 Family 6 Model 15 Stepping 11, GenuineIntel



---------------  S Y S T E M  ---------------

OS: Windows 8.1 , 64 bit Build 9600 (6.3.9600.17415)

CPU:total 4 (4 cores per cpu, 1 threads per core) family 6 model 15 stepping 11, cmov, cx8, fxsr, mmx, sse, sse2, sse3, ssse3, tsc

Memory: 4k page, physical 8387492k(1349124k free), swap 16776356k(3852852k free)

vm_info: Java HotSpot(TM) 64-Bit Server VM (25.60-b23) for windows-amd64 JRE (1.8.0_60-b27), built on Aug  4 2015 11:06:27 by "java_re" with MS VC++ 10.0 (VS2010)

time: Fri Oct 23 22:34:30 2015
elapsed time: 7 seconds (0d 0h 0m 7s)

