#
# A fatal error has been detected by the Java Runtime Environment:
#
#  EXCEPTION_ACCESS_VIOLATION (0xc0000005) at pc=0xffffffffa3b65120, pid=11640, tid=8276
#
# JRE version: Java(TM) SE Runtime Environment (8.0_60-b27) (build 1.8.0_60-b27)
# Java VM: Java HotSpot(TM) 64-Bit Server VM (25.60-b23 mixed mode windows-amd64 compressed oops)
# Problematic frame:
# C  0xffffffffa3b65120
#
# Failed to write core dump. Minidumps are not enabled by default on client versions of Windows
#
# If you would like to submit a bug report, please visit:
#   http://bugreport.java.com/bugreport/crash.jsp
#

---------------  T H R E A D  ---------------

Current thread (0x0000000016d90800):  JavaThread "pool-1-thread-4" [_thread_in_Java, id=8276, stack(0x0000000017660000,0x0000000017760000)]

siginfo: ExceptionCode=0xc0000005, ExceptionInformation=0x0000000000000008 0xffffffffa3b65120

Registers:
RAX=0x00000000ebb1df48, RBX=0x00000000ebb0c758, RCX=0x0000000000000000, RDX=0x00000000ebb1df48
RSP=0x000000001775ec48, RBP=0x000000001775eec8, RSI=0x0000000014e5b870, RDI=0x00000000ebb1df68
R8 =0x0000000000000001, R9 =0x00000000ebb0b758, R10=0x0000000076e42140, R11=0x0000000002e51ee0
R12=0x0000000000000000, R13=0x000000001775ee68, R14=0x000000001775ef10, R15=0x0000000016d90800
RIP=0xffffffffa3b65120, EFLAGS=0x0000000000010206

Top of Stack: (sp=0x000000001775ec48)
0x000000001775ec48:   0000000002e43a34 0000000000000001
0x000000001775ec58:   0000000014dd9750 0000000100000d48
0x000000001775ec68:   0000000014dd9750 00000000ebb0fae8
0x000000001775ec78:   000000001775eda0 0000000002b711cb
0x000000001775ec88:   0000000002b65410 0000000000000000
0x000000001775ec98:   000000001775ede0 000000001775eda0
0x000000001775eca8:   000000001775eca8 000000001775ede0
0x000000001775ecb8:   0000000002dafe54 000000001775ee20
0x000000001775ecc8:   0000000014dd9688 00000000ebb0c758
0x000000001775ecd8:   00000000ebb1df48 0000000000000001
0x000000001775ece8:   0000000000000000 000000001775ede0
0x000000001775ecf8:   00000000ebb1dc90 000000001775ed70
0x000000001775ed08:   0000000002b67a2d 000000001775eec8
0x000000001775ed18:   0000000002e51fcc 0000000000000000
0x000000001775ed28:   00000000ebb1dc90 000000001775ed30
0x000000001775ed38:   0000000014d9e1d9 000000001775ee68 

Instructions: (pc=0xffffffffa3b65120)
0xffffffffa3b65100:   
[error occurred during error reporting (printing registers, top of stack, instructions near pc), id 0xc0000005]

Register to memory mapping:

RAX=0x00000000ebb1df48 is an oop
com.android.dx.util.IntList 
 - klass: 'com/android/dx/util/IntList'
RBX=0x00000000ebb0c758 is an oop
com.android.dx.ssa.SsaBasicBlock 
 - klass: 'com/android/dx/ssa/SsaBasicBlock'
RCX=0x0000000000000000 is an unknown value
RDX=0x00000000ebb1df48 is an oop
com.android.dx.util.IntList 
 - klass: 'com/android/dx/util/IntList'
RSP=0x000000001775ec48 is pointing into the stack for thread: 0x0000000016d90800
RBP=0x000000001775eec8 is pointing into the stack for thread: 0x0000000016d90800
RSI=0x0000000014e5b870 is pointing into metadata
RDI=0x00000000ebb1df68 is an oop

[error occurred during error reporting (printing register info), id 0xc0000005]

Stack: [0x0000000017660000,0x0000000017760000],  sp=0x000000001775ec48,  free space=1019k
Native frames: (J=compiled Java code, j=interpreted, Vv=VM code, C=native code)
C  0xffffffffa3b65120


---------------  P R O C E S S  ---------------

Java Threads: ( => current thread )
=>0x0000000016d90800 JavaThread "pool-1-thread-4" [_thread_in_Java, id=8276, stack(0x0000000017660000,0x0000000017760000)]
  0x0000000016cdf800 JavaThread "pool-1-thread-3" [_thread_in_Java, id=12080, stack(0x0000000017560000,0x0000000017660000)]
  0x0000000016cdd800 JavaThread "pool-1-thread-2" [_thread_in_Java, id=4828, stack(0x0000000017460000,0x0000000017560000)]
  0x0000000016ca2000 JavaThread "pool-2-thread-1" [_thread_blocked, id=10284, stack(0x0000000017360000,0x0000000017460000)]
  0x0000000016c93800 JavaThread "pool-1-thread-1" [_thread_in_Java, id=11904, stack(0x0000000017260000,0x0000000017360000)]
  0x000000001528d800 JavaThread "Service Thread" daemon [_thread_blocked, id=4272, stack(0x0000000016f60000,0x0000000017060000)]
  0x000000001523d000 JavaThread "C1 CompilerThread2" daemon [_thread_blocked, id=13208, stack(0x0000000016a60000,0x0000000016b60000)]
  0x0000000015234800 JavaThread "C2 CompilerThread1" daemon [_thread_blocked, id=12308, stack(0x0000000016960000,0x0000000016a60000)]
  0x0000000015231800 JavaThread "C2 CompilerThread0" daemon [_thread_blocked, id=11480, stack(0x0000000016860000,0x0000000016960000)]
  0x0000000015230000 JavaThread "Attach Listener" daemon [_thread_blocked, id=8368, stack(0x0000000016760000,0x0000000016860000)]
  0x000000001522e800 JavaThread "Signal Dispatcher" daemon [_thread_blocked, id=9112, stack(0x0000000016660000,0x0000000016760000)]
  0x0000000002b59000 JavaThread "Finalizer" daemon [_thread_blocked, id=13060, stack(0x0000000016480000,0x0000000016580000)]
  0x0000000002b50800 JavaThread "Reference Handler" daemon [_thread_blocked, id=13008, stack(0x0000000016380000,0x0000000016480000)]
  0x0000000002a63800 JavaThread "main" [_thread_in_Java, id=12164, stack(0x00000000028f0000,0x00000000029f0000)]

Other Threads:
  0x00000000151f6800 VMThread [stack: 0x0000000016280000,0x0000000016380000] [id=12384]
  0x0000000016ba5800 WatcherThread [stack: 0x0000000017060000,0x0000000017160000] [id=8832]

VM state:not at safepoint (normal execution)

VM Mutex/Monitor currently owned by a thread: None

Heap:
 PSYoungGen      total 38400K, used 17319K [0x00000000eab00000, 0x00000000ed580000, 0x0000000100000000)
  eden space 33280K, 52% used [0x00000000eab00000,0x00000000ebbe9e28,0x00000000ecb80000)
  from space 5120K, 0% used [0x00000000ed080000,0x00000000ed080000,0x00000000ed580000)
  to   space 5120K, 0% used [0x00000000ecb80000,0x00000000ecb80000,0x00000000ed080000)
 ParOldGen       total 87552K, used 0K [0x00000000c0000000, 0x00000000c5580000, 0x00000000eab00000)
  object space 87552K, 0% used [0x00000000c0000000,0x00000000c0000000,0x00000000c5580000)
 Metaspace       used 5383K, capacity 6640K, committed 6784K, reserved 1056768K
  class space    used 563K, capacity 616K, committed 640K, reserved 1048576K

Card table byte_map: [0x0000000011f20000,0x0000000012130000] byte_map_base: 0x0000000011920000

Marking Bits: (ParMarkBitMap*) 0x0000000076e5a5b0
 Begin Bits: [0x0000000012690000, 0x0000000013690000)
 End Bits:   [0x0000000013690000, 0x0000000014690000)

Polling page: 0x0000000001050000

CodeCache: size=245760Kb used=3303Kb max_used=3303Kb free=242456Kb
 bounds [0x0000000002b60000, 0x0000000002ea0000, 0x0000000011b60000]
 total_blobs=1087 nmethods=828 adapters=174
 compilation: enabled

Compilation events (10 events):
Event: 0.627 Thread 0x000000001523d000  793       1       com.android.dx.cf.attrib.InnerClassList$Item::getOuterClass (5 bytes)
Event: 0.628 Thread 0x000000001523d000 nmethod 793 0x0000000002e6f1d0 code [0x0000000002e6f320, 0x0000000002e6f430]
Event: 0.628 Thread 0x000000001523d000  819   !   3       com.android.dx.cf.code.RopperMachine::run (1550 bytes)
Event: 0.628 Thread 0x0000000015231800  812       4       java.util.HashMap::put (13 bytes)
Event: 0.629 Thread 0x0000000015234800 nmethod 811 0x0000000002e72310 code [0x0000000002e72460, 0x0000000002e726f8]
Event: 0.629 Thread 0x0000000015234800  824   !   4       com.android.dx.util.IntList::<init> (37 bytes)
Event: 0.631 Thread 0x0000000015234800 nmethod 824 0x0000000002e728d0 code [0x0000000002e72a20, 0x0000000002e72b58]
Event: 0.631 Thread 0x0000000015234800  825       4       com.android.dx.ssa.NormalSsaInsn::getSources (8 bytes)
Event: 0.631 Thread 0x0000000015234800 nmethod 825 0x0000000002de7e10 code [0x0000000002de7f40, 0x0000000002de7fb8]
Event: 0.642 Thread 0x0000000015231800 nmethod 812 0x0000000002e6fcd0 code [0x0000000002e6fea0, 0x0000000002e706b0]

GC Heap History (0 events):
No events

Deoptimization events (10 events):
Event: 0.396 Thread 0x0000000016cdf800 Uncommon trap: reason=class_check action=maybe_recompile pc=0x0000000002cf7e18 method=com.android.dx.rop.cst.CstMemberRef.compareTo0(Lcom/android/dx/rop/cst/Constant;)I @ 1
Event: 0.396 Thread 0x0000000016d90800 Uncommon trap: reason=class_check action=maybe_recompile pc=0x0000000002cf7e18 method=com.android.dx.rop.cst.CstMemberRef.compareTo0(Lcom/android/dx/rop/cst/Constant;)I @ 1
Event: 0.401 Thread 0x0000000016d90800 Uncommon trap: reason=speculate_class_check action=maybe_recompile pc=0x0000000002d4b1b4 method=com.android.dx.rop.cst.Constant.compareTo(Lcom/android/dx/rop/cst/Constant;)I @ 29
Event: 0.401 Thread 0x0000000016d90800 Uncommon trap: reason=speculate_class_check action=maybe_recompile pc=0x0000000002d4b1b4 method=com.android.dx.rop.cst.Constant.compareTo(Lcom/android/dx/rop/cst/Constant;)I @ 29
Event: 0.401 Thread 0x0000000016d90800 Uncommon trap: reason=speculate_class_check action=maybe_recompile pc=0x0000000002d4b1b4 method=com.android.dx.rop.cst.Constant.compareTo(Lcom/android/dx/rop/cst/Constant;)I @ 29
Event: 0.401 Thread 0x0000000016d90800 Uncommon trap: reason=speculate_class_check action=maybe_recompile pc=0x0000000002d4b1b4 method=com.android.dx.rop.cst.Constant.compareTo(Lcom/android/dx/rop/cst/Constant;)I @ 29
Event: 0.491 Thread 0x0000000016c93800 Uncommon trap: reason=unstable_if action=reinterpret pc=0x0000000002d80588 method=java.util.HashMap.getNode(ILjava/lang/Object;)Ljava/util/HashMap$Node; @ 62
Event: 0.513 Thread 0x0000000016cdd800 Uncommon trap: reason=unstable_if action=reinterpret pc=0x0000000002d6bb6c method=com.android.dx.rop.cst.CstFieldRef.compareTo0(Lcom/android/dx/rop/cst/Constant;)I @ 7
Event: 0.516 Thread 0x0000000016c93800 Uncommon trap: reason=unstable_if action=reinterpret pc=0x0000000002d48974 method=com.android.dx.rop.cst.CstFieldRef.compareTo0(Lcom/android/dx/rop/cst/Constant;)I @ 7
Event: 0.517 Thread 0x0000000016c93800 Uncommon trap: reason=unstable_if action=reinterpret pc=0x0000000002cf42a0 method=com.android.dx.rop.cst.CstFieldRef.compareTo0(Lcom/android/dx/rop/cst/Constant;)I @ 7

Internal exceptions (2 events):
Event: 0.040 Thread 0x0000000002a63800 Exception <a 'java/lang/NoSuchMethodError': Method sun.misc.Unsafe.defineClass(Ljava/lang/String;[BII)Ljava/lang/Class; name or signature does not match> (0x00000000eab130a8) thrown at [C:\re\workspace\8-2-build-windows-amd64-cygwin\jdk8u60\4407\hotspot\srûÂ:³^¤?
Event: 0.040 Thread 0x0000000002a63800 Exception <a 'java/lang/NoSuchMethodError': Method sun.misc.Unsafe.prefetchRead(Ljava/lang/Object;J)V name or signature does not match> (0x00000000eab13390) thrown at [C:\re\workspace\8-2-build-windows-amd64-cygwin\jdk8u60\4407\hotspot\src\share\vm\prims\j

Events (10 events):
Event: 0.516 Thread 0x0000000016c93800 Uncommon trap: trap_request=0xffffff65 fr.pc=0x0000000002d48974
Event: 0.516 Thread 0x0000000016c93800 DEOPT PACKING pc=0x0000000002d48974 sp=0x000000001735ed10
Event: 0.517 Thread 0x0000000016c93800 DEOPT UNPACKING pc=0x0000000002ba556a sp=0x000000001735ebc8 mode 2
Event: 0.517 Thread 0x0000000016c93800 Uncommon trap: trap_request=0xffffff65 fr.pc=0x0000000002cf42a0
Event: 0.517 Thread 0x0000000016c93800 DEOPT PACKING pc=0x0000000002cf42a0 sp=0x000000001735ec50
Event: 0.517 Thread 0x0000000016c93800 DEOPT UNPACKING pc=0x0000000002ba556a sp=0x000000001735ebd8 mode 2
Event: 0.555 loading class java/util/ArrayList$1
Event: 0.555 loading class java/util/ArrayList$1 done
Event: 0.613 Executing VM operation: ForceSafepoint
Event: 0.614 Executing VM operation: ForceSafepoint done


Dynamic libraries:
0x00007ff6ebee0000 - 0x00007ff6ebf17000 	E:\Java\jdk1.8.0_60\bin\java.exe
0x00007ff86a1e0000 - 0x00007ff86a38c000 	C:\WINDOWS\SYSTEM32\ntdll.dll
0x00007ff867860000 - 0x00007ff86799e000 	C:\WINDOWS\system32\KERNEL32.DLL
0x00007ff8675e0000 - 0x00007ff8676f5000 	C:\WINDOWS\system32\KERNELBASE.dll
0x00007ff8658e0000 - 0x00007ff86596e000 	C:\WINDOWS\system32\apphelp.dll
0x00007ff84d9a0000 - 0x00007ff84d9f3000 	C:\WINDOWS\AppPatch\AppPatch64\AcGenral.DLL
0x00007ff8696a0000 - 0x00007ff86974a000 	C:\WINDOWS\system32\msvcrt.dll
0x00007ff867100000 - 0x00007ff86712e000 	C:\WINDOWS\SYSTEM32\SspiCli.dll
0x00007ff869750000 - 0x00007ff8697a4000 	C:\WINDOWS\system32\SHLWAPI.dll
0x00007ff869500000 - 0x00007ff869677000 	C:\WINDOWS\system32\USER32.dll
0x00007ff867d10000 - 0x00007ff867ea4000 	C:\WINDOWS\system32\ole32.dll
0x00007ff867f60000 - 0x00007ff86948b000 	C:\WINDOWS\system32\SHELL32.dll
0x00007ff8668d0000 - 0x00007ff8668f1000 	C:\WINDOWS\SYSTEM32\USERENV.dll
0x00007ff867eb0000 - 0x00007ff867f5a000 	C:\WINDOWS\system32\ADVAPI32.dll
0x00007ff85eb70000 - 0x00007ff85eb8e000 	C:\WINDOWS\SYSTEM32\MPR.dll
0x00007ff869ba0000 - 0x00007ff869ce1000 	C:\WINDOWS\system32\RPCRT4.dll
0x00007ff869cf0000 - 0x00007ff869d49000 	C:\WINDOWS\SYSTEM32\sechost.dll
0x00007ff8679a0000 - 0x00007ff867bb1000 	C:\WINDOWS\SYSTEM32\combase.dll
0x00007ff867bc0000 - 0x00007ff867d0f000 	C:\WINDOWS\system32\GDI32.dll
0x00007ff867330000 - 0x00007ff867345000 	C:\WINDOWS\SYSTEM32\profapi.dll
0x00007ff865e80000 - 0x00007ff865f32000 	C:\WINDOWS\SYSTEM32\SHCORE.dll
0x00007ff869d50000 - 0x00007ff869d86000 	C:\WINDOWS\system32\IMM32.DLL
0x00007ff86a070000 - 0x00007ff86a1c2000 	C:\WINDOWS\system32\MSCTF.dll
0x00007ff8646a0000 - 0x00007ff86491b000 	C:\WINDOWS\WinSxS\amd64_microsoft.windows.common-controls_6595b64144ccf1df_6.0.9600.18006_none_623f33d3ecbe86e8\COMCTL32.dll
0x0000000076090000 - 0x0000000076162000 	E:\Java\jdk1.8.0_60\jre\bin\msvcr100.dll
0x0000000076650000 - 0x0000000076ed9000 	E:\Java\jdk1.8.0_60\jre\bin\server\jvm.dll
0x00007ff865840000 - 0x00007ff865849000 	C:\WINDOWS\SYSTEM32\WSOCK32.dll
0x00007ff865800000 - 0x00007ff865822000 	C:\WINDOWS\SYSTEM32\WINMM.dll
0x00007ff865830000 - 0x00007ff86583a000 	C:\WINDOWS\SYSTEM32\VERSION.dll
0x00007ff869490000 - 0x00007ff869497000 	C:\WINDOWS\system32\PSAPI.DLL
0x00007ff8694a0000 - 0x00007ff8694fa000 	C:\WINDOWS\system32\WS2_32.dll
0x00007ff863480000 - 0x00007ff8634aa000 	C:\WINDOWS\SYSTEM32\WINMMBASE.dll
0x00007ff86a1d0000 - 0x00007ff86a1d9000 	C:\WINDOWS\system32\NSI.dll
0x00007ff867760000 - 0x00007ff8677af000 	C:\WINDOWS\SYSTEM32\cfgmgr32.dll
0x00007ff866120000 - 0x00007ff866148000 	C:\WINDOWS\SYSTEM32\DEVOBJ.dll
0x0000000050010000 - 0x000000005001f000 	E:\Java\jdk1.8.0_60\jre\bin\verify.dll
0x0000000076620000 - 0x0000000076649000 	E:\Java\jdk1.8.0_60\jre\bin\java.dll
0x0000000076600000 - 0x0000000076616000 	E:\Java\jdk1.8.0_60\jre\bin\zip.dll
0x00007ff863a70000 - 0x00007ff863bf9000 	C:\WINDOWS\SYSTEM32\dbghelp.dll

VM Arguments:
jvm_args: -Xmx1024M -Dfile.encoding=windows-1251 -Duser.country=RU -Duser.language=ru -Duser.variant 
java_command: com.android.dx.command.Main --dex --num-threads=4 --output E:\Android\AndroidStudioProjects\LoftblogMoneyTracker\app\build\intermediates\dex\debug E:\Android\AndroidStudioProjects\LoftblogMoneyTracker\app\build\intermediates\classes\debug E:\Android\AndroidStudioProjects\LoftblogMoneyTracker\app\build\intermediates\pre-dexed\debug\support-annotations-23.0.1-e6941ffc9cbf1270b1623cf686ba7082dcc4df08.jar E:\Android\AndroidStudioProjects\LoftblogMoneyTracker\app\build\intermediates\pre-dexed\debug\classes-8feaabbfb5bdbff71ed9eb50acb4a8fe317bd8e4.jar E:\Android\AndroidStudioProjects\LoftblogMoneyTracker\app\build\intermediates\pre-dexed\debug\classes-8c1319393e271eff68e10a9dcae07a2783f674be.jar E:\Android\AndroidStudioProjects\LoftblogMoneyTracker\app\build\intermediates\pre-dexed\debug\internal_impl-22.2.0-0e6d9ecdf28e1d5717a3b05e5efcbaa26aefd913.jar E:\Android\AndroidStudioProjects\LoftblogMoneyTracker\app\build\intermediates\pre-dexed\debug\classes-96a27b206b99b387079686bb2c6db4d651bf67b0.jar E:\Android\AndroidStudioProjects\LoftblogMoneyTracker\app\build\intermediates\pre-dexed\debug\classes-b570df61e751229d205547820db2b138f3d2f62b.jar E:\Android\AndroidStudioProjects\LoftblogMoneyTracker\app\build\intermediates\pre-dexed\debug\classes-52b7275268a9e54f348a2faeff70a90613f238e9.jar E:\Android\AndroidStudioProjects\LoftblogMoneyTracker\app\build\intermediates\pre-dexed\debug\classes-472fb590b2ae42e351cdbbab4f5c927f6cbdb130.jar E:\Android\AndroidStudioProjects\LoftblogMoneyTracker\app\build\intermediates\pre-dexed\debug\classes-352d93e2966ff5ab712c233f0fb1f206edd2d56d.jar E:\Android\AndroidStudioProjects\LoftblogMoneyTracker\app\build\intermediates\pre-dexed\debug\classes-de409459780203812a068d576aa5d4d22ec493da.jar E:\Android\AndroidStudioProjects\LoftblogMoneyTracker\app\build\intermediates\pre-dexed\debug\classes-929da88a3328213b151763d457f179989be7055b.jar E:\Android\AndroidStudioProjects\LoftblogMoneyTracker\app\build\intermediates\pre-dexed\debug\ac
java_class_path (initial): E:\Android\sdk\build-tools\23.0.0\lib\dx.jar
Launcher Type: SUN_STANDARD

Environment Variables:
PATH=C:\ProgramData\Oracle\Java\javapath;C:\WINDOWS\system32;C:\WINDOWS;C:\WINDOWS\System32\Wbem;C:\WINDOWS\System32\WindowsPowerShell\v1.0\;C:\Program Files (x86)\Common Files\Acronis\SnapAPI\;C:\Program Files (x86)\Common Files\Autodesk Shared\;C:\Program Files\Microsoft\Web Platform Installer\;C:\Program Files (x86)\Microsoft ASP.NET\ASP.NET Web Pages\v1.0\;C:\Program Files\Microsoft SQL Server\110\Tools\Binn\;C:\Program Files\Common Files\Autodesk Shared\;C:\Program Files (x86)\NVIDIA Corporation\PhysX\Common;C:\Program Files (x86)\Skype\Phone\
USERNAME=Àëåêñàíäð
OS=Windows_NT
PROCESSOR_IDENTIFIER=Intel64 Family 6 Model 15 Stepping 11, GenuineIntel



---------------  S Y S T E M  ---------------

OS: Windows 8.1 , 64 bit Build 9600 (6.3.9600.17415)

CPU:total 4 (4 cores per cpu, 1 threads per core) family 6 model 15 stepping 11, cmov, cx8, fxsr, mmx, sse, sse2, sse3, ssse3, tsc

Memory: 4k page, physical 8387492k(1702532k free), swap 17841564k(3042352k free)

vm_info: Java HotSpot(TM) 64-Bit Server VM (25.60-b23) for windows-amd64 JRE (1.8.0_60-b27), built on Aug  4 2015 11:06:27 by "java_re" with MS VC++ 10.0 (VS2010)

time: Sun Nov 08 00:44:49 2015
elapsed time: 0 seconds (0d 0h 0m 0s)

