#
# A fatal error has been detected by the Java Runtime Environment:
#
#  EXCEPTION_ACCESS_VIOLATION (0xc0000005) at pc=0xffffffffa3395120, pid=1356, tid=10072
#
# JRE version: Java(TM) SE Runtime Environment (8.0_60-b27) (build 1.8.0_60-b27)
# Java VM: Java HotSpot(TM) 64-Bit Server VM (25.60-b23 mixed mode windows-amd64 compressed oops)
# Problematic frame:
# C  0xffffffffa3395120
#
# Failed to write core dump. Minidumps are not enabled by default on client versions of Windows
#
# If you would like to submit a bug report, please visit:
#   http://bugreport.java.com/bugreport/crash.jsp
#

---------------  T H R E A D  ---------------

Current thread (0x0000000002290800):  JavaThread "main" [_thread_in_Java, id=10072, stack(0x0000000002140000,0x0000000002240000)]

siginfo: ExceptionCode=0xc0000005, ExceptionInformation=0x0000000000000008 0xffffffffa3395120

Registers:
RAX=0x000000000000169d, RBX=0x00000000147701a0, RCX=0x00000000f11c13a0, RDX=0x00000000c0fd7868
RSP=0x000000000223f328, RBP=0x000000000223f498, RSI=0x0000000000051bf1, RDI=0x00000000c0fd7868
R8 =0x0000000000051bf1, R9 =0x00000000f1d9cd50, R10=0x0000000064282140, R11=0x0000000003040800
R12=0x0000000000000000, R13=0x000000000223f440, R14=0x0000000000000000, R15=0x0000000002290800
RIP=0xffffffffa3395120, EFLAGS=0x0000000000010202

Top of Stack: (sp=0x000000000223f328)
0x000000000223f328:   00000000030409fc ffffffffffffffff
0x000000000223f338:   0000000014565a78 000000000223f448
0x000000000223f348:   0000000000000000 000000000303d160
0x000000000223f358:   00000000642820f0 0000000000002462
0x000000000223f368:   0000000000000004 0000000000000000
0x000000000223f378:   0000000014745b60 000000000223f3b0
0x000000000223f388:   000000000223f3b0 0000000014745b60
0x000000000223f398:   00000000f1d9cd50 00000000f1d9cd50
0x000000000223f3a8:   0000000014745b60 000000000223f498
0x000000000223f3b8:   000000000303d470 00000000f1d9cd50
0x000000000223f3c8:   00000000f11c13a0 0000000002397a72
0x000000000223f3d8:   00000000000a844f 00000000f1d9cd50
0x000000000223f3e8:   000000000223f3e8 0000000014565a31
0x000000000223f3f8:   000000000223f450 00000000145666c8
0x000000000223f408:   0000000014776ee8 0000000014565a78
0x000000000223f418:   0000000000000000 000000000223f498 

Instructions: (pc=0xffffffffa3395120)
0xffffffffa3395100:   
[error occurred during error reporting (printing registers, top of stack, instructions near pc), id 0xc0000005]

Register to memory mapping:

RAX=0x000000000000169d is an unknown value
RBX=0x00000000147701a0 is pointing into metadata
RCX=0x00000000f11c13a0 is an oop
com.android.dx.dex.file.StringIdItem 
 - klass: 'com/android/dx/dex/file/StringIdItem'
RDX=0x00000000c0fd7868 is an oop
com.android.dx.dex.file.MixedItemSection 
 - klass: 'com/android/dx/dex/file/MixedItemSection'
RSP=0x000000000223f328 is pointing into the stack for thread: 0x0000000002290800
RBP=0x000000000223f498 is pointing into the stack for thread: 0x0000000002290800
RSI=0x0000000000051bf1 is an unknown value
RDI=0x00000000c0fd7868 is an oop
com.android.dx.dex.file.MixedItemSection 
 - klass: 'com/android/dx/dex/file/MixedItemSection'
R8 =0x0000000000051bf1 is an unknown value
R9 =0x00000000f1d9cd50 is an oop
com.android.dx.util.ByteArrayAnnotatedOutput 
 - klass: 'com/android/dx/util/ByteArrayAnnotatedOutput'
R10=0x0000000064282140 is an unknown value
R11=0x0000000003040800 is at entry_point+32 in (nmethod*)0x0000000003040450
R12=0x0000000000000000 is an unknown value
R13=0x000000000223f440 is pointing into the stack for thread: 0x0000000002290800
R14=0x0000000000000000 is an unknown value
R15=0x0000000002290800 is a thread


Stack: [0x0000000002140000,0x0000000002240000],  sp=0x000000000223f328,  free space=1020k
Native frames: (J=compiled Java code, j=interpreted, Vv=VM code, C=native code)
C  0xffffffffa3395120


---------------  P R O C E S S  ---------------

Java Threads: ( => current thread )
  0x00000000163a5000 JavaThread "Service Thread" daemon [_thread_blocked, id=4392, stack(0x00000000167a0000,0x00000000168a0000)]
  0x0000000014abb000 JavaThread "C1 CompilerThread2" daemon [_thread_blocked, id=9064, stack(0x00000000162a0000,0x00000000163a0000)]
  0x0000000014ab7800 JavaThread "C2 CompilerThread1" daemon [_thread_blocked, id=9448, stack(0x00000000161a0000,0x00000000162a0000)]
  0x0000000014a5e800 JavaThread "C2 CompilerThread0" daemon [_thread_blocked, id=3252, stack(0x00000000160a0000,0x00000000161a0000)]
  0x0000000014a5d000 JavaThread "Attach Listener" daemon [_thread_blocked, id=236, stack(0x0000000015fa0000,0x00000000160a0000)]
  0x0000000014a5c000 JavaThread "Signal Dispatcher" daemon [_thread_blocked, id=1268, stack(0x0000000015ea0000,0x0000000015fa0000)]
  0x0000000002386000 JavaThread "Finalizer" daemon [_thread_blocked, id=10796, stack(0x0000000015cc0000,0x0000000015dc0000)]
  0x000000000237c000 JavaThread "Reference Handler" daemon [_thread_blocked, id=9676, stack(0x0000000015bc0000,0x0000000015cc0000)]
=>0x0000000002290800 JavaThread "main" [_thread_in_Java, id=10072, stack(0x0000000002140000,0x0000000002240000)]

Other Threads:
  0x0000000014a26000 VMThread [stack: 0x0000000015ac0000,0x0000000015bc0000] [id=9320]
  0x00000000163c3000 WatcherThread [stack: 0x00000000168a0000,0x00000000169a0000] [id=9524]

VM state:synchronizing (normal execution)

VM Mutex/Monitor currently owned by a thread:  ([mutex/lock_event])
[0x000000000085c070] Safepoint_lock - owner thread: 0x0000000014a26000
[0x000000000085ca70] Threads_lock - owner thread: 0x0000000014a26000

Heap:
 PSYoungGen      total 138240K, used 123752K [0x00000000eab00000, 0x00000000f3700000, 0x0000000100000000)
  eden space 133120K, 89% used [0x00000000eab00000,0x00000000f1edd488,0x00000000f2d00000)
  from space 5120K, 99% used [0x00000000f3200000,0x00000000f36fcee0,0x00000000f3700000)
  to   space 5120K, 0% used [0x00000000f2d00000,0x00000000f2d00000,0x00000000f3200000)
 ParOldGen       total 87552K, used 29626K [0x00000000c0000000, 0x00000000c5580000, 0x00000000eab00000)
  object space 87552K, 33% used [0x00000000c0000000,0x00000000c1cee878,0x00000000c5580000)
 Metaspace       used 6689K, capacity 7536K, committed 7808K, reserved 1056768K
  class space    used 610K, capacity 616K, committed 640K, reserved 1048576K

Card table byte_map: [0x0000000011750000,0x0000000011960000] byte_map_base: 0x0000000011150000

Marking Bits: (ParMarkBitMap*) 0x000000006429a5b0
 Begin Bits: [0x0000000011ec0000, 0x0000000012ec0000)
 End Bits:   [0x0000000012ec0000, 0x0000000013ec0000)

Polling page: 0x0000000000840000

CodeCache: size=245760Kb used=12951Kb max_used=12962Kb free=232808Kb
 bounds [0x0000000002390000, 0x0000000003050000, 0x0000000011390000]
 total_blobs=2908 nmethods=2639 adapters=183
 compilation: enabled

Compilation events (10 events):
Event: 30.849 Thread 0x0000000014abb000 2695       3       com.android.dx.util.ByteArrayAnnotatedOutput::alignTo (69 bytes)
Event: 30.849 Thread 0x0000000014abb000 nmethod 2695 0x000000000303cf90 code [0x000000000303d140, 0x000000000303d5e8]
Event: 30.849 Thread 0x0000000014abb000 2696       3       com.android.dx.dex.file.StringIdItem::writeTo (95 bytes)
Event: 30.849 Thread 0x0000000014ab7800 2697       4       com.android.dx.util.ByteArrayAnnotatedOutput::annotates (13 bytes)
Event: 30.850 Thread 0x0000000014ab7800 nmethod 2697 0x0000000003028510 code [0x0000000003028640, 0x00000000030286b8]
Event: 30.850 Thread 0x0000000014a5e800 2698       4       com.android.dx.dex.file.OffsettedItem::getAbsoluteOffset (29 bytes)
Event: 30.851 Thread 0x0000000014abb000 nmethod 2696 0x0000000003040450 code [0x00000000030407e0, 0x00000000030426e8]
Event: 30.851 Thread 0x0000000014ab7800 2699       4       com.android.dx.dex.file.Section::getAbsoluteOffset (38 bytes)
Event: 30.851 Thread 0x0000000014a5e800 nmethod 2698 0x000000000303ec90 code [0x000000000303edc0, 0x000000000303ee78]
Event: 30.851 Thread 0x0000000014ab7800 nmethod 2699 0x000000000303ea10 code [0x000000000303eb40, 0x000000000303ebd8]

GC Heap History (8 events):
Event: 5.271 GC heap before
{Heap before GC invocations=1 (full 0):
 PSYoungGen      total 38400K, used 33280K [0x00000000eab00000, 0x00000000ed580000, 0x0000000100000000)
  eden space 33280K, 100% used [0x00000000eab00000,0x00000000ecb80000,0x00000000ecb80000)
  from space 5120K, 0% used [0x00000000ed080000,0x00000000ed080000,0x00000000ed580000)
  to   space 5120K, 0% used [0x00000000ecb80000,0x00000000ecb80000,0x00000000ed080000)
 ParOldGen       total 87552K, used 0K [0x00000000c0000000, 0x00000000c5580000, 0x00000000eab00000)
  object space 87552K, 0% used [0x00000000c0000000,0x00000000c0000000,0x00000000c5580000)
 Metaspace       used 5932K, capacity 6960K, committed 7040K, reserved 1056768K
  class space    used 587K, capacity 616K, committed 640K, reserved 1048576K
Event: 5.370 GC heap after
Heap after GC invocations=1 (full 0):
 PSYoungGen      total 38400K, used 5111K [0x00000000eab00000, 0x00000000ef600000, 0x0000000100000000)
  eden space 33280K, 0% used [0x00000000eab00000,0x00000000eab00000,0x00000000ecb80000)
  from space 5120K, 99% used [0x00000000ecb80000,0x00000000ed07dc88,0x00000000ed080000)
  to   space 5120K, 0% used [0x00000000ef100000,0x00000000ef100000,0x00000000ef600000)
 ParOldGen       total 87552K, used 1679K [0x00000000c0000000, 0x00000000c5580000, 0x00000000eab00000)
  object space 87552K, 1% used [0x00000000c0000000,0x00000000c01a3e20,0x00000000c5580000)
 Metaspace       used 5932K, capacity 6960K, committed 7040K, reserved 1056768K
  class space    used 587K, capacity 616K, committed 640K, reserved 1048576K
}
Event: 7.210 GC heap before
{Heap before GC invocations=2 (full 0):
 PSYoungGen      total 38400K, used 38391K [0x00000000eab00000, 0x00000000ef600000, 0x0000000100000000)
  eden space 33280K, 100% used [0x00000000eab00000,0x00000000ecb80000,0x00000000ecb80000)
  from space 5120K, 99% used [0x00000000ecb80000,0x00000000ed07dc88,0x00000000ed080000)
  to   space 5120K, 0% used [0x00000000ef100000,0x00000000ef100000,0x00000000ef600000)
 ParOldGen       total 87552K, used 1679K [0x00000000c0000000, 0x00000000c5580000, 0x00000000eab00000)
  object space 87552K, 1% used [0x00000000c0000000,0x00000000c01a3e20,0x00000000c5580000)
 Metaspace       used 6078K, capacity 7088K, committed 7296K, reserved 1056768K
  class space    used 588K, capacity 616K, committed 640K, reserved 1048576K
Event: 7.317 GC heap after
Heap after GC invocations=2 (full 0):
 PSYoungGen      total 71680K, used 5088K [0x00000000eab00000, 0x00000000ef600000, 0x0000000100000000)
  eden space 66560K, 0% used [0x00000000eab00000,0x00000000eab00000,0x00000000eec00000)
  from space 5120K, 99% used [0x00000000ef100000,0x00000000ef5f8028,0x00000000ef600000)
  to   space 5120K, 0% used [0x00000000eec00000,0x00000000eec00000,0x00000000ef100000)
 ParOldGen       total 87552K, used 7060K [0x00000000c0000000, 0x00000000c5580000, 0x00000000eab00000)
  object space 87552K, 8% used [0x00000000c0000000,0x00000000c06e5248,0x00000000c5580000)
 Metaspace       used 6078K, capacity 7088K, committed 7296K, reserved 1056768K
  class space    used 588K, capacity 616K, committed 640K, reserved 1048576K
}
Event: 10.863 GC heap before
{Heap before GC invocations=3 (full 0):
 PSYoungGen      total 71680K, used 71648K [0x00000000eab00000, 0x00000000ef600000, 0x0000000100000000)
  eden space 66560K, 100% used [0x00000000eab00000,0x00000000eec00000,0x00000000eec00000)
  from space 5120K, 99% used [0x00000000ef100000,0x00000000ef5f8028,0x00000000ef600000)
  to   space 5120K, 0% used [0x00000000eec00000,0x00000000eec00000,0x00000000ef100000)
 ParOldGen       total 87552K, used 7060K [0x00000000c0000000, 0x00000000c5580000, 0x00000000eab00000)
  object space 87552K, 8% used [0x00000000c0000000,0x00000000c06e5248,0x00000000c5580000)
 Metaspace       used 6234K, capacity 7152K, committed 7296K, reserved 1056768K
  class space    used 588K, capacity 616K, committed 640K, reserved 1048576K
Event: 11.006 GC heap after
Heap after GC invocations=3 (full 0):
 PSYoungGen      total 71680K, used 5107K [0x00000000eab00000, 0x00000000f3700000, 0x0000000100000000)
  eden space 66560K, 0% used [0x00000000eab00000,0x00000000eab00000,0x00000000eec00000)
  from space 5120K, 99% used [0x00000000eec00000,0x00000000ef0fced0,0x00000000ef100000)
  to   space 5120K, 0% used [0x00000000f3200000,0x00000000f3200000,0x00000000f3700000)
 ParOldGen       total 87552K, used 19458K [0x00000000c0000000, 0x00000000c5580000, 0x00000000eab00000)
  object space 87552K, 22% used [0x00000000c0000000,0x00000000c1300870,0x00000000c5580000)
 Metaspace       used 6234K, capacity 7152K, committed 7296K, reserved 1056768K
  class space    used 588K, capacity 616K, committed 640K, reserved 1048576K
}
Event: 11.903 GC heap before
{Heap before GC invocations=4 (full 0):
 PSYoungGen      total 71680K, used 71667K [0x00000000eab00000, 0x00000000f3700000, 0x0000000100000000)
  eden space 66560K, 100% used [0x00000000eab00000,0x00000000eec00000,0x00000000eec00000)
  from space 5120K, 99% used [0x00000000eec00000,0x00000000ef0fced0,0x00000000ef100000)
  to   space 5120K, 0% used [0x00000000f3200000,0x00000000f3200000,0x00000000f3700000)
 ParOldGen       total 87552K, used 19458K [0x00000000c0000000, 0x00000000c5580000, 0x00000000eab00000)
  object space 87552K, 22% used [0x00000000c0000000,0x00000000c1300870,0x00000000c5580000)
 Metaspace       used 6253K, capacity 7152K, committed 7296K, reserved 1056768K
  class space    used 588K, capacity 616K, committed 640K, reserved 1048576K
Event: 12.029 GC heap after
Heap after GC invocations=4 (full 0):
 PSYoungGen      total 138240K, used 5107K [0x00000000eab00000, 0x00000000f3700000, 0x0000000100000000)
  eden space 133120K, 0% used [0x00000000eab00000,0x00000000eab00000,0x00000000f2d00000)
  from space 5120K, 99% used [0x00000000f3200000,0x00000000f36fcee0,0x00000000f3700000)
  to   space 5120K, 0% used [0x00000000f2d00000,0x00000000f2d00000,0x00000000f3200000)
 ParOldGen       total 87552K, used 29626K [0x00000000c0000000, 0x00000000c5580000, 0x00000000eab00000)
  object space 87552K, 33% used [0x00000000c0000000,0x00000000c1cee878,0x00000000c5580000)
 Metaspace       used 6253K, capacity 7152K, committed 7296K, reserved 1056768K
  class space    used 588K, capacity 616K, committed 640K, reserved 1048576K
}

Deoptimization events (10 events):
Event: 29.398 Thread 0x0000000002290800 Uncommon trap: reason=unstable_if action=reinterpret pc=0x0000000002fa36f4 method=com.android.dx.dex.code.form.Form35c.wordCount(Lcom/android/dx/rop/code/RegisterSpecList;)I @ 52
Event: 29.398 Thread 0x0000000002290800 Uncommon trap: reason=unstable_if action=reinterpret pc=0x0000000002f8b9f8 method=com.android.dx.dex.code.form.Form35c.wordCount(Lcom/android/dx/rop/code/RegisterSpecList;)I @ 52
Event: 29.398 Thread 0x0000000002290800 Uncommon trap: reason=bimorphic action=maybe_recompile pc=0x0000000002fa5128 method=com.android.dx.dex.code.OutputFinisher.calculateReservedCount([Lcom/android/dx/dex/code/Dop;)I @ 72
Event: 29.399 Thread 0x0000000002290800 Uncommon trap: reason=bimorphic action=maybe_recompile pc=0x0000000002fa5128 method=com.android.dx.dex.code.OutputFinisher.calculateReservedCount([Lcom/android/dx/dex/code/Dop;)I @ 72
Event: 29.399 Thread 0x0000000002290800 Uncommon trap: reason=unstable_if action=reinterpret pc=0x0000000002f89bdc method=com.android.dx.dex.code.OutputFinisher.align64bits([Lcom/android/dx/dex/code/Dop;)V @ 205
Event: 29.401 Thread 0x0000000002290800 Uncommon trap: reason=bimorphic action=maybe_recompile pc=0x0000000002fa5128 method=com.android.dx.dex.code.OutputFinisher.calculateReservedCount([Lcom/android/dx/dex/code/Dop;)I @ 72
Event: 29.404 Thread 0x0000000002290800 Uncommon trap: reason=bimorphic action=maybe_recompile pc=0x0000000002fa5128 method=com.android.dx.dex.code.OutputFinisher.calculateReservedCount([Lcom/android/dx/dex/code/Dop;)I @ 72
Event: 30.012 Thread 0x0000000002290800 Uncommon trap: reason=null_check action=make_not_entrant pc=0x0000000002fa6d80 method=com.android.dx.dex.code.LocalList$MakeState.finish()Lcom/android/dx/dex/code/LocalList; @ 81
Event: 30.274 Thread 0x0000000002290800 Uncommon trap: reason=unstable_if action=reinterpret pc=0x0000000002c1f618 method=java.util.ArrayList.<init>(I)V @ 5
Event: 30.847 Thread 0x0000000002290800 Uncommon trap: reason=unstable_if action=reinterpret pc=0x0000000002ffdfc4 method=com.android.dx.util.ByteArrayAnnotatedOutput.writeByte(I)V @ 13

Internal exceptions (5 events):
Event: 0.443 Thread 0x0000000002290800 Exception <a 'java/lang/NoSuchMethodError': Method sun.misc.Unsafe.defineClass(Ljava/lang/String;[BII)Ljava/lang/Class; name or signature does not match> (0x00000000eab12f08) thrown at [C:\re\workspace\8-2-build-windows-amd64-cygwin\jdk8u60\4407\hotspot\sr}Эnлџ]Ь?
Event: 0.443 Thread 0x0000000002290800 Exception <a 'java/lang/NoSuchMethodError': Method sun.misc.Unsafe.prefetchRead(Ljava/lang/Object;J)V name or signature does not match> (0x00000000eab131f0) thrown at [C:\re\workspace\8-2-build-windows-amd64-cygwin\jdk8u60\4407\hotspot\src\share\vm\prims\j\J Ъх@
Event: 7.490 Thread 0x000000001660f000 Implicit null exception at 0x0000000002746ea2 to 0x0000000002746f41
Event: 13.012 Thread 0x0000000002290800 Implicit null exception at 0x0000000002863117 to 0x0000000002863e5d
Event: 30.012 Thread 0x0000000002290800 Implicit null exception at 0x0000000002fa628c to 0x0000000002fa6d75

Events (10 events):
Event: 30.387 loading class com/android/dex/EncodedValueCodec done
Event: 30.620 loading class com/android/dx/dex/file/MapItem
Event: 30.620 loading class com/android/dx/dex/file/MapItem done
Event: 30.622 loading class com/android/dx/dex/file/UniformListItem
Event: 30.622 loading class com/android/dx/dex/file/UniformListItem done
Event: 30.846 loading class com/android/dex/DexFormat
Event: 30.846 loading class com/android/dex/DexFormat done
Event: 30.847 Thread 0x0000000002290800 Uncommon trap: trap_request=0xffffff65 fr.pc=0x0000000002ffdfc4
Event: 30.847 Thread 0x0000000002290800 DEOPT PACKING pc=0x0000000002ffdfc4 sp=0x000000000223f350
Event: 30.847 Thread 0x0000000002290800 DEOPT UNPACKING pc=0x00000000023d556a sp=0x000000000223f308 mode 2


Dynamic libraries:
0x00007ff6a38c0000 - 0x00007ff6a38f7000 	E:\Java\jdk1.8.0_60\bin\java.exe
0x00007fff9cbe0000 - 0x00007fff9cd8c000 	C:\WINDOWS\SYSTEM32\ntdll.dll
0x00007fff9b4c0000 - 0x00007fff9b5fe000 	C:\WINDOWS\system32\KERNEL32.DLL
0x00007fff9a040000 - 0x00007fff9a155000 	C:\WINDOWS\system32\KERNELBASE.dll
0x00007fff98990000 - 0x00007fff98a1e000 	C:\WINDOWS\system32\apphelp.dll
0x00007fff8c050000 - 0x00007fff8c0a3000 	C:\WINDOWS\AppPatch\AppPatch64\AcGenral.DLL
0x00007fff9a9a0000 - 0x00007fff9aa4a000 	C:\WINDOWS\system32\msvcrt.dll
0x00007fff99b00000 - 0x00007fff99b2e000 	C:\WINDOWS\SYSTEM32\SspiCli.dll
0x00007fff9ae70000 - 0x00007fff9aec4000 	C:\WINDOWS\system32\SHLWAPI.dll
0x00007fff9b340000 - 0x00007fff9b4b7000 	C:\WINDOWS\system32\USER32.dll
0x00007fff9a650000 - 0x00007fff9a7e4000 	C:\WINDOWS\system32\ole32.dll
0x00007fff9b600000 - 0x00007fff9cb2b000 	C:\WINDOWS\system32\SHELL32.dll
0x00007fff992d0000 - 0x00007fff992f1000 	C:\WINDOWS\SYSTEM32\USERENV.dll
0x00007fff9cb30000 - 0x00007fff9cbda000 	C:\WINDOWS\system32\ADVAPI32.dll
0x00007fff8bb00000 - 0x00007fff8bb1e000 	C:\WINDOWS\SYSTEM32\MPR.dll
0x00007fff9a500000 - 0x00007fff9a641000 	C:\WINDOWS\system32\RPCRT4.dll
0x00007fff9b2e0000 - 0x00007fff9b339000 	C:\WINDOWS\SYSTEM32\sechost.dll
0x00007fff9aed0000 - 0x00007fff9b0e1000 	C:\WINDOWS\SYSTEM32\combase.dll
0x00007fff9ab70000 - 0x00007fff9acbf000 	C:\WINDOWS\system32\GDI32.dll
0x00007fff99d30000 - 0x00007fff99d45000 	C:\WINDOWS\SYSTEM32\profapi.dll
0x00007fff987f0000 - 0x00007fff988a2000 	C:\WINDOWS\SYSTEM32\SHCORE.dll
0x00007fff9aa50000 - 0x00007fff9aa86000 	C:\WINDOWS\system32\IMM32.DLL
0x00007fff9b120000 - 0x00007fff9b272000 	C:\WINDOWS\system32\MSCTF.dll
0x00007fff98170000 - 0x00007fff983eb000 	C:\WINDOWS\WinSxS\amd64_microsoft.windows.common-controls_6595b64144ccf1df_6.0.9600.18006_none_623f33d3ecbe86e8\COMCTL32.dll
0x0000000063550000 - 0x0000000063622000 	E:\Java\jdk1.8.0_60\jre\bin\msvcr100.dll
0x0000000063a90000 - 0x0000000064319000 	E:\Java\jdk1.8.0_60\jre\bin\server\jvm.dll
0x00007fff94020000 - 0x00007fff94029000 	C:\WINDOWS\SYSTEM32\WSOCK32.dll
0x00007fff983f0000 - 0x00007fff98412000 	C:\WINDOWS\SYSTEM32\WINMM.dll
0x00007fff98420000 - 0x00007fff9842a000 	C:\WINDOWS\SYSTEM32\VERSION.dll
0x00007fff9b110000 - 0x00007fff9b117000 	C:\WINDOWS\system32\PSAPI.DLL
0x00007fff9b280000 - 0x00007fff9b2da000 	C:\WINDOWS\system32\WS2_32.dll
0x00007fff98130000 - 0x00007fff9815a000 	C:\WINDOWS\SYSTEM32\WINMMBASE.dll
0x00007fff9acc0000 - 0x00007fff9acc9000 	C:\WINDOWS\system32\NSI.dll
0x00007fff9a160000 - 0x00007fff9a1af000 	C:\WINDOWS\SYSTEM32\cfgmgr32.dll
0x00007fff98950000 - 0x00007fff98978000 	C:\WINDOWS\SYSTEM32\DEVOBJ.dll
0x0000000063a80000 - 0x0000000063a8f000 	E:\Java\jdk1.8.0_60\jre\bin\verify.dll
0x0000000063a50000 - 0x0000000063a79000 	E:\Java\jdk1.8.0_60\jre\bin\java.dll
0x0000000063a30000 - 0x0000000063a46000 	E:\Java\jdk1.8.0_60\jre\bin\zip.dll
0x00007fff94410000 - 0x00007fff94599000 	C:\WINDOWS\SYSTEM32\dbghelp.dll

VM Arguments:
jvm_args: -Xmx1024M -Dfile.encoding=windows-1251 -Duser.country=RU -Duser.language=ru -Duser.variant 
java_command: com.android.dx.command.Main --dex --num-threads=4 --output E:\Android\AndroidStudioProjects\LoftblogMoneyTracker\app\build\intermediates\pre-dexed\debug\classes-38d18fe87934fc43ad0db608f6ba777260c1676d.jar E:\Android\AndroidStudioProjects\LoftblogMoneyTracker\app\build\intermediates\exploded-aar\com.google.android.gms\play-services-basement\8.1.0\jars\classes.jar
java_class_path (initial): E:\Android\sdk\build-tools\23.0.1\lib\dx.jar
Launcher Type: SUN_STANDARD

Environment Variables:
PATH=C:\ProgramData\Oracle\Java\javapath;C:\WINDOWS\system32;C:\WINDOWS;C:\WINDOWS\System32\Wbem;C:\WINDOWS\System32\WindowsPowerShell\v1.0\;C:\Program Files (x86)\Common Files\Acronis\SnapAPI\;C:\Program Files (x86)\Common Files\Autodesk Shared\;C:\Program Files\Microsoft\Web Platform Installer\;C:\Program Files (x86)\Microsoft ASP.NET\ASP.NET Web Pages\v1.0\;C:\Program Files\Microsoft SQL Server\110\Tools\Binn\;C:\Program Files\Common Files\Autodesk Shared\;C:\Program Files (x86)\NVIDIA Corporation\PhysX\Common;C:\Program Files (x86)\Skype\Phone\
USERNAME=Александр
OS=Windows_NT
PROCESSOR_IDENTIFIER=Intel64 Family 6 Model 15 Stepping 11, GenuineIntel



---------------  S Y S T E M  ---------------

OS: Windows 8.1 , 64 bit Build 9600 (6.3.9600.17415)

CPU:total 4 (4 cores per cpu, 1 threads per core) family 6 model 15 stepping 11, cmov, cx8, fxsr, mmx, sse, sse2, sse3, ssse3, tsc

Memory: 4k page, physical 8387492k(1489876k free), swap 16776356k(3894048k free)

vm_info: Java HotSpot(TM) 64-Bit Server VM (25.60-b23) for windows-amd64 JRE (1.8.0_60-b27), built on Aug  4 2015 11:06:27 by "java_re" with MS VC++ 10.0 (VS2010)

time: Fri Oct 23 22:45:37 2015
elapsed time: 32 seconds (0d 0h 0m 32s)

