#
# A fatal error has been detected by the Java Runtime Environment:
#
#  EXCEPTION_ACCESS_VIOLATION (0xc0000005) at pc=0xffffffffa3555120, pid=3580, tid=10568
#
# JRE version: Java(TM) SE Runtime Environment (8.0_60-b27) (build 1.8.0_60-b27)
# Java VM: Java HotSpot(TM) 64-Bit Server VM (25.60-b23 mixed mode windows-amd64 compressed oops)
# Problematic frame:
# C  0xffffffffa3555120
#
# Failed to write core dump. Minidumps are not enabled by default on client versions of Windows
#
# If you would like to submit a bug report, please visit:
#   http://bugreport.java.com/bugreport/crash.jsp
#

---------------  T H R E A D  ---------------

Current thread (0x0000000002453800):  JavaThread "main" [_thread_in_Java, id=10568, stack(0x00000000022b0000,0x00000000023b0000)]

siginfo: ExceptionCode=0xc0000005, ExceptionInformation=0x0000000000000008 0xffffffffa3555120

Registers:
RAX=0x00000000eb1227b8, RBX=0x00000000146b86e0, RCX=0x0000000000000000, RDX=0x00000000eb1227a0
RSP=0x00000000023ae3c8, RBP=0x00000000023ae718, RSI=0x000000001470cb38, RDI=0x0000000011310000
R8 =0x00000000eb10fb60, R9 =0x0000000000001a2d, R10=0x00000000eb1227a0, R11=0x00000000026a0200
R12=0x0000000000000000, R13=0x00000000023ae6c0, R14=0x00000000023ae760, R15=0x0000000002453800
RIP=0xffffffffa3555120, EFLAGS=0x0000000000010206

Top of Stack: (sp=0x00000000023ae3c8)
0x00000000023ae3c8:   00000000026bc3e4 00000000023ae718
0x00000000023ae3d8:   00000000026ba3b4 ffffffffffffffff
0x00000000023ae3e8:   000000001443bee8 00000000146f6fb0
0x00000000023ae3f8:   00000000146c5d08 00000000023ae718
0x00000000023ae408:   00000000026addbc 00000000023ae478
0x00000000023ae418:   0000000002557a2d 00000000023ae718
0x00000000023ae428:   00000000026aec7c 00000000eb11b3d8
0x00000000023ae438:   40b4500000000000 00000000eb115a48
0x00000000023ae448:   00001a2a00001a2b 00000000eb115a60
0x00000000023ae458:   00000000eb115a48 00001a4200001a2d
0x00000000023ae468:   00000000eb1227a0 00000000eb1227b8
0x00000000023ae478:   0000000011310000 0000000000000000
0x00000000023ae488:   0000000000000000 00000000023ae718
0x00000000023ae498:   00000000026a2ebc 0000000000000000
0x00000000023ae4a8:   0000000000000000 0000000000000000
0x00000000023ae4b8:   0000000000000000 00000000023ae559 

Instructions: (pc=0xffffffffa3555120)
0xffffffffa3555100:   
[error occurred during error reporting (printing registers, top of stack, instructions near pc), id 0xc0000005]

Register to memory mapping:

RAX=0x00000000eb1227b8 is an oop
com.android.dx.rop.cst.CstString 
 - klass: 'com/android/dx/rop/cst/CstString'
RBX={method} {0x00000000146b86e8} 'getUnsignedByte0' '(I)I' in 'com/android/dx/util/ByteArray'
RCX=0x0000000000000000 is an unknown value
RDX=0x00000000eb1227a0 is an oop
com.android.dx.util.ByteArray 
 - klass: 'com/android/dx/util/ByteArray'
RSP=0x00000000023ae3c8 is pointing into the stack for thread: 0x0000000002453800
RBP=0x00000000023ae718 is pointing into the stack for thread: 0x0000000002453800
RSI=0x000000001470cb38 is pointing into metadata
RDI=0x0000000011310000 is an unknown value
R8 =0x00000000eb10fb60 is an oop
[B 
 - klass: {type array byte}
 - length: 23585
R9 =0x0000000000001a2d is an unknown value
R10=0x00000000eb1227a0 is an oop
com.android.dx.util.ByteArray 
 - klass: 'com/android/dx/util/ByteArray'
R11=0x00000000026a0200 is at entry_point+32 in (nmethod*)0x000000000269f8d0
R12=0x0000000000000000 is an unknown value
R13=0x00000000023ae6c0 is pointing into the stack for thread: 0x0000000002453800
R14=0x00000000023ae760 is pointing into the stack for thread: 0x0000000002453800
R15=0x0000000002453800 is a thread


Stack: [0x00000000022b0000,0x00000000023b0000],  sp=0x00000000023ae3c8,  free space=1016k
Native frames: (J=compiled Java code, j=interpreted, Vv=VM code, C=native code)
C  0xffffffffa3555120


---------------  P R O C E S S  ---------------

Java Threads: ( => current thread )
  0x0000000016707000 JavaThread "pool-1-thread-4" [_thread_in_vm, id=11696, stack(0x0000000017060000,0x0000000017160000)]
  0x0000000016780000 JavaThread "pool-1-thread-3" [_thread_blocked, id=9360, stack(0x0000000016f60000,0x0000000017060000)]
  0x0000000016705000 JavaThread "pool-1-thread-2" [_thread_blocked, id=12212, stack(0x0000000016e60000,0x0000000016f60000)]
  0x00000000166c8000 JavaThread "pool-2-thread-1" [_thread_blocked, id=3448, stack(0x0000000016d60000,0x0000000016e60000)]
  0x00000000166c2800 JavaThread "pool-1-thread-1" [_thread_blocked, id=2560, stack(0x0000000016c60000,0x0000000016d60000)]
  0x0000000014c7e000 JavaThread "Service Thread" daemon [_thread_blocked, id=11508, stack(0x0000000016960000,0x0000000016a60000)]
  0x0000000014c27800 JavaThread "C1 CompilerThread2" daemon [_thread_blocked, id=9348, stack(0x0000000016460000,0x0000000016560000)]
  0x0000000014c24800 JavaThread "C2 CompilerThread1" daemon [_thread_blocked, id=12344, stack(0x0000000016360000,0x0000000016460000)]
  0x0000000014c21800 JavaThread "C2 CompilerThread0" daemon [_thread_blocked, id=3736, stack(0x0000000016260000,0x0000000016360000)]
  0x0000000014c20800 JavaThread "Attach Listener" daemon [_thread_blocked, id=13120, stack(0x0000000016160000,0x0000000016260000)]
  0x0000000014c1f800 JavaThread "Signal Dispatcher" daemon [_thread_blocked, id=12528, stack(0x0000000016060000,0x0000000016160000)]
  0x0000000002549800 JavaThread "Finalizer" daemon [_thread_blocked, id=5448, stack(0x0000000015e80000,0x0000000015f80000)]
  0x0000000002540000 JavaThread "Reference Handler" daemon [_thread_blocked, id=9748, stack(0x0000000015d80000,0x0000000015e80000)]
=>0x0000000002453800 JavaThread "main" [_thread_in_Java, id=10568, stack(0x00000000022b0000,0x00000000023b0000)]

Other Threads:
  0x0000000014be6000 VMThread [stack: 0x0000000015c80000,0x0000000015d80000] [id=4324]
  0x00000000165af000 WatcherThread [stack: 0x0000000016a60000,0x0000000016b60000] [id=9460]

VM state:not at safepoint (normal execution)

VM Mutex/Monitor currently owned by a thread: None

Heap:
 PSYoungGen      total 38400K, used 9322K [0x00000000eab00000, 0x00000000ed580000, 0x0000000100000000)
  eden space 33280K, 28% used [0x00000000eab00000,0x00000000eb41a8f0,0x00000000ecb80000)
  from space 5120K, 0% used [0x00000000ed080000,0x00000000ed080000,0x00000000ed580000)
  to   space 5120K, 0% used [0x00000000ecb80000,0x00000000ecb80000,0x00000000ed080000)
 ParOldGen       total 87552K, used 0K [0x00000000c0000000, 0x00000000c5580000, 0x00000000eab00000)
  object space 87552K, 0% used [0x00000000c0000000,0x00000000c0000000,0x00000000c5580000)
 Metaspace       used 3966K, capacity 5392K, committed 5760K, reserved 1056768K
  class space    used 448K, capacity 520K, committed 640K, reserved 1048576K

Card table byte_map: [0x0000000011910000,0x0000000011b20000] byte_map_base: 0x0000000011310000

Marking Bits: (ParMarkBitMap*) 0x000000005827a5b0
 Begin Bits: [0x0000000012080000, 0x0000000013080000)
 End Bits:   [0x0000000013080000, 0x0000000014080000)

Polling page: 0x0000000002270000

CodeCache: size=245760Kb used=1649Kb max_used=1649Kb free=244110Kb
 bounds [0x0000000002550000, 0x00000000027c0000, 0x0000000011550000]
 total_blobs=485 nmethods=236 adapters=164
 compilation: enabled

Compilation events (10 events):
Event: 0.219 Thread 0x0000000014c27800 nmethod 144 0x00000000026d8790 code [0x00000000026d88e0, 0x00000000026d89f0]
Event: 0.219 Thread 0x0000000014c27800  145       1       java.util.jar.JarFile::access$300 (5 bytes)
Event: 0.219 Thread 0x0000000014c24800  217       4       com.android.dx.rop.cst.CstFieldRef::compareTo0 (43 bytes)
Event: 0.219 Thread 0x0000000014c27800 nmethod 145 0x00000000026d84d0 code [0x00000000026d8620, 0x00000000026d8710]
Event: 0.219 Thread 0x0000000014c27800  222       3       com.android.dx.cf.direct.StdAttributeFactory::parse0 (532 bytes)
Event: 0.222 Thread 0x0000000014c24800 nmethod 217 0x00000000026d6690 code [0x00000000026d67e0, 0x00000000026d6a58]
Event: 0.222 Thread 0x0000000014c24800  218       4       com.android.dx.rop.cst.CstMemberRef::compareTo0 (49 bytes)
Event: 0.224 Thread 0x0000000014c27800 nmethod 222 0x00000000026db450 code [0x00000000026dbbe0, 0x00000000026dfdd8]
Event: 0.224 Thread 0x0000000014c27800  230   !   3       com.android.dx.cf.direct.AttributeListParser::parse (323 bytes)
Event: 0.225 Thread 0x0000000014c21800 nmethod 208 0x00000000026da0d0 code [0x00000000026da360, 0x00000000026dac10]

GC Heap History (0 events):
No events

Deoptimization events (4 events):
Event: 0.224 Thread 0x0000000016780000 Uncommon trap: reason=class_check action=maybe_recompile pc=0x00000000026d92e4 method=com.android.dx.rop.cst.Constant.compareTo(Ljava/lang/Object;)I @ 2
Event: 0.224 Thread 0x0000000016780000 Uncommon trap: reason=class_check action=maybe_recompile pc=0x00000000026d92e4 method=com.android.dx.rop.cst.Constant.compareTo(Ljava/lang/Object;)I @ 2
Event: 0.224 Thread 0x0000000016780000 Uncommon trap: reason=class_check action=maybe_recompile pc=0x00000000026d92e4 method=com.android.dx.rop.cst.Constant.compareTo(Ljava/lang/Object;)I @ 2
Event: 0.225 Thread 0x0000000016780000 Uncommon trap: reason=class_check action=maybe_recompile pc=0x00000000026d92e4 method=com.android.dx.rop.cst.Constant.compareTo(Ljava/lang/Object;)I @ 2

Internal exceptions (2 events):
Event: 0.042 Thread 0x0000000002453800 Exception <a 'java/lang/NoSuchMethodError': Method sun.misc.Unsafe.defineClass(Ljava/lang/String;[BII)Ljava/lang/Class; name or signature does not match> (0x00000000eab130a8) thrown at [C:\re\workspace\8-2-build-windows-amd64-cygwin\jdk8u60\4407\hotspot\srlSo·Ë¥?
Event: 0.043 Thread 0x0000000002453800 Exception <a 'java/lang/NoSuchMethodError': Method sun.misc.Unsafe.prefetchRead(Ljava/lang/Object;J)V name or signature does not match> (0x00000000eab13390) thrown at [C:\re\workspace\8-2-build-windows-amd64-cygwin\jdk8u60\4407\hotspot\src\share\vm\prims\j

Events (10 events):
Event: 0.224 Thread 0x0000000016780000 DEOPT UNPACKING pc=0x000000000259556a sp=0x000000001705e8b0 mode 2
Event: 0.224 Thread 0x0000000016780000 Uncommon trap: trap_request=0xffffffde fr.pc=0x00000000026d92e4
Event: 0.224 Thread 0x0000000016780000 DEOPT PACKING pc=0x00000000026d92e4 sp=0x000000001705e980
Event: 0.224 Thread 0x0000000016780000 DEOPT UNPACKING pc=0x000000000259556a sp=0x000000001705e920 mode 2
Event: 0.224 Thread 0x0000000016780000 Uncommon trap: trap_request=0xffffffde fr.pc=0x00000000026d92e4
Event: 0.224 Thread 0x0000000016780000 DEOPT PACKING pc=0x00000000026d92e4 sp=0x000000001705e980
Event: 0.225 Thread 0x0000000016780000 DEOPT UNPACKING pc=0x000000000259556a sp=0x000000001705e920 mode 2
Event: 0.225 Thread 0x0000000016780000 Uncommon trap: trap_request=0xffffffde fr.pc=0x00000000026d92e4
Event: 0.225 Thread 0x0000000016780000 DEOPT PACKING pc=0x00000000026d92e4 sp=0x000000001705e920
Event: 0.225 Thread 0x0000000016780000 DEOPT UNPACKING pc=0x000000000259556a sp=0x000000001705e8c0 mode 2


Dynamic libraries:
0x00007ff7626c0000 - 0x00007ff7626f7000 	E:\Java\jdk1.8.0_60\bin\java.exe
0x00007ffc079f0000 - 0x00007ffc07b9c000 	C:\WINDOWS\SYSTEM32\ntdll.dll
0x00007ffc05d30000 - 0x00007ffc05e6e000 	C:\WINDOWS\system32\KERNEL32.DLL
0x00007ffc04c20000 - 0x00007ffc04d35000 	C:\WINDOWS\system32\KERNELBASE.dll
0x00007ffc036d0000 - 0x00007ffc0375e000 	C:\WINDOWS\system32\apphelp.dll
0x00007ffbfa6d0000 - 0x00007ffbfa723000 	C:\WINDOWS\AppPatch\AppPatch64\AcGenral.DLL
0x00007ffc05750000 - 0x00007ffc057fa000 	C:\WINDOWS\system32\msvcrt.dll
0x00007ffc04920000 - 0x00007ffc0494e000 	C:\WINDOWS\SYSTEM32\SspiCli.dll
0x00007ffc05530000 - 0x00007ffc05584000 	C:\WINDOWS\system32\SHLWAPI.dll
0x00007ffc05140000 - 0x00007ffc052b7000 	C:\WINDOWS\system32\USER32.dll
0x00007ffc05e90000 - 0x00007ffc06024000 	C:\WINDOWS\system32\ole32.dll
0x00007ffc063a0000 - 0x00007ffc078b9000 	C:\WINDOWS\system32\SHELL32.dll
0x00007ffc040f0000 - 0x00007ffc04111000 	C:\WINDOWS\SYSTEM32\USERENV.dll
0x00007ffc05420000 - 0x00007ffc054ca000 	C:\WINDOWS\system32\ADVAPI32.dll
0x00007ffbf7830000 - 0x00007ffbf784e000 	C:\WINDOWS\SYSTEM32\MPR.dll
0x00007ffc05600000 - 0x00007ffc05741000 	C:\WINDOWS\system32\RPCRT4.dll
0x00007ffc054d0000 - 0x00007ffc05529000 	C:\WINDOWS\SYSTEM32\sechost.dll
0x00007ffc06030000 - 0x00007ffc06241000 	C:\WINDOWS\SYSTEM32\combase.dll
0x00007ffc05b90000 - 0x00007ffc05cdf000 	C:\WINDOWS\system32\GDI32.dll
0x00007ffc04b50000 - 0x00007ffc04b65000 	C:\WINDOWS\SYSTEM32\profapi.dll
0x00007ffc03610000 - 0x00007ffc036c2000 	C:\WINDOWS\SYSTEM32\SHCORE.dll
0x00007ffc05cf0000 - 0x00007ffc05d26000 	C:\WINDOWS\system32\IMM32.DLL
0x00007ffc052c0000 - 0x00007ffc05412000 	C:\WINDOWS\system32\MSCTF.dll
0x00007ffc02a60000 - 0x00007ffc02cda000 	C:\WINDOWS\WinSxS\amd64_microsoft.windows.common-controls_6595b64144ccf1df_6.0.9600.17810_none_6240b9c7ecbd0bda\COMCTL32.dll
0x00000000575f0000 - 0x00000000576c2000 	E:\Java\jdk1.8.0_60\jre\bin\msvcr100.dll
0x0000000057a70000 - 0x00000000582f9000 	E:\Java\jdk1.8.0_60\jre\bin\server\jvm.dll
0x00007ffbfafb0000 - 0x00007ffbfafb9000 	C:\WINDOWS\SYSTEM32\WSOCK32.dll
0x00007ffc03090000 - 0x00007ffc030b2000 	C:\WINDOWS\SYSTEM32\WINMM.dll
0x00007ffc030c0000 - 0x00007ffc030ca000 	C:\WINDOWS\SYSTEM32\VERSION.dll
0x00007ffc062c0000 - 0x00007ffc062c7000 	C:\WINDOWS\system32\PSAPI.DLL
0x00007ffc06260000 - 0x00007ffc062ba000 	C:\WINDOWS\system32\WS2_32.dll
0x00007ffc02ea0000 - 0x00007ffc02eca000 	C:\WINDOWS\SYSTEM32\WINMMBASE.dll
0x00007ffc05ce0000 - 0x00007ffc05ce9000 	C:\WINDOWS\system32\NSI.dll
0x00007ffc05030000 - 0x00007ffc0507f000 	C:\WINDOWS\SYSTEM32\cfgmgr32.dll
0x00007ffc03960000 - 0x00007ffc03988000 	C:\WINDOWS\SYSTEM32\DEVOBJ.dll
0x0000000057a60000 - 0x0000000057a6f000 	E:\Java\jdk1.8.0_60\jre\bin\verify.dll
0x0000000057a30000 - 0x0000000057a59000 	E:\Java\jdk1.8.0_60\jre\bin\java.dll
0x0000000057a10000 - 0x0000000057a26000 	E:\Java\jdk1.8.0_60\jre\bin\zip.dll
0x00007ffbfee80000 - 0x00007ffbff009000 	C:\WINDOWS\SYSTEM32\dbghelp.dll

VM Arguments:
jvm_args: -Xmx1024M -Dfile.encoding=windows-1251 -Duser.country=RU -Duser.language=ru -Duser.variant 
java_command: com.android.dx.command.Main --dex --num-threads=4 --output E:\Android\AndroidStudioProjects\LoftblogMoneyTracker\app\build\intermediates\dex\debug E:\Android\AndroidStudioProjects\LoftblogMoneyTracker\app\build\intermediates\classes\debug E:\Android\AndroidStudioProjects\LoftblogMoneyTracker\app\build\intermediates\pre-dexed\debug\support-annotations-23.0.1-e6941ffc9cbf1270b1623cf686ba7082dcc4df08.jar E:\Android\AndroidStudioProjects\LoftblogMoneyTracker\app\build\intermediates\pre-dexed\debug\classes-8feaabbfb5bdbff71ed9eb50acb4a8fe317bd8e4.jar E:\Android\AndroidStudioProjects\LoftblogMoneyTracker\app\build\intermediates\pre-dexed\debug\classes-605c860b1de6091f9338e0d0bfa1d2af7eff09bf.jar E:\Android\AndroidStudioProjects\LoftblogMoneyTracker\app\build\intermediates\pre-dexed\debug\internal_impl-22.2.0-0e6d9ecdf28e1d5717a3b05e5efcbaa26aefd913.jar E:\Android\AndroidStudioProjects\LoftblogMoneyTracker\app\build\intermediates\pre-dexed\debug\classes-9d3d7bcace659767b90f2753d18d7bd090e510fb.jar E:\Android\AndroidStudioProjects\LoftblogMoneyTracker\app\build\intermediates\pre-dexed\debug\classes-5f2e6f224584a83552840bc8babf15845cbb1b88.jar E:\Android\AndroidStudioProjects\LoftblogMoneyTracker\app\build\intermediates\pre-dexed\debug\classes-ea25387ff06f2a2f1cbec5cb3ab1b643b1f3ea90.jar E:\Android\AndroidStudioProjects\LoftblogMoneyTracker\app\build\intermediates\pre-dexed\debug\classes-472fb590b2ae42e351cdbbab4f5c927f6cbdb130.jar E:\Android\AndroidStudioProjects\LoftblogMoneyTracker\app\build\intermediates\pre-dexed\debug\classes-2c0a0b21f2ebb9a9e5e662f8e8132f636a93e671.jar E:\Android\AndroidStudioProjects\LoftblogMoneyTracker\app\build\intermediates\pre-dexed\debug\classes-41f044e7e8bf56aa7221fd61a9ee324f141f1254.jar E:\Android\AndroidStudioProjects\LoftblogMoneyTracker\app\build\intermediates\pre-dexed\debug\classes-f4226a62deeb56421827c42c806dc6661d7ff9a3.jar E:\Android\AndroidStudioProjects\LoftblogMoneyTracker\app\build\intermediates\pre-dexed\debug\ac
java_class_path (initial): E:\Android\sdk\build-tools\23.0.1\lib\dx.jar
Launcher Type: SUN_STANDARD

Environment Variables:
PATH=C:\ProgramData\Oracle\Java\javapath;C:\WINDOWS\system32;C:\WINDOWS;C:\WINDOWS\System32\Wbem;C:\WINDOWS\System32\WindowsPowerShell\v1.0\;C:\Program Files (x86)\Common Files\Acronis\SnapAPI\;C:\Program Files (x86)\Common Files\Autodesk Shared\;C:\Program Files\Microsoft\Web Platform Installer\;C:\Program Files (x86)\Microsoft ASP.NET\ASP.NET Web Pages\v1.0\;C:\Program Files\Microsoft SQL Server\110\Tools\Binn\;C:\Program Files\Common Files\Autodesk Shared\;C:\Program Files (x86)\NVIDIA Corporation\PhysX\Common;C:\Program Files (x86)\Skype\Phone\;C:\Program Files (x86)\Common Files\Acronis\TibMounter64
USERNAME=Àëåêñàíäð
OS=Windows_NT
PROCESSOR_IDENTIFIER=Intel64 Family 6 Model 15 Stepping 11, GenuineIntel



---------------  S Y S T E M  ---------------

OS: Windows 8.1 , 64 bit Build 9600 (6.3.9600.17415)

CPU:total 4 (4 cores per cpu, 1 threads per core) family 6 model 15 stepping 11, cmov, cx8, fxsr, mmx, sse, sse2, sse3, ssse3, tsc

Memory: 4k page, physical 8387492k(1568248k free), swap 17006116k(4290468k free)

vm_info: Java HotSpot(TM) 64-Bit Server VM (25.60-b23) for windows-amd64 JRE (1.8.0_60-b27), built on Aug  4 2015 11:06:27 by "java_re" with MS VC++ 10.0 (VS2010)

time: Sat Oct 10 01:28:40 2015
elapsed time: 0 seconds (0d 0h 0m 0s)

