#
# A fatal error has been detected by the Java Runtime Environment:
#
#  EXCEPTION_ACCESS_VIOLATION (0xc0000005) at pc=0xffffffffa3035120, pid=4072, tid=4352
#
# JRE version: Java(TM) SE Runtime Environment (8.0_60-b27) (build 1.8.0_60-b27)
# Java VM: Java HotSpot(TM) 64-Bit Server VM (25.60-b23 mixed mode windows-amd64 compressed oops)
# Problematic frame:
# C  0xffffffffa3035120
#
# Failed to write core dump. Minidumps are not enabled by default on client versions of Windows
#
# If you would like to submit a bug report, please visit:
#   http://bugreport.java.com/bugreport/crash.jsp
#

---------------  T H R E A D  ---------------

Current thread (0x00000000162d4800):  JavaThread "pool-1-thread-3" [_thread_in_Java, id=4352, stack(0x0000000016930000,0x0000000016a30000)]

siginfo: ExceptionCode=0xc0000005, ExceptionInformation=0x0000000000000008 0xffffffffa3035120

Registers:
RAX=0x000000009c116ed0, RBX=0x00000000579d7730, RCX=0x0000000000000000, RDX=0x00000000ecd0da98
RSP=0x0000000016a2e7d8, RBP=0x00000000ec831f28, RSI=0x00000000ecd0da98, RDI=0x00000000ecd0dac8
R8 =0x000000009c11f2c1, R9 =0x00000000ecd0dac8, R10=0x000000002000d7e8, R11=0x00000000cbdd1f1e
R12=0x0000000000000000, R13=0x0000000016a2e9e0, R14=0x0000000016a2ea58, R15=0x00000000162d4800
RIP=0xffffffffa3035120, EFLAGS=0x0000000000010202

Top of Stack: (sp=0x0000000016a2e7d8)
0x0000000016a2e7d8:   0000000002688b4c 0000000016a2e8a0
0x0000000016a2e7e8:   00000000ecd0da98 00000000142f64d0
0x0000000016a2e7f8:   0000000100069000 00000000ec831ee8
0x0000000016a2e808:   0000000000000000 0000000016a2e840
0x0000000016a2e818:   0000000016a2e840 0000000016a2ea30
0x0000000016a2e828:   000000000240eea4 00000000ec831e68
0x0000000016a2e838:   00000000ec806898 0000008b00000008
0x0000000016a2e848:   00000000ec831ee8 0000008b0000008b
0x0000000016a2e858:   00000000ec831ee8 000000000000008d
0x0000000016a2e868:   00000000ec7c2b60 0000000000000008
0x0000000016a2e878:   0000000016a2e938 0000000016a2ea30
0x0000000016a2e888:   00000000ecd0dac8 00000000ecd0da98
0x0000000016a2e898:   00000000ec7d6528 0000000000000003
0x0000000016a2e8a8:   00000000ecd0da98 00000000ec832c98
0x0000000016a2e8b8:   00000000ec832c80 00000000ec831f28
0x0000000016a2e8c8:   000000000242e758 0000000016a2e938 

Instructions: (pc=0xffffffffa3035120)
0xffffffffa3035100:   
[error occurred during error reporting (printing registers, top of stack, instructions near pc), id 0xc0000005]

Register to memory mapping:

RAX=0x000000009c116ed0 is an unknown value
RBX=0x00000000579d7730 is an unknown value
RCX=0x0000000000000000 is an unknown value
RDX=0x00000000ecd0da98 is an oop
java.util.HashMap 
 - klass: 'java/util/HashMap'
RSP=0x0000000016a2e7d8 is pointing into the stack for thread: 0x00000000162d4800
RBP=0x00000000ec831f28 is an oop
[I 
 - klass: {type array int}
 - length: 144
RSI=0x00000000ecd0da98 is an oop
java.util.HashMap 
 - klass: 'java/util/HashMap'
RDI=0x00000000ecd0dac8 is an oop
com.android.dx.rop.code.RegisterSpec$ForComparison 
 - klass: 'com/android/dx/rop/code/RegisterSpec$ForComparison'
R8 =0x000000009c11f2c1 is an unknown value
R9 =0x00000000ecd0dac8 is an oop
com.android.dx.rop.code.RegisterSpec$ForComparison 
 - klass: 'com/android/dx/rop/code/RegisterSpec$ForComparison'
R10=0x000000002000d7e8 is an unknown value
R11=0x00000000cbdd1f1e is an unallocated location in the heap
R12=0x0000000000000000 is an unknown value
R13=0x0000000016a2e9e0 is pointing into the stack for thread: 0x00000000162d4800
R14=0x0000000016a2ea58 is pointing into the stack for thread: 0x00000000162d4800
R15=0x00000000162d4800 is a thread


Stack: [0x0000000016930000,0x0000000016a30000],  sp=0x0000000016a2e7d8,  free space=1017k
Native frames: (J=compiled Java code, j=interpreted, Vv=VM code, C=native code)
C  0xffffffffa3035120


---------------  P R O C E S S  ---------------

Java Threads: ( => current thread )
  0x00000000162d7000 JavaThread "pool-1-thread-4" [_thread_in_Java, id=4680, stack(0x0000000016a30000,0x0000000016b30000)]
=>0x00000000162d4800 JavaThread "pool-1-thread-3" [_thread_in_Java, id=4352, stack(0x0000000016930000,0x0000000016a30000)]
  0x00000000162c8800 JavaThread "pool-1-thread-2" [_thread_in_Java, id=3332, stack(0x0000000016830000,0x0000000016930000)]
  0x00000000162c5800 JavaThread "pool-2-thread-1" [_thread_blocked, id=1324, stack(0x0000000016730000,0x0000000016830000)]
  0x00000000162c1000 JavaThread "pool-1-thread-1" [_thread_blocked, id=5496, stack(0x0000000016630000,0x0000000016730000)]
  0x0000000016034800 JavaThread "Service Thread" daemon [_thread_blocked, id=10516, stack(0x0000000016430000,0x0000000016530000)]
  0x000000001475a800 JavaThread "C1 CompilerThread2" daemon [_thread_blocked, id=3796, stack(0x0000000015f30000,0x0000000016030000)]
  0x0000000014704800 JavaThread "C2 CompilerThread1" daemon [_thread_blocked, id=9976, stack(0x0000000015e30000,0x0000000015f30000)]
  0x000000001470a800 JavaThread "C2 CompilerThread0" daemon [_thread_blocked, id=11196, stack(0x0000000015d30000,0x0000000015e30000)]
  0x0000000014709000 JavaThread "Attach Listener" daemon [_thread_blocked, id=8296, stack(0x0000000015c30000,0x0000000015d30000)]
  0x0000000014707800 JavaThread "Signal Dispatcher" daemon [_thread_blocked, id=4564, stack(0x0000000015b30000,0x0000000015c30000)]
  0x0000000002026000 JavaThread "Finalizer" daemon [_thread_blocked, id=9424, stack(0x0000000015950000,0x0000000015a50000)]
  0x000000000201c000 JavaThread "Reference Handler" daemon [_thread_blocked, id=4604, stack(0x0000000015850000,0x0000000015950000)]
  0x0000000001f30800 JavaThread "main" [_thread_in_Java, id=4012, stack(0x0000000001da0000,0x0000000001ea0000)]

Other Threads:
  0x00000000146c6000 VMThread [stack: 0x0000000015750000,0x0000000015850000] [id=204]
  0x000000001603c000 WatcherThread [stack: 0x0000000016530000,0x0000000016630000] [id=8444]

VM state:synchronizing (normal execution)

VM Mutex/Monitor currently owned by a thread:  ([mutex/lock_event])
[0x000000000045c720] Safepoint_lock - owner thread: 0x00000000146c6000
[0x000000000045bda0] Threads_lock - owner thread: 0x00000000146c6000

Heap:
 PSYoungGen      total 38400K, used 35062K [0x00000000eab00000, 0x00000000ef600000, 0x0000000100000000)
  eden space 33280K, 89% used [0x00000000eab00000,0x00000000ec83eae8,0x00000000ecb80000)
  from space 5120K, 99% used [0x00000000ecb80000,0x00000000ed07f108,0x00000000ed080000)
  to   space 5120K, 0% used [0x00000000ef100000,0x00000000ef100000,0x00000000ef600000)
 ParOldGen       total 87552K, used 2055K [0x00000000c0000000, 0x00000000c5580000, 0x00000000eab00000)
  object space 87552K, 2% used [0x00000000c0000000,0x00000000c0201f20,0x00000000c5580000)
 Metaspace       used 6146K, capacity 7064K, committed 7424K, reserved 1056768K
  class space    used 612K, capacity 656K, committed 768K, reserved 1048576K

Card table byte_map: [0x00000000113f0000,0x0000000011600000] byte_map_base: 0x0000000010df0000

Marking Bits: (ParMarkBitMap*) 0x000000005912a5b0
 Begin Bits: [0x0000000011b60000, 0x0000000012b60000)
 End Bits:   [0x0000000012b60000, 0x0000000013b60000)

Polling page: 0x0000000000500000

CodeCache: size=245760Kb used=6675Kb max_used=6714Kb free=239084Kb
 bounds [0x0000000002030000, 0x00000000026d0000, 0x0000000011030000]
 total_blobs=1776 nmethods=1509 adapters=182
 compilation: enabled

Compilation events (10 events):
Event: 10.630 Thread 0x000000001475a800 1519       1       com.android.dx.rop.cst.CstLiteral32::isCategory2 (2 bytes)
Event: 10.630 Thread 0x000000001475a800 nmethod 1519 0x0000000002698d10 code [0x0000000002698e60, 0x0000000002698f70]
Event: 10.630 Thread 0x000000001470a800 nmethod 1510 0x0000000002695950 code [0x0000000002695aa0, 0x0000000002695cc8]
Event: 10.630 Thread 0x000000001470a800 1514   !   4       com.android.dx.rop.code.RegisterSpec::intern (70 bytes)
Event: 10.631 Thread 0x000000001475a800 1520       1       com.android.dx.rop.cst.CstString::getType (4 bytes)
Event: 10.631 Thread 0x000000001475a800 nmethod 1520 0x0000000002695690 code [0x00000000026957e0, 0x00000000026958f0]
Event: 10.643 Thread 0x000000001475a800 1521       3       com.android.dx.util.IntList::binarysearch (124 bytes)
Event: 10.644 Thread 0x000000001475a800 nmethod 1521 0x0000000002694d90 code [0x0000000002694f20, 0x00000000026953d0]
Event: 10.644 Thread 0x000000001475a800 1522       3       com.android.dx.rop.cst.CstLong::getType (4 bytes)
Event: 10.644 Thread 0x000000001475a800 nmethod 1522 0x0000000002694a50 code [0x0000000002694ba0, 0x0000000002694cf0]

GC Heap History (2 events):
Event: 9.811 GC heap before
{Heap before GC invocations=1 (full 0):
 PSYoungGen      total 38400K, used 33280K [0x00000000eab00000, 0x00000000ed580000, 0x0000000100000000)
  eden space 33280K, 100% used [0x00000000eab00000,0x00000000ecb80000,0x00000000ecb80000)
  from space 5120K, 0% used [0x00000000ed080000,0x00000000ed080000,0x00000000ed580000)
  to   space 5120K, 0% used [0x00000000ecb80000,0x00000000ecb80000,0x00000000ed080000)
 ParOldGen       total 87552K, used 0K [0x00000000c0000000, 0x00000000c5580000, 0x00000000eab00000)
  object space 87552K, 0% used [0x00000000c0000000,0x00000000c0000000,0x00000000c5580000)
 Metaspace       used 5959K, capacity 6960K, committed 7040K, reserved 1056768K
  class space    used 592K, capacity 616K, committed 640K, reserved 1048576K
Event: 10.149 GC heap after
Heap after GC invocations=1 (full 0):
 PSYoungGen      total 38400K, used 5116K [0x00000000eab00000, 0x00000000ef600000, 0x0000000100000000)
  eden space 33280K, 0% used [0x00000000eab00000,0x00000000eab00000,0x00000000ecb80000)
  from space 5120K, 99% used [0x00000000ecb80000,0x00000000ed07f108,0x00000000ed080000)
  to   space 5120K, 0% used [0x00000000ef100000,0x00000000ef100000,0x00000000ef600000)
 ParOldGen       total 87552K, used 2055K [0x00000000c0000000, 0x00000000c5580000, 0x00000000eab00000)
  object space 87552K, 2% used [0x00000000c0000000,0x00000000c0201f20,0x00000000c5580000)
 Metaspace       used 5959K, capacity 6960K, committed 7040K, reserved 1056768K
  class space    used 592K, capacity 616K, committed 640K, reserved 1048576K
}

Deoptimization events (10 events):
Event: 10.474 Thread 0x00000000162d4800 Uncommon trap: reason=unstable_if action=reinterpret pc=0x000000000256afac method=com.android.dx.ssa.SCCP.simulateBranch(Lcom/android/dx/ssa/SsaInsn;)V @ 64
Event: 10.534 Thread 0x00000000162d7000 Uncommon trap: reason=unstable_if action=reinterpret pc=0x000000000252cbe8 method=com.android.dx.ssa.SCCP.simulateStmt(Lcom/android/dx/ssa/SsaInsn;)V @ 59
Event: 10.543 Thread 0x00000000162d7000 Uncommon trap: reason=bimorphic action=maybe_recompile pc=0x00000000024e5d28 method=java.util.HashMap.getNode(ILjava/lang/Object;)Ljava/util/HashMap$Node; @ 126
Event: 10.543 Thread 0x00000000162d7000 Uncommon trap: reason=bimorphic action=maybe_recompile pc=0x00000000024e5d28 method=java.util.HashMap.getNode(ILjava/lang/Object;)Ljava/util/HashMap$Node; @ 126
Event: 10.543 Thread 0x00000000162d7000 Uncommon trap: reason=bimorphic action=maybe_recompile pc=0x0000000002213954 method=java.util.HashMap.getNode(ILjava/lang/Object;)Ljava/util/HashMap$Node; @ 126
Event: 10.547 Thread 0x00000000162d7000 Uncommon trap: reason=unstable_if action=reinterpret pc=0x0000000002387ed0 method=java.util.HashMap.putVal(ILjava/lang/Object;Ljava/lang/Object;ZZ)Ljava/lang/Object; @ 162
Event: 10.552 Thread 0x00000000162d7000 Uncommon trap: reason=unstable_if action=reinterpret pc=0x00000000022138b0 method=java.util.HashMap.getNode(ILjava/lang/Object;)Ljava/util/HashMap$Node; @ 129
Event: 10.563 Thread 0x00000000162d7000 Uncommon trap: reason=unstable_if action=reinterpret pc=0x00000000024e5d10 method=java.util.HashMap.getNode(ILjava/lang/Object;)Ljava/util/HashMap$Node; @ 84
Event: 10.600 Thread 0x00000000162c8800 Uncommon trap: reason=unstable_if action=reinterpret pc=0x000000000246a230 method=java.util.HashMap.putVal(ILjava/lang/Object;Ljava/lang/Object;ZZ)Ljava/lang/Object; @ 109
Event: 10.625 Thread 0x00000000162d4800 Uncommon trap: reason=unstable_if action=reinterpret pc=0x00000000024be23c method=com.android.dx.util.IntList.binarysearch(I)I @ 105

Internal exceptions (6 events):
Event: 1.840 Thread 0x0000000001f30800 Exception <a 'java/lang/NoSuchMethodError': Method sun.misc.Unsafe.defineClass(Ljava/lang/String;[BII)Ljava/lang/Class; name or signature does not match> (0x00000000eab12f08) thrown at [C:\re\workspace\8-2-build-windows-amd64-cygwin\jdk8u60\4407\hotspot\srrŽòà“pý?
Event: 1.840 Thread 0x0000000001f30800 Exception <a 'java/lang/NoSuchMethodError': Method sun.misc.Unsafe.prefetchRead(Ljava/lang/Object;J)V name or signature does not match> (0x00000000eab131f0) thrown at [C:\re\workspace\8-2-build-windows-amd64-cygwin\jdk8u60\4407\hotspot\src\share\vm\prims\j½çž:â @
Event: 8.442 Thread 0x00000000162d4800 Implicit null exception at 0x00000000023c4de2 to 0x00000000023c4e81
Event: 10.550 Thread 0x00000000162d7000 Exception <a 'java/lang/ArrayIndexOutOfBoundsException': 18> (0x00000000ec1ee510) thrown at [C:\re\workspace\8-2-build-windows-amd64-cygwin\jdk8u60\4407\hotspot\src\share\vm\interpreter\interpreterRuntime.cpp, line 366]
Event: 10.550 Thread 0x00000000162d7000 Exception <a 'java/lang/ArrayIndexOutOfBoundsException': 145> (0x00000000ec1f0090) thrown at [C:\re\workspace\8-2-build-windows-amd64-cygwin\jdk8u60\4407\hotspot\src\share\vm\interpreter\interpreterRuntime.cpp, line 366]
Event: 10.551 Thread 0x00000000162d7000 Exception <a 'java/lang/ArrayIndexOutOfBoundsException': 40> (0x00000000ec1f1378) thrown at [C:\re\workspace\8-2-build-windows-amd64-cygwin\jdk8u60\4407\hotspot\src\share\vm\interpreter\interpreterRuntime.cpp, line 366]

Events (10 events):
Event: 10.552 Thread 0x00000000162d7000 DEOPT UNPACKING pc=0x000000000207556a sp=0x0000000016b2eaf0 mode 2
Event: 10.563 Thread 0x00000000162d7000 Uncommon trap: trap_request=0xffffff65 fr.pc=0x00000000024e5d10
Event: 10.563 Thread 0x00000000162d7000 DEOPT PACKING pc=0x00000000024e5d10 sp=0x0000000016b2eac0
Event: 10.563 Thread 0x00000000162d7000 DEOPT UNPACKING pc=0x000000000207556a sp=0x0000000016b2ea60 mode 2
Event: 10.600 Thread 0x00000000162c8800 Uncommon trap: trap_request=0xffffff65 fr.pc=0x000000000246a230
Event: 10.600 Thread 0x00000000162c8800 DEOPT PACKING pc=0x000000000246a230 sp=0x000000001692e180
Event: 10.600 Thread 0x00000000162c8800 DEOPT UNPACKING pc=0x000000000207556a sp=0x000000001692e0c0 mode 2
Event: 10.625 Thread 0x00000000162d4800 Uncommon trap: trap_request=0xffffff65 fr.pc=0x00000000024be23c
Event: 10.625 Thread 0x00000000162d4800 DEOPT PACKING pc=0x00000000024be23c sp=0x0000000016a2e770
Event: 10.626 Thread 0x00000000162d4800 DEOPT UNPACKING pc=0x000000000207556a sp=0x0000000016a2e6e8 mode 2


Dynamic libraries:
0x00007ff6a6470000 - 0x00007ff6a64a7000 	E:\Java\jdk1.8.0_60\bin\java.exe
0x00007ffa4ea70000 - 0x00007ffa4ec1c000 	C:\WINDOWS\SYSTEM32\ntdll.dll
0x00007ffa4c870000 - 0x00007ffa4c9ae000 	C:\WINDOWS\system32\KERNEL32.DLL
0x00007ffa4bca0000 - 0x00007ffa4bdb5000 	C:\WINDOWS\system32\KERNELBASE.dll
0x00007ffa4a680000 - 0x00007ffa4a70e000 	C:\WINDOWS\system32\apphelp.dll
0x00007ffa41470000 - 0x00007ffa414c3000 	C:\WINDOWS\AppPatch\AppPatch64\AcGenral.DLL
0x00007ffa4cc50000 - 0x00007ffa4ccfa000 	C:\WINDOWS\system32\msvcrt.dll
0x00007ffa4b9a0000 - 0x00007ffa4b9ce000 	C:\WINDOWS\SYSTEM32\SspiCli.dll
0x00007ffa4c3f0000 - 0x00007ffa4c444000 	C:\WINDOWS\system32\SHLWAPI.dll
0x00007ffa4d2f0000 - 0x00007ffa4d467000 	C:\WINDOWS\system32\USER32.dll
0x00007ffa4c6d0000 - 0x00007ffa4c864000 	C:\WINDOWS\system32\ole32.dll
0x00007ffa4d550000 - 0x00007ffa4ea69000 	C:\WINDOWS\system32\SHELL32.dll
0x00007ffa4b170000 - 0x00007ffa4b191000 	C:\WINDOWS\SYSTEM32\USERENV.dll
0x00007ffa4d470000 - 0x00007ffa4d51a000 	C:\WINDOWS\system32\ADVAPI32.dll
0x00007ffa3e250000 - 0x00007ffa3e26e000 	C:\WINDOWS\SYSTEM32\MPR.dll
0x00007ffa4cf20000 - 0x00007ffa4d061000 	C:\WINDOWS\system32\RPCRT4.dll
0x00007ffa4d290000 - 0x00007ffa4d2e9000 	C:\WINDOWS\SYSTEM32\sechost.dll
0x00007ffa4cd00000 - 0x00007ffa4cf11000 	C:\WINDOWS\SYSTEM32\combase.dll
0x00007ffa4d140000 - 0x00007ffa4d28f000 	C:\WINDOWS\system32\GDI32.dll
0x00007ffa4bbd0000 - 0x00007ffa4bbe5000 	C:\WINDOWS\SYSTEM32\profapi.dll
0x00007ffa4a720000 - 0x00007ffa4a7d2000 	C:\WINDOWS\SYSTEM32\SHCORE.dll
0x00007ffa4c2e0000 - 0x00007ffa4c316000 	C:\WINDOWS\system32\IMM32.DLL
0x00007ffa4c170000 - 0x00007ffa4c2c2000 	C:\WINDOWS\system32\MSCTF.dll
0x00007ffa487b0000 - 0x00007ffa48a2a000 	C:\WINDOWS\WinSxS\amd64_microsoft.windows.common-controls_6595b64144ccf1df_6.0.9600.17810_none_6240b9c7ecbd0bda\COMCTL32.dll
0x00000000580e0000 - 0x00000000581b2000 	E:\Java\jdk1.8.0_60\jre\bin\msvcr100.dll
0x0000000058920000 - 0x00000000591a9000 	E:\Java\jdk1.8.0_60\jre\bin\server\jvm.dll
0x00007ffa3fd60000 - 0x00007ffa3fd69000 	C:\WINDOWS\SYSTEM32\WSOCK32.dll
0x00007ffa48380000 - 0x00007ffa483a2000 	C:\WINDOWS\SYSTEM32\WINMM.dll
0x00007ffa48a30000 - 0x00007ffa48a3a000 	C:\WINDOWS\SYSTEM32\VERSION.dll
0x00007ffa4d520000 - 0x00007ffa4d527000 	C:\WINDOWS\system32\PSAPI.DLL
0x00007ffa4d070000 - 0x00007ffa4d0ca000 	C:\WINDOWS\system32\WS2_32.dll
0x00007ffa48290000 - 0x00007ffa482ba000 	C:\WINDOWS\SYSTEM32\WINMMBASE.dll
0x00007ffa4c450000 - 0x00007ffa4c459000 	C:\WINDOWS\system32\NSI.dll
0x00007ffa4c0b0000 - 0x00007ffa4c0ff000 	C:\WINDOWS\SYSTEM32\cfgmgr32.dll
0x00007ffa4a9d0000 - 0x00007ffa4a9f8000 	C:\WINDOWS\SYSTEM32\DEVOBJ.dll
0x0000000058910000 - 0x000000005891f000 	E:\Java\jdk1.8.0_60\jre\bin\verify.dll
0x00000000588e0000 - 0x0000000058909000 	E:\Java\jdk1.8.0_60\jre\bin\java.dll
0x00000000588c0000 - 0x00000000588d6000 	E:\Java\jdk1.8.0_60\jre\bin\zip.dll
0x00007ffa45bc0000 - 0x00007ffa45d49000 	C:\WINDOWS\SYSTEM32\dbghelp.dll

VM Arguments:
jvm_args: -Xmx1024M -Dfile.encoding=windows-1251 -Duser.country=RU -Duser.language=ru -Duser.variant 
java_command: com.android.dx.command.Main --dex --num-threads=4 --output E:\Android\AndroidStudioProjects\LoftblogMoneyTracker\app\build\intermediates\pre-dexed\debug\classes-5e5390287b891b7f55511174e182fea5466ee4e8.jar E:\Android\AndroidStudioProjects\LoftblogMoneyTracker\app\build\intermediates\exploded-aar\com.android.support\appcompat-v7\23.0.1\jars\classes.jar
java_class_path (initial): E:\Android\sdk\build-tools\23.0.0\lib\dx.jar
Launcher Type: SUN_STANDARD

Environment Variables:
PATH=C:\ProgramData\Oracle\Java\javapath;C:\WINDOWS\system32;C:\WINDOWS;C:\WINDOWS\System32\Wbem;C:\WINDOWS\System32\WindowsPowerShell\v1.0\;C:\Program Files (x86)\Common Files\Acronis\SnapAPI\;C:\Program Files (x86)\Common Files\Autodesk Shared\;C:\Program Files\Microsoft\Web Platform Installer\;C:\Program Files (x86)\Microsoft ASP.NET\ASP.NET Web Pages\v1.0\;C:\Program Files\Microsoft SQL Server\110\Tools\Binn\;C:\Program Files\Common Files\Autodesk Shared\;C:\Program Files (x86)\NVIDIA Corporation\PhysX\Common;C:\Program Files (x86)\Skype\Phone\;C:\Program Files (x86)\Common Files\Acronis\TibMounter64
USERNAME=Àëåêñàíäð
OS=Windows_NT
PROCESSOR_IDENTIFIER=Intel64 Family 6 Model 15 Stepping 11, GenuineIntel



---------------  S Y S T E M  ---------------

OS: Windows 8.1 , 64 bit Build 9600 (6.3.9600.17415)

CPU:total 4 (4 cores per cpu, 1 threads per core) family 6 model 15 stepping 11, cmov, cx8, fxsr, mmx, sse, sse2, sse3, ssse3, tsc

Memory: 4k page, physical 8387492k(1507152k free), swap 15638584k(2569016k free)

vm_info: Java HotSpot(TM) 64-Bit Server VM (25.60-b23) for windows-amd64 JRE (1.8.0_60-b27), built on Aug  4 2015 11:06:27 by "java_re" with MS VC++ 10.0 (VS2010)

time: Sun Sep 20 20:53:57 2015
elapsed time: 12 seconds (0d 0h 0m 12s)

