#
# A fatal error has been detected by the Java Runtime Environment:
#
#  EXCEPTION_ACCESS_VIOLATION (0xc0000005) at pc=0xffffffffa3285120, pid=9324, tid=5232
#
# JRE version: Java(TM) SE Runtime Environment (8.0_60-b27) (build 1.8.0_60-b27)
# Java VM: Java HotSpot(TM) 64-Bit Server VM (25.60-b23 mixed mode windows-amd64 compressed oops)
# Problematic frame:
# C  0xffffffffa3285120
#
# Failed to write core dump. Minidumps are not enabled by default on client versions of Windows
#
# If you would like to submit a bug report, please visit:
#   http://bugreport.java.com/bugreport/crash.jsp
#

---------------  T H R E A D  ---------------

Current thread (0x0000000002180800):  JavaThread "main" [_thread_in_Java, id=5232, stack(0x0000000002080000,0x0000000002180000)]

siginfo: ExceptionCode=0xc0000005, ExceptionInformation=0x0000000000000008 0xffffffffa3285120

Registers:
RAX=0x00000000142a0ac0, RBX=0x00000000142a0ac0, RCX=0x00000000eb28e528, RDX=0x00000000eb28e528
RSP=0x000000000217f448, RBP=0x000000000217f4e8, RSI=0x0000000100059108, RDI=0x00000000142d5900
R8 =0x0000000000000004, R9 =0x00000000000000dd, R10=0x00000000582620f0, R11=0x000000000265fa20
R12=0x0000000000000000, R13=0x000000000217f4a0, R14=0x000000000217f520, R15=0x0000000002180800
RIP=0xffffffffa3285120, EFLAGS=0x0000000000010206

Top of Stack: (sp=0x000000000217f448)
0x000000000217f448:   000000000265faf4 0000000014627d58
0x000000000217f458:   0000000000000000 0000000014627030
0x000000000217f468:   0000000000000000 000000000217f498
0x000000000217f478:   000000000217f4e8 000000000217f4e8
0x000000000217f488:   0000000002287884 0000000000000003
0x000000000217f498:   0000000002287884 00000000eb28e528
0x000000000217f4a8:   000000000217f4a8 00000000143f0a51
0x000000000217f4b8:   000000000217f520 00000000143f0fd0
0x000000000217f4c8:   0000000000000000 00000000143f0ac8
0x000000000217f4d8:   000000000217f4a0 000000000217f518
0x000000000217f4e8:   000000000217f568 0000000002287a2d
0x000000000217f4f8:   00000000eabce300 00000000eb28e528
0x000000000217f508:   0000000000000004 00000000ecb808b8
0x000000000217f518:   00000000eb28bd68 00000000ecc9a330
0x000000000217f528:   000000000217f528 00000000143ebbf3
0x000000000217f538:   000000000217f588 00000000143f0c98 

Instructions: (pc=0xffffffffa3285120)
0xffffffffa3285100:   
[error occurred during error reporting (printing registers, top of stack, instructions near pc), id 0xc0000005]

Register to memory mapping:

RAX={method} {0x00000000142a0ac8} 'next' '()Ljava/lang/Object;' in 'java/util/TreeMap$ValueIterator'
RBX={method} {0x00000000142a0ac8} 'next' '()Ljava/lang/Object;' in 'java/util/TreeMap$ValueIterator'
RCX=0x00000000eb28e528 is an oop
java.util.TreeMap$ValueIterator 
 - klass: 'java/util/TreeMap$ValueIterator'
RDX=0x00000000eb28e528 is an oop
java.util.TreeMap$ValueIterator 
 - klass: 'java/util/TreeMap$ValueIterator'
RSP=0x000000000217f448 is pointing into the stack for thread: 0x0000000002180800
RBP=0x000000000217f4e8 is pointing into the stack for thread: 0x0000000002180800
RSI=0x0000000100059108 is pointing into metadata
RDI=0x00000000142d5900 is pointing into metadata
R8 =0x0000000000000004 is an unknown value
R9 =0x00000000000000dd is an unknown value
R10=0x00000000582620f0 is an unknown value
R11=0x000000000265fa20 is at entry_point+32 in (nmethod*)0x000000000265f890
R12=0x0000000000000000 is an unknown value
R13=0x000000000217f4a0 is pointing into the stack for thread: 0x0000000002180800
R14=0x000000000217f520 is pointing into the stack for thread: 0x0000000002180800
R15=0x0000000002180800 is a thread


Stack: [0x0000000002080000,0x0000000002180000],  sp=0x000000000217f448,  free space=1021k
Native frames: (J=compiled Java code, j=interpreted, Vv=VM code, C=native code)
C  0xffffffffa3285120


---------------  P R O C E S S  ---------------

Java Threads: ( => current thread )
  0x00000000162c5000 JavaThread "Service Thread" daemon [_thread_blocked, id=8212, stack(0x00000000166c0000,0x00000000167c0000)]
  0x00000000149ce000 JavaThread "C1 CompilerThread2" daemon [_thread_blocked, id=11028, stack(0x00000000161c0000,0x00000000162c0000)]
  0x0000000014974800 JavaThread "C2 CompilerThread1" daemon [_thread_in_native, id=8588, stack(0x00000000160c0000,0x00000000161c0000)]
  0x000000001497a800 JavaThread "C2 CompilerThread0" daemon [_thread_blocked, id=10580, stack(0x0000000015fc0000,0x00000000160c0000)]
  0x0000000014979000 JavaThread "Attach Listener" daemon [_thread_blocked, id=3988, stack(0x0000000015ec0000,0x0000000015fc0000)]
  0x0000000014977800 JavaThread "Signal Dispatcher" daemon [_thread_blocked, id=2204, stack(0x0000000015dc0000,0x0000000015ec0000)]
  0x0000000002276000 JavaThread "Finalizer" daemon [_thread_blocked, id=1888, stack(0x0000000015bd0000,0x0000000015cd0000)]
  0x000000000226c000 JavaThread "Reference Handler" daemon [_thread_blocked, id=3980, stack(0x0000000015ad0000,0x0000000015bd0000)]
=>0x0000000002180800 JavaThread "main" [_thread_in_Java, id=5232, stack(0x0000000002080000,0x0000000002180000)]

Other Threads:
  0x0000000014936000 VMThread [stack: 0x00000000159d0000,0x0000000015ad0000] [id=1420]
  0x00000000162db000 WatcherThread [stack: 0x00000000167c0000,0x00000000168c0000] [id=8864]

VM state:not at safepoint (normal execution)

VM Mutex/Monitor currently owned by a thread: None

Heap:
 PSYoungGen      total 38400K, used 12971K [0x00000000eab00000, 0x00000000ef600000, 0x0000000100000000)
  eden space 33280K, 23% used [0x00000000eab00000,0x00000000eb2ad0d0,0x00000000ecb80000)
  from space 5120K, 99% used [0x00000000ecb80000,0x00000000ed07dc88,0x00000000ed080000)
  to   space 5120K, 0% used [0x00000000ef100000,0x00000000ef100000,0x00000000ef600000)
 ParOldGen       total 87552K, used 1468K [0x00000000c0000000, 0x00000000c5580000, 0x00000000eab00000)
  object space 87552K, 1% used [0x00000000c0000000,0x00000000c016f1d8,0x00000000c5580000)
 Metaspace       used 6314K, capacity 7280K, committed 7552K, reserved 1056768K
  class space    used 609K, capacity 616K, committed 640K, reserved 1048576K

Card table byte_map: [0x0000000011640000,0x0000000011850000] byte_map_base: 0x0000000011040000

Marking Bits: (ParMarkBitMap*) 0x000000005827a5b0
 Begin Bits: [0x0000000011db0000, 0x0000000012db0000)
 End Bits:   [0x0000000012db0000, 0x0000000013db0000)

Polling page: 0x0000000002040000

CodeCache: size=245760Kb used=6390Kb max_used=6402Kb free=239369Kb
 bounds [0x0000000002280000, 0x00000000028d0000, 0x0000000011280000]
 total_blobs=1886 nmethods=1618 adapters=183
 compilation: enabled

Compilation events (10 events):
Event: 4.700 Thread 0x00000000149ce000 1617       3       com.android.dx.dex.file.ProtoIdItem::itemType (4 bytes)
Event: 4.700 Thread 0x00000000149ce000 nmethod 1617 0x00000000028bead0 code [0x00000000028bec20, 0x00000000028bed70]
Event: 4.700 Thread 0x00000000149ce000 1618       3       com.android.dx.dex.file.MethodIdItem::itemType (4 bytes)
Event: 4.700 Thread 0x00000000149ce000 nmethod 1618 0x00000000028be790 code [0x00000000028be8e0, 0x00000000028bea30]
Event: 4.701 Thread 0x00000000149ce000 1619       3       com.android.dx.dex.file.TypeListItem::itemType (4 bytes)
Event: 4.701 Thread 0x00000000149ce000 nmethod 1619 0x00000000028be450 code [0x00000000028be5a0, 0x00000000028be6f0]
Event: 4.701 Thread 0x00000000149ce000 1620       3       com.android.dx.dex.file.AnnotationItem::itemType (4 bytes)
Event: 4.701 Thread 0x00000000149ce000 nmethod 1620 0x00000000028be090 code [0x00000000028be1e0, 0x00000000028be330]
Event: 4.702 Thread 0x000000001497a800 nmethod 1613 0x00000000028c3e10 code [0x00000000028c3f60, 0x00000000028c4098]
Event: 4.702 Thread 0x000000001497a800 1614       4       java.util.TreeMap::successor (66 bytes)

GC Heap History (2 events):
Event: 2.697 GC heap before
{Heap before GC invocations=1 (full 0):
 PSYoungGen      total 38400K, used 33280K [0x00000000eab00000, 0x00000000ed580000, 0x0000000100000000)
  eden space 33280K, 100% used [0x00000000eab00000,0x00000000ecb80000,0x00000000ecb80000)
  from space 5120K, 0% used [0x00000000ed080000,0x00000000ed080000,0x00000000ed580000)
  to   space 5120K, 0% used [0x00000000ecb80000,0x00000000ecb80000,0x00000000ed080000)
 ParOldGen       total 87552K, used 0K [0x00000000c0000000, 0x00000000c5580000, 0x00000000eab00000)
  object space 87552K, 0% used [0x00000000c0000000,0x00000000c0000000,0x00000000c5580000)
 Metaspace       used 5925K, capacity 6960K, committed 7040K, reserved 1056768K
  class space    used 588K, capacity 616K, committed 640K, reserved 1048576K
Event: 3.170 GC heap after
Heap after GC invocations=1 (full 0):
 PSYoungGen      total 38400K, used 5111K [0x00000000eab00000, 0x00000000ef600000, 0x0000000100000000)
  eden space 33280K, 0% used [0x00000000eab00000,0x00000000eab00000,0x00000000ecb80000)
  from space 5120K, 99% used [0x00000000ecb80000,0x00000000ed07dc88,0x00000000ed080000)
  to   space 5120K, 0% used [0x00000000ef100000,0x00000000ef100000,0x00000000ef600000)
 ParOldGen       total 87552K, used 1468K [0x00000000c0000000, 0x00000000c5580000, 0x00000000eab00000)
  object space 87552K, 1% used [0x00000000c0000000,0x00000000c016f1d8,0x00000000c5580000)
 Metaspace       used 5925K, capacity 6960K, committed 7040K, reserved 1056768K
  class space    used 588K, capacity 616K, committed 640K, reserved 1048576K
}

Deoptimization events (10 events):
Event: 4.288 Thread 0x0000000002180800 Uncommon trap: reason=class_check action=maybe_recompile pc=0x00000000026f314c method=java.util.HashMap.putVal(ILjava/lang/Object;Ljava/lang/Object;ZZ)Ljava/lang/Object; @ 203
Event: 4.483 Thread 0x0000000002180800 Uncommon trap: reason=speculate_class_check action=maybe_recompile pc=0x000000000260a0a4 method=com.android.dx.util.FixedSizeList.equals(Ljava/lang/Object;)Z @ 25
Event: 4.483 Thread 0x0000000002180800 Uncommon trap: reason=class_check action=maybe_recompile pc=0x0000000002616204 method=java.util.Arrays.equals([Ljava/lang/Object;[Ljava/lang/Object;)Z @ 62
Event: 4.483 Thread 0x0000000002180800 Uncommon trap: reason=speculate_class_check action=maybe_recompile pc=0x000000000260a0a4 method=com.android.dx.util.FixedSizeList.equals(Ljava/lang/Object;)Z @ 25
Event: 4.483 Thread 0x0000000002180800 Uncommon trap: reason=class_check action=maybe_recompile pc=0x0000000002616204 method=java.util.Arrays.equals([Ljava/lang/Object;[Ljava/lang/Object;)Z @ 62
Event: 4.483 Thread 0x0000000002180800 Uncommon trap: reason=speculate_class_check action=maybe_recompile pc=0x000000000260a0a4 method=com.android.dx.util.FixedSizeList.equals(Ljava/lang/Object;)Z @ 25
Event: 4.483 Thread 0x0000000002180800 Uncommon trap: reason=class_check action=maybe_recompile pc=0x0000000002616204 method=java.util.Arrays.equals([Ljava/lang/Object;[Ljava/lang/Object;)Z @ 62
Event: 4.483 Thread 0x0000000002180800 Uncommon trap: reason=speculate_class_check action=maybe_recompile pc=0x000000000260a0a4 method=com.android.dx.util.FixedSizeList.equals(Ljava/lang/Object;)Z @ 25
Event: 4.483 Thread 0x0000000002180800 Uncommon trap: reason=unstable_if action=reinterpret pc=0x00000000026161e0 method=java.util.Arrays.equals([Ljava/lang/Object;[Ljava/lang/Object;)Z @ 23
Event: 4.679 Thread 0x0000000002180800 Uncommon trap: reason=unstable_if action=reinterpret pc=0x00000000028ab534 method=com.android.dx.dex.code.LocalList$MakeState.snapshot(ILcom/android/dx/rop/code/RegisterSpecSet;)V @ 51

Internal exceptions (3 events):
Event: 0.323 Thread 0x0000000002180800 Exception <a 'java/lang/NoSuchMethodError': Method sun.misc.Unsafe.defineClass(Ljava/lang/String;[BII)Ljava/lang/Class; name or signature does not match> (0x00000000eab12db0) thrown at [C:\re\workspace\8-2-build-windows-amd64-cygwin\jdk8u60\4407\hotspot\sr‚∂ΩÒÁÆ‘?
Event: 0.323 Thread 0x0000000002180800 Exception <a 'java/lang/NoSuchMethodError': Method sun.misc.Unsafe.prefetchRead(Ljava/lang/Object;J)V name or signature does not match> (0x00000000eab13098) thrown at [C:\re\workspace\8-2-build-windows-amd64-cygwin\jdk8u60\4407\hotspot\src\share\vm\prims\jlF¡Eê	@
Event: 3.195 Thread 0x0000000016462800 Implicit null exception at 0x00000000027b10fb to 0x00000000027b1b7d

Events (10 events):
Event: 4.690 loading class com/android/dx/dex/file/DebugInfoEncoder$2
Event: 4.690 loading class com/android/dx/dex/file/DebugInfoEncoder$2 done
Event: 4.693 loading class com/android/dex/EncodedValueCodec
Event: 4.693 loading class com/android/dex/EncodedValueCodec done
Event: 4.697 loading class com/android/dx/dex/file/MapItem
Event: 4.697 loading class com/android/dx/dex/file/MapItem done
Event: 4.698 loading class com/android/dx/dex/file/UniformListItem
Event: 4.698 loading class com/android/dx/dex/file/UniformListItem done
Event: 4.701 loading class com/android/dex/DexFormat
Event: 4.701 loading class com/android/dex/DexFormat done


Dynamic libraries:
0x00007ff7626c0000 - 0x00007ff7626f7000 	E:\Java\jdk1.8.0_60\bin\java.exe
0x00007ffc079f0000 - 0x00007ffc07b9c000 	C:\WINDOWS\SYSTEM32\ntdll.dll
0x00007ffc05d30000 - 0x00007ffc05e6e000 	C:\WINDOWS\system32\KERNEL32.DLL
0x00007ffc04c20000 - 0x00007ffc04d35000 	C:\WINDOWS\system32\KERNELBASE.dll
0x00007ffc036d0000 - 0x00007ffc0375e000 	C:\WINDOWS\system32\apphelp.dll
0x00007ffbfa980000 - 0x00007ffbfa9d3000 	C:\WINDOWS\AppPatch\AppPatch64\AcGenral.DLL
0x00007ffc05750000 - 0x00007ffc057fa000 	C:\WINDOWS\system32\msvcrt.dll
0x00007ffc04920000 - 0x00007ffc0494e000 	C:\WINDOWS\SYSTEM32\SspiCli.dll
0x00007ffc05530000 - 0x00007ffc05584000 	C:\WINDOWS\system32\SHLWAPI.dll
0x00007ffc05140000 - 0x00007ffc052b7000 	C:\WINDOWS\system32\USER32.dll
0x00007ffc05e90000 - 0x00007ffc06024000 	C:\WINDOWS\system32\ole32.dll
0x00007ffc063a0000 - 0x00007ffc078b9000 	C:\WINDOWS\system32\SHELL32.dll
0x00007ffc040f0000 - 0x00007ffc04111000 	C:\WINDOWS\SYSTEM32\USERENV.dll
0x00007ffc05420000 - 0x00007ffc054ca000 	C:\WINDOWS\system32\ADVAPI32.dll
0x00007ffbf7830000 - 0x00007ffbf784e000 	C:\WINDOWS\SYSTEM32\MPR.dll
0x00007ffc05600000 - 0x00007ffc05741000 	C:\WINDOWS\system32\RPCRT4.dll
0x00007ffc054d0000 - 0x00007ffc05529000 	C:\WINDOWS\SYSTEM32\sechost.dll
0x00007ffc06030000 - 0x00007ffc06241000 	C:\WINDOWS\SYSTEM32\combase.dll
0x00007ffc05b90000 - 0x00007ffc05cdf000 	C:\WINDOWS\system32\GDI32.dll
0x00007ffc04b50000 - 0x00007ffc04b65000 	C:\WINDOWS\SYSTEM32\profapi.dll
0x00007ffc03610000 - 0x00007ffc036c2000 	C:\WINDOWS\SYSTEM32\SHCORE.dll
0x00007ffc05cf0000 - 0x00007ffc05d26000 	C:\WINDOWS\system32\IMM32.DLL
0x00007ffc052c0000 - 0x00007ffc05412000 	C:\WINDOWS\system32\MSCTF.dll
0x00007ffc02a60000 - 0x00007ffc02cda000 	C:\WINDOWS\WinSxS\amd64_microsoft.windows.common-controls_6595b64144ccf1df_6.0.9600.17810_none_6240b9c7ecbd0bda\COMCTL32.dll
0x00000000575f0000 - 0x00000000576c2000 	E:\Java\jdk1.8.0_60\jre\bin\msvcr100.dll
0x0000000057a70000 - 0x00000000582f9000 	E:\Java\jdk1.8.0_60\jre\bin\server\jvm.dll
0x00007ffbfafb0000 - 0x00007ffbfafb9000 	C:\WINDOWS\SYSTEM32\WSOCK32.dll
0x00007ffc03090000 - 0x00007ffc030b2000 	C:\WINDOWS\SYSTEM32\WINMM.dll
0x00007ffc030c0000 - 0x00007ffc030ca000 	C:\WINDOWS\SYSTEM32\VERSION.dll
0x00007ffc062c0000 - 0x00007ffc062c7000 	C:\WINDOWS\system32\PSAPI.DLL
0x00007ffc06260000 - 0x00007ffc062ba000 	C:\WINDOWS\system32\WS2_32.dll
0x00007ffc02ea0000 - 0x00007ffc02eca000 	C:\WINDOWS\SYSTEM32\WINMMBASE.dll
0x00007ffc05ce0000 - 0x00007ffc05ce9000 	C:\WINDOWS\system32\NSI.dll
0x00007ffc05030000 - 0x00007ffc0507f000 	C:\WINDOWS\SYSTEM32\cfgmgr32.dll
0x00007ffc03960000 - 0x00007ffc03988000 	C:\WINDOWS\SYSTEM32\DEVOBJ.dll
0x0000000057a60000 - 0x0000000057a6f000 	E:\Java\jdk1.8.0_60\jre\bin\verify.dll
0x0000000057a30000 - 0x0000000057a59000 	E:\Java\jdk1.8.0_60\jre\bin\java.dll
0x0000000057a10000 - 0x0000000057a26000 	E:\Java\jdk1.8.0_60\jre\bin\zip.dll
0x00007ffbfee80000 - 0x00007ffbff009000 	C:\WINDOWS\SYSTEM32\dbghelp.dll

VM Arguments:
jvm_args: -Xmx1024M -Dfile.encoding=windows-1251 -Duser.country=RU -Duser.language=ru -Duser.variant 
java_command: com.android.dx.command.Main --dex --num-threads=4 --output E:\Android\AndroidStudioProjects\LoftblogMoneyTracker\app\build\intermediates\pre-dexed\debug\classes-352d93e2966ff5ab712c233f0fb1f206edd2d56d.jar E:\Android\AndroidStudioProjects\LoftblogMoneyTracker\app\build\intermediates\exploded-aar\com.google.android.gms\play-services-base\8.1.0\jars\classes.jar
java_class_path (initial): E:\Android\sdk\build-tools\23.0.0\lib\dx.jar
Launcher Type: SUN_STANDARD

Environment Variables:
PATH=C:\ProgramData\Oracle\Java\javapath;C:\WINDOWS\system32;C:\WINDOWS;C:\WINDOWS\System32\Wbem;C:\WINDOWS\System32\WindowsPowerShell\v1.0\;C:\Program Files (x86)\Common Files\Acronis\SnapAPI\;C:\Program Files (x86)\Common Files\Autodesk Shared\;C:\Program Files\Microsoft\Web Platform Installer\;C:\Program Files (x86)\Microsoft ASP.NET\ASP.NET Web Pages\v1.0\;C:\Program Files\Microsoft SQL Server\110\Tools\Binn\;C:\Program Files\Common Files\Autodesk Shared\;C:\Program Files (x86)\NVIDIA Corporation\PhysX\Common;C:\Program Files (x86)\Skype\Phone\;C:\Program Files (x86)\Common Files\Acronis\TibMounter64
USERNAME=¿ÎÂÍÒ‡Ì‰
OS=Windows_NT
PROCESSOR_IDENTIFIER=Intel64 Family 6 Model 15 Stepping 11, GenuineIntel



---------------  S Y S T E M  ---------------

OS: Windows 8.1 , 64 bit Build 9600 (6.3.9600.17415)

CPU:total 4 (4 cores per cpu, 1 threads per core) family 6 model 15 stepping 11, cmov, cx8, fxsr, mmx, sse, sse2, sse3, ssse3, tsc

Memory: 4k page, physical 8387492k(600328k free), swap 16996044k(4303392k free)

vm_info: Java HotSpot(TM) 64-Bit Server VM (25.60-b23) for windows-amd64 JRE (1.8.0_60-b27), built on Aug  4 2015 11:06:27 by "java_re" with MS VC++ 10.0 (VS2010)

time: Tue Oct 06 16:01:29 2015
elapsed time: 4 seconds (0d 0h 0m 4s)

