#
# A fatal error has been detected by the Java Runtime Environment:
#
#  EXCEPTION_ACCESS_VIOLATION (0xc0000005) at pc=0xffffffffa3895120, pid=12100, tid=3876
#
# JRE version: Java(TM) SE Runtime Environment (8.0_60-b27) (build 1.8.0_60-b27)
# Java VM: Java HotSpot(TM) 64-Bit Server VM (25.60-b23 mixed mode windows-amd64 compressed oops)
# Problematic frame:
# C  0xffffffffa3895120
#
# Failed to write core dump. Minidumps are not enabled by default on client versions of Windows
#
# If you would like to submit a bug report, please visit:
#   http://bugreport.java.com/bugreport/crash.jsp
#

---------------  T H R E A D  ---------------

Current thread (0x0000000002790800):  JavaThread "main" [_thread_in_Java, id=3876, stack(0x0000000002600000,0x0000000002700000)]

siginfo: ExceptionCode=0xc0000005, ExceptionInformation=0x0000000000000008 0xffffffffa3895120

Registers:
RAX=0x0000000100091198, RBX=0x0000000100093588, RCX=0x0000000000000001, RDX=0x00000000c0297838
RSP=0x00000000026fee08, RBP=0x00000000026ff098, RSI=0x0000000100093588, RDI=0x0000000014c5d578
R8 =0x00000000eae82250, R9 =0x00000000c0297838, R10=0x00000000000000e2, R11=0x00000000eaceba68
R12=0x0000000000000000, R13=0x00000000030a9e7c, R14=0x00000000026feeb8, R15=0x0000000002790800
RIP=0xffffffffa3895120, EFLAGS=0x0000000000010206

Top of Stack: (sp=0x00000000026fee08)
0x00000000026fee08:   00000000030b1b4c 00000000026fee88
0x00000000026fee18:   0000000002897a2d 0000000002897470
0x00000000026fee28:   0000000002897a2d 000000000000002b
0x00000000026fee38:   0000000000005232 00000000eae82250
0x00000000026fee48:   00000000026fee48 0000000014b41dc1
0x00000000026fee58:   00000000026feeb8 0000000014b42028
0x00000000026fee68:   00000000c0297838 00000000eae82250
0x00000000026fee78:   0000000000000000 00000000026feec0
0x00000000026fee88:   00000000026ff098 00000000030a9e7c
0x00000000026fee98:   000000000000002b 00000000c02979f0
0x00000000026feea8:   00000000c02979d0 00000000026ff098
0x00000000026feeb8:   00000000030a9e7c 00000000026fef10
0x00000000026feec8:   00000000026ff098 00000000030b60dc
0x00000000026feed8:   00000000eace6858 0000000000000001
0x00000000026feee8:   0000000000000001 00000000eace6840
0x00000000026feef8:   00000000eae82250 00000000026ff098 

Instructions: (pc=0xffffffffa3895120)
0xffffffffa3895100:   
[error occurred during error reporting (printing registers, top of stack, instructions near pc), id 0xc0000005]

Register to memory mapping:

RAX=0x0000000100091198 is pointing into metadata
RBX=0x0000000100093588 is pointing into metadata
RCX=0x0000000000000001 is an unknown value
RDX=0x00000000c0297838 is an oop
com.android.dx.dex.code.CstInsn 
 - klass: 'com/android/dx/dex/code/CstInsn'
RSP=0x00000000026fee08 is pointing into the stack for thread: 0x0000000002790800
RBP=0x00000000026ff098 is pointing into the stack for thread: 0x0000000002790800
RSI=0x0000000100093588 is pointing into metadata
RDI=0x0000000014c5d578 is pointing into metadata
R8 =0x00000000eae82250 is an oop
com.android.dx.util.ByteArrayAnnotatedOutput 
 - klass: 'com/android/dx/util/ByteArrayAnnotatedOutput'
R9 =0x00000000c0297838 is an oop
com.android.dx.dex.code.CstInsn 
 - klass: 'com/android/dx/dex/code/CstInsn'
R10=0x00000000000000e2 is an unknown value
R11=0x00000000eaceba68 is an oop
[Ljava.lang.Object; 
 - klass: 'java/lang/Object'[]
 - length: 226
R12=0x0000000000000000 is an unknown value
R13=0x00000000030a9e7c is at entry_point+572 in (nmethod*)0x00000000030a9ad0
R14=0x00000000026feeb8 is pointing into the stack for thread: 0x0000000002790800
R15=0x0000000002790800 is a thread


Stack: [0x0000000002600000,0x0000000002700000],  sp=0x00000000026fee08,  free space=1019k
Native frames: (J=compiled Java code, j=interpreted, Vv=VM code, C=native code)
C  0xffffffffa3895120


---------------  P R O C E S S  ---------------

Java Threads: ( => current thread )
  0x0000000016895000 JavaThread "Service Thread" daemon [_thread_blocked, id=8728, stack(0x0000000016c90000,0x0000000016d90000)]
  0x0000000014fbb000 JavaThread "C1 CompilerThread2" daemon [_thread_blocked, id=13080, stack(0x0000000016790000,0x0000000016890000)]
  0x0000000014fb8000 JavaThread "C2 CompilerThread1" daemon [_thread_blocked, id=9248, stack(0x0000000016690000,0x0000000016790000)]
  0x0000000014f5e800 JavaThread "C2 CompilerThread0" daemon [_thread_blocked, id=12416, stack(0x0000000016590000,0x0000000016690000)]
  0x0000000014f5d000 JavaThread "Attach Listener" daemon [_thread_blocked, id=9320, stack(0x0000000016490000,0x0000000016590000)]
  0x0000000014f5c000 JavaThread "Signal Dispatcher" daemon [_thread_blocked, id=9072, stack(0x0000000016390000,0x0000000016490000)]
  0x0000000002886000 JavaThread "Finalizer" daemon [_thread_blocked, id=11672, stack(0x00000000161b0000,0x00000000162b0000)]
  0x000000000287c000 JavaThread "Reference Handler" daemon [_thread_blocked, id=12520, stack(0x00000000160b0000,0x00000000161b0000)]
=>0x0000000002790800 JavaThread "main" [_thread_in_Java, id=3876, stack(0x0000000002600000,0x0000000002700000)]

Other Threads:
  0x0000000014f26000 VMThread [stack: 0x0000000015fb0000,0x00000000160b0000] [id=9004]
  0x0000000016899000 WatcherThread [stack: 0x0000000016d90000,0x0000000016e90000] [id=9412]

VM state:not at safepoint (normal execution)

VM Mutex/Monitor currently owned by a thread: None

Heap:
 PSYoungGen      total 71680K, used 8770K [0x00000000eab00000, 0x00000000ef600000, 0x0000000100000000)
  eden space 66560K, 5% used [0x00000000eab00000,0x00000000eae989b8,0x00000000eec00000)
  from space 5120K, 99% used [0x00000000ef100000,0x00000000ef5f8010,0x00000000ef600000)
  to   space 5120K, 0% used [0x00000000eec00000,0x00000000eec00000,0x00000000ef100000)
 ParOldGen       total 87552K, used 5818K [0x00000000c0000000, 0x00000000c5580000, 0x00000000eab00000)
  object space 87552K, 6% used [0x00000000c0000000,0x00000000c05aeb88,0x00000000c5580000)
 Metaspace       used 6505K, capacity 7440K, committed 7680K, reserved 1056768K
  class space    used 613K, capacity 648K, committed 768K, reserved 1048576K

Card table byte_map: [0x0000000011c50000,0x0000000011e60000] byte_map_base: 0x0000000011650000

Marking Bits: (ParMarkBitMap*) 0x000000005827a5b0
 Begin Bits: [0x00000000123c0000, 0x00000000133c0000)
 End Bits:   [0x00000000133c0000, 0x00000000143c0000)

Polling page: 0x0000000002700000

CodeCache: size=245760Kb used=8359Kb max_used=8366Kb free=237400Kb
 bounds [0x0000000002890000, 0x00000000030d0000, 0x0000000011890000]
 total_blobs=2289 nmethods=2021 adapters=183
 compilation: enabled

Compilation events (10 events):
Event: 13.634 Thread 0x0000000014fbb000 nmethod 2020 0x00000000030bd050 code [0x00000000030bd220, 0x00000000030bda68]
Event: 13.634 Thread 0x0000000014fbb000 2021       3       com.android.dx.dex.code.form.Form22c::writeTo (45 bytes)
Event: 13.635 Thread 0x0000000014fbb000 nmethod 2021 0x00000000030bde10 code [0x00000000030be020, 0x00000000030beba8]
Event: 13.635 Thread 0x0000000014fbb000 2022       3       com.android.dx.dex.code.InsnFormat::codeUnit (89 bytes)
Event: 13.636 Thread 0x0000000014fbb000 nmethod 2022 0x00000000030bf050 code [0x00000000030bf200, 0x00000000030bf738]
Event: 13.636 Thread 0x0000000014fbb000 2023       3       com.android.dx.dex.code.CatchHandlerList::get (9 bytes)
Event: 13.636 Thread 0x0000000014fbb000 nmethod 2023 0x00000000030bf950 code [0x00000000030bfac0, 0x00000000030bfda8]
Event: 13.637 Thread 0x0000000014fb8000 2024       4       com.android.dx.dex.code.CstInsn::getIndex (42 bytes)
Event: 13.638 Thread 0x0000000014fbb000 2025       3       com.android.dx.dex.code.form.Form22x::writeTo (31 bytes)
Event: 13.638 Thread 0x0000000014fb8000 nmethod 2024 0x0000000002fef350 code [0x0000000002fef480, 0x0000000002fef4f8]

GC Heap History (4 events):
Event: 8.738 GC heap before
{Heap before GC invocations=1 (full 0):
 PSYoungGen      total 38400K, used 33280K [0x00000000eab00000, 0x00000000ed580000, 0x0000000100000000)
  eden space 33280K, 100% used [0x00000000eab00000,0x00000000ecb80000,0x00000000ecb80000)
  from space 5120K, 0% used [0x00000000ed080000,0x00000000ed080000,0x00000000ed580000)
  to   space 5120K, 0% used [0x00000000ecb80000,0x00000000ecb80000,0x00000000ed080000)
 ParOldGen       total 87552K, used 0K [0x00000000c0000000, 0x00000000c5580000, 0x00000000eab00000)
  object space 87552K, 0% used [0x00000000c0000000,0x00000000c0000000,0x00000000c5580000)
 Metaspace       used 5929K, capacity 6960K, committed 7040K, reserved 1056768K
  class space    used 589K, capacity 616K, committed 640K, reserved 1048576K
Event: 9.777 GC heap after
Heap after GC invocations=1 (full 0):
 PSYoungGen      total 38400K, used 5114K [0x00000000eab00000, 0x00000000ef600000, 0x0000000100000000)
  eden space 33280K, 0% used [0x00000000eab00000,0x00000000eab00000,0x00000000ecb80000)
  from space 5120K, 99% used [0x00000000ecb80000,0x00000000ed07eac8,0x00000000ed080000)
  to   space 5120K, 0% used [0x00000000ef100000,0x00000000ef100000,0x00000000ef600000)
 ParOldGen       total 87552K, used 2133K [0x00000000c0000000, 0x00000000c5580000, 0x00000000eab00000)
  object space 87552K, 2% used [0x00000000c0000000,0x00000000c02154e8,0x00000000c5580000)
 Metaspace       used 5929K, capacity 6960K, committed 7040K, reserved 1056768K
  class space    used 589K, capacity 616K, committed 640K, reserved 1048576K
}
Event: 12.337 GC heap before
{Heap before GC invocations=2 (full 0):
 PSYoungGen      total 38400K, used 38394K [0x00000000eab00000, 0x00000000ef600000, 0x0000000100000000)
  eden space 33280K, 100% used [0x00000000eab00000,0x00000000ecb80000,0x00000000ecb80000)
  from space 5120K, 99% used [0x00000000ecb80000,0x00000000ed07eac8,0x00000000ed080000)
  to   space 5120K, 0% used [0x00000000ef100000,0x00000000ef100000,0x00000000ef600000)
 ParOldGen       total 87552K, used 2133K [0x00000000c0000000, 0x00000000c5580000, 0x00000000eab00000)
  object space 87552K, 2% used [0x00000000c0000000,0x00000000c02154e8,0x00000000c5580000)
 Metaspace       used 6168K, capacity 7152K, committed 7296K, reserved 1056768K
  class space    used 596K, capacity 616K, committed 640K, reserved 1048576K
Event: 12.511 GC heap after
Heap after GC invocations=2 (full 0):
 PSYoungGen      total 71680K, used 5088K [0x00000000eab00000, 0x00000000ef600000, 0x0000000100000000)
  eden space 66560K, 0% used [0x00000000eab00000,0x00000000eab00000,0x00000000eec00000)
  from space 5120K, 99% used [0x00000000ef100000,0x00000000ef5f8010,0x00000000ef600000)
  to   space 5120K, 0% used [0x00000000eec00000,0x00000000eec00000,0x00000000ef100000)
 ParOldGen       total 87552K, used 5818K [0x00000000c0000000, 0x00000000c5580000, 0x00000000eab00000)
  object space 87552K, 6% used [0x00000000c0000000,0x00000000c05aeb88,0x00000000c5580000)
 Metaspace       used 6168K, capacity 7152K, committed 7296K, reserved 1056768K
  class space    used 596K, capacity 616K, committed 640K, reserved 1048576K
}

Deoptimization events (10 events):
Event: 12.170 Thread 0x0000000002790800 Uncommon trap: reason=bimorphic action=maybe_recompile pc=0x0000000002f92210 method=java.util.HashMap.putVal(ILjava/lang/Object;Ljava/lang/Object;ZZ)Ljava/lang/Object; @ 203
Event: 12.565 Thread 0x0000000002790800 Uncommon trap: reason=speculate_class_check action=maybe_recompile pc=0x0000000002c56b58 method=com.android.dx.util.FixedSizeList.equals(Ljava/lang/Object;)Z @ 25
Event: 12.565 Thread 0x0000000002790800 Uncommon trap: reason=speculate_class_check action=maybe_recompile pc=0x0000000002c56b58 method=com.android.dx.util.FixedSizeList.equals(Ljava/lang/Object;)Z @ 25
Event: 12.565 Thread 0x0000000002790800 Uncommon trap: reason=speculate_class_check action=maybe_recompile pc=0x0000000002c56b58 method=com.android.dx.util.FixedSizeList.equals(Ljava/lang/Object;)Z @ 25
Event: 12.565 Thread 0x0000000002790800 Uncommon trap: reason=speculate_class_check action=maybe_recompile pc=0x0000000002c56b58 method=com.android.dx.util.FixedSizeList.equals(Ljava/lang/Object;)Z @ 25
Event: 13.035 Thread 0x0000000002790800 Uncommon trap: reason=unstable_if action=reinterpret pc=0x00000000030193e0 method=com.android.dx.dex.code.LocalList$MakeState.filterSpec(Lcom/android/dx/rop/code/RegisterSpec;)Lcom/android/dx/rop/code/RegisterSpec; @ 11
Event: 13.035 Thread 0x0000000002790800 Uncommon trap: reason=unstable_if action=reinterpret pc=0x0000000003000428 method=com.android.dx.dex.code.LocalList$MakeState.filterSpec(Lcom/android/dx/rop/code/RegisterSpec;)Lcom/android/dx/rop/code/RegisterSpec; @ 11
Event: 13.046 Thread 0x0000000002790800 Uncommon trap: reason=unstable_if action=reinterpret pc=0x0000000002fa1e4c method=java.util.TreeMap.put(Ljava/lang/Object;Ljava/lang/Object;)Ljava/lang/Object; @ 163
Event: 13.276 Thread 0x0000000002790800 Uncommon trap: reason=unstable_if action=reinterpret pc=0x0000000002ffe610 method=com.android.dx.rop.code.RegisterSpec.matchesVariable(Lcom/android/dx/rop/code/RegisterSpec;)Z @ 59
Event: 13.541 Thread 0x0000000002790800 Uncommon trap: reason=unstable_if action=reinterpret pc=0x0000000003073004 method=com.android.dx.util.ByteArrayAnnotatedOutput.writeByte(I)V @ 13

Internal exceptions (6 events):
Event: 0.123 Thread 0x0000000002790800 Exception <a 'java/lang/NoSuchMethodError': Method sun.misc.Unsafe.defineClass(Ljava/lang/String;[BII)Ljava/lang/Class; name or signature does not match> (0x00000000eab130a8) thrown at [C:\re\workspace\8-2-build-windows-amd64-cygwin\jdk8u60\4407\hotspot\srïý³lÿr¿?
Event: 0.123 Thread 0x0000000002790800 Exception <a 'java/lang/NoSuchMethodError': Method sun.misc.Unsafe.prefetchRead(Ljava/lang/Object;J)V name or signature does not match> (0x00000000eab13390) thrown at [C:\re\workspace\8-2-build-windows-amd64-cygwin\jdk8u60\4407\hotspot\src\share\vm\prims\jm‚{j@
Event: 4.104 Thread 0x0000000016af6800 Implicit null exception at 0x0000000002bd97d8 to 0x0000000002bdad91
Event: 7.369 Thread 0x0000000002790800 Implicit null exception at 0x0000000002bd46a2 to 0x0000000002bd4741
Event: 11.955 Thread 0x0000000016af6800 Implicit null exception at 0x0000000002dfc251 to 0x0000000002dfd4cd
Event: 11.958 Thread 0x0000000016af6800 Implicit null exception at 0x0000000002df59b3 to 0x0000000002df6c89

Events (10 events):
Event: 13.520 loading class com/android/dex/EncodedValueCodec done
Event: 13.536 loading class com/android/dx/dex/file/MapItem
Event: 13.536 loading class com/android/dx/dex/file/MapItem done
Event: 13.537 loading class com/android/dx/dex/file/UniformListItem
Event: 13.537 loading class com/android/dx/dex/file/UniformListItem done
Event: 13.540 loading class com/android/dex/DexFormat
Event: 13.540 loading class com/android/dex/DexFormat done
Event: 13.541 Thread 0x0000000002790800 Uncommon trap: trap_request=0xffffff65 fr.pc=0x0000000003073004
Event: 13.541 Thread 0x0000000002790800 DEOPT PACKING pc=0x0000000003073004 sp=0x00000000026ff170
Event: 13.541 Thread 0x0000000002790800 DEOPT UNPACKING pc=0x00000000028d556a sp=0x00000000026ff128 mode 2


Dynamic libraries:
0x00007ff7626c0000 - 0x00007ff7626f7000 	E:\Java\jdk1.8.0_60\bin\java.exe
0x00007ffc079f0000 - 0x00007ffc07b9c000 	C:\WINDOWS\SYSTEM32\ntdll.dll
0x00007ffc05d30000 - 0x00007ffc05e6e000 	C:\WINDOWS\system32\KERNEL32.DLL
0x00007ffc04c20000 - 0x00007ffc04d35000 	C:\WINDOWS\system32\KERNELBASE.dll
0x00007ffc036d0000 - 0x00007ffc0375e000 	C:\WINDOWS\system32\apphelp.dll
0x00007ffbfa980000 - 0x00007ffbfa9d3000 	C:\WINDOWS\AppPatch\AppPatch64\AcGenral.DLL
0x00007ffc05750000 - 0x00007ffc057fa000 	C:\WINDOWS\system32\msvcrt.dll
0x00007ffc04920000 - 0x00007ffc0494e000 	C:\WINDOWS\SYSTEM32\SspiCli.dll
0x00007ffc05530000 - 0x00007ffc05584000 	C:\WINDOWS\system32\SHLWAPI.dll
0x00007ffc05140000 - 0x00007ffc052b7000 	C:\WINDOWS\system32\USER32.dll
0x00007ffc05e90000 - 0x00007ffc06024000 	C:\WINDOWS\system32\ole32.dll
0x00007ffc063a0000 - 0x00007ffc078b9000 	C:\WINDOWS\system32\SHELL32.dll
0x00007ffc040f0000 - 0x00007ffc04111000 	C:\WINDOWS\SYSTEM32\USERENV.dll
0x00007ffc05420000 - 0x00007ffc054ca000 	C:\WINDOWS\system32\ADVAPI32.dll
0x00007ffbf7830000 - 0x00007ffbf784e000 	C:\WINDOWS\SYSTEM32\MPR.dll
0x00007ffc05600000 - 0x00007ffc05741000 	C:\WINDOWS\system32\RPCRT4.dll
0x00007ffc054d0000 - 0x00007ffc05529000 	C:\WINDOWS\SYSTEM32\sechost.dll
0x00007ffc06030000 - 0x00007ffc06241000 	C:\WINDOWS\SYSTEM32\combase.dll
0x00007ffc05b90000 - 0x00007ffc05cdf000 	C:\WINDOWS\system32\GDI32.dll
0x00007ffc04b50000 - 0x00007ffc04b65000 	C:\WINDOWS\SYSTEM32\profapi.dll
0x00007ffc03610000 - 0x00007ffc036c2000 	C:\WINDOWS\SYSTEM32\SHCORE.dll
0x00007ffc05cf0000 - 0x00007ffc05d26000 	C:\WINDOWS\system32\IMM32.DLL
0x00007ffc052c0000 - 0x00007ffc05412000 	C:\WINDOWS\system32\MSCTF.dll
0x00007ffc02a60000 - 0x00007ffc02cda000 	C:\WINDOWS\WinSxS\amd64_microsoft.windows.common-controls_6595b64144ccf1df_6.0.9600.17810_none_6240b9c7ecbd0bda\COMCTL32.dll
0x00000000575f0000 - 0x00000000576c2000 	E:\Java\jdk1.8.0_60\jre\bin\msvcr100.dll
0x0000000057a70000 - 0x00000000582f9000 	E:\Java\jdk1.8.0_60\jre\bin\server\jvm.dll
0x00007ffbfafb0000 - 0x00007ffbfafb9000 	C:\WINDOWS\SYSTEM32\WSOCK32.dll
0x00007ffc03090000 - 0x00007ffc030b2000 	C:\WINDOWS\SYSTEM32\WINMM.dll
0x00007ffc030c0000 - 0x00007ffc030ca000 	C:\WINDOWS\SYSTEM32\VERSION.dll
0x00007ffc062c0000 - 0x00007ffc062c7000 	C:\WINDOWS\system32\PSAPI.DLL
0x00007ffc06260000 - 0x00007ffc062ba000 	C:\WINDOWS\system32\WS2_32.dll
0x00007ffc02ea0000 - 0x00007ffc02eca000 	C:\WINDOWS\SYSTEM32\WINMMBASE.dll
0x00007ffc05ce0000 - 0x00007ffc05ce9000 	C:\WINDOWS\system32\NSI.dll
0x00007ffc05030000 - 0x00007ffc0507f000 	C:\WINDOWS\SYSTEM32\cfgmgr32.dll
0x00007ffc03960000 - 0x00007ffc03988000 	C:\WINDOWS\SYSTEM32\DEVOBJ.dll
0x0000000057a60000 - 0x0000000057a6f000 	E:\Java\jdk1.8.0_60\jre\bin\verify.dll
0x0000000057a30000 - 0x0000000057a59000 	E:\Java\jdk1.8.0_60\jre\bin\java.dll
0x0000000057a10000 - 0x0000000057a26000 	E:\Java\jdk1.8.0_60\jre\bin\zip.dll
0x00007ffbfee80000 - 0x00007ffbff009000 	C:\WINDOWS\SYSTEM32\dbghelp.dll

VM Arguments:
jvm_args: -Xmx1024M -Dfile.encoding=windows-1251 -Duser.country=RU -Duser.language=ru -Duser.variant 
java_command: com.android.dx.command.Main --dex --num-threads=4 --output E:\Android\AndroidStudioProjects\LoftblogMoneyTracker\app\build\intermediates\pre-dexed\debug\retrofit-1.9.0-36267d02236be5f5e3181af5cbed035765687fc1.jar C:\Users\Àëåêñàíäð\.gradle\caches\modules-2\files-2.1\com.squareup.retrofit\retrofit\1.9.0\a681c044244d9fc375198588297a39ba78028423\retrofit-1.9.0.jar
java_class_path (initial): E:\Android\sdk\build-tools\23.0.0\lib\dx.jar
Launcher Type: SUN_STANDARD

Environment Variables:
PATH=C:\ProgramData\Oracle\Java\javapath;C:\WINDOWS\system32;C:\WINDOWS;C:\WINDOWS\System32\Wbem;C:\WINDOWS\System32\WindowsPowerShell\v1.0\;C:\Program Files (x86)\Common Files\Acronis\SnapAPI\;C:\Program Files (x86)\Common Files\Autodesk Shared\;C:\Program Files\Microsoft\Web Platform Installer\;C:\Program Files (x86)\Microsoft ASP.NET\ASP.NET Web Pages\v1.0\;C:\Program Files\Microsoft SQL Server\110\Tools\Binn\;C:\Program Files\Common Files\Autodesk Shared\;C:\Program Files (x86)\NVIDIA Corporation\PhysX\Common;C:\Program Files (x86)\Skype\Phone\;C:\Program Files (x86)\Common Files\Acronis\TibMounter64
USERNAME=Àëåêñàíäð
OS=Windows_NT
PROCESSOR_IDENTIFIER=Intel64 Family 6 Model 15 Stepping 11, GenuineIntel



---------------  S Y S T E M  ---------------

OS: Windows 8.1 , 64 bit Build 9600 (6.3.9600.17415)

CPU:total 4 (4 cores per cpu, 1 threads per core) family 6 model 15 stepping 11, cmov, cx8, fxsr, mmx, sse, sse2, sse3, ssse3, tsc

Memory: 4k page, physical 8387492k(1098664k free), swap 16996044k(5045000k free)

vm_info: Java HotSpot(TM) 64-Bit Server VM (25.60-b23) for windows-amd64 JRE (1.8.0_60-b27), built on Aug  4 2015 11:06:27 by "java_re" with MS VC++ 10.0 (VS2010)

time: Tue Oct 06 03:03:01 2015
elapsed time: 13 seconds (0d 0h 0m 13s)

