#
# A fatal error has been detected by the Java Runtime Environment:
#
#  EXCEPTION_ACCESS_VIOLATION (0xc0000005) at pc=0xffffffffa3645120, pid=10036, tid=236
#
# JRE version: Java(TM) SE Runtime Environment (8.0_60-b27) (build 1.8.0_60-b27)
# Java VM: Java HotSpot(TM) 64-Bit Server VM (25.60-b23 mixed mode windows-amd64 compressed oops)
# Problematic frame:
# C  0xffffffffa3645120
#
# Failed to write core dump. Minidumps are not enabled by default on client versions of Windows
#
# If you would like to submit a bug report, please visit:
#   http://bugreport.java.com/bugreport/crash.jsp
#

---------------  T H R E A D  ---------------

Current thread (0x0000000002543800):  JavaThread "main" [_thread_in_Java, id=236, stack(0x0000000002440000,0x0000000002540000)]

siginfo: ExceptionCode=0xc0000005, ExceptionInformation=0x0000000000000008 0xffffffffa3645120

Registers:
RAX=0x00000000000001f6, RBX=0x00000000ef100de0, RCX=0x0000000100099900, RDX=0x00000000ee7d53d8
RSP=0x000000000253f0d8, RBP=0x000000000253f2b8, RSI=0x00000000000002b8, RDI=0x0000000000002687
R8 =0x00000000000001f6, R9 =0x00000000ee7d53d8, R10=0x00000000ef100e20, R11=0x000000002000edf6
R12=0x0000000000000000, R13=0x00000000ef100e30, R14=0x0000000000000000, R15=0x0000000002543800
RIP=0xffffffffa3645120, EFLAGS=0x0000000000010206

Top of Stack: (sp=0x000000000253f0d8)
0x000000000253f0d8:   0000000002f18f6c ffffffffffffffff
0x000000000253f0e8:   0000000014810920 0000000002437890
0x000000000253f0f8:   0000000002543800 0000000000000039
0x000000000253f108:   00000000026477b0 0000000000000015
0x000000000253f118:   0000000000000000 0000000000000000
0x000000000253f128:   0000000002543800 0000000000000000
0x000000000253f138:   000000001478ff10 0000000002543800
0x000000000253f148:   000000001478ff10 0000000002543800
0x000000000253f158:   000000000253f2f0 000000000253f268
0x000000000253f168:   0000000000000000 0000000002efde60
0x000000000253f178:   0000000076e420f0 0000000000019242
0x000000000253f188:   00000000ef571080 00000000ef543758
0x000000000253f198:   00000000c0173140 00000000ef542df8
0x000000000253f1a8:   00000000ee7d53d8 00000d6e000001f6
0x000000000253f1b8:   00000000ee7d53d8 00000000ee7d53d8
0x000000000253f1c8:   0000000000000003 000000000253f2b8 

Instructions: (pc=0xffffffffa3645120)
0xffffffffa3645100:   
[error occurred during error reporting (printing registers, top of stack, instructions near pc), id 0xc0000005]

Register to memory mapping:

RAX=0x00000000000001f6 is an unknown value
RBX=0x00000000ef100de0 is an oop
com.android.dx.rop.type.Type 
 - klass: 'com/android/dx/rop/type/Type'
RCX=0x0000000100099900 is pointing into metadata
RDX=0x00000000ee7d53d8 is an oop
com.android.dx.util.ByteArrayAnnotatedOutput 
 - klass: 'com/android/dx/util/ByteArrayAnnotatedOutput'
RSP=0x000000000253f0d8 is pointing into the stack for thread: 0x0000000002543800
RBP=0x000000000253f2b8 is pointing into the stack for thread: 0x0000000002543800
RSI=0x00000000000002b8 is an unknown value
RDI=0x0000000000002687 is an unknown value
R8 =0x00000000000001f6 is an unknown value
R9 =0x00000000ee7d53d8 is an oop
com.android.dx.util.ByteArrayAnnotatedOutput 
 - klass: 'com/android/dx/util/ByteArrayAnnotatedOutput'
R10=0x00000000ef100e20 is an oop
[C 
 - klass: {type array char}
 - length: 1
R11=0x000000002000edf6 is an unknown value
R12=0x0000000000000000 is an unknown value
R13=0x00000000ef100e30 is an oop

[error occurred during error reporting (printing register info), id 0xc0000005]

Stack: [0x0000000002440000,0x0000000002540000],  sp=0x000000000253f0d8,  free space=1020k
Native frames: (J=compiled Java code, j=interpreted, Vv=VM code, C=native code)
C  0xffffffffa3645120


---------------  P R O C E S S  ---------------

Java Threads: ( => current thread )
  0x0000000014d6d800 JavaThread "Service Thread" daemon [_thread_blocked, id=2504, stack(0x0000000016a40000,0x0000000016b40000)]
  0x0000000014d27000 JavaThread "C1 CompilerThread2" daemon [_thread_blocked, id=11096, stack(0x0000000016540000,0x0000000016640000)]
  0x0000000014d18800 JavaThread "C2 CompilerThread1" daemon [_thread_blocked, id=10252, stack(0x0000000016440000,0x0000000016540000)]
  0x0000000014d13000 JavaThread "C2 CompilerThread0" daemon [_thread_in_native, id=10632, stack(0x0000000016340000,0x0000000016440000)]
  0x0000000014d11800 JavaThread "Attach Listener" daemon [_thread_blocked, id=9316, stack(0x0000000016240000,0x0000000016340000)]
  0x0000000014d10000 JavaThread "Signal Dispatcher" daemon [_thread_blocked, id=10308, stack(0x0000000016140000,0x0000000016240000)]
  0x000000000263b000 JavaThread "Finalizer" daemon [_thread_blocked, id=8984, stack(0x0000000015f60000,0x0000000016060000)]
  0x0000000002631800 JavaThread "Reference Handler" daemon [_thread_blocked, id=1064, stack(0x0000000015e60000,0x0000000015f60000)]
=>0x0000000002543800 JavaThread "main" [_thread_in_Java, id=236, stack(0x0000000002440000,0x0000000002540000)]

Other Threads:
  0x0000000014cd6800 VMThread [stack: 0x0000000015d60000,0x0000000015e60000] [id=4644]
  0x000000001668e000 WatcherThread [stack: 0x0000000016b40000,0x0000000016c40000] [id=9912]

VM state:not at safepoint (normal execution)

VM Mutex/Monitor currently owned by a thread: None

Heap:
 PSYoungGen      total 71680K, used 68098K [0x00000000eab00000, 0x00000000ef600000, 0x0000000100000000)
  eden space 66560K, 94% used [0x00000000eab00000,0x00000000ee884bb0,0x00000000eec00000)
  from space 5120K, 99% used [0x00000000ef100000,0x00000000ef5fbf50,0x00000000ef600000)
  to   space 5120K, 0% used [0x00000000eec00000,0x00000000eec00000,0x00000000ef100000)
 ParOldGen       total 87552K, used 9170K [0x00000000c0000000, 0x00000000c5580000, 0x00000000eab00000)
  object space 87552K, 10% used [0x00000000c0000000,0x00000000c08f4850,0x00000000c5580000)
 Metaspace       used 6675K, capacity 7568K, committed 7936K, reserved 1056768K
  class space    used 615K, capacity 648K, committed 768K, reserved 1048576K

Card table byte_map: [0x0000000011a00000,0x0000000011c10000] byte_map_base: 0x0000000011400000

Marking Bits: (ParMarkBitMap*) 0x0000000076e5a5b0
 Begin Bits: [0x0000000012170000, 0x0000000013170000)
 End Bits:   [0x0000000013170000, 0x0000000014170000)

Polling page: 0x0000000000ae0000

CodeCache: size=245760Kb used=9053Kb max_used=9064Kb free=236706Kb
 bounds [0x0000000002640000, 0x0000000002f30000, 0x0000000011640000]
 total_blobs=2570 nmethods=2301 adapters=183
 compilation: enabled

Compilation events (10 events):
Event: 2.707 Thread 0x0000000014d27000 2311       3       com.android.dx.dex.file.FieldIdItem::getTypoidIdx (17 bytes)
Event: 2.707 Thread 0x0000000014d27000 nmethod 2311 0x0000000002f07f90 code [0x0000000002f08140, 0x0000000002f08978]
Event: 2.712 Thread 0x0000000014d18800 nmethod 2279 0x0000000002f1db50 code [0x0000000002f1dce0, 0x0000000002f1e258]
Event: 2.712 Thread 0x0000000014d18800 2315       4       com.android.dx.dex.file.TypeIdsSection::indexOf (66 bytes)
Event: 2.715 Thread 0x0000000014d18800 nmethod 2315 0x0000000002f1bed0 code [0x0000000002f1c020, 0x0000000002f1c258]
Event: 2.715 Thread 0x0000000014d18800 2316       4       com.android.dx.util.ByteArrayAnnotatedOutput::writeShort (64 bytes)
Event: 2.716 Thread 0x0000000014d13000 nmethod 2280 0x0000000002f1f110 code [0x0000000002f1f2c0, 0x0000000002f1f930]
Event: 2.716 Thread 0x0000000014d13000 2314       4       com.android.dx.util.ByteArrayAnnotatedOutput::writeInt (90 bytes)
Event: 2.716 Thread 0x0000000014d18800 nmethod 2316 0x0000000002f06390 code [0x0000000002f064e0, 0x0000000002f06638]
Event: 2.716 Thread 0x0000000014d18800 2313       4       com.android.dx.util.ByteArrayAnnotatedOutput::alignTo (69 bytes)

GC Heap History (4 events):
Event: 1.112 GC heap before
{Heap before GC invocations=1 (full 0):
 PSYoungGen      total 38400K, used 33280K [0x00000000eab00000, 0x00000000ed580000, 0x0000000100000000)
  eden space 33280K, 100% used [0x00000000eab00000,0x00000000ecb80000,0x00000000ecb80000)
  from space 5120K, 0% used [0x00000000ed080000,0x00000000ed080000,0x00000000ed580000)
  to   space 5120K, 0% used [0x00000000ecb80000,0x00000000ecb80000,0x00000000ed080000)
 ParOldGen       total 87552K, used 0K [0x00000000c0000000, 0x00000000c5580000, 0x00000000eab00000)
  object space 87552K, 0% used [0x00000000c0000000,0x00000000c0000000,0x00000000c5580000)
 Metaspace       used 5755K, capacity 6960K, committed 7040K, reserved 1056768K
  class space    used 566K, capacity 616K, committed 640K, reserved 1048576K
Event: 1.136 GC heap after
Heap after GC invocations=1 (full 0):
 PSYoungGen      total 38400K, used 5101K [0x00000000eab00000, 0x00000000ef600000, 0x0000000100000000)
  eden space 33280K, 0% used [0x00000000eab00000,0x00000000eab00000,0x00000000ecb80000)
  from space 5120K, 99% used [0x00000000ecb80000,0x00000000ed07b6a0,0x00000000ed080000)
  to   space 5120K, 0% used [0x00000000ef100000,0x00000000ef100000,0x00000000ef600000)
 ParOldGen       total 87552K, used 3732K [0x00000000c0000000, 0x00000000c5580000, 0x00000000eab00000)
  object space 87552K, 4% used [0x00000000c0000000,0x00000000c03a5020,0x00000000c5580000)
 Metaspace       used 5755K, capacity 6960K, committed 7040K, reserved 1056768K
  class space    used 566K, capacity 616K, committed 640K, reserved 1048576K
}
Event: 1.741 GC heap before
{Heap before GC invocations=2 (full 0):
 PSYoungGen      total 38400K, used 38381K [0x00000000eab00000, 0x00000000ef600000, 0x0000000100000000)
  eden space 33280K, 100% used [0x00000000eab00000,0x00000000ecb80000,0x00000000ecb80000)
  from space 5120K, 99% used [0x00000000ecb80000,0x00000000ed07b6a0,0x00000000ed080000)
  to   space 5120K, 0% used [0x00000000ef100000,0x00000000ef100000,0x00000000ef600000)
 ParOldGen       total 87552K, used 3732K [0x00000000c0000000, 0x00000000c5580000, 0x00000000eab00000)
  object space 87552K, 4% used [0x00000000c0000000,0x00000000c03a5020,0x00000000c5580000)
 Metaspace       used 6019K, capacity 7152K, committed 7296K, reserved 1056768K
  class space    used 579K, capacity 616K, committed 640K, reserved 1048576K
Event: 1.785 GC heap after
Heap after GC invocations=2 (full 0):
 PSYoungGen      total 71680K, used 5103K [0x00000000eab00000, 0x00000000ef600000, 0x0000000100000000)
  eden space 66560K, 0% used [0x00000000eab00000,0x00000000eab00000,0x00000000eec00000)
  from space 5120K, 99% used [0x00000000ef100000,0x00000000ef5fbf50,0x00000000ef600000)
  to   space 5120K, 0% used [0x00000000eec00000,0x00000000eec00000,0x00000000ef100000)
 ParOldGen       total 87552K, used 9170K [0x00000000c0000000, 0x00000000c5580000, 0x00000000eab00000)
  object space 87552K, 10% used [0x00000000c0000000,0x00000000c08f4850,0x00000000c5580000)
 Metaspace       used 6019K, capacity 7152K, committed 7296K, reserved 1056768K
  class space    used 579K, capacity 616K, committed 640K, reserved 1048576K
}

Deoptimization events (10 events):
Event: 2.380 Thread 0x0000000002543800 Uncommon trap: reason=class_check action=maybe_recompile pc=0x00000000029226dc method=java.util.HashMap.putVal(ILjava/lang/Object;Ljava/lang/Object;ZZ)Ljava/lang/Object; @ 203
Event: 2.380 Thread 0x0000000002543800 Uncommon trap: reason=class_check action=maybe_recompile pc=0x00000000029226dc method=java.util.HashMap.putVal(ILjava/lang/Object;Ljava/lang/Object;ZZ)Ljava/lang/Object; @ 203
Event: 2.380 Thread 0x0000000002543800 Uncommon trap: reason=class_check action=maybe_recompile pc=0x00000000029226dc method=java.util.HashMap.putVal(ILjava/lang/Object;Ljava/lang/Object;ZZ)Ljava/lang/Object; @ 203
Event: 2.380 Thread 0x0000000002543800 Uncommon trap: reason=class_check action=maybe_recompile pc=0x00000000029226dc method=java.util.HashMap.putVal(ILjava/lang/Object;Ljava/lang/Object;ZZ)Ljava/lang/Object; @ 203
Event: 2.380 Thread 0x0000000002543800 Uncommon trap: reason=class_check action=maybe_recompile pc=0x00000000029216d0 method=java.util.HashMap.putVal(ILjava/lang/Object;Ljava/lang/Object;ZZ)Ljava/lang/Object; @ 203
Event: 2.620 Thread 0x0000000002543800 Uncommon trap: reason=unstable_if action=reinterpret pc=0x0000000002e52900 method=com.android.dx.dex.code.OutputFinisher.findOpcodeForInsn(Lcom/android/dx/dex/code/DalvInsn;Lcom/android/dx/dex/code/Dop;)Lcom/android/dx/dex/code/Dop; @ 1
Event: 2.633 Thread 0x0000000002543800 Uncommon trap: reason=unstable_if action=reinterpret pc=0x0000000002e9d718 method=java.util.ArrayList.<init>(I)V @ 5
Event: 2.658 Thread 0x0000000002543800 Uncommon trap: reason=unstable_if action=reinterpret pc=0x0000000002ebf668 method=com.android.dx.util.ByteArrayAnnotatedOutput.ensureCapacity(I)V @ 6
Event: 2.659 Thread 0x0000000002543800 Uncommon trap: reason=unstable_if action=reinterpret pc=0x0000000002ebf95c method=com.android.dx.util.ByteArrayAnnotatedOutput.ensureCapacity(I)V @ 6
Event: 2.695 Thread 0x0000000002543800 Uncommon trap: reason=unstable_if action=reinterpret pc=0x0000000002edfc50 method=com.android.dx.util.ByteArrayAnnotatedOutput.writeByte(I)V @ 13

Internal exceptions (3 events):
Event: 0.038 Thread 0x0000000002543800 Exception <a 'java/lang/NoSuchMethodError': Method sun.misc.Unsafe.defineClass(Ljava/lang/String;[BII)Ljava/lang/Class; name or signature does not match> (0x00000000eab130a8) thrown at [C:\re\workspace\8-2-build-windows-amd64-cygwin\jdk8u60\4407\hotspot\sr†êß¡©£?
Event: 0.038 Thread 0x0000000002543800 Exception <a 'java/lang/NoSuchMethodError': Method sun.misc.Unsafe.prefetchRead(Ljava/lang/Object;J)V name or signature does not match> (0x00000000eab13390) thrown at [C:\re\workspace\8-2-build-windows-amd64-cygwin\jdk8u60\4407\hotspot\src\share\vm\prims\jÇyC›xˆ?
Event: 1.405 Thread 0x00000000167ae800 Implicit null exception at 0x0000000002ba19a2 to 0x0000000002ba1a41

Events (10 events):
Event: 2.659 Thread 0x0000000002543800 Uncommon trap: trap_request=0xffffff65 fr.pc=0x0000000002ebf95c
Event: 2.659 Thread 0x0000000002543800 DEOPT PACKING pc=0x0000000002ebf95c sp=0x000000000253ef70
Event: 2.659 Thread 0x0000000002543800 DEOPT UNPACKING pc=0x000000000268556a sp=0x000000000253eef8 mode 2
Event: 2.686 loading class com/android/dx/dex/file/MapItem
Event: 2.686 loading class com/android/dx/dex/file/MapItem done
Event: 2.694 loading class com/android/dex/DexFormat
Event: 2.694 loading class com/android/dex/DexFormat done
Event: 2.695 Thread 0x0000000002543800 Uncommon trap: trap_request=0xffffff65 fr.pc=0x0000000002edfc50
Event: 2.695 Thread 0x0000000002543800 DEOPT PACKING pc=0x0000000002edfc50 sp=0x000000000253f140
Event: 2.695 Thread 0x0000000002543800 DEOPT UNPACKING pc=0x000000000268556a sp=0x000000000253f128 mode 2


Dynamic libraries:
0x00007ff7f5fe0000 - 0x00007ff7f6017000 	E:\Java\jdk1.8.0_60\bin\java.exe
0x00007ff86a1e0000 - 0x00007ff86a38c000 	C:\WINDOWS\SYSTEM32\ntdll.dll
0x00007ff867860000 - 0x00007ff86799e000 	C:\WINDOWS\system32\KERNEL32.DLL
0x00007ff8675e0000 - 0x00007ff8676f5000 	C:\WINDOWS\system32\KERNELBASE.dll
0x00007ff8658e0000 - 0x00007ff86596e000 	C:\WINDOWS\system32\apphelp.dll
0x00007ff853770000 - 0x00007ff8537c3000 	C:\WINDOWS\AppPatch\AppPatch64\AcGenral.DLL
0x00007ff8696a0000 - 0x00007ff86974a000 	C:\WINDOWS\system32\msvcrt.dll
0x00007ff867100000 - 0x00007ff86712e000 	C:\WINDOWS\SYSTEM32\SspiCli.dll
0x00007ff869750000 - 0x00007ff8697a4000 	C:\WINDOWS\system32\SHLWAPI.dll
0x00007ff869500000 - 0x00007ff869677000 	C:\WINDOWS\system32\USER32.dll
0x00007ff867d10000 - 0x00007ff867ea4000 	C:\WINDOWS\system32\ole32.dll
0x00007ff867f60000 - 0x00007ff86948b000 	C:\WINDOWS\system32\SHELL32.dll
0x00007ff8668d0000 - 0x00007ff8668f1000 	C:\WINDOWS\SYSTEM32\USERENV.dll
0x00007ff867eb0000 - 0x00007ff867f5a000 	C:\WINDOWS\system32\ADVAPI32.dll
0x00007ff85eb70000 - 0x00007ff85eb8e000 	C:\WINDOWS\SYSTEM32\MPR.dll
0x00007ff869ba0000 - 0x00007ff869ce1000 	C:\WINDOWS\system32\RPCRT4.dll
0x00007ff869cf0000 - 0x00007ff869d49000 	C:\WINDOWS\SYSTEM32\sechost.dll
0x00007ff8679a0000 - 0x00007ff867bb1000 	C:\WINDOWS\SYSTEM32\combase.dll
0x00007ff867bc0000 - 0x00007ff867d0f000 	C:\WINDOWS\system32\GDI32.dll
0x00007ff867330000 - 0x00007ff867345000 	C:\WINDOWS\SYSTEM32\profapi.dll
0x00007ff865e80000 - 0x00007ff865f32000 	C:\WINDOWS\SYSTEM32\SHCORE.dll
0x00007ff869d50000 - 0x00007ff869d86000 	C:\WINDOWS\system32\IMM32.DLL
0x00007ff86a070000 - 0x00007ff86a1c2000 	C:\WINDOWS\system32\MSCTF.dll
0x00007ff8646a0000 - 0x00007ff86491b000 	C:\WINDOWS\WinSxS\amd64_microsoft.windows.common-controls_6595b64144ccf1df_6.0.9600.18006_none_623f33d3ecbe86e8\COMCTL32.dll
0x00000000760f0000 - 0x00000000761c2000 	E:\Java\jdk1.8.0_60\jre\bin\msvcr100.dll
0x0000000076650000 - 0x0000000076ed9000 	E:\Java\jdk1.8.0_60\jre\bin\server\jvm.dll
0x00007ff865840000 - 0x00007ff865849000 	C:\WINDOWS\SYSTEM32\WSOCK32.dll
0x00007ff865800000 - 0x00007ff865822000 	C:\WINDOWS\SYSTEM32\WINMM.dll
0x00007ff865830000 - 0x00007ff86583a000 	C:\WINDOWS\SYSTEM32\VERSION.dll
0x00007ff869490000 - 0x00007ff869497000 	C:\WINDOWS\system32\PSAPI.DLL
0x00007ff8694a0000 - 0x00007ff8694fa000 	C:\WINDOWS\system32\WS2_32.dll
0x00007ff863480000 - 0x00007ff8634aa000 	C:\WINDOWS\SYSTEM32\WINMMBASE.dll
0x00007ff86a1d0000 - 0x00007ff86a1d9000 	C:\WINDOWS\system32\NSI.dll
0x00007ff867760000 - 0x00007ff8677af000 	C:\WINDOWS\SYSTEM32\cfgmgr32.dll
0x00007ff866120000 - 0x00007ff866148000 	C:\WINDOWS\SYSTEM32\DEVOBJ.dll
0x0000000050010000 - 0x000000005001f000 	E:\Java\jdk1.8.0_60\jre\bin\verify.dll
0x0000000076620000 - 0x0000000076649000 	E:\Java\jdk1.8.0_60\jre\bin\java.dll
0x0000000076600000 - 0x0000000076616000 	E:\Java\jdk1.8.0_60\jre\bin\zip.dll
0x00007ff863a70000 - 0x00007ff863bf9000 	C:\WINDOWS\SYSTEM32\dbghelp.dll

VM Arguments:
jvm_args: -Xmx1024M -Dfile.encoding=windows-1251 -Duser.country=RU -Duser.language=ru -Duser.variant 
java_command: com.android.dx.command.Main --dex --num-threads=4 --output E:\Android\AndroidStudioProjects\LoftblogMoneyTracker\app\build\intermediates\dex\debug E:\Android\AndroidStudioProjects\LoftblogMoneyTracker\app\build\intermediates\classes\debug E:\Android\AndroidStudioProjects\LoftblogMoneyTracker\app\build\intermediates\pre-dexed\debug\support-annotations-23.0.1-e6941ffc9cbf1270b1623cf686ba7082dcc4df08.jar E:\Android\AndroidStudioProjects\LoftblogMoneyTracker\app\build\intermediates\pre-dexed\debug\classes-8feaabbfb5bdbff71ed9eb50acb4a8fe317bd8e4.jar E:\Android\AndroidStudioProjects\LoftblogMoneyTracker\app\build\intermediates\pre-dexed\debug\classes-8c1319393e271eff68e10a9dcae07a2783f674be.jar E:\Android\AndroidStudioProjects\LoftblogMoneyTracker\app\build\intermediates\pre-dexed\debug\internal_impl-22.2.0-0e6d9ecdf28e1d5717a3b05e5efcbaa26aefd913.jar E:\Android\AndroidStudioProjects\LoftblogMoneyTracker\app\build\intermediates\pre-dexed\debug\classes-96a27b206b99b387079686bb2c6db4d651bf67b0.jar E:\Android\AndroidStudioProjects\LoftblogMoneyTracker\app\build\intermediates\pre-dexed\debug\classes-b570df61e751229d205547820db2b138f3d2f62b.jar E:\Android\AndroidStudioProjects\LoftblogMoneyTracker\app\build\intermediates\pre-dexed\debug\classes-52b7275268a9e54f348a2faeff70a90613f238e9.jar E:\Android\AndroidStudioProjects\LoftblogMoneyTracker\app\build\intermediates\pre-dexed\debug\classes-472fb590b2ae42e351cdbbab4f5c927f6cbdb130.jar E:\Android\AndroidStudioProjects\LoftblogMoneyTracker\app\build\intermediates\pre-dexed\debug\classes-352d93e2966ff5ab712c233f0fb1f206edd2d56d.jar E:\Android\AndroidStudioProjects\LoftblogMoneyTracker\app\build\intermediates\pre-dexed\debug\classes-de409459780203812a068d576aa5d4d22ec493da.jar E:\Android\AndroidStudioProjects\LoftblogMoneyTracker\app\build\intermediates\pre-dexed\debug\classes-929da88a3328213b151763d457f179989be7055b.jar E:\Android\AndroidStudioProjects\LoftblogMoneyTracker\app\build\intermediates\pre-dexed\debug\ac
java_class_path (initial): E:\Android\sdk\build-tools\23.0.0\lib\dx.jar
Launcher Type: SUN_STANDARD

Environment Variables:
PATH=C:\ProgramData\Oracle\Java\javapath;C:\WINDOWS\system32;C:\WINDOWS;C:\WINDOWS\System32\Wbem;C:\WINDOWS\System32\WindowsPowerShell\v1.0\;C:\Program Files (x86)\Common Files\Acronis\SnapAPI\;C:\Program Files (x86)\Common Files\Autodesk Shared\;C:\Program Files\Microsoft\Web Platform Installer\;C:\Program Files (x86)\Microsoft ASP.NET\ASP.NET Web Pages\v1.0\;C:\Program Files\Microsoft SQL Server\110\Tools\Binn\;C:\Program Files\Common Files\Autodesk Shared\;C:\Program Files (x86)\NVIDIA Corporation\PhysX\Common;C:\Program Files (x86)\Skype\Phone\
USERNAME=¿ÎÂÍÒ‡Ì‰
OS=Windows_NT
PROCESSOR_IDENTIFIER=Intel64 Family 6 Model 15 Stepping 11, GenuineIntel



---------------  S Y S T E M  ---------------

OS: Windows 8.1 , 64 bit Build 9600 (6.3.9600.17415)

CPU:total 4 (4 cores per cpu, 1 threads per core) family 6 model 15 stepping 11, cmov, cx8, fxsr, mmx, sse, sse2, sse3, ssse3, tsc

Memory: 4k page, physical 8387492k(1759804k free), swap 16776356k(2738932k free)

vm_info: Java HotSpot(TM) 64-Bit Server VM (25.60-b23) for windows-amd64 JRE (1.8.0_60-b27), built on Aug  4 2015 11:06:27 by "java_re" with MS VC++ 10.0 (VS2010)

time: Thu Oct 29 00:59:57 2015
elapsed time: 2 seconds (0d 0h 0m 2s)

