#
# A fatal error has been detected by the Java Runtime Environment:
#
#  EXCEPTION_ACCESS_VIOLATION (0xc0000005) at pc=0xffffffffa3845120, pid=10824, tid=11912
#
# JRE version: Java(TM) SE Runtime Environment (8.0_60-b27) (build 1.8.0_60-b27)
# Java VM: Java HotSpot(TM) 64-Bit Server VM (25.60-b23 mixed mode windows-amd64 compressed oops)
# Problematic frame:
# C  0xffffffffa3845120
#
# Failed to write core dump. Minidumps are not enabled by default on client versions of Windows
#
# If you would like to submit a bug report, please visit:
#   http://bugreport.java.com/bugreport/crash.jsp
#

---------------  T H R E A D  ---------------

Current thread (0x0000000002740800):  JavaThread "main" [_thread_in_Java, id=11912, stack(0x0000000002640000,0x0000000002740000)]

siginfo: ExceptionCode=0xc0000005, ExceptionInformation=0x0000000000000008 0xffffffffa3845120

Registers:
RAX=0x0000000014841818, RBX=0x0000000014841818, RCX=0x00000000ebe15ca0, RDX=0x00000000ebe15ca0
RSP=0x000000000273ee48, RBP=0x000000000273eea8, RSI=0x0000000000000108, RDI=0x0000000000000458
R8 =0x0000000000000004, R9 =0x00000000025477c0, R10=0x00000000582620f0, R11=0x0000000002ad1980
R12=0x0000000000000000, R13=0x000000000273ee60, R14=0x000000000273eee0, R15=0x0000000002740800
RIP=0xffffffffa3845120, EFLAGS=0x0000000000010206

Top of Stack: (sp=0x000000000273ee48)
0x000000000273ee48:   0000000002847245 0000000000000003
0x000000000273ee58:   0000000002847245 00000000ebe15ca0
0x000000000273ee68:   000000000273ee68 0000000014990a47
0x000000000273ee78:   000000000273eee0 0000000014990fd0
0x000000000273ee88:   0000000000000000 0000000014990ac8
0x000000000273ee98:   000000000273ee60 000000000273eed8
0x000000000273eea8:   000000000273ef28 0000000002847a2d
0x000000000273eeb8:   00000000ecbebda0 00000000ebe15ca0
0x000000000273eec8:   0000000000000004 00000000ecb81188
0x000000000273eed8:   00000000ebe134e0 00000000ecbe9068
0x000000000273eee8:   000000000273eee8 000000001498caeb
0x000000000273eef8:   000000000273ef48 0000000014990c98
0x000000000273ef08:   0000000000000000 000000001498cb30
0x000000000273ef18:   000000000273eed8 000000000273ef40
0x000000000273ef28:   000000000273ef90 0000000002847a2d
0x000000000273ef38:   0000000000000070 00000000ebe134e0 

Instructions: (pc=0xffffffffa3845120)
0xffffffffa3845100:   
[error occurred during error reporting (printing registers, top of stack, instructions near pc), id 0xc0000005]

Register to memory mapping:

RAX={method} {0x0000000014841820} 'hasNext' '()Z' in 'java/util/TreeMap$PrivateEntryIterator'
RBX={method} {0x0000000014841820} 'hasNext' '()Z' in 'java/util/TreeMap$PrivateEntryIterator'
RCX=0x00000000ebe15ca0 is an oop
java.util.TreeMap$ValueIterator 
 - klass: 'java/util/TreeMap$ValueIterator'
RDX=0x00000000ebe15ca0 is an oop
java.util.TreeMap$ValueIterator 
 - klass: 'java/util/TreeMap$ValueIterator'
RSP=0x000000000273ee48 is pointing into the stack for thread: 0x0000000002740800
RBP=0x000000000273eea8 is pointing into the stack for thread: 0x0000000002740800
RSI=0x0000000000000108 is an unknown value
RDI=0x0000000000000458 is an unknown value
R8 =0x0000000000000004 is an unknown value
R9 =0x00000000025477c0 is an unknown value
R10=0x00000000582620f0 is an unknown value
R11=0x0000000002ad1980 is at entry_point+32 in (nmethod*)0x0000000002ad1810
R12=0x0000000000000000 is an unknown value
R13=0x000000000273ee60 is pointing into the stack for thread: 0x0000000002740800
R14=0x000000000273eee0 is pointing into the stack for thread: 0x0000000002740800
R15=0x0000000002740800 is a thread


Stack: [0x0000000002640000,0x0000000002740000],  sp=0x000000000273ee48,  free space=1019k
Native frames: (J=compiled Java code, j=interpreted, Vv=VM code, C=native code)
C  0xffffffffa3845120


---------------  P R O C E S S  ---------------

Java Threads: ( => current thread )
  0x0000000016775000 JavaThread "Service Thread" daemon [_thread_blocked, id=9588, stack(0x0000000016b70000,0x0000000016c70000)]
  0x0000000014f6e000 JavaThread "C1 CompilerThread2" daemon [_thread_blocked, id=8696, stack(0x0000000016670000,0x0000000016770000)]
  0x0000000014f68000 JavaThread "C2 CompilerThread1" daemon [_thread_in_native, id=11488, stack(0x0000000016570000,0x0000000016670000)]
  0x0000000014f0e800 JavaThread "C2 CompilerThread0" daemon [_thread_blocked, id=11424, stack(0x0000000016470000,0x0000000016570000)]
  0x0000000014f0d000 JavaThread "Attach Listener" daemon [_thread_blocked, id=10084, stack(0x0000000016370000,0x0000000016470000)]
  0x0000000014f0c000 JavaThread "Signal Dispatcher" daemon [_thread_blocked, id=8788, stack(0x0000000016270000,0x0000000016370000)]
  0x0000000002836000 JavaThread "Finalizer" daemon [_thread_blocked, id=12948, stack(0x0000000016170000,0x0000000016270000)]
  0x000000000282c000 JavaThread "Reference Handler" daemon [_thread_blocked, id=12892, stack(0x0000000016070000,0x0000000016170000)]
=>0x0000000002740800 JavaThread "main" [_thread_in_Java, id=11912, stack(0x0000000002640000,0x0000000002740000)]

Other Threads:
  0x0000000014ed6000 VMThread [stack: 0x0000000015f70000,0x0000000016070000] [id=3296]
  0x0000000016781800 WatcherThread [stack: 0x0000000016c70000,0x0000000016d70000] [id=9544]

VM state:not at safepoint (normal execution)

VM Mutex/Monitor currently owned by a thread: None

Heap:
 PSYoungGen      total 38400K, used 24755K [0x00000000eab00000, 0x00000000ef600000, 0x0000000100000000)
  eden space 33280K, 58% used [0x00000000eab00000,0x00000000ebe2cc88,0x00000000ecb80000)
  from space 5120K, 99% used [0x00000000ecb80000,0x00000000ed07ffb0,0x00000000ed080000)
  to   space 5120K, 0% used [0x00000000ef100000,0x00000000ef100000,0x00000000ef600000)
 ParOldGen       total 87552K, used 1291K [0x00000000c0000000, 0x00000000c5580000, 0x00000000eab00000)
  object space 87552K, 1% used [0x00000000c0000000,0x00000000c0142d20,0x00000000c5580000)
 Metaspace       used 6304K, capacity 7280K, committed 7552K, reserved 1056768K
  class space    used 608K, capacity 616K, committed 640K, reserved 1048576K

Card table byte_map: [0x0000000011c00000,0x0000000011e10000] byte_map_base: 0x0000000011600000

Marking Bits: (ParMarkBitMap*) 0x000000005827a5b0
 Begin Bits: [0x0000000012370000, 0x0000000013370000)
 End Bits:   [0x0000000013370000, 0x0000000014370000)

Polling page: 0x0000000000d40000

CodeCache: size=245760Kb used=6655Kb max_used=6667Kb free=239104Kb
 bounds [0x0000000002840000, 0x0000000002ed0000, 0x0000000011840000]
 total_blobs=1963 nmethods=1695 adapters=183
 compilation: enabled

Compilation events (10 events):
Event: 4.347 Thread 0x0000000014f6e000 1698       3       com.android.dx.dex.file.MethodIdItem::itemType (4 bytes)
Event: 4.347 Thread 0x0000000014f0e800 1693       4       java.util.TreeMap::successor (66 bytes)
Event: 4.348 Thread 0x0000000014f6e000 nmethod 1698 0x0000000002ebd6d0 code [0x0000000002ebd820, 0x0000000002ebd970]
Event: 4.348 Thread 0x0000000014f6e000 1699       3       com.android.dx.dex.file.AnnotationItem::itemType (4 bytes)
Event: 4.348 Thread 0x0000000014f6e000 nmethod 1699 0x0000000002ebd390 code [0x0000000002ebd4e0, 0x0000000002ebd630]
Event: 4.349 Thread 0x0000000014f0e800 nmethod 1693 0x0000000002ec3850 code [0x0000000002ec3980, 0x0000000002ec3a38]
Event: 4.349 Thread 0x0000000014f0e800 1695       4       java.util.TreeMap$PrivateEntryIterator::hasNext (13 bytes)
Event: 4.349 Thread 0x0000000014f6e000 1700       3       com.android.dx.dex.file.OffsettedItem::getAbsoluteOffset (29 bytes)
Event: 4.349 Thread 0x0000000014f0e800 nmethod 1695 0x0000000002cc63d0 code [0x0000000002cc6500, 0x0000000002cc6578]
Event: 4.349 Thread 0x0000000014f0e800 1694       4       java.util.TreeMap$PrivateEntryIterator::nextEntry (54 bytes)

GC Heap History (2 events):
Event: 3.447 GC heap before
{Heap before GC invocations=1 (full 0):
 PSYoungGen      total 38400K, used 33280K [0x00000000eab00000, 0x00000000ed580000, 0x0000000100000000)
  eden space 33280K, 100% used [0x00000000eab00000,0x00000000ecb80000,0x00000000ecb80000)
  from space 5120K, 0% used [0x00000000ed080000,0x00000000ed080000,0x00000000ed580000)
  to   space 5120K, 0% used [0x00000000ecb80000,0x00000000ecb80000,0x00000000ed080000)
 ParOldGen       total 87552K, used 0K [0x00000000c0000000, 0x00000000c5580000, 0x00000000eab00000)
  object space 87552K, 0% used [0x00000000c0000000,0x00000000c0000000,0x00000000c5580000)
 Metaspace       used 5904K, capacity 6960K, committed 7040K, reserved 1056768K
  class space    used 585K, capacity 616K, committed 640K, reserved 1048576K
Event: 3.501 GC heap after
Heap after GC invocations=1 (full 0):
 PSYoungGen      total 38400K, used 5119K [0x00000000eab00000, 0x00000000ef600000, 0x0000000100000000)
  eden space 33280K, 0% used [0x00000000eab00000,0x00000000eab00000,0x00000000ecb80000)
  from space 5120K, 99% used [0x00000000ecb80000,0x00000000ed07ffb0,0x00000000ed080000)
  to   space 5120K, 0% used [0x00000000ef100000,0x00000000ef100000,0x00000000ef600000)
 ParOldGen       total 87552K, used 1291K [0x00000000c0000000, 0x00000000c5580000, 0x00000000eab00000)
  object space 87552K, 1% used [0x00000000c0000000,0x00000000c0142d20,0x00000000c5580000)
 Metaspace       used 5904K, capacity 6960K, committed 7040K, reserved 1056768K
  class space    used 585K, capacity 616K, committed 640K, reserved 1048576K
}

Deoptimization events (10 events):
Event: 4.069 Thread 0x0000000002740800 Uncommon trap: reason=class_check action=maybe_recompile pc=0x0000000002d689ac method=java.util.HashMap.putVal(ILjava/lang/Object;Ljava/lang/Object;ZZ)Ljava/lang/Object; @ 203
Event: 4.070 Thread 0x0000000002740800 Uncommon trap: reason=class_check action=maybe_recompile pc=0x0000000002d689ac method=java.util.HashMap.putVal(ILjava/lang/Object;Ljava/lang/Object;ZZ)Ljava/lang/Object; @ 203
Event: 4.070 Thread 0x0000000002740800 Uncommon trap: reason=class_check action=maybe_recompile pc=0x0000000002cf63cc method=java.util.HashMap.putVal(ILjava/lang/Object;Ljava/lang/Object;ZZ)Ljava/lang/Object; @ 203
Event: 4.146 Thread 0x0000000002740800 Uncommon trap: reason=speculate_class_check action=maybe_recompile pc=0x0000000002b938a0 method=com.android.dx.util.FixedSizeList.equals(Ljava/lang/Object;)Z @ 25
Event: 4.146 Thread 0x0000000002740800 Uncommon trap: reason=class_check action=maybe_recompile pc=0x0000000002b979c0 method=java.util.Arrays.equals([Ljava/lang/Object;[Ljava/lang/Object;)Z @ 62
Event: 4.146 Thread 0x0000000002740800 Uncommon trap: reason=speculate_class_check action=maybe_recompile pc=0x0000000002b938a0 method=com.android.dx.util.FixedSizeList.equals(Ljava/lang/Object;)Z @ 25
Event: 4.146 Thread 0x0000000002740800 Uncommon trap: reason=unstable_if action=reinterpret pc=0x0000000002b9799c method=java.util.Arrays.equals([Ljava/lang/Object;[Ljava/lang/Object;)Z @ 23
Event: 4.147 Thread 0x0000000002740800 Uncommon trap: reason=speculate_class_check action=maybe_recompile pc=0x0000000002b938a0 method=com.android.dx.util.FixedSizeList.equals(Ljava/lang/Object;)Z @ 25
Event: 4.147 Thread 0x0000000002740800 Uncommon trap: reason=speculate_class_check action=maybe_recompile pc=0x0000000002b938a0 method=com.android.dx.util.FixedSizeList.equals(Ljava/lang/Object;)Z @ 25
Event: 4.349 Thread 0x0000000002740800 Uncommon trap: reason=unstable_if action=reinterpret pc=0x0000000002ebd0c4 method=com.android.dx.util.ByteArrayAnnotatedOutput.writeByte(I)V @ 13

Internal exceptions (2 events):
Event: 1.053 Thread 0x0000000002740800 Exception <a 'java/lang/NoSuchMethodError': Method sun.misc.Unsafe.defineClass(Ljava/lang/String;[BII)Ljava/lang/Class; name or signature does not match> (0x00000000eab130a8) thrown at [C:\re\workspace\8-2-build-windows-amd64-cygwin\jdk8u60\4407\hotspot\sr5Д¬џ:Ър?
Event: 1.053 Thread 0x0000000002740800 Exception <a 'java/lang/NoSuchMethodError': Method sun.misc.Unsafe.prefetchRead(Ljava/lang/Object;J)V name or signature does not match> (0x00000000eab13390) thrown at [C:\re\workspace\8-2-build-windows-amd64-cygwin\jdk8u60\4407\hotspot\src\share\vm\prims\j

Events (10 events):
Event: 4.339 loading class com/android/dex/EncodedValueCodec done
Event: 4.345 loading class com/android/dx/dex/file/MapItem
Event: 4.345 loading class com/android/dx/dex/file/MapItem done
Event: 4.346 loading class com/android/dx/dex/file/UniformListItem
Event: 4.346 loading class com/android/dx/dex/file/UniformListItem done
Event: 4.348 loading class com/android/dex/DexFormat
Event: 4.348 loading class com/android/dex/DexFormat done
Event: 4.349 Thread 0x0000000002740800 Uncommon trap: trap_request=0xffffff65 fr.pc=0x0000000002ebd0c4
Event: 4.349 Thread 0x0000000002740800 DEOPT PACKING pc=0x0000000002ebd0c4 sp=0x000000000273ed60
Event: 4.349 Thread 0x0000000002740800 DEOPT UNPACKING pc=0x000000000288556a sp=0x000000000273ed18 mode 2


Dynamic libraries:
0x00007ff7626c0000 - 0x00007ff7626f7000 	E:\Java\jdk1.8.0_60\bin\java.exe
0x00007ffc079f0000 - 0x00007ffc07b9c000 	C:\WINDOWS\SYSTEM32\ntdll.dll
0x00007ffc05d30000 - 0x00007ffc05e6e000 	C:\WINDOWS\system32\KERNEL32.DLL
0x00007ffc04c20000 - 0x00007ffc04d35000 	C:\WINDOWS\system32\KERNELBASE.dll
0x00007ffc036d0000 - 0x00007ffc0375e000 	C:\WINDOWS\system32\apphelp.dll
0x00007ffbfa980000 - 0x00007ffbfa9d3000 	C:\WINDOWS\AppPatch\AppPatch64\AcGenral.DLL
0x00007ffc05750000 - 0x00007ffc057fa000 	C:\WINDOWS\system32\msvcrt.dll
0x00007ffc04920000 - 0x00007ffc0494e000 	C:\WINDOWS\SYSTEM32\SspiCli.dll
0x00007ffc05530000 - 0x00007ffc05584000 	C:\WINDOWS\system32\SHLWAPI.dll
0x00007ffc05140000 - 0x00007ffc052b7000 	C:\WINDOWS\system32\USER32.dll
0x00007ffc05e90000 - 0x00007ffc06024000 	C:\WINDOWS\system32\ole32.dll
0x00007ffc063a0000 - 0x00007ffc078b9000 	C:\WINDOWS\system32\SHELL32.dll
0x00007ffc040f0000 - 0x00007ffc04111000 	C:\WINDOWS\SYSTEM32\USERENV.dll
0x00007ffc05420000 - 0x00007ffc054ca000 	C:\WINDOWS\system32\ADVAPI32.dll
0x00007ffbf7830000 - 0x00007ffbf784e000 	C:\WINDOWS\SYSTEM32\MPR.dll
0x00007ffc05600000 - 0x00007ffc05741000 	C:\WINDOWS\system32\RPCRT4.dll
0x00007ffc054d0000 - 0x00007ffc05529000 	C:\WINDOWS\SYSTEM32\sechost.dll
0x00007ffc06030000 - 0x00007ffc06241000 	C:\WINDOWS\SYSTEM32\combase.dll
0x00007ffc05b90000 - 0x00007ffc05cdf000 	C:\WINDOWS\system32\GDI32.dll
0x00007ffc04b50000 - 0x00007ffc04b65000 	C:\WINDOWS\SYSTEM32\profapi.dll
0x00007ffc03610000 - 0x00007ffc036c2000 	C:\WINDOWS\SYSTEM32\SHCORE.dll
0x00007ffc05cf0000 - 0x00007ffc05d26000 	C:\WINDOWS\system32\IMM32.DLL
0x00007ffc052c0000 - 0x00007ffc05412000 	C:\WINDOWS\system32\MSCTF.dll
0x00007ffc02a60000 - 0x00007ffc02cda000 	C:\WINDOWS\WinSxS\amd64_microsoft.windows.common-controls_6595b64144ccf1df_6.0.9600.17810_none_6240b9c7ecbd0bda\COMCTL32.dll
0x00000000575f0000 - 0x00000000576c2000 	E:\Java\jdk1.8.0_60\jre\bin\msvcr100.dll
0x0000000057a70000 - 0x00000000582f9000 	E:\Java\jdk1.8.0_60\jre\bin\server\jvm.dll
0x00007ffbfafb0000 - 0x00007ffbfafb9000 	C:\WINDOWS\SYSTEM32\WSOCK32.dll
0x00007ffc03090000 - 0x00007ffc030b2000 	C:\WINDOWS\SYSTEM32\WINMM.dll
0x00007ffc030c0000 - 0x00007ffc030ca000 	C:\WINDOWS\SYSTEM32\VERSION.dll
0x00007ffc062c0000 - 0x00007ffc062c7000 	C:\WINDOWS\system32\PSAPI.DLL
0x00007ffc06260000 - 0x00007ffc062ba000 	C:\WINDOWS\system32\WS2_32.dll
0x00007ffc02ea0000 - 0x00007ffc02eca000 	C:\WINDOWS\SYSTEM32\WINMMBASE.dll
0x00007ffc05ce0000 - 0x00007ffc05ce9000 	C:\WINDOWS\system32\NSI.dll
0x00007ffc05030000 - 0x00007ffc0507f000 	C:\WINDOWS\SYSTEM32\cfgmgr32.dll
0x00007ffc03960000 - 0x00007ffc03988000 	C:\WINDOWS\SYSTEM32\DEVOBJ.dll
0x0000000057a60000 - 0x0000000057a6f000 	E:\Java\jdk1.8.0_60\jre\bin\verify.dll
0x0000000057a30000 - 0x0000000057a59000 	E:\Java\jdk1.8.0_60\jre\bin\java.dll
0x0000000057a10000 - 0x0000000057a26000 	E:\Java\jdk1.8.0_60\jre\bin\zip.dll
0x00007ffbfee80000 - 0x00007ffbff009000 	C:\WINDOWS\SYSTEM32\dbghelp.dll

VM Arguments:
jvm_args: -Xmx1024M -Dfile.encoding=windows-1251 -Duser.country=RU -Duser.language=ru -Duser.variant 
java_command: com.android.dx.command.Main --dex --num-threads=4 --output E:\Android\AndroidStudioProjects\LoftblogMoneyTracker\app\build\intermediates\pre-dexed\debug\classes-301ef2de173978c192c1e230e70a4396403a24b0.jar E:\Android\AndroidStudioProjects\LoftblogMoneyTracker\app\build\intermediates\exploded-aar\com.google.android.gms\play-services-vision\8.1.0\jars\classes.jar
java_class_path (initial): E:\Android\sdk\build-tools\23.0.0\lib\dx.jar
Launcher Type: SUN_STANDARD

Environment Variables:
PATH=C:\ProgramData\Oracle\Java\javapath;C:\WINDOWS\system32;C:\WINDOWS;C:\WINDOWS\System32\Wbem;C:\WINDOWS\System32\WindowsPowerShell\v1.0\;C:\Program Files (x86)\Common Files\Acronis\SnapAPI\;C:\Program Files (x86)\Common Files\Autodesk Shared\;C:\Program Files\Microsoft\Web Platform Installer\;C:\Program Files (x86)\Microsoft ASP.NET\ASP.NET Web Pages\v1.0\;C:\Program Files\Microsoft SQL Server\110\Tools\Binn\;C:\Program Files\Common Files\Autodesk Shared\;C:\Program Files (x86)\NVIDIA Corporation\PhysX\Common;C:\Program Files (x86)\Skype\Phone\;C:\Program Files (x86)\Common Files\Acronis\TibMounter64
USERNAME=Александр
OS=Windows_NT
PROCESSOR_IDENTIFIER=Intel64 Family 6 Model 15 Stepping 11, GenuineIntel



---------------  S Y S T E M  ---------------

OS: Windows 8.1 , 64 bit Build 9600 (6.3.9600.17415)

CPU:total 4 (4 cores per cpu, 1 threads per core) family 6 model 15 stepping 11, cmov, cx8, fxsr, mmx, sse, sse2, sse3, ssse3, tsc

Memory: 4k page, physical 8387492k(1400076k free), swap 16996044k(4962396k free)

vm_info: Java HotSpot(TM) 64-Bit Server VM (25.60-b23) for windows-amd64 JRE (1.8.0_60-b27), built on Aug  4 2015 11:06:27 by "java_re" with MS VC++ 10.0 (VS2010)

time: Tue Oct 06 16:27:12 2015
elapsed time: 4 seconds (0d 0h 0m 4s)

