#
# A fatal error has been detected by the Java Runtime Environment:
#
#  EXCEPTION_ACCESS_VIOLATION (0xc0000005) at pc=0xffffffffa3175120, pid=12356, tid=8624
#
# JRE version: Java(TM) SE Runtime Environment (8.0_60-b27) (build 1.8.0_60-b27)
# Java VM: Java HotSpot(TM) 64-Bit Server VM (25.60-b23 mixed mode windows-amd64 compressed oops)
# Problematic frame:
# C  0xffffffffa3175120
#
# Failed to write core dump. Minidumps are not enabled by default on client versions of Windows
#
# If you would like to submit a bug report, please visit:
#   http://bugreport.java.com/bugreport/crash.jsp
#

---------------  T H R E A D  ---------------

Current thread (0x0000000002070800):  JavaThread "main" [_thread_in_Java, id=8624, stack(0x0000000001f40000,0x0000000002040000)]

siginfo: ExceptionCode=0xc0000005, ExceptionInformation=0x0000000000000008 0xffffffffa3175120

Registers:
RAX=0x000000010009cee0, RBX=0x00000000ef603338, RCX=0x0000000000000067, RDX=0x00000000f241f450
RSP=0x000000000203ee28, RBP=0x000000000203ef40, RSI=0x00000000000004a0, RDI=0x0000000000005298
R8 =0x00000000ef6024c0, R9 =0x00000000ef7e5e50, R10=0x000000010009cee0, R11=0x00000000c10952e0
R12=0x0000000000000000, R13=0x00000000ef270070, R14=0x00000000ef6034b8, R15=0x0000000002070800
RIP=0xffffffffa3175120, EFLAGS=0x0000000000010246

Top of Stack: (sp=0x000000000203ee28)
0x000000000203ee28:   0000000002bce4bc ffffffffffffffff
0x000000000203ee38:   000000001442da78 0000000000000490
0x000000000203ee48:   00000000142bdc6a 000000000203ef40
0x000000000203ee58:   0000000057b2b4c5 000000000203ee00
0x000000000203ee68:   0000000002177245 0000000002177245
0x000000000203ee78:   00000000f2268ea0 000000000203ee80
0x000000000203ee88:   000000001442d9e0 00000000f241f1c0
0x000000000203ee98:   00000000ef8014e8 00000000c11dc3f0
0x000000000203eea8:   00000000c101d6f8 00000000c0ff0b38
0x000000000203eeb8:   00000000f2417a70 00000000f241f450
0x000000000203eec8:   000000000218cc03 000000000203ef40
0x000000000203eed8:   0000000002177a2d 00000000c101d6f8
0x000000000203eee8:   0000000002177a2d 00000000c0ff0b38
0x000000000203eef8:   00000000ef8014e8 000000000203ef00
0x000000000203ef08:   00000000142bdc64 000000000203ef70
0x000000000203ef18:   00000000142c35b8 0000000000000000 

Instructions: (pc=0xffffffffa3175120)
0xffffffffa3175100:   
[error occurred during error reporting (printing registers, top of stack, instructions near pc), id 0xc0000005]

Register to memory mapping:

RAX=0x000000010009cee0 is pointing into metadata
RBX=0x00000000ef603338 is an oop
[C 
 - klass: {type array char}
 - length: 29
RCX=0x0000000000000067 is an unknown value
RDX=0x00000000f241f450 is an oop
java.util.HashMap$KeyIterator 
 - klass: 'java/util/HashMap$KeyIterator'
RSP=0x000000000203ee28 is pointing into the stack for thread: 0x0000000002070800
RBP=0x000000000203ef40 is pointing into the stack for thread: 0x0000000002070800
RSI=0x00000000000004a0 is an unknown value
RDI=0x0000000000005298 is an unknown value
R8 =0x00000000ef6024c0 is an oop
com.android.dx.rop.cst.CstType 
 - klass: 'com/android/dx/rop/cst/CstType'
R9 =0x00000000ef7e5e50 is an oop
java.util.TreeMap$Entry 
 - klass: 'java/util/TreeMap$Entry'
R10=0x000000010009cee0 is pointing into metadata
R11=0x00000000c10952e0 is an oop
com.android.dx.dex.file.MethodIdsSection 
 - klass: 'com/android/dx/dex/file/MethodIdsSection'
R12=0x0000000000000000 is an unknown value
R13=0x00000000ef270070 is an oop
com.android.dx.rop.cst.CstMethodRef 
 - klass: 'com/android/dx/rop/cst/CstMethodRef'
R14=0x00000000ef6034b8 is an oop
com.android.dx.rop.cst.CstMethodRef 
 - klass: 'com/android/dx/rop/cst/CstMethodRef'
R15=0x0000000002070800 is a thread


Stack: [0x0000000001f40000,0x0000000002040000],  sp=0x000000000203ee28,  free space=1019k
Native frames: (J=compiled Java code, j=interpreted, Vv=VM code, C=native code)
C  0xffffffffa3175120


---------------  P R O C E S S  ---------------

Java Threads: ( => current thread )
  0x00000000161a4000 JavaThread "Service Thread" daemon [_thread_blocked, id=3892, stack(0x00000000165a0000,0x00000000166a0000)]
  0x0000000014892800 JavaThread "C1 CompilerThread2" daemon [_thread_blocked, id=13044, stack(0x00000000160a0000,0x00000000161a0000)]
  0x0000000014890000 JavaThread "C2 CompilerThread1" daemon [_thread_in_native, id=11624, stack(0x0000000015fa0000,0x00000000160a0000)]
  0x000000001483e800 JavaThread "C2 CompilerThread0" daemon [_thread_blocked, id=8540, stack(0x0000000015ea0000,0x0000000015fa0000)]
  0x000000001483d000 JavaThread "Attach Listener" daemon [_thread_blocked, id=6096, stack(0x0000000015da0000,0x0000000015ea0000)]
  0x000000001483c000 JavaThread "Signal Dispatcher" daemon [_thread_blocked, id=9896, stack(0x0000000015ca0000,0x0000000015da0000)]
  0x0000000002166000 JavaThread "Finalizer" daemon [_thread_blocked, id=12764, stack(0x0000000015ac0000,0x0000000015bc0000)]
  0x000000000215c000 JavaThread "Reference Handler" daemon [_thread_blocked, id=11632, stack(0x00000000159c0000,0x0000000015ac0000)]
=>0x0000000002070800 JavaThread "main" [_thread_in_Java, id=8624, stack(0x0000000001f40000,0x0000000002040000)]

Other Threads:
  0x0000000014806000 VMThread [stack: 0x00000000158c0000,0x00000000159c0000] [id=3564]
  0x00000000161b2800 WatcherThread [stack: 0x00000000166a0000,0x00000000167a0000] [id=12296]

VM state:not at safepoint (normal execution)

VM Mutex/Monitor currently owned by a thread: None

Heap:
 PSYoungGen      total 138240K, used 129339K [0x00000000eab00000, 0x00000000fe500000, 0x0000000100000000)
  eden space 133120K, 93% used [0x00000000eab00000,0x00000000f244ef68,0x00000000f2d00000)
  from space 5120K, 99% used [0x00000000f2d00000,0x00000000f31ffe68,0x00000000f3200000)
  to   space 27648K, 0% used [0x00000000fca00000,0x00000000fca00000,0x00000000fe500000)
 ParOldGen       total 87552K, used 47444K [0x00000000c0000000, 0x00000000c5580000, 0x00000000eab00000)
  object space 87552K, 54% used [0x00000000c0000000,0x00000000c2e553a8,0x00000000c5580000)
 Metaspace       used 6508K, capacity 7320K, committed 7680K, reserved 1056768K
  class space    used 620K, capacity 656K, committed 768K, reserved 1048576K

Card table byte_map: [0x0000000011530000,0x0000000011740000] byte_map_base: 0x0000000010f30000

Marking Bits: (ParMarkBitMap*) 0x000000005827a5b0
 Begin Bits: [0x0000000011ca0000, 0x0000000012ca0000)
 End Bits:   [0x0000000012ca0000, 0x0000000013ca0000)

Polling page: 0x00000000007c0000

CodeCache: size=245760Kb used=10692Kb max_used=10706Kb free=235068Kb
 bounds [0x0000000002170000, 0x0000000002c00000, 0x0000000011170000]
 total_blobs=2492 nmethods=2224 adapters=182
 compilation: enabled

Compilation events (10 events):
Event: 15.742 Thread 0x000000001483e800 nmethod 2333 0x0000000002be9990 code [0x0000000002be9ca0, 0x0000000002beb868]
Event: 15.742 Thread 0x000000001483e800 2329       4       com.android.dx.rop.cst.CstType::hashCode (8 bytes)
Event: 15.745 Thread 0x000000001483e800 nmethod 2329 0x0000000002bd72d0 code [0x0000000002bd7420, 0x0000000002bd75b8]
Event: 15.745 Thread 0x000000001483e800 2310       4       java.util.TreeMap$Values::iterator (19 bytes)
Event: 15.747 Thread 0x000000001483e800 nmethod 2310 0x0000000002bc8b50 code [0x0000000002bc8ca0, 0x0000000002bc8df8]
Event: 15.816 Thread 0x000000001483e800 2345       4       java.util.HashMap$KeyIterator::next (8 bytes)
Event: 15.816 Thread 0x0000000014892800 2349   !   3       com.android.dx.dex.file.MixedItemSection::add (49 bytes)
Event: 15.817 Thread 0x0000000014892800 nmethod 2349 0x0000000002bd0ad0 code [0x0000000002bd0ce0, 0x0000000002bd1758]
Event: 15.820 Thread 0x000000001483e800 nmethod 2345 0x0000000002bcfe90 code [0x0000000002bcffe0, 0x0000000002bd0218]
Event: 15.820 Thread 0x000000001483e800 2352 %     4       com.android.dx.dex.code.OutputFinisher::getAllConstants @ 18 (47 bytes)

GC Heap History (10 events):
Event: 3.285 GC heap before
{Heap before GC invocations=1 (full 0):
 PSYoungGen      total 38400K, used 33280K [0x00000000eab00000, 0x00000000ed580000, 0x0000000100000000)
  eden space 33280K, 100% used [0x00000000eab00000,0x00000000ecb80000,0x00000000ecb80000)
  from space 5120K, 0% used [0x00000000ed080000,0x00000000ed080000,0x00000000ed580000)
  to   space 5120K, 0% used [0x00000000ecb80000,0x00000000ecb80000,0x00000000ed080000)
 ParOldGen       total 87552K, used 0K [0x00000000c0000000, 0x00000000c5580000, 0x00000000eab00000)
  object space 87552K, 0% used [0x00000000c0000000,0x00000000c0000000,0x00000000c5580000)
 Metaspace       used 5953K, capacity 6960K, committed 7040K, reserved 1056768K
  class space    used 593K, capacity 616K, committed 640K, reserved 1048576K
Event: 3.347 GC heap after
Heap after GC invocations=1 (full 0):
 PSYoungGen      total 38400K, used 5112K [0x00000000eab00000, 0x00000000ef600000, 0x0000000100000000)
  eden space 33280K, 0% used [0x00000000eab00000,0x00000000eab00000,0x00000000ecb80000)
  from space 5120K, 99% used [0x00000000ecb80000,0x00000000ed07e350,0x00000000ed080000)
  to   space 5120K, 0% used [0x00000000ef100000,0x00000000ef100000,0x00000000ef600000)
 ParOldGen       total 87552K, used 1821K [0x00000000c0000000, 0x00000000c5580000, 0x00000000eab00000)
  object space 87552K, 2% used [0x00000000c0000000,0x00000000c01c7418,0x00000000c5580000)
 Metaspace       used 5953K, capacity 6960K, committed 7040K, reserved 1056768K
  class space    used 593K, capacity 616K, committed 640K, reserved 1048576K
}
Event: 5.792 GC heap before
{Heap before GC invocations=2 (full 0):
 PSYoungGen      total 38400K, used 38392K [0x00000000eab00000, 0x00000000ef600000, 0x0000000100000000)
  eden space 33280K, 100% used [0x00000000eab00000,0x00000000ecb80000,0x00000000ecb80000)
  from space 5120K, 99% used [0x00000000ecb80000,0x00000000ed07e350,0x00000000ed080000)
  to   space 5120K, 0% used [0x00000000ef100000,0x00000000ef100000,0x00000000ef600000)
 ParOldGen       total 87552K, used 1821K [0x00000000c0000000, 0x00000000c5580000, 0x00000000eab00000)
  object space 87552K, 2% used [0x00000000c0000000,0x00000000c01c7418,0x00000000c5580000)
 Metaspace       used 6153K, capacity 7128K, committed 7424K, reserved 1056768K
  class space    used 613K, capacity 656K, committed 768K, reserved 1048576K
Event: 5.925 GC heap after
Heap after GC invocations=2 (full 0):
 PSYoungGen      total 71680K, used 5109K [0x00000000eab00000, 0x00000000ef600000, 0x0000000100000000)
  eden space 66560K, 0% used [0x00000000eab00000,0x00000000eab00000,0x00000000eec00000)
  from space 5120K, 99% used [0x00000000ef100000,0x00000000ef5fd718,0x00000000ef600000)
  to   space 5120K, 0% used [0x00000000eec00000,0x00000000eec00000,0x00000000ef100000)
 ParOldGen       total 87552K, used 5903K [0x00000000c0000000, 0x00000000c5580000, 0x00000000eab00000)
  object space 87552K, 6% used [0x00000000c0000000,0x00000000c05c3f10,0x00000000c5580000)
 Metaspace       used 6153K, capacity 7128K, committed 7424K, reserved 1056768K
  class space    used 613K, capacity 656K, committed 768K, reserved 1048576K
}
Event: 9.255 GC heap before
{Heap before GC invocations=3 (full 0):
 PSYoungGen      total 71680K, used 71669K [0x00000000eab00000, 0x00000000ef600000, 0x0000000100000000)
  eden space 66560K, 100% used [0x00000000eab00000,0x00000000eec00000,0x00000000eec00000)
  from space 5120K, 99% used [0x00000000ef100000,0x00000000ef5fd718,0x00000000ef600000)
  to   space 5120K, 0% used [0x00000000eec00000,0x00000000eec00000,0x00000000ef100000)
 ParOldGen       total 87552K, used 5903K [0x00000000c0000000, 0x00000000c5580000, 0x00000000eab00000)
  object space 87552K, 6% used [0x00000000c0000000,0x00000000c05c3f10,0x00000000c5580000)
 Metaspace       used 6257K, capacity 7192K, committed 7424K, reserved 1056768K
  class space    used 614K, capacity 656K, committed 768K, reserved 1048576K
Event: 9.388 GC heap after
Heap after GC invocations=3 (full 0):
 PSYoungGen      total 71680K, used 5116K [0x00000000eab00000, 0x00000000f3700000, 0x0000000100000000)
  eden space 66560K, 0% used [0x00000000eab00000,0x00000000eab00000,0x00000000eec00000)
  from space 5120K, 99% used [0x00000000eec00000,0x00000000ef0ff340,0x00000000ef100000)
  to   space 5120K, 0% used [0x00000000f3200000,0x00000000f3200000,0x00000000f3700000)
 ParOldGen       total 87552K, used 15604K [0x00000000c0000000, 0x00000000c5580000, 0x00000000eab00000)
  object space 87552K, 17% used [0x00000000c0000000,0x00000000c0f3d100,0x00000000c5580000)
 Metaspace       used 6257K, capacity 7192K, committed 7424K, reserved 1056768K
  class space    used 614K, capacity 656K, committed 768K, reserved 1048576K
}
Event: 11.636 GC heap before
{Heap before GC invocations=4 (full 0):
 PSYoungGen      total 71680K, used 71676K [0x00000000eab00000, 0x00000000f3700000, 0x0000000100000000)
  eden space 66560K, 100% used [0x00000000eab00000,0x00000000eec00000,0x00000000eec00000)
  from space 5120K, 99% used [0x00000000eec00000,0x00000000ef0ff340,0x00000000ef100000)
  to   space 5120K, 0% used [0x00000000f3200000,0x00000000f3200000,0x00000000f3700000)
 ParOldGen       total 87552K, used 15604K [0x00000000c0000000, 0x00000000c5580000, 0x00000000eab00000)
  object space 87552K, 17% used [0x00000000c0000000,0x00000000c0f3d100,0x00000000c5580000)
 Metaspace       used 6291K, capacity 7192K, committed 7424K, reserved 1056768K
  class space    used 614K, capacity 656K, committed 768K, reserved 1048576K
Event: 11.864 GC heap after
Heap after GC invocations=4 (full 0):
 PSYoungGen      total 138240K, used 5095K [0x00000000eab00000, 0x00000000f3700000, 0x0000000100000000)
  eden space 133120K, 0% used [0x00000000eab00000,0x00000000eab00000,0x00000000f2d00000)
  from space 5120K, 99% used [0x00000000f3200000,0x00000000f36f9f58,0x00000000f3700000)
  to   space 5120K, 0% used [0x00000000f2d00000,0x00000000f2d00000,0x00000000f3200000)
 ParOldGen       total 87552K, used 25852K [0x00000000c0000000, 0x00000000c5580000, 0x00000000eab00000)
  object space 87552K, 29% used [0x00000000c0000000,0x00000000c193f338,0x00000000c5580000)
 Metaspace       used 6291K, capacity 7192K, committed 7424K, reserved 1056768K
  class space    used 614K, capacity 656K, committed 768K, reserved 1048576K
}
Event: 13.559 GC heap before
{Heap before GC invocations=5 (full 0):
 PSYoungGen      total 138240K, used 138215K [0x00000000eab00000, 0x00000000f3700000, 0x0000000100000000)
  eden space 133120K, 100% used [0x00000000eab00000,0x00000000f2d00000,0x00000000f2d00000)
  from space 5120K, 99% used [0x00000000f3200000,0x00000000f36f9f58,0x00000000f3700000)
  to   space 5120K, 0% used [0x00000000f2d00000,0x00000000f2d00000,0x00000000f3200000)
 ParOldGen       total 87552K, used 25852K [0x00000000c0000000, 0x00000000c5580000, 0x00000000eab00000)
  object space 87552K, 29% used [0x00000000c0000000,0x00000000c193f338,0x00000000c5580000)
 Metaspace       used 6379K, capacity 7256K, committed 7424K, reserved 1056768K
  class space    used 614K, capacity 656K, committed 768K, reserved 1048576K
Event: 13.792 GC heap after
Heap after GC invocations=5 (full 0):
 PSYoungGen      total 138240K, used 5119K [0x00000000eab00000, 0x00000000fe500000, 0x0000000100000000)
  eden space 133120K, 0% used [0x00000000eab00000,0x00000000eab00000,0x00000000f2d00000)
  from space 5120K, 99% used [0x00000000f2d00000,0x00000000f31ffe68,0x00000000f3200000)
  to   space 27648K, 0% used [0x00000000fca00000,0x00000000fca00000,0x00000000fe500000)
 ParOldGen       total 87552K, used 47444K [0x00000000c0000000, 0x00000000c5580000, 0x00000000eab00000)
  object space 87552K, 54% used [0x00000000c0000000,0x00000000c2e553a8,0x00000000c5580000)
 Metaspace       used 6379K, capacity 7256K, committed 7424K, reserved 1056768K
  class space    used 614K, capacity 656K, committed 768K, reserved 1048576K
}

Deoptimization events (10 events):
Event: 14.337 Thread 0x0000000016413800 Uncommon trap: reason=unstable_if action=reinterpret pc=0x0000000002ac0b70 method=com.android.dx.ssa.SCCP.replaceBranches()V @ 14
Event: 14.791 Thread 0x0000000016413800 Uncommon trap: reason=unstable_if action=reinterpret pc=0x000000000296ea94 method=com.android.dx.cf.code.Ropper.addOrReplaceBlock(Lcom/android/dx/rop/code/BasicBlock;Lcom/android/dx/util/IntList;)Z @ 24
Event: 14.807 Thread 0x0000000002070800 Uncommon trap: reason=class_check action=maybe_recompile pc=0x00000000025d7844 method=java.util.Arrays.hashCode([Ljava/lang/Object;)I @ 43
Event: 14.807 Thread 0x0000000002070800 Uncommon trap: reason=class_check action=maybe_recompile pc=0x00000000025d7844 method=java.util.Arrays.hashCode([Ljava/lang/Object;)I @ 43
Event: 14.809 Thread 0x0000000002070800 Uncommon trap: reason=class_check action=maybe_recompile pc=0x00000000025d7844 method=java.util.Arrays.hashCode([Ljava/lang/Object;)I @ 43
Event: 14.809 Thread 0x0000000002070800 Uncommon trap: reason=class_check action=maybe_recompile pc=0x00000000025d7844 method=java.util.Arrays.hashCode([Ljava/lang/Object;)I @ 43
Event: 14.809 Thread 0x0000000002070800 Uncommon trap: reason=class_check action=maybe_recompile pc=0x00000000025da4b0 method=java.util.Arrays.hashCode([Ljava/lang/Object;)I @ 43
Event: 15.183 Thread 0x0000000002070800 Uncommon trap: reason=bimorphic action=maybe_recompile pc=0x00000000025d56dc method=java.util.HashMap.putVal(ILjava/lang/Object;Ljava/lang/Object;ZZ)Ljava/lang/Object; @ 203
Event: 15.185 Thread 0x0000000002070800 Uncommon trap: reason=bimorphic action=maybe_recompile pc=0x00000000025d56dc method=java.util.HashMap.putVal(ILjava/lang/Object;Ljava/lang/Object;ZZ)Ljava/lang/Object; @ 203
Event: 15.186 Thread 0x0000000002070800 Uncommon trap: reason=bimorphic action=maybe_recompile pc=0x00000000025d56dc method=java.util.HashMap.putVal(ILjava/lang/Object;Ljava/lang/Object;ZZ)Ljava/lang/Object; @ 203

Internal exceptions (7 events):
Event: 0.062 Thread 0x0000000002070800 Exception <a 'java/lang/NoSuchMethodError': Method sun.misc.Unsafe.defineClass(Ljava/lang/String;[BII)Ljava/lang/Class; name or signature does not match> (0x00000000eab130a8) thrown at [C:\re\workspace\8-2-build-windows-amd64-cygwin\jdk8u60\4407\hotspot\srçÄjZ◊™Ø?
Event: 0.062 Thread 0x0000000002070800 Exception <a 'java/lang/NoSuchMethodError': Method sun.misc.Unsafe.prefetchRead(Ljava/lang/Object;J)V name or signature does not match> (0x00000000eab13390) thrown at [C:\re\workspace\8-2-build-windows-amd64-cygwin\jdk8u60\4407\hotspot\src\share\vm\prims\jÁã’`_@
Event: 4.343 Thread 0x0000000016413800 Exception <a 'java/lang/ArrayIndexOutOfBoundsException': 18> (0x00000000ebadc528) thrown at [C:\re\workspace\8-2-build-windows-amd64-cygwin\jdk8u60\4407\hotspot\src\share\vm\interpreter\interpreterRuntime.cpp, line 366]
Event: 4.344 Thread 0x0000000016413800 Exception <a 'java/lang/ArrayIndexOutOfBoundsException': 145> (0x00000000ebade0a8) thrown at [C:\re\workspace\8-2-build-windows-amd64-cygwin\jdk8u60\4407\hotspot\src\share\vm\interpreter\interpreterRuntime.cpp, line 366]
Event: 4.344 Thread 0x0000000016413800 Exception <a 'java/lang/ArrayIndexOutOfBoundsException': 40> (0x00000000ebadf390) thrown at [C:\re\workspace\8-2-build-windows-amd64-cygwin\jdk8u60\4407\hotspot\src\share\vm\interpreter\interpreterRuntime.cpp, line 366]
Event: 5.941 Thread 0x0000000002070800 Implicit null exception at 0x000000000275ef7e to 0x0000000002760eb9
Event: 10.260 Thread 0x0000000016408800 Implicit null exception at 0x0000000002712653 to 0x0000000002713e41

Events (10 events):
Event: 15.183 Thread 0x0000000002070800 DEOPT PACKING pc=0x00000000025d56dc sp=0x000000000203ed70
Event: 15.183 Thread 0x0000000002070800 DEOPT UNPACKING pc=0x00000000021b556a sp=0x000000000203ec80 mode 2
Event: 15.185 Thread 0x0000000002070800 Uncommon trap: trap_request=0xffffffc6 fr.pc=0x00000000025d56dc
Event: 15.185 Thread 0x0000000002070800 DEOPT PACKING pc=0x00000000025d56dc sp=0x000000000203ed70
Event: 15.185 Thread 0x0000000002070800 DEOPT UNPACKING pc=0x00000000021b556a sp=0x000000000203ec80 mode 2
Event: 15.186 Thread 0x0000000002070800 Uncommon trap: trap_request=0xffffffc6 fr.pc=0x00000000025d56dc
Event: 15.186 Thread 0x0000000002070800 DEOPT PACKING pc=0x00000000025d56dc sp=0x000000000203ed70
Event: 15.186 Thread 0x0000000002070800 DEOPT UNPACKING pc=0x00000000021b556a sp=0x000000000203ec80 mode 2
Event: 15.194 loading class com/android/dx/dex/file/CatchStructs
Event: 15.194 loading class com/android/dx/dex/file/CatchStructs done


Dynamic libraries:
0x00007ff7626c0000 - 0x00007ff7626f7000 	E:\Java\jdk1.8.0_60\bin\java.exe
0x00007ffc079f0000 - 0x00007ffc07b9c000 	C:\WINDOWS\SYSTEM32\ntdll.dll
0x00007ffc05d30000 - 0x00007ffc05e6e000 	C:\WINDOWS\system32\KERNEL32.DLL
0x00007ffc04c20000 - 0x00007ffc04d35000 	C:\WINDOWS\system32\KERNELBASE.dll
0x00007ffc036d0000 - 0x00007ffc0375e000 	C:\WINDOWS\system32\apphelp.dll
0x00007ffbfa980000 - 0x00007ffbfa9d3000 	C:\WINDOWS\AppPatch\AppPatch64\AcGenral.DLL
0x00007ffc05750000 - 0x00007ffc057fa000 	C:\WINDOWS\system32\msvcrt.dll
0x00007ffc04920000 - 0x00007ffc0494e000 	C:\WINDOWS\SYSTEM32\SspiCli.dll
0x00007ffc05530000 - 0x00007ffc05584000 	C:\WINDOWS\system32\SHLWAPI.dll
0x00007ffc05140000 - 0x00007ffc052b7000 	C:\WINDOWS\system32\USER32.dll
0x00007ffc05e90000 - 0x00007ffc06024000 	C:\WINDOWS\system32\ole32.dll
0x00007ffc063a0000 - 0x00007ffc078b9000 	C:\WINDOWS\system32\SHELL32.dll
0x00007ffc040f0000 - 0x00007ffc04111000 	C:\WINDOWS\SYSTEM32\USERENV.dll
0x00007ffc05420000 - 0x00007ffc054ca000 	C:\WINDOWS\system32\ADVAPI32.dll
0x00007ffbf7830000 - 0x00007ffbf784e000 	C:\WINDOWS\SYSTEM32\MPR.dll
0x00007ffc05600000 - 0x00007ffc05741000 	C:\WINDOWS\system32\RPCRT4.dll
0x00007ffc054d0000 - 0x00007ffc05529000 	C:\WINDOWS\SYSTEM32\sechost.dll
0x00007ffc06030000 - 0x00007ffc06241000 	C:\WINDOWS\SYSTEM32\combase.dll
0x00007ffc05b90000 - 0x00007ffc05cdf000 	C:\WINDOWS\system32\GDI32.dll
0x00007ffc04b50000 - 0x00007ffc04b65000 	C:\WINDOWS\SYSTEM32\profapi.dll
0x00007ffc03610000 - 0x00007ffc036c2000 	C:\WINDOWS\SYSTEM32\SHCORE.dll
0x00007ffc05cf0000 - 0x00007ffc05d26000 	C:\WINDOWS\system32\IMM32.DLL
0x00007ffc052c0000 - 0x00007ffc05412000 	C:\WINDOWS\system32\MSCTF.dll
0x00007ffc02a60000 - 0x00007ffc02cda000 	C:\WINDOWS\WinSxS\amd64_microsoft.windows.common-controls_6595b64144ccf1df_6.0.9600.17810_none_6240b9c7ecbd0bda\COMCTL32.dll
0x00000000575f0000 - 0x00000000576c2000 	E:\Java\jdk1.8.0_60\jre\bin\msvcr100.dll
0x0000000057a70000 - 0x00000000582f9000 	E:\Java\jdk1.8.0_60\jre\bin\server\jvm.dll
0x00007ffbfafb0000 - 0x00007ffbfafb9000 	C:\WINDOWS\SYSTEM32\WSOCK32.dll
0x00007ffc03090000 - 0x00007ffc030b2000 	C:\WINDOWS\SYSTEM32\WINMM.dll
0x00007ffc030c0000 - 0x00007ffc030ca000 	C:\WINDOWS\SYSTEM32\VERSION.dll
0x00007ffc062c0000 - 0x00007ffc062c7000 	C:\WINDOWS\system32\PSAPI.DLL
0x00007ffc06260000 - 0x00007ffc062ba000 	C:\WINDOWS\system32\WS2_32.dll
0x00007ffc02ea0000 - 0x00007ffc02eca000 	C:\WINDOWS\SYSTEM32\WINMMBASE.dll
0x00007ffc05ce0000 - 0x00007ffc05ce9000 	C:\WINDOWS\system32\NSI.dll
0x00007ffc05030000 - 0x00007ffc0507f000 	C:\WINDOWS\SYSTEM32\cfgmgr32.dll
0x00007ffc03960000 - 0x00007ffc03988000 	C:\WINDOWS\SYSTEM32\DEVOBJ.dll
0x0000000057a60000 - 0x0000000057a6f000 	E:\Java\jdk1.8.0_60\jre\bin\verify.dll
0x0000000057a30000 - 0x0000000057a59000 	E:\Java\jdk1.8.0_60\jre\bin\java.dll
0x0000000057a10000 - 0x0000000057a26000 	E:\Java\jdk1.8.0_60\jre\bin\zip.dll
0x00007ffbfee80000 - 0x00007ffbff009000 	C:\WINDOWS\SYSTEM32\dbghelp.dll

VM Arguments:
jvm_args: -Xmx1024M -Dfile.encoding=windows-1251 -Duser.country=RU -Duser.language=ru -Duser.variant 
java_command: com.android.dx.command.Main --dex --num-threads=4 --output E:\Android\AndroidStudioProjects\LoftblogMoneyTracker\app\build\intermediates\pre-dexed\debug\classes-eda7785133e2da65e21f8101f53cea0749348342.jar E:\Android\AndroidStudioProjects\LoftblogMoneyTracker\app\build\intermediates\exploded-aar\com.android.support\support-v4\23.0.1\jars\classes.jar
java_class_path (initial): E:\Android\sdk\build-tools\23.0.0\lib\dx.jar
Launcher Type: SUN_STANDARD

Environment Variables:
PATH=C:\ProgramData\Oracle\Java\javapath;C:\WINDOWS\system32;C:\WINDOWS;C:\WINDOWS\System32\Wbem;C:\WINDOWS\System32\WindowsPowerShell\v1.0\;C:\Program Files (x86)\Common Files\Acronis\SnapAPI\;C:\Program Files (x86)\Common Files\Autodesk Shared\;C:\Program Files\Microsoft\Web Platform Installer\;C:\Program Files (x86)\Microsoft ASP.NET\ASP.NET Web Pages\v1.0\;C:\Program Files\Microsoft SQL Server\110\Tools\Binn\;C:\Program Files\Common Files\Autodesk Shared\;C:\Program Files (x86)\NVIDIA Corporation\PhysX\Common;C:\Program Files (x86)\Skype\Phone\;C:\Program Files (x86)\Common Files\Acronis\TibMounter64
USERNAME=¿ÎÂÍÒ‡Ì‰
OS=Windows_NT
PROCESSOR_IDENTIFIER=Intel64 Family 6 Model 15 Stepping 11, GenuineIntel



---------------  S Y S T E M  ---------------

OS: Windows 8.1 , 64 bit Build 9600 (6.3.9600.17415)

CPU:total 4 (4 cores per cpu, 1 threads per core) family 6 model 15 stepping 11, cmov, cx8, fxsr, mmx, sse, sse2, sse3, ssse3, tsc

Memory: 4k page, physical 8387492k(1091524k free), swap 16996044k(4789308k free)

vm_info: Java HotSpot(TM) 64-Bit Server VM (25.60-b23) for windows-amd64 JRE (1.8.0_60-b27), built on Aug  4 2015 11:06:27 by "java_re" with MS VC++ 10.0 (VS2010)

time: Tue Oct 06 16:23:13 2015
elapsed time: 16 seconds (0d 0h 0m 16s)

