#
# A fatal error has been detected by the Java Runtime Environment:
#
#  EXCEPTION_ACCESS_VIOLATION (0xc0000005) at pc=0xffffffffa3305120, pid=10876, tid=140
#
# JRE version: Java(TM) SE Runtime Environment (8.0_60-b27) (build 1.8.0_60-b27)
# Java VM: Java HotSpot(TM) 64-Bit Server VM (25.60-b23 mixed mode windows-amd64 compressed oops)
# Problematic frame:
# C  0xffffffffa3305120
#
# Failed to write core dump. Minidumps are not enabled by default on client versions of Windows
#
# If you would like to submit a bug report, please visit:
#   http://bugreport.java.com/bugreport/crash.jsp
#

---------------  T H R E A D  ---------------

Current thread (0x0000000002200800):  JavaThread "main" [_thread_in_Java, id=140, stack(0x0000000002000000,0x0000000002100000)]

siginfo: ExceptionCode=0xc0000005, ExceptionInformation=0x0000000000000008 0xffffffffa3305120

Registers:
RAX=0x0000000000000000, RBX=0x00000000146ad498, RCX=0x0000000000000471, RDX=0x00000000c07ee698
RSP=0x00000000020ff018, RBP=0x00000000020ff290, RSI=0x00000000c07ee698, RDI=0x0000000000000416
R8 =0x00000000eced1000, R9 =0x00000000ffffffff, R10=0x000000010001b4f0, R11=0x00000000146ad498
R12=0x0000000000000000, R13=0x00000000c07ee698, R14=0x00000000eec37c60, R15=0x0000000002200800
RIP=0xffffffffa3305120, EFLAGS=0x0000000000010202

Top of Stack: (sp=0x00000000020ff018)
0x00000000020ff018:   0000000002ce1424 00000000eced0fc8
0x00000000020ff028:   0000000000000008 0000001100000012
0x00000000020ff038:   00000000eced0dc0 00000000020ff290
0x00000000020ff048:   0000000002cb8ce4 00000000c07ee698
0x00000000020ff058:   00000000eced1000 00000000145b4d40
0x00000000020ff068:   0000000000000000 00000000020ff290
0x00000000020ff078:   0000000002ccd38c 0000000002307540
0x00000000020ff088:   0000000000000002 00000000c0d26648
0x00000000020ff098:   00000000020ff098 00000000145b43ce
0x00000000020ff0a8:   00000000020ff0e8 00000000145fe258
0x00000000020ff0b8:   0000000000000000 00000000c07ee670
0x00000000020ff0c8:   00000000eced0fc8 00000000eced0fe0
0x00000000020ff0d8:   00000000020ff290 00000000020ff290
0x00000000020ff0e8:   0000000002cedd14 0000000000000000
0x00000000020ff0f8:   0000000002200800 0000000000000000
0x00000000020ff108:   000000001444de98 0000000002200800 

Instructions: (pc=0xffffffffa3305120)
0xffffffffa3305100:   
[error occurred during error reporting (printing registers, top of stack, instructions near pc), id 0xc0000005]

Register to memory mapping:

RAX=0x0000000000000000 is an unknown value
RBX=0x00000000146ad498 is pointing into metadata
RCX=0x0000000000000471 is an unknown value
RDX=0x00000000c07ee698 is an oop
com.android.dx.dex.code.OutputFinisher 
 - klass: 'com/android/dx/dex/code/OutputFinisher'
RSP=0x00000000020ff018 is pointing into the stack for thread: 0x0000000002200800
RBP=0x00000000020ff290 is pointing into the stack for thread: 0x0000000002200800
RSI=0x00000000c07ee698 is an oop
com.android.dx.dex.code.OutputFinisher 
 - klass: 'com/android/dx/dex/code/OutputFinisher'
RDI=0x0000000000000416 is an unknown value
R8 =0x00000000eced1000 is an oop
[Lcom.android.dx.dex.code.Dop; 
 - klass: 'com/android/dx/dex/code/Dop'[]
 - length: 18
R9 =0x00000000ffffffff is an unallocated location in the heap
R10=0x000000010001b4f0 is pointing into metadata
R11=0x00000000146ad498 is pointing into metadata
R12=0x0000000000000000 is an unknown value
R13=0x00000000c07ee698 is an oop
com.android.dx.dex.code.OutputFinisher 
 - klass: 'com/android/dx/dex/code/OutputFinisher'
R14=0x00000000eec37c60 is an oop
[C 
 - klass: {type array char}
 - length: 54
R15=0x0000000002200800 is a thread


Stack: [0x0000000002000000,0x0000000002100000],  sp=0x00000000020ff018,  free space=1020k
Native frames: (J=compiled Java code, j=interpreted, Vv=VM code, C=native code)
C  0xffffffffa3305120


---------------  P R O C E S S  ---------------

Java Threads: ( => current thread )
  0x0000000016245000 JavaThread "Service Thread" daemon [_thread_blocked, id=9100, stack(0x0000000016640000,0x0000000016740000)]
  0x0000000014a2a800 JavaThread "C1 CompilerThread2" daemon [_thread_blocked, id=2956, stack(0x0000000016140000,0x0000000016240000)]
  0x0000000014a27800 JavaThread "C2 CompilerThread1" daemon [_thread_in_native, id=2304, stack(0x0000000016040000,0x0000000016140000)]
  0x00000000149ce800 JavaThread "C2 CompilerThread0" daemon [_thread_in_native, id=4348, stack(0x0000000015f40000,0x0000000016040000)]
  0x00000000149cd000 JavaThread "Attach Listener" daemon [_thread_blocked, id=10248, stack(0x0000000015e40000,0x0000000015f40000)]
  0x00000000149cc000 JavaThread "Signal Dispatcher" daemon [_thread_blocked, id=9316, stack(0x0000000015d40000,0x0000000015e40000)]
  0x00000000022f6000 JavaThread "Finalizer" daemon [_thread_blocked, id=9764, stack(0x0000000015c40000,0x0000000015d40000)]
  0x00000000022ec000 JavaThread "Reference Handler" daemon [_thread_blocked, id=1336, stack(0x0000000015b40000,0x0000000015c40000)]
=>0x0000000002200800 JavaThread "main" [_thread_in_Java, id=140, stack(0x0000000002000000,0x0000000002100000)]

Other Threads:
  0x0000000014996000 VMThread [stack: 0x0000000015a40000,0x0000000015b40000] [id=11468]
  0x0000000016252000 WatcherThread [stack: 0x0000000016740000,0x0000000016840000] [id=8400]

VM state:not at safepoint (normal execution)

VM Mutex/Monitor currently owned by a thread: None

Heap:
 PSYoungGen      total 71680K, used 42168K [0x00000000eab00000, 0x00000000f3700000, 0x0000000100000000)
  eden space 66560K, 55% used [0x00000000eab00000,0x00000000ecf31bb0,0x00000000eec00000)
  from space 5120K, 99% used [0x00000000eec00000,0x00000000ef0fc6b8,0x00000000ef100000)
  to   space 5120K, 0% used [0x00000000f3200000,0x00000000f3200000,0x00000000f3700000)
 ParOldGen       total 87552K, used 15002K [0x00000000c0000000, 0x00000000c5580000, 0x00000000eab00000)
  object space 87552K, 17% used [0x00000000c0000000,0x00000000c0ea6838,0x00000000c5580000)
 Metaspace       used 6479K, capacity 7344K, committed 7552K, reserved 1056768K
  class space    used 606K, capacity 616K, committed 640K, reserved 1048576K

Card table byte_map: [0x00000000116c0000,0x00000000118d0000] byte_map_base: 0x00000000110c0000

Marking Bits: (ParMarkBitMap*) 0x000000005827a5b0
 Begin Bits: [0x0000000011e30000, 0x0000000012e30000)
 End Bits:   [0x0000000012e30000, 0x0000000013e30000)

Polling page: 0x0000000001f10000

CodeCache: size=245760Kb used=10410Kb max_used=10423Kb free=235349Kb
 bounds [0x0000000002300000, 0x0000000002d40000, 0x0000000011300000]
 total_blobs=2462 nmethods=2194 adapters=182
 compilation: enabled

Compilation events (10 events):
Event: 16.274 Thread 0x00000000149ce800 nmethod 2216 0x0000000002d30910 code [0x0000000002d30a60, 0x0000000002d30c58]
Event: 16.274 Thread 0x00000000149ce800 2218       4       com.android.dx.dex.code.OutputFinisher::align64bits (247 bytes)
Event: 16.275 Thread 0x0000000014a27800 nmethod 2217% 0x0000000002d30ed0 code [0x0000000002d31060, 0x0000000002d31508]
Event: 16.275 Thread 0x0000000014a27800 2219   !   4       com.android.dx.rop.code.RegisterSpecSet::put (104 bytes)
Event: 16.279 Thread 0x0000000014a27800 nmethod 2219 0x0000000002d31cd0 code [0x0000000002d31e40, 0x0000000002d32098]
Event: 16.279 Thread 0x0000000014a27800 2220 %     4       com.android.dx.dex.code.OutputFinisher::massageInstructions @ 17 (89 bytes)
Event: 16.285 Thread 0x0000000014a27800 nmethod 2220% 0x0000000002d32390 code [0x0000000002d32500, 0x0000000002d32888]
Event: 16.285 Thread 0x0000000014a27800 2226   !   4       com.android.dx.dex.code.OutputFinisher::fixBranches (234 bytes)
Event: 16.285 Thread 0x0000000014a2a800 2227       3       com.android.dx.dex.file.TypeIdsSection::indexOf (66 bytes)
Event: 16.286 Thread 0x00000000149ce800 nmethod 2218 0x0000000002d2d310 code [0x0000000002d2d4e0, 0x0000000002d2dd20]

GC Heap History (6 events):
Event: 4.443 GC heap before
{Heap before GC invocations=1 (full 0):
 PSYoungGen      total 38400K, used 33280K [0x00000000eab00000, 0x00000000ed580000, 0x0000000100000000)
  eden space 33280K, 100% used [0x00000000eab00000,0x00000000ecb80000,0x00000000ecb80000)
  from space 5120K, 0% used [0x00000000ed080000,0x00000000ed080000,0x00000000ed580000)
  to   space 5120K, 0% used [0x00000000ecb80000,0x00000000ecb80000,0x00000000ed080000)
 ParOldGen       total 87552K, used 0K [0x00000000c0000000, 0x00000000c5580000, 0x00000000eab00000)
  object space 87552K, 0% used [0x00000000c0000000,0x00000000c0000000,0x00000000c5580000)
 Metaspace       used 5920K, capacity 6960K, committed 7040K, reserved 1056768K
  class space    used 585K, capacity 616K, committed 640K, reserved 1048576K
Event: 4.863 GC heap after
Heap after GC invocations=1 (full 0):
 PSYoungGen      total 38400K, used 5104K [0x00000000eab00000, 0x00000000ef600000, 0x0000000100000000)
  eden space 33280K, 0% used [0x00000000eab00000,0x00000000eab00000,0x00000000ecb80000)
  from space 5120K, 99% used [0x00000000ecb80000,0x00000000ed07c2c8,0x00000000ed080000)
  to   space 5120K, 0% used [0x00000000ef100000,0x00000000ef100000,0x00000000ef600000)
 ParOldGen       total 87552K, used 1142K [0x00000000c0000000, 0x00000000c5580000, 0x00000000eab00000)
  object space 87552K, 1% used [0x00000000c0000000,0x00000000c011d9d8,0x00000000c5580000)
 Metaspace       used 5920K, capacity 6960K, committed 7040K, reserved 1056768K
  class space    used 585K, capacity 616K, committed 640K, reserved 1048576K
}
Event: 7.314 GC heap before
{Heap before GC invocations=2 (full 0):
 PSYoungGen      total 38400K, used 38384K [0x00000000eab00000, 0x00000000ef600000, 0x0000000100000000)
  eden space 33280K, 100% used [0x00000000eab00000,0x00000000ecb80000,0x00000000ecb80000)
  from space 5120K, 99% used [0x00000000ecb80000,0x00000000ed07c2c8,0x00000000ed080000)
  to   space 5120K, 0% used [0x00000000ef100000,0x00000000ef100000,0x00000000ef600000)
 ParOldGen       total 87552K, used 1142K [0x00000000c0000000, 0x00000000c5580000, 0x00000000eab00000)
  object space 87552K, 1% used [0x00000000c0000000,0x00000000c011d9d8,0x00000000c5580000)
 Metaspace       used 6046K, capacity 7024K, committed 7296K, reserved 1056768K
  class space    used 586K, capacity 616K, committed 640K, reserved 1048576K
Event: 7.825 GC heap after
Heap after GC invocations=2 (full 0):
 PSYoungGen      total 71680K, used 5114K [0x00000000eab00000, 0x00000000ef600000, 0x0000000100000000)
  eden space 66560K, 0% used [0x00000000eab00000,0x00000000eab00000,0x00000000eec00000)
  from space 5120K, 99% used [0x00000000ef100000,0x00000000ef5feac8,0x00000000ef600000)
  to   space 5120K, 0% used [0x00000000eec00000,0x00000000eec00000,0x00000000ef100000)
 ParOldGen       total 87552K, used 5066K [0x00000000c0000000, 0x00000000c5580000, 0x00000000eab00000)
  object space 87552K, 5% used [0x00000000c0000000,0x00000000c04f2988,0x00000000c5580000)
 Metaspace       used 6046K, capacity 7024K, committed 7296K, reserved 1056768K
  class space    used 586K, capacity 616K, committed 640K, reserved 1048576K
}
Event: 14.164 GC heap before
{Heap before GC invocations=3 (full 0):
 PSYoungGen      total 71680K, used 71674K [0x00000000eab00000, 0x00000000ef600000, 0x0000000100000000)
  eden space 66560K, 100% used [0x00000000eab00000,0x00000000eec00000,0x00000000eec00000)
  from space 5120K, 99% used [0x00000000ef100000,0x00000000ef5feac8,0x00000000ef600000)
  to   space 5120K, 0% used [0x00000000eec00000,0x00000000eec00000,0x00000000ef100000)
 ParOldGen       total 87552K, used 5066K [0x00000000c0000000, 0x00000000c5580000, 0x00000000eab00000)
  object space 87552K, 5% used [0x00000000c0000000,0x00000000c04f2988,0x00000000c5580000)
 Metaspace       used 6136K, capacity 7088K, committed 7296K, reserved 1056768K
  class space    used 588K, capacity 616K, committed 640K, reserved 1048576K
Event: 14.473 GC heap after
Heap after GC invocations=3 (full 0):
 PSYoungGen      total 71680K, used 5105K [0x00000000eab00000, 0x00000000f3700000, 0x0000000100000000)
  eden space 66560K, 0% used [0x00000000eab00000,0x00000000eab00000,0x00000000eec00000)
  from space 5120K, 99% used [0x00000000eec00000,0x00000000ef0fc6b8,0x00000000ef100000)
  to   space 5120K, 0% used [0x00000000f3200000,0x00000000f3200000,0x00000000f3700000)
 ParOldGen       total 87552K, used 15002K [0x00000000c0000000, 0x00000000c5580000, 0x00000000eab00000)
  object space 87552K, 17% used [0x00000000c0000000,0x00000000c0ea6838,0x00000000c5580000)
 Metaspace       used 6136K, capacity 7088K, committed 7296K, reserved 1056768K
  class space    used 588K, capacity 616K, committed 640K, reserved 1048576K
}

Deoptimization events (10 events):
Event: 15.179 Thread 0x0000000002200800 Uncommon trap: reason=class_check action=maybe_recompile pc=0x00000000027b6584 method=java.util.Arrays.hashCode([Ljava/lang/Object;)I @ 43
Event: 15.179 Thread 0x0000000002200800 Uncommon trap: reason=class_check action=maybe_recompile pc=0x00000000027b6584 method=java.util.Arrays.hashCode([Ljava/lang/Object;)I @ 43
Event: 15.179 Thread 0x0000000002200800 Uncommon trap: reason=class_check action=maybe_recompile pc=0x00000000027b6584 method=java.util.Arrays.hashCode([Ljava/lang/Object;)I @ 43
Event: 15.180 Thread 0x0000000002200800 Uncommon trap: reason=class_check action=maybe_recompile pc=0x00000000027b40f0 method=java.util.Arrays.hashCode([Ljava/lang/Object;)I @ 43
Event: 15.274 Thread 0x0000000002200800 Uncommon trap: reason=unstable_if action=reinterpret pc=0x0000000002b9f10c method=java.util.HashMap.putVal(ILjava/lang/Object;Ljava/lang/Object;ZZ)Ljava/lang/Object; @ 94
Event: 15.901 Thread 0x0000000002200800 Uncommon trap: reason=unstable_if action=reinterpret pc=0x0000000002cb27f8 method=com.android.dx.dex.code.OutputFinisher.findOpcodeForInsn(Lcom/android/dx/dex/code/DalvInsn;Lcom/android/dx/dex/code/Dop;)Lcom/android/dx/dex/code/Dop; @ 12
Event: 15.957 Thread 0x0000000002200800 Uncommon trap: reason=unstable_if action=reinterpret pc=0x0000000002b079dc method=java.util.TreeMap.put(Ljava/lang/Object;Ljava/lang/Object;)Ljava/lang/Object; @ 163
Event: 16.105 Thread 0x0000000002200800 Uncommon trap: reason=unstable_if action=reinterpret pc=0x0000000002cfdd1c method=com.android.dx.dex.code.LocalList$MakeState.snapshot(ILcom/android/dx/rop/code/RegisterSpecSet;)V @ 66
Event: 16.225 Thread 0x0000000002200800 Uncommon trap: reason=unstable_if action=reinterpret pc=0x0000000002cf5b00 method=com.android.dx.dex.code.OutputFinisher.findOpcodeForInsn(Lcom/android/dx/dex/code/DalvInsn;Lcom/android/dx/dex/code/Dop;)Lcom/android/dx/dex/code/Dop; @ 1
Event: 16.226 Thread 0x0000000002200800 Uncommon trap: reason=unstable_if action=reinterpret pc=0x0000000002acf97c method=com.android.dx.dex.code.InsnFormat.unsignedFitsInNibble(I)Z @ 5

Internal exceptions (5 events):
Event: 0.233 Thread 0x0000000002200800 Exception <a 'java/lang/NoSuchMethodError': Method sun.misc.Unsafe.defineClass(Ljava/lang/String;[BII)Ljava/lang/Class; name or signature does not match> (0x00000000eab130a8) thrown at [C:\re\workspace\8-2-build-windows-amd64-cygwin\jdk8u60\4407\hotspot\srSnXÜúŒÕ?
Event: 0.233 Thread 0x0000000002200800 Exception <a 'java/lang/NoSuchMethodError': Method sun.misc.Unsafe.prefetchRead(Ljava/lang/Object;J)V name or signature does not match> (0x00000000eab13390) thrown at [C:\re\workspace\8-2-build-windows-amd64-cygwin\jdk8u60\4407\hotspot\src\share\vm\prims\jLÛmè£"@
Event: 9.319 Thread 0x00000000164ac000 Implicit null exception at 0x0000000002a514b8 to 0x0000000002a56c95
Event: 9.320 Thread 0x00000000164ac000 Implicit null exception at 0x0000000002a00917 to 0x0000000002a00a11
Event: 16.105 Thread 0x0000000002200800 Implicit null exception at 0x0000000002cfd419 to 0x0000000002cfdce5

Events (10 events):
Event: 16.225 Thread 0x0000000002200800 DEOPT UNPACKING pc=0x000000000234556a sp=0x00000000020fedf0 mode 2
Event: 16.225 loading class com/android/dx/rop/code/RegisterSpecList$Expander
Event: 16.225 loading class com/android/dx/rop/code/RegisterSpecList$Expander done
Event: 16.226 Thread 0x0000000002200800 Uncommon trap: trap_request=0xffffff65 fr.pc=0x0000000002acf97c
Event: 16.226 Thread 0x0000000002200800 DEOPT PACKING pc=0x0000000002acf97c sp=0x00000000020fedc0
Event: 16.226 Thread 0x0000000002200800 DEOPT UNPACKING pc=0x000000000234556a sp=0x00000000020fed60 mode 2
Event: 16.251 Thread 0x0000000002200800 DEOPT PACKING pc=0x0000000002cbb579 sp=0x00000000020fee20
Event: 16.251 Thread 0x0000000002200800 DEOPT UNPACKING pc=0x00000000023471bf sp=0x00000000020feb98 mode 0
Event: 16.274 Thread 0x0000000002200800 DEOPT PACKING pc=0x0000000002cb7a5c sp=0x00000000020fee00
Event: 16.274 Thread 0x0000000002200800 DEOPT UNPACKING pc=0x00000000023471bf sp=0x00000000020feb50 mode 0


Dynamic libraries:
0x00007ff7626c0000 - 0x00007ff7626f7000 	E:\Java\jdk1.8.0_60\bin\java.exe
0x00007ffc079f0000 - 0x00007ffc07b9c000 	C:\WINDOWS\SYSTEM32\ntdll.dll
0x00007ffc05d30000 - 0x00007ffc05e6e000 	C:\WINDOWS\system32\KERNEL32.DLL
0x00007ffc04c20000 - 0x00007ffc04d35000 	C:\WINDOWS\system32\KERNELBASE.dll
0x00007ffc036d0000 - 0x00007ffc0375e000 	C:\WINDOWS\system32\apphelp.dll
0x00007ffbfa980000 - 0x00007ffbfa9d3000 	C:\WINDOWS\AppPatch\AppPatch64\AcGenral.DLL
0x00007ffc05750000 - 0x00007ffc057fa000 	C:\WINDOWS\system32\msvcrt.dll
0x00007ffc04920000 - 0x00007ffc0494e000 	C:\WINDOWS\SYSTEM32\SspiCli.dll
0x00007ffc05530000 - 0x00007ffc05584000 	C:\WINDOWS\system32\SHLWAPI.dll
0x00007ffc05140000 - 0x00007ffc052b7000 	C:\WINDOWS\system32\USER32.dll
0x00007ffc05e90000 - 0x00007ffc06024000 	C:\WINDOWS\system32\ole32.dll
0x00007ffc063a0000 - 0x00007ffc078b9000 	C:\WINDOWS\system32\SHELL32.dll
0x00007ffc040f0000 - 0x00007ffc04111000 	C:\WINDOWS\SYSTEM32\USERENV.dll
0x00007ffc05420000 - 0x00007ffc054ca000 	C:\WINDOWS\system32\ADVAPI32.dll
0x00007ffbf7830000 - 0x00007ffbf784e000 	C:\WINDOWS\SYSTEM32\MPR.dll
0x00007ffc05600000 - 0x00007ffc05741000 	C:\WINDOWS\system32\RPCRT4.dll
0x00007ffc054d0000 - 0x00007ffc05529000 	C:\WINDOWS\SYSTEM32\sechost.dll
0x00007ffc06030000 - 0x00007ffc06241000 	C:\WINDOWS\SYSTEM32\combase.dll
0x00007ffc05b90000 - 0x00007ffc05cdf000 	C:\WINDOWS\system32\GDI32.dll
0x00007ffc04b50000 - 0x00007ffc04b65000 	C:\WINDOWS\SYSTEM32\profapi.dll
0x00007ffc03610000 - 0x00007ffc036c2000 	C:\WINDOWS\SYSTEM32\SHCORE.dll
0x00007ffc05cf0000 - 0x00007ffc05d26000 	C:\WINDOWS\system32\IMM32.DLL
0x00007ffc052c0000 - 0x00007ffc05412000 	C:\WINDOWS\system32\MSCTF.dll
0x00007ffc02a60000 - 0x00007ffc02cda000 	C:\WINDOWS\WinSxS\amd64_microsoft.windows.common-controls_6595b64144ccf1df_6.0.9600.17810_none_6240b9c7ecbd0bda\COMCTL32.dll
0x00000000575f0000 - 0x00000000576c2000 	E:\Java\jdk1.8.0_60\jre\bin\msvcr100.dll
0x0000000057a70000 - 0x00000000582f9000 	E:\Java\jdk1.8.0_60\jre\bin\server\jvm.dll
0x00007ffbfafb0000 - 0x00007ffbfafb9000 	C:\WINDOWS\SYSTEM32\WSOCK32.dll
0x00007ffc03090000 - 0x00007ffc030b2000 	C:\WINDOWS\SYSTEM32\WINMM.dll
0x00007ffc030c0000 - 0x00007ffc030ca000 	C:\WINDOWS\SYSTEM32\VERSION.dll
0x00007ffc062c0000 - 0x00007ffc062c7000 	C:\WINDOWS\system32\PSAPI.DLL
0x00007ffc06260000 - 0x00007ffc062ba000 	C:\WINDOWS\system32\WS2_32.dll
0x00007ffc02ea0000 - 0x00007ffc02eca000 	C:\WINDOWS\SYSTEM32\WINMMBASE.dll
0x00007ffc05ce0000 - 0x00007ffc05ce9000 	C:\WINDOWS\system32\NSI.dll
0x00007ffc05030000 - 0x00007ffc0507f000 	C:\WINDOWS\SYSTEM32\cfgmgr32.dll
0x00007ffc03960000 - 0x00007ffc03988000 	C:\WINDOWS\SYSTEM32\DEVOBJ.dll
0x0000000057a60000 - 0x0000000057a6f000 	E:\Java\jdk1.8.0_60\jre\bin\verify.dll
0x0000000057a30000 - 0x0000000057a59000 	E:\Java\jdk1.8.0_60\jre\bin\java.dll
0x0000000057a10000 - 0x0000000057a26000 	E:\Java\jdk1.8.0_60\jre\bin\zip.dll
0x00007ffbfee80000 - 0x00007ffbff009000 	C:\WINDOWS\SYSTEM32\dbghelp.dll

VM Arguments:
jvm_args: -Xmx1024M -Dfile.encoding=windows-1251 -Duser.country=RU -Duser.language=ru -Duser.variant 
java_command: com.android.dx.command.Main --dex --num-threads=4 --output E:\Android\AndroidStudioProjects\LoftblogMoneyTracker\app\build\intermediates\pre-dexed\debug\classes-21033d57cd84a01e5a4538f12b2833209839184f.jar E:\Android\AndroidStudioProjects\LoftblogMoneyTracker\app\build\intermediates\exploded-aar\com.google.android.gms\play-services-maps\8.1.0\jars\classes.jar
java_class_path (initial): E:\Android\sdk\build-tools\23.0.0\lib\dx.jar
Launcher Type: SUN_STANDARD

Environment Variables:
PATH=C:\ProgramData\Oracle\Java\javapath;C:\WINDOWS\system32;C:\WINDOWS;C:\WINDOWS\System32\Wbem;C:\WINDOWS\System32\WindowsPowerShell\v1.0\;C:\Program Files (x86)\Common Files\Acronis\SnapAPI\;C:\Program Files (x86)\Common Files\Autodesk Shared\;C:\Program Files\Microsoft\Web Platform Installer\;C:\Program Files (x86)\Microsoft ASP.NET\ASP.NET Web Pages\v1.0\;C:\Program Files\Microsoft SQL Server\110\Tools\Binn\;C:\Program Files\Common Files\Autodesk Shared\;C:\Program Files (x86)\NVIDIA Corporation\PhysX\Common;C:\Program Files (x86)\Skype\Phone\;C:\Program Files (x86)\Common Files\Acronis\TibMounter64
USERNAME=¿ÎÂÍÒ‡Ì‰
OS=Windows_NT
PROCESSOR_IDENTIFIER=Intel64 Family 6 Model 15 Stepping 11, GenuineIntel



---------------  S Y S T E M  ---------------

OS: Windows 8.1 , 64 bit Build 9600 (6.3.9600.17415)

CPU:total 4 (4 cores per cpu, 1 threads per core) family 6 model 15 stepping 11, cmov, cx8, fxsr, mmx, sse, sse2, sse3, ssse3, tsc

Memory: 4k page, physical 8387492k(890620k free), swap 16996044k(4295532k free)

vm_info: Java HotSpot(TM) 64-Bit Server VM (25.60-b23) for windows-amd64 JRE (1.8.0_60-b27), built on Aug  4 2015 11:06:27 by "java_re" with MS VC++ 10.0 (VS2010)

time: Tue Oct 06 16:01:06 2015
elapsed time: 16 seconds (0d 0h 0m 16s)

