#
# A fatal error has been detected by the Java Runtime Environment:
#
#  EXCEPTION_ACCESS_VIOLATION (0xc0000005) at pc=0xffffffffa3795120, pid=12740, tid=10748
#
# JRE version: Java(TM) SE Runtime Environment (8.0_60-b27) (build 1.8.0_60-b27)
# Java VM: Java HotSpot(TM) 64-Bit Server VM (25.60-b23 mixed mode windows-amd64 compressed oops)
# Problematic frame:
# C  0xffffffffa3795120
#
# Failed to write core dump. Minidumps are not enabled by default on client versions of Windows
#
# If you would like to submit a bug report, please visit:
#   http://bugreport.java.com/bugreport/crash.jsp
#

---------------  T H R E A D  ---------------

Current thread (0x0000000002693800):  JavaThread "main" [_thread_in_Java, id=10748, stack(0x00000000024d0000,0x00000000025d0000)]

siginfo: ExceptionCode=0xc0000005, ExceptionInformation=0x0000000000000008 0xffffffffa3795120

Registers:
RAX=0x000000001495c700, RBX=0x000000001495c700, RCX=0x00000000ec6bef30, RDX=0x00000000ec6bef30
RSP=0x00000000025cf188, RBP=0x00000000025cf1e0, RSI=0x0000000000000be8, RDI=0x00000000ec6523e8
R8 =0x00000000ec6bef30, R9 =0x00000000ec6bef48, R10=0x0000000058262140, R11=0x0000000002ff1340
R12=0x0000000000000000, R13=0x00000000025cf198, R14=0x0000000000000000, R15=0x0000000002693800
RIP=0xffffffffa3795120, EFLAGS=0x0000000000010206

Top of Stack: (sp=0x00000000025cf188)
0x00000000025cf188:   00000000027977b0 00000000027977b0
0x00000000025cf198:   00000000ec6bef30 00000000025cf1a0
0x00000000025cf1a8:   0000000014b5d064 00000000025cf258
0x00000000025cf1b8:   0000000014b5d9d0 0000000000000000
0x00000000025cf1c8:   0000000014b5d1b8 00000000025cf198
0x00000000025cf1d8:   00000000025cf250 00000000025cf2a0
0x00000000025cf1e8:   0000000002797a2d 00000000ef505760
0x00000000025cf1f8:   00000000ec6bef30 00000000eca2bc38
0x00000000025cf208:   0000000000000ab3 00000000ec6bea40
0x00000000025cf218:   00000000ec6523d0 00000000ef505760
0x00000000025cf228:   00000000c0473c20 0000000000000001
0x00000000025cf238:   000000000000000d 00000000c04922a8
0x00000000025cf248:   00000000eca2bb00 00000000c0473780
0x00000000025cf258:   00000000c04922a8 00000000025cf260
0x00000000025cf268:   00000000148d7344 00000000025cf2f8
0x00000000025cf278:   00000000148de528 0000000000000000 

Instructions: (pc=0xffffffffa3795120)
0xffffffffa3795100:   
[error occurred during error reporting (printing registers, top of stack, instructions near pc), id 0xc0000005]

Register to memory mapping:

RAX={method} {0x000000001495c708} 'itemType' '()Lcom/android/dx/dex/file/ItemType;' in 'com/android/dx/dex/file/StringIdItem'
RBX={method} {0x000000001495c708} 'itemType' '()Lcom/android/dx/dex/file/ItemType;' in 'com/android/dx/dex/file/StringIdItem'
RCX=0x00000000ec6bef30 is an oop
com.android.dx.dex.file.StringIdItem 
 - klass: 'com/android/dx/dex/file/StringIdItem'
RDX=0x00000000ec6bef30 is an oop
com.android.dx.dex.file.StringIdItem 
 - klass: 'com/android/dx/dex/file/StringIdItem'
RSP=0x00000000025cf188 is pointing into the stack for thread: 0x0000000002693800
RBP=0x00000000025cf1e0 is pointing into the stack for thread: 0x0000000002693800
RSI=0x0000000000000be8 is an unknown value
RDI=0x00000000ec6523e8 is an oop
java.util.TreeMap$Entry 
 - klass: 'java/util/TreeMap$Entry'
R8 =0x00000000ec6bef30 is an oop
com.android.dx.dex.file.StringIdItem 
 - klass: 'com/android/dx/dex/file/StringIdItem'
R9 =0x00000000ec6bef48 is an oop
java.util.TreeMap$Entry 
 - klass: 'java/util/TreeMap$Entry'
R10=0x0000000058262140 is an unknown value
R11=0x0000000002ff1340 is at entry_point+32 in (nmethod*)0x0000000002ff11d0
R12=0x0000000000000000 is an unknown value
R13=0x00000000025cf198 is pointing into the stack for thread: 0x0000000002693800
R14=0x0000000000000000 is an unknown value
R15=0x0000000002693800 is a thread


Stack: [0x00000000024d0000,0x00000000025d0000],  sp=0x00000000025cf188,  free space=1020k
Native frames: (J=compiled Java code, j=interpreted, Vv=VM code, C=native code)
C  0xffffffffa3795120


---------------  P R O C E S S  ---------------

Java Threads: ( => current thread )
  0x00000000167c3000 JavaThread "Service Thread" daemon [_thread_blocked, id=8636, stack(0x0000000016b90000,0x0000000016c90000)]
  0x0000000014e6e000 JavaThread "C1 CompilerThread2" daemon [_thread_blocked, id=4832, stack(0x0000000016690000,0x0000000016790000)]
  0x0000000014e65800 JavaThread "C2 CompilerThread1" daemon [_thread_in_native, id=2156, stack(0x0000000016590000,0x0000000016690000)]
  0x0000000014e62800 JavaThread "C2 CompilerThread0" daemon [_thread_blocked, id=8776, stack(0x0000000016490000,0x0000000016590000)]
  0x0000000014e61800 JavaThread "Attach Listener" daemon [_thread_blocked, id=9896, stack(0x0000000016390000,0x0000000016490000)]
  0x0000000014e60000 JavaThread "Signal Dispatcher" daemon [_thread_blocked, id=13164, stack(0x0000000016290000,0x0000000016390000)]
  0x0000000002789000 JavaThread "Finalizer" daemon [_thread_blocked, id=9792, stack(0x00000000160b0000,0x00000000161b0000)]
  0x000000000277f000 JavaThread "Reference Handler" daemon [_thread_blocked, id=13120, stack(0x0000000015fb0000,0x00000000160b0000)]
=>0x0000000002693800 JavaThread "main" [_thread_in_Java, id=10748, stack(0x00000000024d0000,0x00000000025d0000)]

Other Threads:
  0x0000000014e26000 VMThread [stack: 0x0000000015eb0000,0x0000000015fb0000] [id=180]
  0x00000000167da000 WatcherThread [stack: 0x0000000016c90000,0x0000000016d90000] [id=11856]

VM state:not at safepoint (normal execution)

VM Mutex/Monitor currently owned by a thread: None

Heap:
 PSYoungGen      total 71680K, used 37463K [0x00000000eab00000, 0x00000000ef600000, 0x0000000100000000)
  eden space 66560K, 48% used [0x00000000eab00000,0x00000000eca96518,0x00000000eec00000)
  from space 5120K, 99% used [0x00000000ef100000,0x00000000ef5ff8e8,0x00000000ef600000)
  to   space 5120K, 0% used [0x00000000eec00000,0x00000000eec00000,0x00000000ef100000)
 ParOldGen       total 87552K, used 10006K [0x00000000c0000000, 0x00000000c5580000, 0x00000000eab00000)
  object space 87552K, 11% used [0x00000000c0000000,0x00000000c09c5b78,0x00000000c5580000)
 Metaspace       used 6594K, capacity 7440K, committed 7680K, reserved 1056768K
  class space    used 613K, capacity 648K, committed 768K, reserved 1048576K

Card table byte_map: [0x0000000011b50000,0x0000000011d60000] byte_map_base: 0x0000000011550000

Marking Bits: (ParMarkBitMap*) 0x000000005827a5b0
 Begin Bits: [0x00000000122c0000, 0x00000000132c0000)
 End Bits:   [0x00000000132c0000, 0x00000000142c0000)

Polling page: 0x0000000000cb0000

CodeCache: size=245760Kb used=8596Kb max_used=8608Kb free=237163Kb
 bounds [0x0000000002790000, 0x0000000003000000, 0x0000000011790000]
 total_blobs=2374 nmethods=2105 adapters=183
 compilation: enabled

Compilation events (10 events):
Event: 2.768 Thread 0x0000000014e6e000 nmethod 2116 0x0000000002ff02d0 code [0x0000000002ff0460, 0x0000000002ff0718]
Event: 2.768 Thread 0x0000000014e6e000 2114       2       com.android.dx.dex.file.OffsettedItem::getAbsoluteOffsetOr0 (11 bytes)
Event: 2.768 Thread 0x0000000014e6e000 nmethod 2114 0x0000000002ff0850 code [0x0000000002ff09c0, 0x0000000002ff0bf8]
Event: 2.768 Thread 0x0000000014e6e000 2115       2       com.android.dx.dex.file.OffsettedItem::getAbsoluteOffset (29 bytes)
Event: 2.769 Thread 0x0000000014e6e000 nmethod 2115 0x0000000002ff0d50 code [0x0000000002ff0ec0, 0x0000000002ff10d8]
Event: 2.769 Thread 0x0000000014e6e000 2117       2       com.android.dx.dex.file.StringIdItem::itemType (4 bytes)
Event: 2.769 Thread 0x0000000014e6e000 nmethod 2117 0x0000000002ff11d0 code [0x0000000002ff1320, 0x0000000002ff1470]
Event: 2.770 Thread 0x0000000014e6e000 2118       1       com.android.dx.dex.file.StringIdItem::itemType (4 bytes)
Event: 2.770 Thread 0x0000000014e6e000 nmethod 2118 0x0000000002ff1510 code [0x0000000002ff1660, 0x0000000002ff1770]
Event: 2.780 Thread 0x0000000014e62800 nmethod 1874 0x0000000002ff6c90 code [0x0000000002ff6fe0, 0x0000000002ff97b0]

GC Heap History (4 events):
Event: 1.430 GC heap before
{Heap before GC invocations=1 (full 0):
 PSYoungGen      total 38400K, used 33280K [0x00000000eab00000, 0x00000000ed580000, 0x0000000100000000)
  eden space 33280K, 100% used [0x00000000eab00000,0x00000000ecb80000,0x00000000ecb80000)
  from space 5120K, 0% used [0x00000000ed080000,0x00000000ed080000,0x00000000ed580000)
  to   space 5120K, 0% used [0x00000000ecb80000,0x00000000ecb80000,0x00000000ed080000)
 ParOldGen       total 87552K, used 0K [0x00000000c0000000, 0x00000000c5580000, 0x00000000eab00000)
  object space 87552K, 0% used [0x00000000c0000000,0x00000000c0000000,0x00000000c5580000)
 Metaspace       used 5801K, capacity 6960K, committed 7040K, reserved 1056768K
  class space    used 566K, capacity 616K, committed 640K, reserved 1048576K
Event: 1.467 GC heap after
Heap after GC invocations=1 (full 0):
 PSYoungGen      total 38400K, used 5103K [0x00000000eab00000, 0x00000000ef600000, 0x0000000100000000)
  eden space 33280K, 0% used [0x00000000eab00000,0x00000000eab00000,0x00000000ecb80000)
  from space 5120K, 99% used [0x00000000ecb80000,0x00000000ed07bc38,0x00000000ed080000)
  to   space 5120K, 0% used [0x00000000ef100000,0x00000000ef100000,0x00000000ef600000)
 ParOldGen       total 87552K, used 3656K [0x00000000c0000000, 0x00000000c5580000, 0x00000000eab00000)
  object space 87552K, 4% used [0x00000000c0000000,0x00000000c03923a0,0x00000000c5580000)
 Metaspace       used 5801K, capacity 6960K, committed 7040K, reserved 1056768K
  class space    used 566K, capacity 616K, committed 640K, reserved 1048576K
}
Event: 2.229 GC heap before
{Heap before GC invocations=2 (full 0):
 PSYoungGen      total 38400K, used 38226K [0x00000000eab00000, 0x00000000ef600000, 0x0000000100000000)
  eden space 33280K, 99% used [0x00000000eab00000,0x00000000ecb58e10,0x00000000ecb80000)
  from space 5120K, 99% used [0x00000000ecb80000,0x00000000ed07bc38,0x00000000ed080000)
  to   space 5120K, 0% used [0x00000000ef100000,0x00000000ef100000,0x00000000ef600000)
 ParOldGen       total 87552K, used 3656K [0x00000000c0000000, 0x00000000c5580000, 0x00000000eab00000)
  object space 87552K, 4% used [0x00000000c0000000,0x00000000c03923a0,0x00000000c5580000)
 Metaspace       used 6185K, capacity 7152K, committed 7296K, reserved 1056768K
  class space    used 593K, capacity 616K, committed 640K, reserved 1048576K
Event: 2.283 GC heap after
Heap after GC invocations=2 (full 0):
 PSYoungGen      total 71680K, used 5118K [0x00000000eab00000, 0x00000000ef600000, 0x0000000100000000)
  eden space 66560K, 0% used [0x00000000eab00000,0x00000000eab00000,0x00000000eec00000)
  from space 5120K, 99% used [0x00000000ef100000,0x00000000ef5ff8e8,0x00000000ef600000)
  to   space 5120K, 0% used [0x00000000eec00000,0x00000000eec00000,0x00000000ef100000)
 ParOldGen       total 87552K, used 10006K [0x00000000c0000000, 0x00000000c5580000, 0x00000000eab00000)
  object space 87552K, 11% used [0x00000000c0000000,0x00000000c09c5b78,0x00000000c5580000)
 Metaspace       used 6185K, capacity 7152K, committed 7296K, reserved 1056768K
  class space    used 593K, capacity 616K, committed 640K, reserved 1048576K
}

Deoptimization events (10 events):
Event: 2.461 Thread 0x0000000002693800 Uncommon trap: reason=bimorphic action=maybe_recompile pc=0x0000000002ab2980 method=java.util.HashMap.putVal(ILjava/lang/Object;Ljava/lang/Object;ZZ)Ljava/lang/Object; @ 91
Event: 2.461 Thread 0x0000000002693800 Uncommon trap: reason=bimorphic action=maybe_recompile pc=0x0000000002ab2980 method=java.util.HashMap.putVal(ILjava/lang/Object;Ljava/lang/Object;ZZ)Ljava/lang/Object; @ 91
Event: 2.461 Thread 0x0000000002693800 Uncommon trap: reason=bimorphic action=maybe_recompile pc=0x0000000002ab2980 method=java.util.HashMap.putVal(ILjava/lang/Object;Ljava/lang/Object;ZZ)Ljava/lang/Object; @ 91
Event: 2.461 Thread 0x0000000002693800 Uncommon trap: reason=bimorphic action=maybe_recompile pc=0x0000000002af4354 method=java.util.HashMap.putVal(ILjava/lang/Object;Ljava/lang/Object;ZZ)Ljava/lang/Object; @ 91
Event: 2.472 Thread 0x0000000002693800 Uncommon trap: reason=unstable_if action=reinterpret pc=0x0000000002f3566c method=java.util.HashMap.putVal(ILjava/lang/Object;Ljava/lang/Object;ZZ)Ljava/lang/Object; @ 94
Event: 2.477 Thread 0x0000000002693800 Uncommon trap: reason=unstable_if action=reinterpret pc=0x0000000002f38b80 method=java.util.HashMap.putVal(ILjava/lang/Object;Ljava/lang/Object;ZZ)Ljava/lang/Object; @ 94
Event: 2.668 Thread 0x0000000002693800 Uncommon trap: reason=speculate_class_check action=maybe_recompile pc=0x0000000002e09ef0 method=com.android.dx.util.FixedSizeList.equals(Ljava/lang/Object;)Z @ 25
Event: 2.668 Thread 0x0000000002693800 Uncommon trap: reason=speculate_class_check action=maybe_recompile pc=0x0000000002e09ef0 method=com.android.dx.util.FixedSizeList.equals(Ljava/lang/Object;)Z @ 25
Event: 2.677 Thread 0x0000000002693800 Uncommon trap: reason=speculate_class_check action=maybe_recompile pc=0x0000000002e09ef0 method=com.android.dx.util.FixedSizeList.equals(Ljava/lang/Object;)Z @ 25
Event: 2.677 Thread 0x0000000002693800 Uncommon trap: reason=speculate_class_check action=maybe_recompile pc=0x0000000002e09ef0 method=com.android.dx.util.FixedSizeList.equals(Ljava/lang/Object;)Z @ 25

Internal exceptions (3 events):
Event: 0.045 Thread 0x0000000002693800 Exception <a 'java/lang/NoSuchMethodError': Method sun.misc.Unsafe.defineClass(Ljava/lang/String;[BII)Ljava/lang/Class; name or signature does not match> (0x00000000eab12f70) thrown at [C:\re\workspace\8-2-build-windows-amd64-cygwin\jdk8u60\4407\hotspot\srp]ç™cÿ¶?
Event: 0.045 Thread 0x0000000002693800 Exception <a 'java/lang/NoSuchMethodError': Method sun.misc.Unsafe.prefetchRead(Ljava/lang/Object;J)V name or signature does not match> (0x00000000eab13258) thrown at [C:\re\workspace\8-2-build-windows-amd64-cygwin\jdk8u60\4407\hotspot\src\share\vm\prims\jt€âXl˝?
Event: 1.839 Thread 0x0000000016915000 Implicit null exception at 0x0000000002d64c22 to 0x0000000002d64cc1

Events (10 events):
Event: 2.723 loading class com/android/dx/dex/file/DebugInfoEncoder
Event: 2.723 loading class com/android/dx/dex/file/DebugInfoEncoder done
Event: 2.726 loading class com/android/dx/dex/file/DebugInfoEncoder$1
Event: 2.726 loading class com/android/dx/dex/file/DebugInfoEncoder$1 done
Event: 2.727 loading class com/android/dx/dex/file/DebugInfoEncoder$2
Event: 2.727 loading class com/android/dx/dex/file/DebugInfoEncoder$2 done
Event: 2.744 loading class com/android/dex/EncodedValueCodec
Event: 2.744 loading class com/android/dex/EncodedValueCodec done
Event: 2.768 loading class com/android/dx/dex/file/MapItem
Event: 2.768 loading class com/android/dx/dex/file/MapItem done


Dynamic libraries:
0x00007ff7626c0000 - 0x00007ff7626f7000 	E:\Java\jdk1.8.0_60\bin\java.exe
0x00007ffc079f0000 - 0x00007ffc07b9c000 	C:\WINDOWS\SYSTEM32\ntdll.dll
0x00007ffc05d30000 - 0x00007ffc05e6e000 	C:\WINDOWS\system32\KERNEL32.DLL
0x00007ffc04c20000 - 0x00007ffc04d35000 	C:\WINDOWS\system32\KERNELBASE.dll
0x00007ffc036d0000 - 0x00007ffc0375e000 	C:\WINDOWS\system32\apphelp.dll
0x00007ffbfaba0000 - 0x00007ffbfabf3000 	C:\WINDOWS\AppPatch\AppPatch64\AcGenral.DLL
0x00007ffc05750000 - 0x00007ffc057fa000 	C:\WINDOWS\system32\msvcrt.dll
0x00007ffc04920000 - 0x00007ffc0494e000 	C:\WINDOWS\SYSTEM32\SspiCli.dll
0x00007ffc05530000 - 0x00007ffc05584000 	C:\WINDOWS\system32\SHLWAPI.dll
0x00007ffc05140000 - 0x00007ffc052b7000 	C:\WINDOWS\system32\USER32.dll
0x00007ffc05e90000 - 0x00007ffc06024000 	C:\WINDOWS\system32\ole32.dll
0x00007ffc063a0000 - 0x00007ffc078b9000 	C:\WINDOWS\system32\SHELL32.dll
0x00007ffc040f0000 - 0x00007ffc04111000 	C:\WINDOWS\SYSTEM32\USERENV.dll
0x00007ffc05420000 - 0x00007ffc054ca000 	C:\WINDOWS\system32\ADVAPI32.dll
0x00007ffbf7830000 - 0x00007ffbf784e000 	C:\WINDOWS\SYSTEM32\MPR.dll
0x00007ffc05600000 - 0x00007ffc05741000 	C:\WINDOWS\system32\RPCRT4.dll
0x00007ffc054d0000 - 0x00007ffc05529000 	C:\WINDOWS\SYSTEM32\sechost.dll
0x00007ffc06030000 - 0x00007ffc06241000 	C:\WINDOWS\SYSTEM32\combase.dll
0x00007ffc05b90000 - 0x00007ffc05cdf000 	C:\WINDOWS\system32\GDI32.dll
0x00007ffc04b50000 - 0x00007ffc04b65000 	C:\WINDOWS\SYSTEM32\profapi.dll
0x00007ffc03610000 - 0x00007ffc036c2000 	C:\WINDOWS\SYSTEM32\SHCORE.dll
0x00007ffc05cf0000 - 0x00007ffc05d26000 	C:\WINDOWS\system32\IMM32.DLL
0x00007ffc052c0000 - 0x00007ffc05412000 	C:\WINDOWS\system32\MSCTF.dll
0x00007ffc02a60000 - 0x00007ffc02cda000 	C:\WINDOWS\WinSxS\amd64_microsoft.windows.common-controls_6595b64144ccf1df_6.0.9600.17810_none_6240b9c7ecbd0bda\COMCTL32.dll
0x00000000575f0000 - 0x00000000576c2000 	E:\Java\jdk1.8.0_60\jre\bin\msvcr100.dll
0x0000000057a70000 - 0x00000000582f9000 	E:\Java\jdk1.8.0_60\jre\bin\server\jvm.dll
0x00007ffbfafb0000 - 0x00007ffbfafb9000 	C:\WINDOWS\SYSTEM32\WSOCK32.dll
0x00007ffc03090000 - 0x00007ffc030b2000 	C:\WINDOWS\SYSTEM32\WINMM.dll
0x00007ffc030c0000 - 0x00007ffc030ca000 	C:\WINDOWS\SYSTEM32\VERSION.dll
0x00007ffc062c0000 - 0x00007ffc062c7000 	C:\WINDOWS\system32\PSAPI.DLL
0x00007ffc06260000 - 0x00007ffc062ba000 	C:\WINDOWS\system32\WS2_32.dll
0x00007ffc02ea0000 - 0x00007ffc02eca000 	C:\WINDOWS\SYSTEM32\WINMMBASE.dll
0x00007ffc05ce0000 - 0x00007ffc05ce9000 	C:\WINDOWS\system32\NSI.dll
0x00007ffc05030000 - 0x00007ffc0507f000 	C:\WINDOWS\SYSTEM32\cfgmgr32.dll
0x00007ffc03960000 - 0x00007ffc03988000 	C:\WINDOWS\SYSTEM32\DEVOBJ.dll
0x0000000057a60000 - 0x0000000057a6f000 	E:\Java\jdk1.8.0_60\jre\bin\verify.dll
0x0000000057a30000 - 0x0000000057a59000 	E:\Java\jdk1.8.0_60\jre\bin\java.dll
0x0000000057a10000 - 0x0000000057a26000 	E:\Java\jdk1.8.0_60\jre\bin\zip.dll
0x00007ffbfee80000 - 0x00007ffbff009000 	C:\WINDOWS\SYSTEM32\dbghelp.dll

VM Arguments:
jvm_args: -Xmx1024M -Dfile.encoding=windows-1251 -Duser.country=RU -Duser.language=ru -Duser.variant 
java_command: com.android.dx.command.Main --dex --num-threads=4 --output E:\Android\AndroidStudioProjects\LoftblogMoneyTracker\app\build\intermediates\dex\debug E:\Android\AndroidStudioProjects\LoftblogMoneyTracker\app\build\intermediates\classes\debug E:\Android\AndroidStudioProjects\LoftblogMoneyTracker\app\build\intermediates\pre-dexed\debug\support-annotations-23.0.1-e6941ffc9cbf1270b1623cf686ba7082dcc4df08.jar E:\Android\AndroidStudioProjects\LoftblogMoneyTracker\app\build\intermediates\pre-dexed\debug\classes-8feaabbfb5bdbff71ed9eb50acb4a8fe317bd8e4.jar E:\Android\AndroidStudioProjects\LoftblogMoneyTracker\app\build\intermediates\pre-dexed\debug\classes-1f4083efedf0d6bcb284c91c2134c24a94398edd.jar E:\Android\AndroidStudioProjects\LoftblogMoneyTracker\app\build\intermediates\pre-dexed\debug\classes-35960c486b814e041e68439e1c9fd8ba2744c934.jar E:\Android\AndroidStudioProjects\LoftblogMoneyTracker\app\build\intermediates\pre-dexed\debug\classes-3824f520826bb636cc481d961ade2db688336e7b.jar E:\Android\AndroidStudioProjects\LoftblogMoneyTracker\app\build\intermediates\pre-dexed\debug\internal_impl-22.0.0-2d8e5150a3e049379c0fb35cf61a2a9f124fb9df.jar E:\Android\AndroidStudioProjects\LoftblogMoneyTracker\app\build\intermediates\pre-dexed\debug\classes-6abc26d6e111c83387c706d419e525aaa853e8c4.jar E:\Android\AndroidStudioProjects\LoftblogMoneyTracker\app\build\intermediates\pre-dexed\debug\classes-472fb590b2ae42e351cdbbab4f5c927f6cbdb130.jar E:\Android\AndroidStudioProjects\LoftblogMoneyTracker\app\build\intermediates\pre-dexed\debug\classes-f2c9cf2fbd1493876017d526b1316690762517f8.jar E:\Android\AndroidStudioProjects\LoftblogMoneyTracker\app\build\intermediates\pre-dexed\debug\classes-31c5f6867b39a28518f4c450511444705ea2b886.jar E:\Android\AndroidStudioProjects\LoftblogMoneyTracker\app\build\intermediates\pre-dexed\debug\classes-2d06233f00dfb20b2352125a7154f6bf03b99a89.jar E:\Android\AndroidStudioProjects\LoftblogMoneyTracker\app\build\intermediates\pre-dexed\debug\ac
java_class_path (initial): E:\Android\sdk\build-tools\23.0.0\lib\dx.jar
Launcher Type: SUN_STANDARD

Environment Variables:
PATH=C:\ProgramData\Oracle\Java\javapath;C:\WINDOWS\system32;C:\WINDOWS;C:\WINDOWS\System32\Wbem;C:\WINDOWS\System32\WindowsPowerShell\v1.0\;C:\Program Files (x86)\Common Files\Acronis\SnapAPI\;C:\Program Files (x86)\Common Files\Autodesk Shared\;C:\Program Files\Microsoft\Web Platform Installer\;C:\Program Files (x86)\Microsoft ASP.NET\ASP.NET Web Pages\v1.0\;C:\Program Files\Microsoft SQL Server\110\Tools\Binn\;C:\Program Files\Common Files\Autodesk Shared\;C:\Program Files (x86)\NVIDIA Corporation\PhysX\Common;C:\Program Files (x86)\Skype\Phone\;C:\Program Files (x86)\Common Files\Acronis\TibMounter64
USERNAME=¿ÎÂÍÒ‡Ì‰
OS=Windows_NT
PROCESSOR_IDENTIFIER=Intel64 Family 6 Model 15 Stepping 11, GenuineIntel



---------------  S Y S T E M  ---------------

OS: Windows 8.1 , 64 bit Build 9600 (6.3.9600.17415)

CPU:total 4 (4 cores per cpu, 1 threads per core) family 6 model 15 stepping 11, cmov, cx8, fxsr, mmx, sse, sse2, sse3, ssse3, tsc

Memory: 4k page, physical 8387492k(638404k free), swap 16996044k(4859840k free)

vm_info: Java HotSpot(TM) 64-Bit Server VM (25.60-b23) for windows-amd64 JRE (1.8.0_60-b27), built on Aug  4 2015 11:06:27 by "java_re" with MS VC++ 10.0 (VS2010)

time: Tue Oct 06 22:21:51 2015
elapsed time: 2 seconds (0d 0h 0m 2s)

