#
# A fatal error has been detected by the Java Runtime Environment:
#
#  EXCEPTION_ACCESS_VIOLATION (0xc0000005) at pc=0xffffffffa38e5120, pid=8392, tid=1308
#
# JRE version: Java(TM) SE Runtime Environment (8.0_60-b27) (build 1.8.0_60-b27)
# Java VM: Java HotSpot(TM) 64-Bit Server VM (25.60-b23 mixed mode windows-amd64 compressed oops)
# Problematic frame:
# C  0xffffffffa38e5120
#
# Failed to write core dump. Minidumps are not enabled by default on client versions of Windows
#
# If you would like to submit a bug report, please visit:
#   http://bugreport.java.com/bugreport/crash.jsp
#

---------------  T H R E A D  ---------------

Current thread (0x00000000027e0800):  JavaThread "main" [_thread_in_Java, id=1308, stack(0x00000000026e0000,0x00000000027e0000)]

siginfo: ExceptionCode=0xc0000005, ExceptionInformation=0x0000000000000008 0xffffffffa38e5120

Registers:
RAX=0x0000000014ae0090, RBX=0x0000000014ae0090, RCX=0x00000000eba3c9d0, RDX=0x00000000eba3c9d0
RSP=0x00000000027de6f8, RBP=0x00000000027de758, RSI=0x0000000000000002, RDI=0x0000000000000002
R8 =0x00000000eba3ddd8, R9 =0x00000000eab1be60, R10=0x0000000064282140, R11=0x0000000002addd20
R12=0x0000000000000000, R13=0x00000000027de708, R14=0x00000000027de790, R15=0x00000000027e0800
RIP=0xffffffffa38e5120, EFLAGS=0x0000000000010206

Top of Stack: (sp=0x00000000027de6f8)
0x00000000027de6f8:   00000000028e7a2d 00000000028e7a2d
0x00000000027de708:   00000000eba3ddd8 00000000eba3c9d0
0x00000000027de718:   00000000027de718 0000000014afadf5
0x00000000027de728:   00000000027de790 0000000014afb8e0
0x00000000027de738:   0000000014c06820 0000000014afae58
0x00000000027de748:   00000000027de708 00000000027de7a0
0x00000000027de758:   00000000027de860 0000000002c8d694
0x00000000027de768:   00000000eba3c9d0 00000000eba3ca78
0x00000000027de778:   0000000000000008 000000000000000d
0x00000000027de788:   00000000eba3ddd8 00000000eba3d470
0x00000000027de798:   0000000002c8d694 00000000eba3d4d8
0x00000000027de7a8:   00000000027de7a8 0000000014ac4292
0x00000000027de7b8:   00000000027de810 0000000014ac4a00
0x00000000027de7c8:   0000000014bef610 0000000014ac42d8
0x00000000027de7d8:   00000000eba3ddd8 00000000eba3d470
0x00000000027de7e8:   00000000027de860 00000000027de860 

Instructions: (pc=0xffffffffa38e5120)
0xffffffffa38e5100:   
[error occurred during error reporting (printing registers, top of stack, instructions near pc), id 0xc0000005]

Register to memory mapping:

RAX={method} {0x0000000014ae0098} 'forEach' '(Lcom/android/dx/rop/code/Insn$Visitor;)V' in 'com/android/dx/rop/code/InsnList'
RBX={method} {0x0000000014ae0098} 'forEach' '(Lcom/android/dx/rop/code/Insn$Visitor;)V' in 'com/android/dx/rop/code/InsnList'
RCX=0x00000000eba3c9d0 is an oop
com.android.dx.rop.code.InsnList 
 - klass: 'com/android/dx/rop/code/InsnList'
RDX=0x00000000eba3c9d0 is an oop
com.android.dx.rop.code.InsnList 
 - klass: 'com/android/dx/rop/code/InsnList'
RSP=0x00000000027de6f8 is pointing into the stack for thread: 0x00000000027e0800
RBP=0x00000000027de758 is pointing into the stack for thread: 0x00000000027e0800
RSI=0x0000000000000002 is an unknown value
RDI=0x0000000000000002 is an unknown value
R8 =0x00000000eba3ddd8 is an oop
com.android.dx.rop.code.BasicBlockList$RegCountVisitor 
 - klass: 'com/android/dx/rop/code/BasicBlockList$RegCountVisitor'
R9 =0x00000000eab1be60 is an oop
java.lang.Class 
 - klass: 'java/lang/Class'
R10=0x0000000064282140 is an unknown value
R11=0x0000000002addd20 is at entry_point+32 in (nmethod*)0x0000000002addb50
R12=0x0000000000000000 is an unknown value
R13=0x00000000027de708 is pointing into the stack for thread: 0x00000000027e0800
R14=0x00000000027de790 is pointing into the stack for thread: 0x00000000027e0800
R15=0x00000000027e0800 is a thread


Stack: [0x00000000026e0000,0x00000000027e0000],  sp=0x00000000027de6f8,  free space=1017k
Native frames: (J=compiled Java code, j=interpreted, Vv=VM code, C=native code)
C  0xffffffffa38e5120


---------------  P R O C E S S  ---------------

Java Threads: ( => current thread )
  0x0000000016a56000 JavaThread "pool-1-thread-4" [_thread_blocked, id=9288, stack(0x00000000172f0000,0x00000000173f0000)]
  0x0000000016a55800 JavaThread "pool-1-thread-3" [_thread_blocked, id=4864, stack(0x00000000171f0000,0x00000000172f0000)]
  0x0000000016a50800 JavaThread "pool-1-thread-2" [_thread_blocked, id=9760, stack(0x00000000170f0000,0x00000000171f0000)]
  0x0000000016a47800 JavaThread "pool-2-thread-1" [_thread_blocked, id=11148, stack(0x0000000016ff0000,0x00000000170f0000)]
  0x0000000016a46800 JavaThread "pool-1-thread-1" [_thread_blocked, id=6000, stack(0x0000000016ef0000,0x0000000016ff0000)]
  0x00000000167fb800 JavaThread "Service Thread" daemon [_thread_blocked, id=8940, stack(0x0000000016cf0000,0x0000000016df0000)]
  0x00000000167f8800 JavaThread "C1 CompilerThread2" daemon [_thread_blocked, id=3948, stack(0x0000000016bf0000,0x0000000016cf0000)]
  0x0000000015000800 JavaThread "C2 CompilerThread1" daemon [_thread_blocked, id=1988, stack(0x00000000166f0000,0x00000000167f0000)]
  0x0000000014faf800 JavaThread "C2 CompilerThread0" daemon [_thread_blocked, id=10932, stack(0x00000000165f0000,0x00000000166f0000)]
  0x0000000014fae000 JavaThread "Attach Listener" daemon [_thread_blocked, id=8792, stack(0x00000000164f0000,0x00000000165f0000)]
  0x0000000014fad000 JavaThread "Signal Dispatcher" daemon [_thread_blocked, id=11216, stack(0x00000000163f0000,0x00000000164f0000)]
  0x00000000028d6000 JavaThread "Finalizer" daemon [_thread_blocked, id=10356, stack(0x0000000016210000,0x0000000016310000)]
  0x00000000028cc000 JavaThread "Reference Handler" daemon [_thread_blocked, id=3876, stack(0x0000000016110000,0x0000000016210000)]
=>0x00000000027e0800 JavaThread "main" [_thread_in_Java, id=1308, stack(0x00000000026e0000,0x00000000027e0000)]

Other Threads:
  0x0000000014f76000 VMThread [stack: 0x0000000016010000,0x0000000016110000] [id=8768]
  0x0000000016800000 WatcherThread [stack: 0x0000000016df0000,0x0000000016ef0000] [id=1716]

VM state:not at safepoint (normal execution)

VM Mutex/Monitor currently owned by a thread: None

Heap:
 PSYoungGen      total 38400K, used 19610K [0x00000000eab00000, 0x00000000ed580000, 0x0000000100000000)
  eden space 33280K, 58% used [0x00000000eab00000,0x00000000ebe26a70,0x00000000ecb80000)
  from space 5120K, 0% used [0x00000000ed080000,0x00000000ed080000,0x00000000ed580000)
  to   space 5120K, 0% used [0x00000000ecb80000,0x00000000ecb80000,0x00000000ed080000)
 ParOldGen       total 87552K, used 0K [0x00000000c0000000, 0x00000000c5580000, 0x00000000eab00000)
  object space 87552K, 0% used [0x00000000c0000000,0x00000000c0000000,0x00000000c5580000)
 Metaspace       used 5707K, capacity 6768K, committed 7040K, reserved 1056768K
  class space    used 583K, capacity 616K, committed 640K, reserved 1048576K

Card table byte_map: [0x0000000011ca0000,0x0000000011eb0000] byte_map_base: 0x00000000116a0000

Marking Bits: (ParMarkBitMap*) 0x000000006429a5b0
 Begin Bits: [0x0000000012410000, 0x0000000013410000)
 End Bits:   [0x0000000013410000, 0x0000000014410000)

Polling page: 0x0000000002640000

CodeCache: size=245760Kb used=4010Kb max_used=4020Kb free=241749Kb
 bounds [0x00000000028e0000, 0x0000000002cd0000, 0x00000000118e0000]
 total_blobs=1273 nmethods=1006 adapters=182
 compilation: enabled

Compilation events (10 events):
Event: 2.005 Thread 0x0000000014faf800  986       4       com.android.dx.dex.code.OutputFinisher::updateInfo (44 bytes)
Event: 2.010 Thread 0x0000000015000800 nmethod 982 0x0000000002cb0210 code [0x0000000002cb0380, 0x0000000002cb0828]
Event: 2.010 Thread 0x0000000014faf800 nmethod 986 0x0000000002c97d10 code [0x0000000002c97e60, 0x0000000002c980a8]
Event: 2.061 Thread 0x00000000167f8800  987       3       com.android.dx.cf.code.ByteBlockList::get (9 bytes)
Event: 2.061 Thread 0x00000000167f8800 nmethod 987 0x0000000002cafd10 code [0x0000000002cafe80, 0x0000000002cb0168]
Event: 2.061 Thread 0x00000000167f8800  988   !   3       com.android.dx.cf.code.Ropper::processBlock (1101 bytes)
Event: 2.070 Thread 0x0000000015000800  999       4       com.android.dx.rop.code.InsnList::forEach (28 bytes)
Event: 2.072 Thread 0x0000000014faf800 1000       4       com.android.dx.util.MutabilityControl::throwIfMutable (18 bytes)
Event: 2.072 Thread 0x0000000014faf800 nmethod 1000 0x0000000002c1d4d0 code [0x0000000002c1d600, 0x0000000002c1d678]
Event: 2.072 Thread 0x0000000015000800 nmethod 999 0x0000000002caf850 code [0x0000000002caf9a0, 0x0000000002cafb18]

GC Heap History (0 events):
No events

Deoptimization events (8 events):
Event: 1.425 Thread 0x0000000016a56000 Uncommon trap: reason=unstable_if action=reinterpret pc=0x0000000002add5c8 method=java.util.HashMap.getNode(ILjava/lang/Object;)Ljava/util/HashMap$Node; @ 62
Event: 1.441 Thread 0x0000000016a46800 Uncommon trap: reason=unstable_if action=reinterpret pc=0x0000000002ae59b0 method=java.util.BitSet.nextSetBit(I)I @ 87
Event: 1.602 Thread 0x0000000016a55800 Uncommon trap: reason=unstable_if action=reinterpret pc=0x0000000002baadc0 method=com.android.dx.rop.code.RegisterSpec.hashCodeOf(ILcom/android/dx/rop/type/TypeBearer;Lcom/android/dx/rop/code/LocalItem;)I @ 1
Event: 1.606 Thread 0x0000000016a55800 Uncommon trap: reason=uninitialized action=reinterpret pc=0x0000000002bdbb00 method=com.android.dx.ssa.SsaRenamer$BlockRenamer.visitMoveInsn(Lcom/android/dx/ssa/NormalSsaInsn;)V @ 101
Event: 1.652 Thread 0x0000000016a55800 Uncommon trap: reason=unstable_if action=reinterpret pc=0x0000000002c1470c method=com.android.dx.rop.code.RegisterSpec.equals(ILcom/android/dx/rop/type/TypeBearer;Lcom/android/dx/rop/code/LocalItem;)Z @ 24
Event: 1.654 Thread 0x0000000016a55800 Uncommon trap: reason=null_assert action=make_not_entrant pc=0x0000000002b8b38c method=com.android.dx.rop.code.RegisterSpec$ForComparison.equals(Ljava/lang/Object;)Z @ 27
Event: 1.657 Thread 0x0000000016a55800 Uncommon trap: reason=unstable_if action=reinterpret pc=0x0000000002bc857c method=com.android.dx.rop.code.RegisterSpec.equals(ILcom/android/dx/rop/type/TypeBearer;Lcom/android/dx/rop/code/LocalItem;)Z @ 24
Event: 1.661 Thread 0x0000000016a55800 Uncommon trap: reason=unstable_if action=reinterpret pc=0x0000000002bf34b0 method=com.android.dx.rop.code.RegisterSpec.equals(ILcom/android/dx/rop/type/TypeBearer;Lcom/android/dx/rop/code/LocalItem;)Z @ 24

Internal exceptions (2 events):
Event: 0.127 Thread 0x00000000027e0800 Exception <a 'java/lang/NoSuchMethodError': Method sun.misc.Unsafe.defineClass(Ljava/lang/String;[BII)Ljava/lang/Class; name or signature does not match> (0x00000000eab130a8) thrown at [C:\re\workspace\8-2-build-windows-amd64-cygwin\jdk8u60\4407\hotspot\srёЩ<-п6А?
Event: 0.127 Thread 0x00000000027e0800 Exception <a 'java/lang/NoSuchMethodError': Method sun.misc.Unsafe.prefetchRead(Ljava/lang/Object;J)V name or signature does not match> (0x00000000eab13390) thrown at [C:\re\workspace\8-2-build-windows-amd64-cygwin\jdk8u60\4407\hotspot\src\share\vm\prims\j

Events (10 events):
Event: 1.657 Thread 0x0000000016a55800 Uncommon trap: trap_request=0xffffff65 fr.pc=0x0000000002bc857c
Event: 1.657 Thread 0x0000000016a55800 DEOPT PACKING pc=0x0000000002bc857c sp=0x00000000172ee850
Event: 1.657 Thread 0x0000000016a55800 DEOPT UNPACKING pc=0x000000000292556a sp=0x00000000172ee688 mode 2
Event: 1.661 Thread 0x0000000016a55800 Uncommon trap: trap_request=0xffffff65 fr.pc=0x0000000002bf34b0
Event: 1.661 Thread 0x0000000016a55800 DEOPT PACKING pc=0x0000000002bf34b0 sp=0x00000000172ee790
Event: 1.661 Thread 0x0000000016a55800 DEOPT UNPACKING pc=0x000000000292556a sp=0x00000000172ee720 mode 2
Event: 1.668 loading class com/android/dx/cf/code/SwitchList
Event: 1.668 loading class com/android/dx/cf/code/SwitchList done
Event: 1.670 Executing VM operation: ForceSafepoint
Event: 1.724 Executing VM operation: ForceSafepoint done


Dynamic libraries:
0x00007ff782eb0000 - 0x00007ff782ee7000 	E:\Java\jdk1.8.0_60\bin\java.exe
0x00007fff9cbe0000 - 0x00007fff9cd8c000 	C:\WINDOWS\SYSTEM32\ntdll.dll
0x00007fff9b4c0000 - 0x00007fff9b5fe000 	C:\WINDOWS\system32\KERNEL32.DLL
0x00007fff9a040000 - 0x00007fff9a155000 	C:\WINDOWS\system32\KERNELBASE.dll
0x00007fff98990000 - 0x00007fff98a1e000 	C:\WINDOWS\system32\apphelp.dll
0x00007fff8ff70000 - 0x00007fff8ffc3000 	C:\WINDOWS\AppPatch\AppPatch64\AcGenral.DLL
0x00007fff9a9a0000 - 0x00007fff9aa4a000 	C:\WINDOWS\system32\msvcrt.dll
0x00007fff99b00000 - 0x00007fff99b2e000 	C:\WINDOWS\SYSTEM32\SspiCli.dll
0x00007fff9ae70000 - 0x00007fff9aec4000 	C:\WINDOWS\system32\SHLWAPI.dll
0x00007fff9b340000 - 0x00007fff9b4b7000 	C:\WINDOWS\system32\USER32.dll
0x00007fff9a650000 - 0x00007fff9a7e4000 	C:\WINDOWS\system32\ole32.dll
0x00007fff9b600000 - 0x00007fff9cb2b000 	C:\WINDOWS\system32\SHELL32.dll
0x00007fff992d0000 - 0x00007fff992f1000 	C:\WINDOWS\SYSTEM32\USERENV.dll
0x00007fff9cb30000 - 0x00007fff9cbda000 	C:\WINDOWS\system32\ADVAPI32.dll
0x00007fff8bb00000 - 0x00007fff8bb1e000 	C:\WINDOWS\SYSTEM32\MPR.dll
0x00007fff9a500000 - 0x00007fff9a641000 	C:\WINDOWS\system32\RPCRT4.dll
0x00007fff9b2e0000 - 0x00007fff9b339000 	C:\WINDOWS\SYSTEM32\sechost.dll
0x00007fff9aed0000 - 0x00007fff9b0e1000 	C:\WINDOWS\SYSTEM32\combase.dll
0x00007fff9ab70000 - 0x00007fff9acbf000 	C:\WINDOWS\system32\GDI32.dll
0x00007fff99d30000 - 0x00007fff99d45000 	C:\WINDOWS\SYSTEM32\profapi.dll
0x00007fff987f0000 - 0x00007fff988a2000 	C:\WINDOWS\SYSTEM32\SHCORE.dll
0x00007fff9aa50000 - 0x00007fff9aa86000 	C:\WINDOWS\system32\IMM32.DLL
0x00007fff9b120000 - 0x00007fff9b272000 	C:\WINDOWS\system32\MSCTF.dll
0x00007fff98170000 - 0x00007fff983eb000 	C:\WINDOWS\WinSxS\amd64_microsoft.windows.common-controls_6595b64144ccf1df_6.0.9600.18006_none_623f33d3ecbe86e8\COMCTL32.dll
0x0000000063550000 - 0x0000000063622000 	E:\Java\jdk1.8.0_60\jre\bin\msvcr100.dll
0x0000000063a90000 - 0x0000000064319000 	E:\Java\jdk1.8.0_60\jre\bin\server\jvm.dll
0x00007fff94020000 - 0x00007fff94029000 	C:\WINDOWS\SYSTEM32\WSOCK32.dll
0x00007fff983f0000 - 0x00007fff98412000 	C:\WINDOWS\SYSTEM32\WINMM.dll
0x00007fff98420000 - 0x00007fff9842a000 	C:\WINDOWS\SYSTEM32\VERSION.dll
0x00007fff9b110000 - 0x00007fff9b117000 	C:\WINDOWS\system32\PSAPI.DLL
0x00007fff9b280000 - 0x00007fff9b2da000 	C:\WINDOWS\system32\WS2_32.dll
0x00007fff98130000 - 0x00007fff9815a000 	C:\WINDOWS\SYSTEM32\WINMMBASE.dll
0x00007fff9acc0000 - 0x00007fff9acc9000 	C:\WINDOWS\system32\NSI.dll
0x00007fff9a160000 - 0x00007fff9a1af000 	C:\WINDOWS\SYSTEM32\cfgmgr32.dll
0x00007fff98950000 - 0x00007fff98978000 	C:\WINDOWS\SYSTEM32\DEVOBJ.dll
0x0000000063a80000 - 0x0000000063a8f000 	E:\Java\jdk1.8.0_60\jre\bin\verify.dll
0x0000000063a50000 - 0x0000000063a79000 	E:\Java\jdk1.8.0_60\jre\bin\java.dll
0x0000000063a30000 - 0x0000000063a46000 	E:\Java\jdk1.8.0_60\jre\bin\zip.dll
0x00007fff94410000 - 0x00007fff94599000 	C:\WINDOWS\SYSTEM32\dbghelp.dll

VM Arguments:
jvm_args: -Xmx1024M -Dfile.encoding=windows-1251 -Duser.country=RU -Duser.language=ru -Duser.variant 
java_command: com.android.dx.command.Main --dex --num-threads=4 --output E:\Android\AndroidStudioProjects\LoftblogMoneyTracker\app\build\intermediates\pre-dexed\debug\classes-977005bd02c3939b30fc4eafce83f5e6d10d9144.jar E:\Android\AndroidStudioProjects\LoftblogMoneyTracker\app\build\intermediates\exploded-aar\com.google.android.gms\play-services-drive\8.1.0\jars\classes.jar
java_class_path (initial): E:\Android\sdk\build-tools\23.0.0\lib\dx.jar
Launcher Type: SUN_STANDARD

Environment Variables:
PATH=C:\ProgramData\Oracle\Java\javapath;C:\WINDOWS\system32;C:\WINDOWS;C:\WINDOWS\System32\Wbem;C:\WINDOWS\System32\WindowsPowerShell\v1.0\;C:\Program Files (x86)\Common Files\Acronis\SnapAPI\;C:\Program Files (x86)\Common Files\Autodesk Shared\;C:\Program Files\Microsoft\Web Platform Installer\;C:\Program Files (x86)\Microsoft ASP.NET\ASP.NET Web Pages\v1.0\;C:\Program Files\Microsoft SQL Server\110\Tools\Binn\;C:\Program Files\Common Files\Autodesk Shared\;C:\Program Files (x86)\NVIDIA Corporation\PhysX\Common;C:\Program Files (x86)\Skype\Phone\
USERNAME=Александр
OS=Windows_NT
PROCESSOR_IDENTIFIER=Intel64 Family 6 Model 15 Stepping 11, GenuineIntel



---------------  S Y S T E M  ---------------

OS: Windows 8.1 , 64 bit Build 9600 (6.3.9600.17415)

CPU:total 4 (4 cores per cpu, 1 threads per core) family 6 model 15 stepping 11, cmov, cx8, fxsr, mmx, sse, sse2, sse3, ssse3, tsc

Memory: 4k page, physical 8387492k(1968432k free), swap 16776356k(4171232k free)

vm_info: Java HotSpot(TM) 64-Bit Server VM (25.60-b23) for windows-amd64 JRE (1.8.0_60-b27), built on Aug  4 2015 11:06:27 by "java_re" with MS VC++ 10.0 (VS2010)

time: Thu Oct 22 22:45:21 2015
elapsed time: 2 seconds (0d 0h 0m 2s)

