#
# A fatal error has been detected by the Java Runtime Environment:
#
#  EXCEPTION_ACCESS_VIOLATION (0xc0000005) at pc=0xffffffffa3185120, pid=2236, tid=9936
#
# JRE version: Java(TM) SE Runtime Environment (8.0_60-b27) (build 1.8.0_60-b27)
# Java VM: Java HotSpot(TM) 64-Bit Server VM (25.60-b23 mixed mode windows-amd64 compressed oops)
# Problematic frame:
# C  0xffffffffa3185120
#
# Failed to write core dump. Minidumps are not enabled by default on client versions of Windows
#
# If you would like to submit a bug report, please visit:
#   http://bugreport.java.com/bugreport/crash.jsp
#

---------------  T H R E A D  ---------------

Current thread (0x0000000002083800):  JavaThread "main" [_thread_in_Java, id=9936, stack(0x0000000001f80000,0x0000000002080000)]

siginfo: ExceptionCode=0xc0000005, ExceptionInformation=0x0000000000000008 0xffffffffa3185120

Registers:
RAX=0x0000000100028d98, RBX=0x0000000014576d68, RCX=0x00000000ee1e9850, RDX=0x00000000ee1e9820
RSP=0x000000000207eca8, RBP=0x000000000207edf0, RSI=0x00000000ee1e9820, RDI=0x0000000014591220
R8 =0x0000000000000004, R9 =0x00000000ffffffa0, R10=0x0000000100028d98, R11=0x0000000002b5e420
R12=0x0000000000000000, R13=0x000000000207eda8, R14=0x000000000207ee18, R15=0x0000000002083800
RIP=0xffffffffa3185120, EFLAGS=0x0000000000010202

Top of Stack: (sp=0x000000000207eca8)
0x000000000207eca8:   0000000002b5d2f4 000000000207ee28
0x000000000207ecb8:   0000000002b66ee4 00000000029aed60
0x000000000207ecc8:   0000000002293099 00000000ee1f26a8
0x000000000207ecd8:   00000000029aed60 ee1e3cf000033b17
0x000000000207ece8:   00000000ee1f26a8 0000000000033deb
0x000000000207ecf8:   000229a0000052a0 00000000ee1044d0
0x000000000207ed08:   0000000002083800 000000000207ee28
0x000000000207ed18:   0000000002b65d34 000000000207ed88
0x000000000207ed28:   0000000002187a2d 0000000002187470
0x000000000207ed38:   0000000002187a2d 00000000ee1e9820
0x000000000207ed48:   000000000207ed48 000000000207edf0
0x000000000207ed58:   0000000002b5e504 0000000014599040
0x000000000207ed68:   00000000ee1044d0 00000000000229a0
0x000000000207ed78:   0000000000000000 000000000207ee28
0x000000000207ed88:   0000000002b65744 000000000207edf0
0x000000000207ed98:   0000000002187470 0000000002187470 

Instructions: (pc=0xffffffffa3185120)
0xffffffffa3185100:   
[error occurred during error reporting (printing registers, top of stack, instructions near pc), id 0xc0000005]

Register to memory mapping:

RAX=0x0000000100028d98 is pointing into metadata
RBX={method} {0x0000000014576d70} 'readInt' '()I' in 'com/android/dex/Dex$Section'
RCX=0x00000000ee1e9850 is an oop
com.android.dex.Dex$Section 
 - klass: 'com/android/dex/Dex$Section'
RDX=0x00000000ee1e9820 is an oop
java.nio.HeapByteBuffer 
 - klass: 'java/nio/HeapByteBuffer'
RSP=0x000000000207eca8 is pointing into the stack for thread: 0x0000000002083800
RBP=0x000000000207edf0 is pointing into the stack for thread: 0x0000000002083800
RSI=0x00000000ee1e9820 is an oop
java.nio.HeapByteBuffer 
 - klass: 'java/nio/HeapByteBuffer'
RDI=0x0000000014591220 is pointing into metadata
R8 =0x0000000000000004 is an unknown value
R9 =0x00000000ffffffa0 is an unallocated location in the heap
R10=0x0000000100028d98 is pointing into metadata
R11=0x0000000002b5e420 is at entry_point+32 in (nmethod*)0x0000000002b5e290
R12=0x0000000000000000 is an unknown value
R13=0x000000000207eda8 is pointing into the stack for thread: 0x0000000002083800
R14=0x000000000207ee18 is pointing into the stack for thread: 0x0000000002083800
R15=0x0000000002083800 is a thread


Stack: [0x0000000001f80000,0x0000000002080000],  sp=0x000000000207eca8,  free space=1019k
Native frames: (J=compiled Java code, j=interpreted, Vv=VM code, C=native code)
C  0xffffffffa3185120


---------------  P R O C E S S  ---------------

Java Threads: ( => current thread )
  0x00000000161e2800 JavaThread "Service Thread" daemon [_thread_blocked, id=4408, stack(0x00000000165b0000,0x00000000166b0000)]
  0x0000000014860800 JavaThread "C1 CompilerThread2" daemon [_thread_blocked, id=9356, stack(0x00000000160b0000,0x00000000161b0000)]
  0x000000001484f800 JavaThread "C2 CompilerThread1" daemon [_thread_in_native, id=3384, stack(0x0000000015fb0000,0x00000000160b0000)]
  0x000000001484c800 JavaThread "C2 CompilerThread0" daemon [_thread_blocked, id=9480, stack(0x0000000015eb0000,0x0000000015fb0000)]
  0x000000001484c000 JavaThread "Attach Listener" daemon [_thread_blocked, id=9552, stack(0x0000000015db0000,0x0000000015eb0000)]
  0x000000001485a000 JavaThread "Signal Dispatcher" daemon [_thread_blocked, id=2460, stack(0x0000000015cb0000,0x0000000015db0000)]
  0x0000000002179000 JavaThread "Finalizer" daemon [_thread_blocked, id=1288, stack(0x0000000015ad0000,0x0000000015bd0000)]
  0x0000000002170800 JavaThread "Reference Handler" daemon [_thread_blocked, id=9688, stack(0x00000000159d0000,0x0000000015ad0000)]
=>0x0000000002083800 JavaThread "main" [_thread_in_Java, id=9936, stack(0x0000000001f80000,0x0000000002080000)]

Other Threads:
  0x0000000014816800 VMThread [stack: 0x00000000158d0000,0x00000000159d0000] [id=10060]
  0x0000000016207000 WatcherThread [stack: 0x00000000166b0000,0x00000000167b0000] [id=4584]

VM state:not at safepoint (normal execution)

VM Mutex/Monitor currently owned by a thread: None

Heap:
 PSYoungGen      total 71680K, used 61558K [0x00000000eab00000, 0x00000000ef600000, 0x0000000100000000)
  eden space 66560K, 84% used [0x00000000eab00000,0x00000000ee221a80,0x00000000eec00000)
  from space 5120K, 99% used [0x00000000ef100000,0x00000000ef5fbf10,0x00000000ef600000)
  to   space 5120K, 0% used [0x00000000eec00000,0x00000000eec00000,0x00000000ef100000)
 ParOldGen       total 87552K, used 9210K [0x00000000c0000000, 0x00000000c5580000, 0x00000000eab00000)
  object space 87552K, 10% used [0x00000000c0000000,0x00000000c08feaa0,0x00000000c5580000)
 Metaspace       used 7219K, capacity 7800K, committed 7936K, reserved 1056768K
  class space    used 670K, capacity 688K, committed 768K, reserved 1048576K

Card table byte_map: [0x0000000011540000,0x0000000011750000] byte_map_base: 0x0000000010f40000

Marking Bits: (ParMarkBitMap*) 0x0000000076e5a5b0
 Begin Bits: [0x0000000011cb0000, 0x0000000012cb0000)
 End Bits:   [0x0000000012cb0000, 0x0000000013cb0000)

Polling page: 0x0000000000730000

CodeCache: size=245760Kb used=10172Kb max_used=10183Kb free=235587Kb
 bounds [0x0000000002180000, 0x0000000002b80000, 0x0000000011180000]
 total_blobs=2722 nmethods=2446 adapters=190
 compilation: enabled

Compilation events (10 events):
Event: 4.191 Thread 0x0000000014860800 2440       3       java.nio.Bits::makeShort (12 bytes)
Event: 4.191 Thread 0x0000000014860800 nmethod 2440 0x0000000002b75690 code [0x0000000002b757e0, 0x0000000002b75930]
Event: 4.191 Thread 0x0000000014860800 2447       3       com.android.dx.merge.IndexMap::adjustString (16 bytes)
Event: 4.191 Thread 0x0000000014860800 nmethod 2447 0x0000000002b75990 code [0x0000000002b75b00, 0x0000000002b75cd0]
Event: 4.191 Thread 0x0000000014860800 2448       3       com.android.dx.merge.IndexMap::adjustType (19 bytes)
Event: 4.191 Thread 0x0000000014860800 nmethod 2448 0x0000000002b75dd0 code [0x0000000002b75f40, 0x0000000002b76110]
Event: 4.191 Thread 0x0000000014860800 2453       3       com.android.dex.ProtoId::<init> (26 bytes)
Event: 4.191 Thread 0x000000001484c800 nmethod 2449 0x0000000002b78e90 code [0x0000000002b78fc0, 0x0000000002b79058]
Event: 4.191 Thread 0x0000000014860800 nmethod 2453 0x0000000002b78a90 code [0x0000000002b78be0, 0x0000000002b78db0]
Event: 4.191 Thread 0x0000000014860800 2455       3       java.lang.Integer::hashCode (8 bytes)

GC Heap History (4 events):
Event: 1.647 GC heap before
{Heap before GC invocations=1 (full 0):
 PSYoungGen      total 38400K, used 33280K [0x00000000eab00000, 0x00000000ed580000, 0x0000000100000000)
  eden space 33280K, 100% used [0x00000000eab00000,0x00000000ecb80000,0x00000000ecb80000)
  from space 5120K, 0% used [0x00000000ed080000,0x00000000ed080000,0x00000000ed580000)
  to   space 5120K, 0% used [0x00000000ecb80000,0x00000000ecb80000,0x00000000ed080000)
 ParOldGen       total 87552K, used 0K [0x00000000c0000000, 0x00000000c5580000, 0x00000000eab00000)
  object space 87552K, 0% used [0x00000000c0000000,0x00000000c0000000,0x00000000c5580000)
 Metaspace       used 5804K, capacity 6960K, committed 7040K, reserved 1056768K
  class space    used 569K, capacity 616K, committed 640K, reserved 1048576K
Event: 1.701 GC heap after
Heap after GC invocations=1 (full 0):
 PSYoungGen      total 38400K, used 5118K [0x00000000eab00000, 0x00000000ef600000, 0x0000000100000000)
  eden space 33280K, 0% used [0x00000000eab00000,0x00000000eab00000,0x00000000ecb80000)
  from space 5120K, 99% used [0x00000000ecb80000,0x00000000ed07f990,0x00000000ed080000)
  to   space 5120K, 0% used [0x00000000ef100000,0x00000000ef100000,0x00000000ef600000)
 ParOldGen       total 87552K, used 3682K [0x00000000c0000000, 0x00000000c5580000, 0x00000000eab00000)
  object space 87552K, 4% used [0x00000000c0000000,0x00000000c0398938,0x00000000c5580000)
 Metaspace       used 5804K, capacity 6960K, committed 7040K, reserved 1056768K
  class space    used 569K, capacity 616K, committed 640K, reserved 1048576K
}
Event: 2.708 GC heap before
{Heap before GC invocations=2 (full 0):
 PSYoungGen      total 38400K, used 38398K [0x00000000eab00000, 0x00000000ef600000, 0x0000000100000000)
  eden space 33280K, 100% used [0x00000000eab00000,0x00000000ecb80000,0x00000000ecb80000)
  from space 5120K, 99% used [0x00000000ecb80000,0x00000000ed07f990,0x00000000ed080000)
  to   space 5120K, 0% used [0x00000000ef100000,0x00000000ef100000,0x00000000ef600000)
 ParOldGen       total 87552K, used 3682K [0x00000000c0000000, 0x00000000c5580000, 0x00000000eab00000)
  object space 87552K, 4% used [0x00000000c0000000,0x00000000c0398938,0x00000000c5580000)
 Metaspace       used 6051K, capacity 7152K, committed 7296K, reserved 1056768K
  class space    used 579K, capacity 616K, committed 640K, reserved 1048576K
Event: 2.743 GC heap after
Heap after GC invocations=2 (full 0):
 PSYoungGen      total 71680K, used 5103K [0x00000000eab00000, 0x00000000ef600000, 0x0000000100000000)
  eden space 66560K, 0% used [0x00000000eab00000,0x00000000eab00000,0x00000000eec00000)
  from space 5120K, 99% used [0x00000000ef100000,0x00000000ef5fbf10,0x00000000ef600000)
  to   space 5120K, 0% used [0x00000000eec00000,0x00000000eec00000,0x00000000ef100000)
 ParOldGen       total 87552K, used 9210K [0x00000000c0000000, 0x00000000c5580000, 0x00000000eab00000)
  object space 87552K, 10% used [0x00000000c0000000,0x00000000c08feaa0,0x00000000c5580000)
 Metaspace       used 6051K, capacity 7152K, committed 7296K, reserved 1056768K
  class space    used 579K, capacity 616K, committed 640K, reserved 1048576K
}

Deoptimization events (10 events):
Event: 4.053 Thread 0x0000000002083800 Uncommon trap: reason=unstable_if action=reinterpret pc=0x0000000002ac1600 method=com.android.dx.util.ByteArrayAnnotatedOutput.writeUleb128(I)I @ 4
Event: 4.053 Thread 0x0000000002083800 Uncommon trap: reason=unstable_if action=reinterpret pc=0x0000000002aa6bcc method=com.android.dx.util.ByteArrayAnnotatedOutput.writeByte(I)V @ 13
Event: 4.078 Thread 0x0000000002083800 Uncommon trap: reason=unstable_if action=reinterpret pc=0x000000000254a31c method=java.util.Arrays.copyOf([Ljava/lang/Object;ILjava/lang/Class;)[Ljava/lang/Object; @ 3
Event: 4.079 Thread 0x0000000002083800 Uncommon trap: reason=speculate_class_check action=maybe_recompile pc=0x00000000029d7be0 method=java.util.HashMap.putVal(ILjava/lang/Object;Ljava/lang/Object;ZZ)Ljava/lang/Object; @ 56
Event: 4.080 Thread 0x0000000002083800 Uncommon trap: reason=speculate_class_check action=maybe_recompile pc=0x00000000029d7c4c method=java.util.HashMap.putVal(ILjava/lang/Object;Ljava/lang/Object;ZZ)Ljava/lang/Object; @ 152
Event: 4.080 Thread 0x0000000002083800 Uncommon trap: reason=speculate_class_check action=maybe_recompile pc=0x00000000029d7be0 method=java.util.HashMap.putVal(ILjava/lang/Object;Ljava/lang/Object;ZZ)Ljava/lang/Object; @ 56
Event: 4.080 Thread 0x0000000002083800 Uncommon trap: reason=speculate_class_check action=maybe_recompile pc=0x00000000029d7be0 method=java.util.HashMap.putVal(ILjava/lang/Object;Ljava/lang/Object;ZZ)Ljava/lang/Object; @ 56
Event: 4.133 Thread 0x0000000002083800 Uncommon trap: reason=unstable_if action=reinterpret pc=0x00000000023fca54 method=java.lang.String.<init>([CII)V @ 18
Event: 4.172 Thread 0x0000000002083800 Uncommon trap: reason=unstable_if action=reinterpret pc=0x0000000002b6f790 method=com.android.dex.Mutf8.decode(Lcom/android/dex/util/ByteInput;[C)Ljava/lang/String; @ 37
Event: 4.172 Thread 0x0000000002083800 Uncommon trap: reason=unstable_if action=reinterpret pc=0x0000000002b702c4 method=com.android.dex.Mutf8.countBytes(Ljava/lang/String;Z)J @ 35

Internal exceptions (3 events):
Event: 0.048 Thread 0x0000000002083800 Exception <a 'java/lang/NoSuchMethodError': Method sun.misc.Unsafe.defineClass(Ljava/lang/String;[BII)Ljava/lang/Class; name or signature does not match> (0x00000000eab130a8) thrown at [C:\re\workspace\8-2-build-windows-amd64-cygwin\jdk8u60\4407\hotspot\sr¸°3›ª¨?
Event: 0.048 Thread 0x0000000002083800 Exception <a 'java/lang/NoSuchMethodError': Method sun.misc.Unsafe.prefetchRead(Ljava/lang/Object;J)V name or signature does not match> (0x00000000eab13390) thrown at [C:\re\workspace\8-2-build-windows-amd64-cygwin\jdk8u60\4407\hotspot\src\share\vm\prims\j‘?:ÐÈ¼
Event: 2.092 Thread 0x000000001631b000 Implicit null exception at 0x0000000002705ea2 to 0x0000000002705f41

Events (10 events):
Event: 4.180 loading class com/android/dex/TypeList
Event: 4.180 loading class com/android/dex/TypeList done
Event: 4.185 loading class com/android/dx/merge/DexMerger$IdMerger$UnsortedValue
Event: 4.185 loading class com/android/dx/merge/DexMerger$IdMerger$UnsortedValue done
Event: 4.188 loading class com/android/dex/util/Unsigned
Event: 4.188 loading class com/android/dex/util/Unsigned done
Event: 4.190 loading class com/android/dx/merge/DexMerger$4
Event: 4.190 loading class com/android/dx/merge/DexMerger$4 done
Event: 4.190 loading class com/android/dex/ProtoId
Event: 4.190 loading class com/android/dex/ProtoId done


Dynamic libraries:
0x00007ff7f5fe0000 - 0x00007ff7f6017000 	E:\Java\jdk1.8.0_60\bin\java.exe
0x00007ff86a1e0000 - 0x00007ff86a38c000 	C:\WINDOWS\SYSTEM32\ntdll.dll
0x00007ff867860000 - 0x00007ff86799e000 	C:\WINDOWS\system32\KERNEL32.DLL
0x00007ff8675e0000 - 0x00007ff8676f5000 	C:\WINDOWS\system32\KERNELBASE.dll
0x00007ff8658e0000 - 0x00007ff86596e000 	C:\WINDOWS\system32\apphelp.dll
0x00007ff854890000 - 0x00007ff8548e3000 	C:\WINDOWS\AppPatch\AppPatch64\AcGenral.DLL
0x00007ff8696a0000 - 0x00007ff86974a000 	C:\WINDOWS\system32\msvcrt.dll
0x00007ff867100000 - 0x00007ff86712e000 	C:\WINDOWS\SYSTEM32\SspiCli.dll
0x00007ff869750000 - 0x00007ff8697a4000 	C:\WINDOWS\system32\SHLWAPI.dll
0x00007ff869500000 - 0x00007ff869677000 	C:\WINDOWS\system32\USER32.dll
0x00007ff867d10000 - 0x00007ff867ea4000 	C:\WINDOWS\system32\ole32.dll
0x00007ff867f60000 - 0x00007ff86948b000 	C:\WINDOWS\system32\SHELL32.dll
0x00007ff8668d0000 - 0x00007ff8668f1000 	C:\WINDOWS\SYSTEM32\USERENV.dll
0x00007ff867eb0000 - 0x00007ff867f5a000 	C:\WINDOWS\system32\ADVAPI32.dll
0x00007ff85eb70000 - 0x00007ff85eb8e000 	C:\WINDOWS\SYSTEM32\MPR.dll
0x00007ff869ba0000 - 0x00007ff869ce1000 	C:\WINDOWS\system32\RPCRT4.dll
0x00007ff869cf0000 - 0x00007ff869d49000 	C:\WINDOWS\SYSTEM32\sechost.dll
0x00007ff8679a0000 - 0x00007ff867bb1000 	C:\WINDOWS\SYSTEM32\combase.dll
0x00007ff867bc0000 - 0x00007ff867d0f000 	C:\WINDOWS\system32\GDI32.dll
0x00007ff867330000 - 0x00007ff867345000 	C:\WINDOWS\SYSTEM32\profapi.dll
0x00007ff865e80000 - 0x00007ff865f32000 	C:\WINDOWS\SYSTEM32\SHCORE.dll
0x00007ff869d50000 - 0x00007ff869d86000 	C:\WINDOWS\system32\IMM32.DLL
0x00007ff86a070000 - 0x00007ff86a1c2000 	C:\WINDOWS\system32\MSCTF.dll
0x00007ff8646a0000 - 0x00007ff86491b000 	C:\WINDOWS\WinSxS\amd64_microsoft.windows.common-controls_6595b64144ccf1df_6.0.9600.18006_none_623f33d3ecbe86e8\COMCTL32.dll
0x00000000761f0000 - 0x00000000762c2000 	E:\Java\jdk1.8.0_60\jre\bin\msvcr100.dll
0x0000000076650000 - 0x0000000076ed9000 	E:\Java\jdk1.8.0_60\jre\bin\server\jvm.dll
0x00007ff865840000 - 0x00007ff865849000 	C:\WINDOWS\SYSTEM32\WSOCK32.dll
0x00007ff865800000 - 0x00007ff865822000 	C:\WINDOWS\SYSTEM32\WINMM.dll
0x00007ff865830000 - 0x00007ff86583a000 	C:\WINDOWS\SYSTEM32\VERSION.dll
0x00007ff869490000 - 0x00007ff869497000 	C:\WINDOWS\system32\PSAPI.DLL
0x00007ff8694a0000 - 0x00007ff8694fa000 	C:\WINDOWS\system32\WS2_32.dll
0x00007ff863480000 - 0x00007ff8634aa000 	C:\WINDOWS\SYSTEM32\WINMMBASE.dll
0x00007ff86a1d0000 - 0x00007ff86a1d9000 	C:\WINDOWS\system32\NSI.dll
0x00007ff867760000 - 0x00007ff8677af000 	C:\WINDOWS\SYSTEM32\cfgmgr32.dll
0x00007ff866120000 - 0x00007ff866148000 	C:\WINDOWS\SYSTEM32\DEVOBJ.dll
0x0000000050010000 - 0x000000005001f000 	E:\Java\jdk1.8.0_60\jre\bin\verify.dll
0x0000000076620000 - 0x0000000076649000 	E:\Java\jdk1.8.0_60\jre\bin\java.dll
0x0000000076600000 - 0x0000000076616000 	E:\Java\jdk1.8.0_60\jre\bin\zip.dll
0x00007ff863a70000 - 0x00007ff863bf9000 	C:\WINDOWS\SYSTEM32\dbghelp.dll

VM Arguments:
jvm_args: -Xmx1024M -Dfile.encoding=windows-1251 -Duser.country=RU -Duser.language=ru -Duser.variant 
java_command: com.android.dx.command.Main --dex --num-threads=4 --output E:\Android\AndroidStudioProjects\LoftblogMoneyTracker\app\build\intermediates\dex\debug E:\Android\AndroidStudioProjects\LoftblogMoneyTracker\app\build\intermediates\classes\debug E:\Android\AndroidStudioProjects\LoftblogMoneyTracker\app\build\intermediates\pre-dexed\debug\support-annotations-23.0.1-e6941ffc9cbf1270b1623cf686ba7082dcc4df08.jar E:\Android\AndroidStudioProjects\LoftblogMoneyTracker\app\build\intermediates\pre-dexed\debug\classes-8feaabbfb5bdbff71ed9eb50acb4a8fe317bd8e4.jar E:\Android\AndroidStudioProjects\LoftblogMoneyTracker\app\build\intermediates\pre-dexed\debug\classes-8c1319393e271eff68e10a9dcae07a2783f674be.jar E:\Android\AndroidStudioProjects\LoftblogMoneyTracker\app\build\intermediates\pre-dexed\debug\internal_impl-22.2.0-0e6d9ecdf28e1d5717a3b05e5efcbaa26aefd913.jar E:\Android\AndroidStudioProjects\LoftblogMoneyTracker\app\build\intermediates\pre-dexed\debug\classes-96a27b206b99b387079686bb2c6db4d651bf67b0.jar E:\Android\AndroidStudioProjects\LoftblogMoneyTracker\app\build\intermediates\pre-dexed\debug\classes-b570df61e751229d205547820db2b138f3d2f62b.jar E:\Android\AndroidStudioProjects\LoftblogMoneyTracker\app\build\intermediates\pre-dexed\debug\classes-52b7275268a9e54f348a2faeff70a90613f238e9.jar E:\Android\AndroidStudioProjects\LoftblogMoneyTracker\app\build\intermediates\pre-dexed\debug\classes-472fb590b2ae42e351cdbbab4f5c927f6cbdb130.jar E:\Android\AndroidStudioProjects\LoftblogMoneyTracker\app\build\intermediates\pre-dexed\debug\classes-352d93e2966ff5ab712c233f0fb1f206edd2d56d.jar E:\Android\AndroidStudioProjects\LoftblogMoneyTracker\app\build\intermediates\pre-dexed\debug\classes-de409459780203812a068d576aa5d4d22ec493da.jar E:\Android\AndroidStudioProjects\LoftblogMoneyTracker\app\build\intermediates\pre-dexed\debug\classes-929da88a3328213b151763d457f179989be7055b.jar E:\Android\AndroidStudioProjects\LoftblogMoneyTracker\app\build\intermediates\pre-dexed\debug\ac
java_class_path (initial): E:\Android\sdk\build-tools\23.0.0\lib\dx.jar
Launcher Type: SUN_STANDARD

Environment Variables:
PATH=C:\ProgramData\Oracle\Java\javapath;C:\WINDOWS\system32;C:\WINDOWS;C:\WINDOWS\System32\Wbem;C:\WINDOWS\System32\WindowsPowerShell\v1.0\;C:\Program Files (x86)\Common Files\Acronis\SnapAPI\;C:\Program Files (x86)\Common Files\Autodesk Shared\;C:\Program Files\Microsoft\Web Platform Installer\;C:\Program Files (x86)\Microsoft ASP.NET\ASP.NET Web Pages\v1.0\;C:\Program Files\Microsoft SQL Server\110\Tools\Binn\;C:\Program Files\Common Files\Autodesk Shared\;C:\Program Files (x86)\NVIDIA Corporation\PhysX\Common;C:\Program Files (x86)\Skype\Phone\
USERNAME=Àëåêñàíäð
OS=Windows_NT
PROCESSOR_IDENTIFIER=Intel64 Family 6 Model 15 Stepping 11, GenuineIntel



---------------  S Y S T E M  ---------------

OS: Windows 8.1 , 64 bit Build 9600 (6.3.9600.17415)

CPU:total 4 (4 cores per cpu, 1 threads per core) family 6 model 15 stepping 11, cmov, cx8, fxsr, mmx, sse, sse2, sse3, ssse3, tsc

Memory: 4k page, physical 8387492k(1635576k free), swap 16776356k(5250392k free)

vm_info: Java HotSpot(TM) 64-Bit Server VM (25.60-b23) for windows-amd64 JRE (1.8.0_60-b27), built on Aug  4 2015 11:06:27 by "java_re" with MS VC++ 10.0 (VS2010)

time: Sun Oct 25 22:58:30 2015
elapsed time: 4 seconds (0d 0h 0m 4s)

