#
# A fatal error has been detected by the Java Runtime Environment:
#
#  EXCEPTION_ACCESS_VIOLATION (0xc0000005) at pc=0xffffffffa33b5120, pid=9124, tid=1404
#
# JRE version: Java(TM) SE Runtime Environment (8.0_60-b27) (build 1.8.0_60-b27)
# Java VM: Java HotSpot(TM) 64-Bit Server VM (25.60-b23 mixed mode windows-amd64 compressed oops)
# Problematic frame:
# C  0xffffffffa33b5120
#
# Failed to write core dump. Minidumps are not enabled by default on client versions of Windows
#
# If you would like to submit a bug report, please visit:
#   http://bugreport.java.com/bugreport/crash.jsp
#

---------------  T H R E A D  ---------------

Current thread (0x0000000002280800):  JavaThread "main" [_thread_in_Java, id=1404, stack(0x0000000002140000,0x0000000002240000)]

siginfo: ExceptionCode=0xc0000005, ExceptionInformation=0x0000000000000008 0xffffffffa33b5120

Registers:
RAX=0x000000001475b378, RBX=0x000000001475b378, RCX=0x00000000ed9fc108, RDX=0x00000000ed9fc108
RSP=0x000000000223f138, RBP=0x000000000223f198, RSI=0x0000000000000138, RDI=0x0000000000000967
R8 =0x000000000000a517, R9 =0x00000000ed3d3480, R10=0x00000000582620f0, R11=0x0000000002ce4140
R12=0x0000000000000000, R13=0x000000000223f150, R14=0x0000000100099240, R15=0x0000000002280800
RIP=0xffffffffa33b5120, EFLAGS=0x0000000000010202

Top of Stack: (sp=0x000000000223f138)
0x000000000223f138:   00000000023b7245 00000000023b7a72
0x000000000223f148:   00000000023b7245 00000000ed9fc108
0x000000000223f158:   000000000223f158 00000000145a4af1
0x000000000223f168:   000000000223f1c0 00000000145a6b00
0x000000000223f178:   00000000147893b8 00000000145a4b88
0x000000000223f188:   000000000223f150 000000000223f1b0
0x000000000223f198:   000000000223f208 00000000023b7a2d
0x000000000223f1a8:   000000000002cd41 00000000ed9fc108
0x000000000223f1b8:   00000000ef1f0770 00000000ed3d3468
0x000000000223f1c8:   000000000223f1c8 0000000014500a5f
0x000000000223f1d8:   000000000223f240 0000000014500fd0
0x000000000223f1e8:   0000000000000000 0000000014500ac8
0x000000000223f1f8:   000000000223f1b0 000000000223f238
0x000000000223f208:   000000000223f288 00000000023b7a2d
0x000000000223f218:   00000000ed3d3468 00000000ed9fe8c8
0x000000000223f228:   0000000000000004 00000000ef1f0770 

Instructions: (pc=0xffffffffa33b5120)
0xffffffffa33b5100:   
[error occurred during error reporting (printing registers, top of stack, instructions near pc), id 0xc0000005]

Register to memory mapping:

RAX={method} {0x000000001475b380} 'annotates' '()Z' in 'com/android/dx/util/ByteArrayAnnotatedOutput'
RBX={method} {0x000000001475b380} 'annotates' '()Z' in 'com/android/dx/util/ByteArrayAnnotatedOutput'
RCX=0x00000000ed9fc108 is an oop
com.android.dx.util.ByteArrayAnnotatedOutput 
 - klass: 'com/android/dx/util/ByteArrayAnnotatedOutput'
RDX=0x00000000ed9fc108 is an oop
com.android.dx.util.ByteArrayAnnotatedOutput 
 - klass: 'com/android/dx/util/ByteArrayAnnotatedOutput'
RSP=0x000000000223f138 is pointing into the stack for thread: 0x0000000002280800
RBP=0x000000000223f198 is pointing into the stack for thread: 0x0000000002280800
RSI=0x0000000000000138 is an unknown value
RDI=0x0000000000000967 is an unknown value
R8 =0x000000000000a517 is an unknown value
R9 =0x00000000ed3d3480 is an oop
java.util.TreeMap$Entry 
 - klass: 'java/util/TreeMap$Entry'
R10=0x00000000582620f0 is an unknown value
R11=0x0000000002ce4140 is at entry_point+32 in (nmethod*)0x0000000002ce3fd0
R12=0x0000000000000000 is an unknown value
R13=0x000000000223f150 is pointing into the stack for thread: 0x0000000002280800
R14=0x0000000100099240 is pointing into metadata
R15=0x0000000002280800 is a thread


Stack: [0x0000000002140000,0x0000000002240000],  sp=0x000000000223f138,  free space=1020k
Native frames: (J=compiled Java code, j=interpreted, Vv=VM code, C=native code)
C  0xffffffffa33b5120


---------------  P R O C E S S  ---------------

Java Threads: ( => current thread )
  0x00000000162e6000 JavaThread "Service Thread" daemon [_thread_blocked, id=9840, stack(0x00000000167e0000,0x00000000168e0000)]
  0x00000000162e0800 JavaThread "C1 CompilerThread2" daemon [_thread_blocked, id=8548, stack(0x00000000166e0000,0x00000000167e0000)]
  0x0000000014ad8800 JavaThread "C2 CompilerThread1" daemon [_thread_in_native, id=8488, stack(0x00000000161e0000,0x00000000162e0000)]
  0x0000000014a7f800 JavaThread "C2 CompilerThread0" daemon [_thread_blocked, id=11668, stack(0x00000000160e0000,0x00000000161e0000)]
  0x0000000014a7e000 JavaThread "Attach Listener" daemon [_thread_blocked, id=8920, stack(0x0000000015fe0000,0x00000000160e0000)]
  0x0000000014a7c800 JavaThread "Signal Dispatcher" daemon [_thread_blocked, id=8980, stack(0x0000000015ee0000,0x0000000015fe0000)]
  0x0000000002376000 JavaThread "Finalizer" daemon [_thread_blocked, id=13144, stack(0x0000000015cf0000,0x0000000015df0000)]
  0x000000000236d800 JavaThread "Reference Handler" daemon [_thread_blocked, id=10596, stack(0x0000000015bf0000,0x0000000015cf0000)]
=>0x0000000002280800 JavaThread "main" [_thread_in_Java, id=1404, stack(0x0000000002140000,0x0000000002240000)]

Other Threads:
  0x0000000014a47000 VMThread [stack: 0x0000000015af0000,0x0000000015bf0000] [id=12068]
  0x00000000162f2000 WatcherThread [stack: 0x00000000168e0000,0x00000000169e0000] [id=12824]

VM state:not at safepoint (normal execution)

VM Mutex/Monitor currently owned by a thread: None

Heap:
 PSYoungGen      total 71680K, used 53524K [0x00000000eab00000, 0x00000000ef600000, 0x0000000100000000)
  eden space 66560K, 72% used [0x00000000eab00000,0x00000000eda4b670,0x00000000eec00000)
  from space 5120K, 99% used [0x00000000ef100000,0x00000000ef5f9c78,0x00000000ef600000)
  to   space 5120K, 0% used [0x00000000eec00000,0x00000000eec00000,0x00000000ef100000)
 ParOldGen       total 87552K, used 6420K [0x00000000c0000000, 0x00000000c5580000, 0x00000000eab00000)
  object space 87552K, 7% used [0x00000000c0000000,0x00000000c06451d0,0x00000000c5580000)
 Metaspace       used 6624K, capacity 7504K, committed 7680K, reserved 1056768K
  class space    used 614K, capacity 648K, committed 768K, reserved 1048576K

Card table byte_map: [0x0000000011770000,0x0000000011980000] byte_map_base: 0x0000000011170000

Marking Bits: (ParMarkBitMap*) 0x000000005827a5b0
 Begin Bits: [0x0000000011ee0000, 0x0000000012ee0000)
 End Bits:   [0x0000000012ee0000, 0x0000000013ee0000)

Polling page: 0x0000000002250000

CodeCache: size=245760Kb used=9523Kb max_used=9523Kb free=236236Kb
 bounds [0x00000000023b0000, 0x0000000002d10000, 0x00000000113b0000]
 total_blobs=2513 nmethods=2244 adapters=183
 compilation: enabled

Compilation events (10 events):
Event: 10.277 Thread 0x00000000162e0800 nmethod 2253 0x0000000002d00b50 code [0x0000000002d00ca0, 0x0000000002d00df0]
Event: 10.279 Thread 0x00000000162e0800 2254       3       com.android.dx.dex.file.ClassDataItem::itemType (4 bytes)
Event: 10.279 Thread 0x00000000162e0800 nmethod 2254 0x0000000002d00e90 code [0x0000000002d00fe0, 0x0000000002d01130]
Event: 10.282 Thread 0x00000000162e0800 2255       3       com.android.dx.util.ByteArrayAnnotatedOutput::writeInt (90 bytes)
Event: 10.282 Thread 0x00000000162e0800 nmethod 2255 0x0000000002d011d0 code [0x0000000002d01360, 0x0000000002d01778]
Event: 10.282 Thread 0x00000000162e0800 2256       3       com.android.dx.util.ByteArrayAnnotatedOutput::alignTo (69 bytes)
Event: 10.283 Thread 0x0000000014a7f800 2258       4       com.android.dx.util.ByteArrayAnnotatedOutput::annotates (13 bytes)
Event: 10.283 Thread 0x00000000162e0800 nmethod 2256 0x0000000002d019d0 code [0x0000000002d01b80, 0x0000000002d02028]
Event: 10.283 Thread 0x00000000162e0800 2257       3       com.android.dx.dex.file.StringIdItem::writeTo (95 bytes)
Event: 10.283 Thread 0x0000000014a7f800 nmethod 2258 0x0000000002d04e90 code [0x0000000002d04fc0, 0x0000000002d05038]

GC Heap History (4 events):
Event: 3.497 GC heap before
{Heap before GC invocations=1 (full 0):
 PSYoungGen      total 38400K, used 33280K [0x00000000eab00000, 0x00000000ed580000, 0x0000000100000000)
  eden space 33280K, 100% used [0x00000000eab00000,0x00000000ecb80000,0x00000000ecb80000)
  from space 5120K, 0% used [0x00000000ed080000,0x00000000ed080000,0x00000000ed580000)
  to   space 5120K, 0% used [0x00000000ecb80000,0x00000000ecb80000,0x00000000ed080000)
 ParOldGen       total 87552K, used 0K [0x00000000c0000000, 0x00000000c5580000, 0x00000000eab00000)
  object space 87552K, 0% used [0x00000000c0000000,0x00000000c0000000,0x00000000c5580000)
 Metaspace       used 5985K, capacity 7024K, committed 7296K, reserved 1056768K
  class space    used 591K, capacity 616K, committed 640K, reserved 1048576K
Event: 3.555 GC heap after
Heap after GC invocations=1 (full 0):
 PSYoungGen      total 38400K, used 5111K [0x00000000eab00000, 0x00000000ef600000, 0x0000000100000000)
  eden space 33280K, 0% used [0x00000000eab00000,0x00000000eab00000,0x00000000ecb80000)
  from space 5120K, 99% used [0x00000000ecb80000,0x00000000ed07dc88,0x00000000ed080000)
  to   space 5120K, 0% used [0x00000000ef100000,0x00000000ef100000,0x00000000ef600000)
 ParOldGen       total 87552K, used 1517K [0x00000000c0000000, 0x00000000c5580000, 0x00000000eab00000)
  object space 87552K, 1% used [0x00000000c0000000,0x00000000c017b4f0,0x00000000c5580000)
 Metaspace       used 5985K, capacity 7024K, committed 7296K, reserved 1056768K
  class space    used 591K, capacity 616K, committed 640K, reserved 1048576K
}
Event: 6.294 GC heap before
{Heap before GC invocations=2 (full 0):
 PSYoungGen      total 38400K, used 38391K [0x00000000eab00000, 0x00000000ef600000, 0x0000000100000000)
  eden space 33280K, 100% used [0x00000000eab00000,0x00000000ecb80000,0x00000000ecb80000)
  from space 5120K, 99% used [0x00000000ecb80000,0x00000000ed07dc88,0x00000000ed080000)
  to   space 5120K, 0% used [0x00000000ef100000,0x00000000ef100000,0x00000000ef600000)
 ParOldGen       total 87552K, used 1517K [0x00000000c0000000, 0x00000000c5580000, 0x00000000eab00000)
  object space 87552K, 1% used [0x00000000c0000000,0x00000000c017b4f0,0x00000000c5580000)
 Metaspace       used 6128K, capacity 7088K, committed 7296K, reserved 1056768K
  class space    used 592K, capacity 616K, committed 640K, reserved 1048576K
Event: 6.381 GC heap after
Heap after GC invocations=2 (full 0):
 PSYoungGen      total 71680K, used 5095K [0x00000000eab00000, 0x00000000ef600000, 0x0000000100000000)
  eden space 66560K, 0% used [0x00000000eab00000,0x00000000eab00000,0x00000000eec00000)
  from space 5120K, 99% used [0x00000000ef100000,0x00000000ef5f9c78,0x00000000ef600000)
  to   space 5120K, 0% used [0x00000000eec00000,0x00000000eec00000,0x00000000ef100000)
 ParOldGen       total 87552K, used 6420K [0x00000000c0000000, 0x00000000c5580000, 0x00000000eab00000)
  object space 87552K, 7% used [0x00000000c0000000,0x00000000c06451d0,0x00000000c5580000)
 Metaspace       used 6128K, capacity 7088K, committed 7296K, reserved 1056768K
  class space    used 592K, capacity 616K, committed 640K, reserved 1048576K
}

Deoptimization events (10 events):
Event: 9.442 Thread 0x0000000002280800 Uncommon trap: reason=speculate_class_check action=maybe_recompile pc=0x00000000027c2958 method=com.android.dx.util.FixedSizeList.equals(Ljava/lang/Object;)Z @ 25
Event: 9.442 Thread 0x0000000002280800 Uncommon trap: reason=class_check action=maybe_recompile pc=0x00000000027829dc method=java.util.Arrays.equals([Ljava/lang/Object;[Ljava/lang/Object;)Z @ 62
Event: 9.442 Thread 0x0000000002280800 Uncommon trap: reason=speculate_class_check action=maybe_recompile pc=0x00000000027c2958 method=com.android.dx.util.FixedSizeList.equals(Ljava/lang/Object;)Z @ 25
Event: 9.442 Thread 0x0000000002280800 Uncommon trap: reason=class_check action=maybe_recompile pc=0x00000000027829dc method=java.util.Arrays.equals([Ljava/lang/Object;[Ljava/lang/Object;)Z @ 62
Event: 9.442 Thread 0x0000000002280800 Uncommon trap: reason=speculate_class_check action=maybe_recompile pc=0x00000000027c2958 method=com.android.dx.util.FixedSizeList.equals(Ljava/lang/Object;)Z @ 25
Event: 9.442 Thread 0x0000000002280800 Uncommon trap: reason=class_check action=maybe_recompile pc=0x00000000027829dc method=java.util.Arrays.equals([Ljava/lang/Object;[Ljava/lang/Object;)Z @ 62
Event: 9.492 Thread 0x0000000002280800 Uncommon trap: reason=unstable_if action=reinterpret pc=0x0000000002c3ea40 method=com.android.dx.dex.code.OutputFinisher.findOpcodeForInsn(Lcom/android/dx/dex/code/DalvInsn;Lcom/android/dx/dex/code/Dop;)Lcom/android/dx/dex/code/Dop; @ 1
Event: 9.552 Thread 0x0000000002280800 Uncommon trap: reason=unstable_if action=reinterpret pc=0x0000000002a2df0c method=java.util.TreeMap.put(Ljava/lang/Object;Ljava/lang/Object;)Ljava/lang/Object; @ 163
Event: 9.600 Thread 0x0000000002280800 Uncommon trap: reason=unstable_if action=reinterpret pc=0x0000000002c89e8c method=com.android.dx.dex.code.LocalList$MakeState.aboutToProcess(II)V @ 54
Event: 10.281 Thread 0x0000000002280800 Uncommon trap: reason=unstable_if action=reinterpret pc=0x0000000002cb62c4 method=com.android.dx.util.ByteArrayAnnotatedOutput.writeByte(I)V @ 13

Internal exceptions (4 events):
Event: 0.297 Thread 0x0000000002280800 Exception <a 'java/lang/NoSuchMethodError': Method sun.misc.Unsafe.defineClass(Ljava/lang/String;[BII)Ljava/lang/Class; name or signature does not match> (0x00000000eab130a8) thrown at [C:\re\workspace\8-2-build-windows-amd64-cygwin\jdk8u60\4407\hotspot\sr%Îï»þÓ?
Event: 0.297 Thread 0x0000000002280800 Exception <a 'java/lang/NoSuchMethodError': Method sun.misc.Unsafe.prefetchRead(Ljava/lang/Object;J)V name or signature does not match> (0x00000000eab13390) thrown at [C:\re\workspace\8-2-build-windows-amd64-cygwin\jdk8u60\4407\hotspot\src\share\vm\prims\jñ†EüÈï@
Event: 2.867 Thread 0x000000001655d800 Implicit null exception at 0x00000000027d6889 to 0x00000000027d7545
Event: 2.867 Thread 0x000000001655d800 Implicit null exception at 0x00000000027f2d47 to 0x00000000027f39b1

Events (10 events):
Event: 9.874 loading class com/android/dx/dex/file/DebugInfoEncoder$2 done
Event: 10.169 loading class com/android/dex/EncodedValueCodec
Event: 10.169 loading class com/android/dex/EncodedValueCodec done
Event: 10.270 loading class com/android/dx/dex/file/MapItem
Event: 10.270 loading class com/android/dx/dex/file/MapItem done
Event: 10.281 loading class com/android/dex/DexFormat
Event: 10.281 loading class com/android/dex/DexFormat done
Event: 10.281 Thread 0x0000000002280800 Uncommon trap: trap_request=0xffffff65 fr.pc=0x0000000002cb62c4
Event: 10.281 Thread 0x0000000002280800 DEOPT PACKING pc=0x0000000002cb62c4 sp=0x000000000223f0c0
Event: 10.281 Thread 0x0000000002280800 DEOPT UNPACKING pc=0x00000000023f556a sp=0x000000000223f078 mode 2


Dynamic libraries:
0x00007ff7626c0000 - 0x00007ff7626f7000 	E:\Java\jdk1.8.0_60\bin\java.exe
0x00007ffc079f0000 - 0x00007ffc07b9c000 	C:\WINDOWS\SYSTEM32\ntdll.dll
0x00007ffc05d30000 - 0x00007ffc05e6e000 	C:\WINDOWS\system32\KERNEL32.DLL
0x00007ffc04c20000 - 0x00007ffc04d35000 	C:\WINDOWS\system32\KERNELBASE.dll
0x00007ffc036d0000 - 0x00007ffc0375e000 	C:\WINDOWS\system32\apphelp.dll
0x00007ffbfab10000 - 0x00007ffbfab63000 	C:\WINDOWS\AppPatch\AppPatch64\AcGenral.DLL
0x00007ffc05750000 - 0x00007ffc057fa000 	C:\WINDOWS\system32\msvcrt.dll
0x00007ffc04920000 - 0x00007ffc0494e000 	C:\WINDOWS\SYSTEM32\SspiCli.dll
0x00007ffc05530000 - 0x00007ffc05584000 	C:\WINDOWS\system32\SHLWAPI.dll
0x00007ffc05140000 - 0x00007ffc052b7000 	C:\WINDOWS\system32\USER32.dll
0x00007ffc05e90000 - 0x00007ffc06024000 	C:\WINDOWS\system32\ole32.dll
0x00007ffc063a0000 - 0x00007ffc078b9000 	C:\WINDOWS\system32\SHELL32.dll
0x00007ffc040f0000 - 0x00007ffc04111000 	C:\WINDOWS\SYSTEM32\USERENV.dll
0x00007ffc05420000 - 0x00007ffc054ca000 	C:\WINDOWS\system32\ADVAPI32.dll
0x00007ffbf7830000 - 0x00007ffbf784e000 	C:\WINDOWS\SYSTEM32\MPR.dll
0x00007ffc05600000 - 0x00007ffc05741000 	C:\WINDOWS\system32\RPCRT4.dll
0x00007ffc054d0000 - 0x00007ffc05529000 	C:\WINDOWS\SYSTEM32\sechost.dll
0x00007ffc06030000 - 0x00007ffc06241000 	C:\WINDOWS\SYSTEM32\combase.dll
0x00007ffc05b90000 - 0x00007ffc05cdf000 	C:\WINDOWS\system32\GDI32.dll
0x00007ffc04b50000 - 0x00007ffc04b65000 	C:\WINDOWS\SYSTEM32\profapi.dll
0x00007ffc03610000 - 0x00007ffc036c2000 	C:\WINDOWS\SYSTEM32\SHCORE.dll
0x00007ffc05cf0000 - 0x00007ffc05d26000 	C:\WINDOWS\system32\IMM32.DLL
0x00007ffc052c0000 - 0x00007ffc05412000 	C:\WINDOWS\system32\MSCTF.dll
0x00007ffc02a60000 - 0x00007ffc02cda000 	C:\WINDOWS\WinSxS\amd64_microsoft.windows.common-controls_6595b64144ccf1df_6.0.9600.17810_none_6240b9c7ecbd0bda\COMCTL32.dll
0x00000000575f0000 - 0x00000000576c2000 	E:\Java\jdk1.8.0_60\jre\bin\msvcr100.dll
0x0000000057a70000 - 0x00000000582f9000 	E:\Java\jdk1.8.0_60\jre\bin\server\jvm.dll
0x00007ffbfafb0000 - 0x00007ffbfafb9000 	C:\WINDOWS\SYSTEM32\WSOCK32.dll
0x00007ffc03090000 - 0x00007ffc030b2000 	C:\WINDOWS\SYSTEM32\WINMM.dll
0x00007ffc030c0000 - 0x00007ffc030ca000 	C:\WINDOWS\SYSTEM32\VERSION.dll
0x00007ffc062c0000 - 0x00007ffc062c7000 	C:\WINDOWS\system32\PSAPI.DLL
0x00007ffc06260000 - 0x00007ffc062ba000 	C:\WINDOWS\system32\WS2_32.dll
0x00007ffc02ea0000 - 0x00007ffc02eca000 	C:\WINDOWS\SYSTEM32\WINMMBASE.dll
0x00007ffc05ce0000 - 0x00007ffc05ce9000 	C:\WINDOWS\system32\NSI.dll
0x00007ffc05030000 - 0x00007ffc0507f000 	C:\WINDOWS\SYSTEM32\cfgmgr32.dll
0x00007ffc03960000 - 0x00007ffc03988000 	C:\WINDOWS\SYSTEM32\DEVOBJ.dll
0x0000000057a60000 - 0x0000000057a6f000 	E:\Java\jdk1.8.0_60\jre\bin\verify.dll
0x0000000057a30000 - 0x0000000057a59000 	E:\Java\jdk1.8.0_60\jre\bin\java.dll
0x0000000057a10000 - 0x0000000057a26000 	E:\Java\jdk1.8.0_60\jre\bin\zip.dll
0x00007ffbfee80000 - 0x00007ffbff009000 	C:\WINDOWS\SYSTEM32\dbghelp.dll

VM Arguments:
jvm_args: -Xmx1024M -Dfile.encoding=windows-1251 -Duser.country=RU -Duser.language=ru -Duser.variant 
java_command: com.android.dx.command.Main --dex --num-threads=4 --output E:\Android\AndroidStudioProjects\LoftblogMoneyTracker\app\build\intermediates\pre-dexed\debug\internal_impl-23.0.1-fbfa1cd1c0e57176701943d82905c28d410d7e6c.jar E:\Android\AndroidStudioProjects\LoftblogMoneyTracker\app\build\intermediates\exploded-aar\com.android.support\support-v4\23.0.1\jars\libs\internal_impl-23.0.1.jar
java_class_path (initial): E:\Android\sdk\build-tools\23.0.1\lib\dx.jar
Launcher Type: SUN_STANDARD

Environment Variables:
PATH=C:\ProgramData\Oracle\Java\javapath;C:\WINDOWS\system32;C:\WINDOWS;C:\WINDOWS\System32\Wbem;C:\WINDOWS\System32\WindowsPowerShell\v1.0\;C:\Program Files (x86)\Common Files\Acronis\SnapAPI\;C:\Program Files (x86)\Common Files\Autodesk Shared\;C:\Program Files\Microsoft\Web Platform Installer\;C:\Program Files (x86)\Microsoft ASP.NET\ASP.NET Web Pages\v1.0\;C:\Program Files\Microsoft SQL Server\110\Tools\Binn\;C:\Program Files\Common Files\Autodesk Shared\;C:\Program Files (x86)\NVIDIA Corporation\PhysX\Common;C:\Program Files (x86)\Skype\Phone\;C:\Program Files (x86)\Common Files\Acronis\TibMounter64
USERNAME=Àëåêñàíäð
OS=Windows_NT
PROCESSOR_IDENTIFIER=Intel64 Family 6 Model 15 Stepping 11, GenuineIntel



---------------  S Y S T E M  ---------------

OS: Windows 8.1 , 64 bit Build 9600 (6.3.9600.17415)

CPU:total 4 (4 cores per cpu, 1 threads per core) family 6 model 15 stepping 11, cmov, cx8, fxsr, mmx, sse, sse2, sse3, ssse3, tsc

Memory: 4k page, physical 8387492k(2997972k free), swap 17006116k(4513384k free)

vm_info: Java HotSpot(TM) 64-Bit Server VM (25.60-b23) for windows-amd64 JRE (1.8.0_60-b27), built on Aug  4 2015 11:06:27 by "java_re" with MS VC++ 10.0 (VS2010)

time: Wed Oct 07 23:55:28 2015
elapsed time: 10 seconds (0d 0h 0m 10s)

