#
# A fatal error has been detected by the Java Runtime Environment:
#
#  EXCEPTION_ACCESS_VIOLATION (0xc0000005) at pc=0xffffffffa31c5120, pid=9288, tid=8080
#
# JRE version: Java(TM) SE Runtime Environment (8.0_60-b27) (build 1.8.0_60-b27)
# Java VM: Java HotSpot(TM) 64-Bit Server VM (25.60-b23 mixed mode windows-amd64 compressed oops)
# Problematic frame:
# C  0xffffffffa31c5120
#
# Failed to write core dump. Minidumps are not enabled by default on client versions of Windows
#
# If you would like to submit a bug report, please visit:
#   http://bugreport.java.com/bugreport/crash.jsp
#

---------------  T H R E A D  ---------------

Current thread (0x00000000020c0800):  JavaThread "main" [_thread_in_Java, id=8080, stack(0x0000000001fc0000,0x00000000020c0000)]

siginfo: ExceptionCode=0xc0000005, ExceptionInformation=0x0000000000000008 0xffffffffa31c5120

Registers:
RAX=0x00000000144420d0, RBX=0x00000000144420d0, RCX=0x00000000ed0c50f8, RDX=0x00000000ed0c50f8
RSP=0x00000000020bf0d8, RBP=0x00000000020bf138, RSI=0x00000000144420d0, RDI=0x0000000000000790
R8 =0x00000000ec0ab6f0, R9 =0x00000000ed0c5138, R10=0x0000000064282140, R11=0x00000000029e4400
R12=0x0000000000000000, R13=0x00000000020bf0e8, R14=0x0000000000000000, R15=0x00000000020c0800
RIP=0xffffffffa31c5120, EFLAGS=0x0000000000010202

Top of Stack: (sp=0x00000000020bf0d8)
0x00000000020bf0d8:   00000000021c7a2d 00000000021c7a2d
0x00000000020bf0e8:   00000000ec0ab6f0 00000000ed0c50f8
0x00000000020bf0f8:   00000000020bf0f8 000000001454b0f8
0x00000000020bf108:   00000000020bf188 000000001454b830
0x00000000020bf118:   0000000000000000 000000001454b240
0x00000000020bf128:   00000000020bf0e8 00000000020bf180
0x00000000020bf138:   00000000020bf1d0 00000000021c7a2d
0x00000000020bf148:   0000000000000000 0000000000000000
0x00000000020bf158:   0000000000000000 00000000ed0c50f8
0x00000000020bf168:   0000000000000013 0000000000000024
0x00000000020bf178:   0000000000009b94 00000000ec0ab6f0
0x00000000020bf188:   00000000ebe3d610 00000000020bf190
0x00000000020bf198:   0000000014485c9a 00000000020bf200
0x00000000020bf1a8:   00000000144876d8 0000000000000000
0x00000000020bf1b8:   0000000014485d18 00000000020bf180
0x00000000020bf1c8:   00000000020bf1f0 00000000020bf248 

Instructions: (pc=0xffffffffa31c5120)
0xffffffffa31c5100:   
[error occurred during error reporting (printing registers, top of stack, instructions near pc), id 0xc0000005]

Register to memory mapping:

RAX={method} {0x00000000144420d8} 'writeTo' '(Lcom/android/dx/util/AnnotatedOutput;)V' in 'com/android/dx/dex/code/ZeroSizeInsn'
RBX={method} {0x00000000144420d8} 'writeTo' '(Lcom/android/dx/util/AnnotatedOutput;)V' in 'com/android/dx/dex/code/ZeroSizeInsn'
RCX=0x00000000ed0c50f8 is an oop
com.android.dx.dex.code.CodeAddress 
 - klass: 'com/android/dx/dex/code/CodeAddress'
RDX=0x00000000ed0c50f8 is an oop
com.android.dx.dex.code.CodeAddress 
 - klass: 'com/android/dx/dex/code/CodeAddress'
RSP=0x00000000020bf0d8 is pointing into the stack for thread: 0x00000000020c0800
RBP=0x00000000020bf138 is pointing into the stack for thread: 0x00000000020c0800
RSI={method} {0x00000000144420d8} 'writeTo' '(Lcom/android/dx/util/AnnotatedOutput;)V' in 'com/android/dx/dex/code/ZeroSizeInsn'
RDI=0x0000000000000790 is an unknown value
R8 =0x00000000ec0ab6f0 is an oop
com.android.dx.util.ByteArrayAnnotatedOutput 
 - klass: 'com/android/dx/util/ByteArrayAnnotatedOutput'
R9 =0x00000000ed0c5138 is an oop
com.android.dx.dex.code.CstInsn 
 - klass: 'com/android/dx/dex/code/CstInsn'
R10=0x0000000064282140 is an unknown value
R11=0x00000000029e4400 is at entry_point+32 in (nmethod*)0x00000000029e4290
R12=0x0000000000000000 is an unknown value
R13=0x00000000020bf0e8 is pointing into the stack for thread: 0x00000000020c0800
R14=0x0000000000000000 is an unknown value
R15=0x00000000020c0800 is a thread


Stack: [0x0000000001fc0000,0x00000000020c0000],  sp=0x00000000020bf0d8,  free space=1020k
Native frames: (J=compiled Java code, j=interpreted, Vv=VM code, C=native code)
C  0xffffffffa31c5120


---------------  P R O C E S S  ---------------

Java Threads: ( => current thread )
  0x00000000161d6800 JavaThread "Service Thread" daemon [_thread_blocked, id=9312, stack(0x00000000165d0000,0x00000000166d0000)]
  0x00000000148eb800 JavaThread "C1 CompilerThread2" daemon [_thread_blocked, id=2504, stack(0x00000000160d0000,0x00000000161d0000)]
  0x00000000148e8800 JavaThread "C2 CompilerThread1" daemon [_thread_blocked, id=196, stack(0x0000000015fd0000,0x00000000160d0000)]
  0x000000001488f800 JavaThread "C2 CompilerThread0" daemon [_thread_blocked, id=10548, stack(0x0000000015ed0000,0x0000000015fd0000)]
  0x000000001488e000 JavaThread "Attach Listener" daemon [_thread_blocked, id=10672, stack(0x0000000015dd0000,0x0000000015ed0000)]
  0x000000001488d000 JavaThread "Signal Dispatcher" daemon [_thread_blocked, id=8208, stack(0x0000000015cd0000,0x0000000015dd0000)]
  0x00000000021b6000 JavaThread "Finalizer" daemon [_thread_blocked, id=9912, stack(0x0000000015af0000,0x0000000015bf0000)]
  0x00000000021ac000 JavaThread "Reference Handler" daemon [_thread_blocked, id=9820, stack(0x00000000159f0000,0x0000000015af0000)]
=>0x00000000020c0800 JavaThread "main" [_thread_in_Java, id=8080, stack(0x0000000001fc0000,0x00000000020c0000)]

Other Threads:
  0x0000000014856000 VMThread [stack: 0x00000000158f0000,0x00000000159f0000] [id=2032]
  0x00000000161e2000 WatcherThread [stack: 0x00000000166d0000,0x00000000167d0000] [id=10432]

VM state:not at safepoint (normal execution)

VM Mutex/Monitor currently owned by a thread: None

Heap:
 PSYoungGen      total 38400K, used 27415K [0x00000000eab00000, 0x00000000ef600000, 0x0000000100000000)
  eden space 33280K, 67% used [0x00000000eab00000,0x00000000ec0cc160,0x00000000ecb80000)
  from space 5120K, 99% used [0x00000000ed080000,0x00000000ed579c78,0x00000000ed580000)
  to   space 5120K, 0% used [0x00000000ecb80000,0x00000000ecb80000,0x00000000ed080000)
 ParOldGen       total 87552K, used 6540K [0x00000000c0000000, 0x00000000c5580000, 0x00000000eab00000)
  object space 87552K, 7% used [0x00000000c0000000,0x00000000c06631d0,0x00000000c5580000)
 Metaspace       used 6518K, capacity 7408K, committed 7552K, reserved 1056768K
  class space    used 609K, capacity 616K, committed 640K, reserved 1048576K

Card table byte_map: [0x0000000011580000,0x0000000011790000] byte_map_base: 0x0000000010f80000

Marking Bits: (ParMarkBitMap*) 0x000000006429a5b0
 Begin Bits: [0x0000000011cf0000, 0x0000000012cf0000)
 End Bits:   [0x0000000012cf0000, 0x0000000013cf0000)

Polling page: 0x0000000000710000

CodeCache: size=245760Kb used=8382Kb max_used=8393Kb free=237377Kb
 bounds [0x00000000021c0000, 0x0000000002a00000, 0x00000000111c0000]
 total_blobs=2312 nmethods=2043 adapters=183
 compilation: enabled

Compilation events (10 events):
Event: 11.291 Thread 0x00000000148eb800 2045       3       com.android.dx.dex.code.FixedSizeInsn::writeTo (13 bytes)
Event: 11.291 Thread 0x00000000148e8800 2050       4       com.android.dx.util.ByteArrayAnnotatedOutput::writeShort (64 bytes)
Event: 11.291 Thread 0x00000000148eb800 nmethod 2045 0x00000000029e3cd0 code [0x00000000029e3e40, 0x00000000029e4188]
Event: 11.291 Thread 0x00000000148eb800 2046       3       com.android.dx.dex.code.InsnFormat::opcodeUnit (54 bytes)
Event: 11.292 Thread 0x00000000148eb800 nmethod 2046 0x00000000029ef0d0 code [0x00000000029ef260, 0x00000000029ef6d8]
Event: 11.292 Thread 0x00000000148eb800 2049       3       com.android.dx.dex.code.InsnFormat::makeByte (42 bytes)
Event: 11.292 Thread 0x00000000148eb800 nmethod 2049 0x00000000029eead0 code [0x00000000029eec60, 0x00000000029eef98]
Event: 11.292 Thread 0x00000000148eb800 2051       1       com.android.dx.dex.code.ZeroSizeInsn::writeTo (1 bytes)
Event: 11.292 Thread 0x00000000148eb800 nmethod 2051 0x00000000029e3990 code [0x00000000029e3ae0, 0x00000000029e3bf0]
Event: 11.292 Thread 0x00000000148eb800 2044       1       com.android.dx.dex.code.Dop::getFamily (5 bytes)

GC Heap History (4 events):
Event: 8.004 GC heap before
{Heap before GC invocations=1 (full 0):
 PSYoungGen      total 38400K, used 33280K [0x00000000eab00000, 0x00000000ed580000, 0x0000000100000000)
  eden space 33280K, 100% used [0x00000000eab00000,0x00000000ecb80000,0x00000000ecb80000)
  from space 5120K, 0% used [0x00000000ed080000,0x00000000ed080000,0x00000000ed580000)
  to   space 5120K, 0% used [0x00000000ecb80000,0x00000000ecb80000,0x00000000ed080000)
 ParOldGen       total 87552K, used 0K [0x00000000c0000000, 0x00000000c5580000, 0x00000000eab00000)
  object space 87552K, 0% used [0x00000000c0000000,0x00000000c0000000,0x00000000c5580000)
 Metaspace       used 5955K, capacity 6960K, committed 7040K, reserved 1056768K
  class space    used 586K, capacity 616K, committed 640K, reserved 1048576K
Event: 8.051 GC heap after
Heap after GC invocations=1 (full 0):
 PSYoungGen      total 38400K, used 5114K [0x00000000eab00000, 0x00000000ed580000, 0x0000000100000000)
  eden space 33280K, 0% used [0x00000000eab00000,0x00000000eab00000,0x00000000ecb80000)
  from space 5120K, 99% used [0x00000000ecb80000,0x00000000ed07eab8,0x00000000ed080000)
  to   space 5120K, 0% used [0x00000000ed080000,0x00000000ed080000,0x00000000ed580000)
 ParOldGen       total 87552K, used 1640K [0x00000000c0000000, 0x00000000c5580000, 0x00000000eab00000)
  object space 87552K, 1% used [0x00000000c0000000,0x00000000c019a020,0x00000000c5580000)
 Metaspace       used 5955K, capacity 6960K, committed 7040K, reserved 1056768K
  class space    used 586K, capacity 616K, committed 640K, reserved 1048576K
}
Event: 9.259 GC heap before
{Heap before GC invocations=2 (full 0):
 PSYoungGen      total 38400K, used 38394K [0x00000000eab00000, 0x00000000ed580000, 0x0000000100000000)
  eden space 33280K, 100% used [0x00000000eab00000,0x00000000ecb80000,0x00000000ecb80000)
  from space 5120K, 99% used [0x00000000ecb80000,0x00000000ed07eab8,0x00000000ed080000)
  to   space 5120K, 0% used [0x00000000ed080000,0x00000000ed080000,0x00000000ed580000)
 ParOldGen       total 87552K, used 1640K [0x00000000c0000000, 0x00000000c5580000, 0x00000000eab00000)
  object space 87552K, 1% used [0x00000000c0000000,0x00000000c019a020,0x00000000c5580000)
 Metaspace       used 6103K, capacity 7088K, committed 7296K, reserved 1056768K
  class space    used 587K, capacity 616K, committed 640K, reserved 1048576K
Event: 9.377 GC heap after
Heap after GC invocations=2 (full 0):
 PSYoungGen      total 38400K, used 5095K [0x00000000eab00000, 0x00000000ef600000, 0x0000000100000000)
  eden space 33280K, 0% used [0x00000000eab00000,0x00000000eab00000,0x00000000ecb80000)
  from space 5120K, 99% used [0x00000000ed080000,0x00000000ed579c78,0x00000000ed580000)
  to   space 5120K, 0% used [0x00000000ecb80000,0x00000000ecb80000,0x00000000ed080000)
 ParOldGen       total 87552K, used 6540K [0x00000000c0000000, 0x00000000c5580000, 0x00000000eab00000)
  object space 87552K, 7% used [0x00000000c0000000,0x00000000c06631d0,0x00000000c5580000)
 Metaspace       used 6103K, capacity 7088K, committed 7296K, reserved 1056768K
  class space    used 587K, capacity 616K, committed 640K, reserved 1048576K
}

Deoptimization events (10 events):
Event: 10.735 Thread 0x00000000020c0800 Uncommon trap: reason=bimorphic action=maybe_recompile pc=0x00000000028e07f8 method=java.util.HashMap.putVal(ILjava/lang/Object;Ljava/lang/Object;ZZ)Ljava/lang/Object; @ 203
Event: 10.898 Thread 0x00000000020c0800 Uncommon trap: reason=class_check action=maybe_recompile pc=0x0000000002589784 method=java.util.Arrays.equals([Ljava/lang/Object;[Ljava/lang/Object;)Z @ 62
Event: 10.898 Thread 0x00000000020c0800 Uncommon trap: reason=class_check action=maybe_recompile pc=0x0000000002589784 method=java.util.Arrays.equals([Ljava/lang/Object;[Ljava/lang/Object;)Z @ 62
Event: 10.898 Thread 0x00000000020c0800 Uncommon trap: reason=class_check action=maybe_recompile pc=0x0000000002589784 method=java.util.Arrays.equals([Ljava/lang/Object;[Ljava/lang/Object;)Z @ 62
Event: 10.898 Thread 0x00000000020c0800 Uncommon trap: reason=class_check action=maybe_recompile pc=0x0000000002589784 method=java.util.Arrays.equals([Ljava/lang/Object;[Ljava/lang/Object;)Z @ 62
Event: 10.903 Thread 0x00000000020c0800 Uncommon trap: reason=unstable_if action=reinterpret pc=0x000000000291ad5c method=java.util.TreeMap.put(Ljava/lang/Object;Ljava/lang/Object;)Ljava/lang/Object; @ 163
Event: 10.967 Thread 0x00000000020c0800 Uncommon trap: reason=unstable_if action=reinterpret pc=0x0000000002947ec0 method=com.android.dx.dex.code.OutputFinisher.findOpcodeForInsn(Lcom/android/dx/dex/code/DalvInsn;Lcom/android/dx/dex/code/Dop;)Lcom/android/dx/dex/code/Dop; @ 1
Event: 11.027 Thread 0x00000000020c0800 Uncommon trap: reason=unstable_if action=reinterpret pc=0x0000000002963668 method=com.android.dx.dex.code.LocalList$MakeState.snapshot(ILcom/android/dx/rop/code/RegisterSpecSet;)V @ 66
Event: 11.187 Thread 0x00000000020c0800 Uncommon trap: reason=unstable_if action=reinterpret pc=0x0000000002968f58 method=java.util.ArrayList.<init>(I)V @ 5
Event: 11.274 Thread 0x00000000020c0800 Uncommon trap: reason=unstable_if action=reinterpret pc=0x00000000029bd444 method=com.android.dx.util.ByteArrayAnnotatedOutput.writeByte(I)V @ 13

Internal exceptions (3 events):
Event: 2.111 Thread 0x00000000020c0800 Exception <a 'java/lang/NoSuchMethodError': Method sun.misc.Unsafe.defineClass(Ljava/lang/String;[BII)Ljava/lang/Class; name or signature does not match> (0x00000000eab130a8) thrown at [C:\re\workspace\8-2-build-windows-amd64-cygwin\jdk8u60\4407\hotspot\srl~7ќг
Event: 2.111 Thread 0x00000000020c0800 Exception <a 'java/lang/NoSuchMethodError': Method sun.misc.Unsafe.prefetchRead(Ljava/lang/Object;J)V name or signature does not match> (0x00000000eab13390) thrown at [C:\re\workspace\8-2-build-windows-amd64-cygwin\jdk8u60\4407\hotspot\src\share\vm\prims\jRЫЪ®Б&@
Event: 11.027 Thread 0x00000000020c0800 Implicit null exception at 0x0000000002962dc9 to 0x0000000002963635

Events (10 events):
Event: 11.219 loading class com/android/dex/EncodedValueCodec done
Event: 11.262 loading class com/android/dx/dex/file/MapItem
Event: 11.262 loading class com/android/dx/dex/file/MapItem done
Event: 11.264 loading class com/android/dx/dex/file/UniformListItem
Event: 11.264 loading class com/android/dx/dex/file/UniformListItem done
Event: 11.270 loading class com/android/dex/DexFormat
Event: 11.270 loading class com/android/dex/DexFormat done
Event: 11.274 Thread 0x00000000020c0800 Uncommon trap: trap_request=0xffffff65 fr.pc=0x00000000029bd444
Event: 11.274 Thread 0x00000000020c0800 DEOPT PACKING pc=0x00000000029bd444 sp=0x00000000020bf240
Event: 11.274 Thread 0x00000000020c0800 DEOPT UNPACKING pc=0x000000000220556a sp=0x00000000020bf1f8 mode 2


Dynamic libraries:
0x00007ff782eb0000 - 0x00007ff782ee7000 	E:\Java\jdk1.8.0_60\bin\java.exe
0x00007fff9cbe0000 - 0x00007fff9cd8c000 	C:\WINDOWS\SYSTEM32\ntdll.dll
0x00007fff9b4c0000 - 0x00007fff9b5fe000 	C:\WINDOWS\system32\KERNEL32.DLL
0x00007fff9a040000 - 0x00007fff9a155000 	C:\WINDOWS\system32\KERNELBASE.dll
0x00007fff98990000 - 0x00007fff98a1e000 	C:\WINDOWS\system32\apphelp.dll
0x00007fff8ff70000 - 0x00007fff8ffc3000 	C:\WINDOWS\AppPatch\AppPatch64\AcGenral.DLL
0x00007fff9a9a0000 - 0x00007fff9aa4a000 	C:\WINDOWS\system32\msvcrt.dll
0x00007fff99b00000 - 0x00007fff99b2e000 	C:\WINDOWS\SYSTEM32\SspiCli.dll
0x00007fff9ae70000 - 0x00007fff9aec4000 	C:\WINDOWS\system32\SHLWAPI.dll
0x00007fff9b340000 - 0x00007fff9b4b7000 	C:\WINDOWS\system32\USER32.dll
0x00007fff9a650000 - 0x00007fff9a7e4000 	C:\WINDOWS\system32\ole32.dll
0x00007fff9b600000 - 0x00007fff9cb2b000 	C:\WINDOWS\system32\SHELL32.dll
0x00007fff992d0000 - 0x00007fff992f1000 	C:\WINDOWS\SYSTEM32\USERENV.dll
0x00007fff9cb30000 - 0x00007fff9cbda000 	C:\WINDOWS\system32\ADVAPI32.dll
0x00007fff8bb00000 - 0x00007fff8bb1e000 	C:\WINDOWS\SYSTEM32\MPR.dll
0x00007fff9a500000 - 0x00007fff9a641000 	C:\WINDOWS\system32\RPCRT4.dll
0x00007fff9b2e0000 - 0x00007fff9b339000 	C:\WINDOWS\SYSTEM32\sechost.dll
0x00007fff9aed0000 - 0x00007fff9b0e1000 	C:\WINDOWS\SYSTEM32\combase.dll
0x00007fff9ab70000 - 0x00007fff9acbf000 	C:\WINDOWS\system32\GDI32.dll
0x00007fff99d30000 - 0x00007fff99d45000 	C:\WINDOWS\SYSTEM32\profapi.dll
0x00007fff987f0000 - 0x00007fff988a2000 	C:\WINDOWS\SYSTEM32\SHCORE.dll
0x00007fff9aa50000 - 0x00007fff9aa86000 	C:\WINDOWS\system32\IMM32.DLL
0x00007fff9b120000 - 0x00007fff9b272000 	C:\WINDOWS\system32\MSCTF.dll
0x00007fff98170000 - 0x00007fff983eb000 	C:\WINDOWS\WinSxS\amd64_microsoft.windows.common-controls_6595b64144ccf1df_6.0.9600.18006_none_623f33d3ecbe86e8\COMCTL32.dll
0x0000000063550000 - 0x0000000063622000 	E:\Java\jdk1.8.0_60\jre\bin\msvcr100.dll
0x0000000063a90000 - 0x0000000064319000 	E:\Java\jdk1.8.0_60\jre\bin\server\jvm.dll
0x00007fff94020000 - 0x00007fff94029000 	C:\WINDOWS\SYSTEM32\WSOCK32.dll
0x00007fff983f0000 - 0x00007fff98412000 	C:\WINDOWS\SYSTEM32\WINMM.dll
0x00007fff98420000 - 0x00007fff9842a000 	C:\WINDOWS\SYSTEM32\VERSION.dll
0x00007fff9b110000 - 0x00007fff9b117000 	C:\WINDOWS\system32\PSAPI.DLL
0x00007fff9b280000 - 0x00007fff9b2da000 	C:\WINDOWS\system32\WS2_32.dll
0x00007fff98130000 - 0x00007fff9815a000 	C:\WINDOWS\SYSTEM32\WINMMBASE.dll
0x00007fff9acc0000 - 0x00007fff9acc9000 	C:\WINDOWS\system32\NSI.dll
0x00007fff9a160000 - 0x00007fff9a1af000 	C:\WINDOWS\SYSTEM32\cfgmgr32.dll
0x00007fff98950000 - 0x00007fff98978000 	C:\WINDOWS\SYSTEM32\DEVOBJ.dll
0x0000000063a80000 - 0x0000000063a8f000 	E:\Java\jdk1.8.0_60\jre\bin\verify.dll
0x0000000063a50000 - 0x0000000063a79000 	E:\Java\jdk1.8.0_60\jre\bin\java.dll
0x0000000063a30000 - 0x0000000063a46000 	E:\Java\jdk1.8.0_60\jre\bin\zip.dll
0x00007fff94410000 - 0x00007fff94599000 	C:\WINDOWS\SYSTEM32\dbghelp.dll

VM Arguments:
jvm_args: -Xmx1024M -Dfile.encoding=windows-1251 -Duser.country=RU -Duser.language=ru -Duser.variant 
java_command: com.android.dx.command.Main --dex --num-threads=4 --output E:\Android\AndroidStudioProjects\LoftblogMoneyTracker\app\build\intermediates\pre-dexed\debug\classes-599378ee9329cf4b8c4cb1bfd20ce9f9820da1cf.jar E:\Android\AndroidStudioProjects\LoftblogMoneyTracker\app\build\intermediates\exploded-aar\com.google.android.gms\play-services-nearby\8.1.0\jars\classes.jar
java_class_path (initial): E:\Android\sdk\build-tools\23.0.0\lib\dx.jar
Launcher Type: SUN_STANDARD

Environment Variables:
PATH=C:\ProgramData\Oracle\Java\javapath;C:\WINDOWS\system32;C:\WINDOWS;C:\WINDOWS\System32\Wbem;C:\WINDOWS\System32\WindowsPowerShell\v1.0\;C:\Program Files (x86)\Common Files\Acronis\SnapAPI\;C:\Program Files (x86)\Common Files\Autodesk Shared\;C:\Program Files\Microsoft\Web Platform Installer\;C:\Program Files (x86)\Microsoft ASP.NET\ASP.NET Web Pages\v1.0\;C:\Program Files\Microsoft SQL Server\110\Tools\Binn\;C:\Program Files\Common Files\Autodesk Shared\;C:\Program Files (x86)\NVIDIA Corporation\PhysX\Common;C:\Program Files (x86)\Skype\Phone\
USERNAME=Александр
OS=Windows_NT
PROCESSOR_IDENTIFIER=Intel64 Family 6 Model 15 Stepping 11, GenuineIntel



---------------  S Y S T E M  ---------------

OS: Windows 8.1 , 64 bit Build 9600 (6.3.9600.17415)

CPU:total 4 (4 cores per cpu, 1 threads per core) family 6 model 15 stepping 11, cmov, cx8, fxsr, mmx, sse, sse2, sse3, ssse3, tsc

Memory: 4k page, physical 8387492k(1590416k free), swap 16776356k(3574260k free)

vm_info: Java HotSpot(TM) 64-Bit Server VM (25.60-b23) for windows-amd64 JRE (1.8.0_60-b27), built on Aug  4 2015 11:06:27 by "java_re" with MS VC++ 10.0 (VS2010)

time: Thu Oct 22 23:10:17 2015
elapsed time: 11 seconds (0d 0h 0m 11s)

