#
# A fatal error has been detected by the Java Runtime Environment:
#
#  EXCEPTION_ACCESS_VIOLATION (0xc0000005) at pc=0xffffffffa3445120, pid=11044, tid=10616
#
# JRE version: Java(TM) SE Runtime Environment (8.0_60-b27) (build 1.8.0_60-b27)
# Java VM: Java HotSpot(TM) 64-Bit Server VM (25.60-b23 mixed mode windows-amd64 compressed oops)
# Problematic frame:
# C  0xffffffffa3445120
#
# Failed to write core dump. Minidumps are not enabled by default on client versions of Windows
#
# If you would like to submit a bug report, please visit:
#   http://bugreport.java.com/bugreport/crash.jsp
#

---------------  T H R E A D  ---------------

Current thread (0x0000000016685800):  JavaThread "pool-1-thread-4" [_thread_in_Java, id=10616, stack(0x0000000016f60000,0x0000000017060000)]

siginfo: ExceptionCode=0xc0000005, ExceptionInformation=0x0000000000000008 0xffffffffa3445120

Registers:
RAX=0x00000000ebd11130, RBX=0x00000000000005c8, RCX=0x0000000000000000, RDX=0x00000000ebaf7f30
RSP=0x000000001705e178, RBP=0x000000001705eff8, RSI=0x00000000ebaf1b30, RDI=0x0000000014737890
R8 =0x000000000000001f, R9 =0x000000000000001d, R10=0x00000000ecb88df0, R11=0x0000000002814440
R12=0x0000000000000000, R13=0x00000000027c76ac, R14=0x000000001705e070, R15=0x0000000016685800
RIP=0xffffffffa3445120, EFLAGS=0x0000000000010202

Top of Stack: (sp=0x000000001705e178)
0x000000001705e178:   00000000026fee54 0000000000000000
0x000000001705e188:   0000000000000000 0000000016685800
0x000000001705e198:   0000000063ca8da7 0000000002437a6a
0x000000001705e1a8:   0000000016685800 00000000ebd0d030
0x000000001705e1b8:   00000000ebd0d9b0 0000001500000000
0x000000001705e1c8:   0000000100000001 00000000ebd0da50
0x000000001705e1d8:   00000000ebd0da80 00000000ebaf1b30
0x000000001705e1e8:   0000000063cca91c 0000000000000000
0x000000001705e1f8:   00000000eb8bd7a0 00000000eb8bd7a0
0x000000001705e208:   03030000fffffcff 00000000ecb8d0d0
0x000000001705e218:   0000000063ed37cc 00000000ecb8d0d0
0x000000001705e228:   000000001705e550 000000001705e201
0x000000001705e238:   000000001705e360 000000000000003b
0x000000001705e248:   000000000253c75e 0000000016685800
0x000000001705e258:   0000000016685800 0000000016685800
0x000000001705e268:   0000000016685800 0000000016685800 

Instructions: (pc=0xffffffffa3445120)
0xffffffffa3445100:   
[error occurred during error reporting (printing registers, top of stack, instructions near pc), id 0xc0000005]

Register to memory mapping:

RAX=0x00000000ebd11130 is an oop
com.android.dx.rop.code.SourcePosition 
 - klass: 'com/android/dx/rop/code/SourcePosition'
RBX=0x00000000000005c8 is an unknown value
RCX=0x0000000000000000 is an unknown value
RDX=0x00000000ebaf7f30 is an oop
com.android.dx.cf.code.LineNumberList 
 - klass: 'com/android/dx/cf/code/LineNumberList'
RSP=0x000000001705e178 is pointing into the stack for thread: 0x0000000016685800
RBP=0x000000001705eff8 is pointing into the stack for thread: 0x0000000016685800
RSI=0x00000000ebaf1b30 is an oop
com.android.dx.rop.cst.CstString 
 - klass: 'com/android/dx/rop/cst/CstString'
RDI=0x0000000014737890 is pointing into metadata
R8 =0x000000000000001f is an unknown value
R9 =0x000000000000001d is an unknown value
R10=0x00000000ecb88df0 is an oop
com.android.dx.rop.type.Type 
 - klass: 'com/android/dx/rop/type/Type'
R11=0x0000000002814440 is at entry_point+32 in (nmethod*)0x0000000002814250
R12=0x0000000000000000 is an unknown value
R13=0x00000000027c76ac is at entry_point+10956 in (nmethod*)0x00000000027c4650
R14=0x000000001705e070 is pointing into the stack for thread: 0x0000000016685800
R15=0x0000000016685800 is a thread


Stack: [0x0000000016f60000,0x0000000017060000],  sp=0x000000001705e178,  free space=1016k
Native frames: (J=compiled Java code, j=interpreted, Vv=VM code, C=native code)
C  0xffffffffa3445120


---------------  P R O C E S S  ---------------

Java Threads: ( => current thread )
=>0x0000000016685800 JavaThread "pool-1-thread-4" [_thread_in_Java, id=10616, stack(0x0000000016f60000,0x0000000017060000)]
  0x00000000165d0000 JavaThread "pool-1-thread-3" [_thread_blocked, id=9724, stack(0x0000000016e60000,0x0000000016f60000)]
  0x00000000165c9800 JavaThread "pool-1-thread-2" [_thread_in_Java, id=3696, stack(0x0000000016d60000,0x0000000016e60000)]
  0x00000000165cc000 JavaThread "pool-2-thread-1" [_thread_blocked, id=5440, stack(0x0000000016c60000,0x0000000016d60000)]
  0x00000000165c5800 JavaThread "pool-1-thread-1" [_thread_in_Java, id=10468, stack(0x0000000016b60000,0x0000000016c60000)]
  0x0000000016494000 JavaThread "Service Thread" daemon [_thread_blocked, id=10452, stack(0x0000000016860000,0x0000000016960000)]
  0x0000000014b1b800 JavaThread "C1 CompilerThread2" daemon [_thread_blocked, id=1368, stack(0x0000000016360000,0x0000000016460000)]
  0x0000000014b15000 JavaThread "C2 CompilerThread1" daemon [_thread_in_native, id=4336, stack(0x0000000016260000,0x0000000016360000)]
  0x0000000014b12000 JavaThread "C2 CompilerThread0" daemon [_thread_blocked, id=9112, stack(0x0000000016160000,0x0000000016260000)]
  0x0000000014b11000 JavaThread "Attach Listener" daemon [_thread_blocked, id=212, stack(0x0000000016060000,0x0000000016160000)]
  0x0000000014b10000 JavaThread "Signal Dispatcher" daemon [_thread_blocked, id=6256, stack(0x0000000015f60000,0x0000000016060000)]
  0x000000000243a000 JavaThread "Finalizer" daemon [_thread_blocked, id=9568, stack(0x0000000015d80000,0x0000000015e80000)]
  0x0000000002430800 JavaThread "Reference Handler" daemon [_thread_blocked, id=5896, stack(0x0000000015c80000,0x0000000015d80000)]
  0x0000000002343800 JavaThread "main" [_thread_in_Java, id=1804, stack(0x00000000021a0000,0x00000000022a0000)]

Other Threads:
  0x0000000014ad6800 VMThread [stack: 0x0000000015b80000,0x0000000015c80000] [id=5204]
  0x00000000164a8000 WatcherThread [stack: 0x0000000016960000,0x0000000016a60000] [id=7940]

VM state:not at safepoint (normal execution)

VM Mutex/Monitor currently owned by a thread: None

Heap:
 PSYoungGen      total 38400K, used 23917K [0x00000000eab00000, 0x00000000ef600000, 0x0000000100000000)
  eden space 33280K, 56% used [0x00000000eab00000,0x00000000ebd5ba78,0x00000000ecb80000)
  from space 5120K, 99% used [0x00000000ecb80000,0x00000000ed07fc48,0x00000000ed080000)
  to   space 5120K, 0% used [0x00000000ef100000,0x00000000ef100000,0x00000000ef600000)
 ParOldGen       total 87552K, used 3509K [0x00000000c0000000, 0x00000000c5580000, 0x00000000eab00000)
  object space 87552K, 4% used [0x00000000c0000000,0x00000000c036d6f0,0x00000000c5580000)
 Metaspace       used 5959K, capacity 7088K, committed 7296K, reserved 1056768K
  class space    used 578K, capacity 616K, committed 640K, reserved 1048576K

Card table byte_map: [0x0000000011800000,0x0000000011a10000] byte_map_base: 0x0000000011200000

Marking Bits: (ParMarkBitMap*) 0x000000006429a5b0
 Begin Bits: [0x0000000011f70000, 0x0000000012f70000)
 End Bits:   [0x0000000012f70000, 0x0000000013f70000)

Polling page: 0x00000000009b0000

CodeCache: size=245760Kb used=6954Kb max_used=6965Kb free=238805Kb
 bounds [0x0000000002440000, 0x0000000002b20000, 0x0000000011440000]
 total_blobs=1876 nmethods=1615 adapters=175
 compilation: enabled

Compilation events (10 events):
Event: 3.341 Thread 0x0000000014b1b800 1613       3       com.android.dx.ssa.SsaMethod::onInsnRemoved (43 bytes)
Event: 3.342 Thread 0x0000000014b15000 nmethod 1607 0x0000000002afcb10 code [0x0000000002afcc80, 0x0000000002afcf88]
Event: 3.342 Thread 0x0000000014b15000 1606       4       com.android.dx.cf.code.LineNumberList::pcToLine (73 bytes)
Event: 3.342 Thread 0x0000000014b12000 1494       4       com.android.dx.rop.code.RegisterSpec::getCategory (13 bytes)
Event: 3.342 Thread 0x0000000014b1b800 nmethod 1613 0x0000000002b00290 code [0x0000000002b00420, 0x0000000002b009d8]
Event: 3.343 Thread 0x0000000014b12000 nmethod 1494 0x0000000002afffd0 code [0x0000000002b00120, 0x0000000002b001d8]
Event: 3.343 Thread 0x0000000014b12000 1615       4       com.android.dx.ssa.SsaMethod::deleteInsns (239 bytes)
Event: 3.345 Thread 0x0000000014b1b800 1617       3       com.android.dx.rop.code.DexTranslationAdvice::hasConstantOperation (163 bytes)
Event: 3.346 Thread 0x0000000014b1b800 nmethod 1617 0x0000000002b10250 code [0x0000000002b104a0, 0x0000000002b11d38]
Event: 3.346 Thread 0x0000000014b15000 nmethod 1606 0x0000000002affa10 code [0x0000000002affb60, 0x0000000002affdf8]

GC Heap History (2 events):
Event: 2.554 GC heap before
{Heap before GC invocations=1 (full 0):
 PSYoungGen      total 38400K, used 33280K [0x00000000eab00000, 0x00000000ed580000, 0x0000000100000000)
  eden space 33280K, 100% used [0x00000000eab00000,0x00000000ecb80000,0x00000000ecb80000)
  from space 5120K, 0% used [0x00000000ed080000,0x00000000ed080000,0x00000000ed580000)
  to   space 5120K, 0% used [0x00000000ecb80000,0x00000000ecb80000,0x00000000ed080000)
 ParOldGen       total 87552K, used 0K [0x00000000c0000000, 0x00000000c5580000, 0x00000000eab00000)
  object space 87552K, 0% used [0x00000000c0000000,0x00000000c0000000,0x00000000c5580000)
 Metaspace       used 5778K, capacity 6960K, committed 7040K, reserved 1056768K
  class space    used 566K, capacity 616K, committed 640K, reserved 1048576K
Event: 2.589 GC heap after
Heap after GC invocations=1 (full 0):
 PSYoungGen      total 38400K, used 5119K [0x00000000eab00000, 0x00000000ef600000, 0x0000000100000000)
  eden space 33280K, 0% used [0x00000000eab00000,0x00000000eab00000,0x00000000ecb80000)
  from space 5120K, 99% used [0x00000000ecb80000,0x00000000ed07fc48,0x00000000ed080000)
  to   space 5120K, 0% used [0x00000000ef100000,0x00000000ef100000,0x00000000ef600000)
 ParOldGen       total 87552K, used 3509K [0x00000000c0000000, 0x00000000c5580000, 0x00000000eab00000)
  object space 87552K, 4% used [0x00000000c0000000,0x00000000c036d6f0,0x00000000c5580000)
 Metaspace       used 5778K, capacity 6960K, committed 7040K, reserved 1056768K
  class space    used 566K, capacity 616K, committed 640K, reserved 1048576K
}

Deoptimization events (10 events):
Event: 3.137 Thread 0x00000000165c5800 Uncommon trap: reason=class_check action=maybe_recompile pc=0x0000000002a63a6c method=com.android.dx.ssa.back.LivenessAnalyzer.liveOutAtStatement()V @ 14
Event: 3.137 Thread 0x00000000165c5800 Uncommon trap: reason=class_check action=maybe_recompile pc=0x00000000029a0f70 method=com.android.dx.ssa.SsaBasicBlock.getCountPhiInsns()I @ 23
Event: 3.137 Thread 0x00000000165c5800 Uncommon trap: reason=class_check action=maybe_recompile pc=0x00000000029a0f70 method=com.android.dx.ssa.SsaBasicBlock.getCountPhiInsns()I @ 23
Event: 3.138 Thread 0x00000000165c5800 Uncommon trap: reason=unstable_if action=reinterpret pc=0x00000000029a370c method=com.android.dx.util.LabeledList.set(ILcom/android/dx/util/LabeledItem;)V @ 16
Event: 3.175 Thread 0x00000000165c9800 Uncommon trap: reason=class_check action=maybe_recompile pc=0x0000000002a63a6c method=com.android.dx.ssa.back.LivenessAnalyzer.liveOutAtStatement()V @ 14
Event: 3.194 Thread 0x00000000165c5800 Uncommon trap: reason=unstable_if action=reinterpret pc=0x0000000002a660bc method=java.util.BitSet.clone()Ljava/lang/Object; @ 4
Event: 3.272 Thread 0x00000000165c5800 Uncommon trap: reason=class_check action=maybe_recompile pc=0x00000000026f8cf0 method=com.android.dx.ssa.NormalSsaInsn.accept(Lcom/android/dx/ssa/SsaInsn$Visitor;)V @ 9
Event: 3.272 Thread 0x00000000165c5800 Uncommon trap: reason=class_check action=maybe_recompile pc=0x00000000026f8cf0 method=com.android.dx.ssa.NormalSsaInsn.accept(Lcom/android/dx/ssa/SsaInsn$Visitor;)V @ 9
Event: 3.272 Thread 0x00000000165c5800 Uncommon trap: reason=class_check action=maybe_recompile pc=0x00000000026f8cf0 method=com.android.dx.ssa.NormalSsaInsn.accept(Lcom/android/dx/ssa/SsaInsn$Visitor;)V @ 9
Event: 3.272 Thread 0x00000000165c5800 Uncommon trap: reason=class_check action=maybe_recompile pc=0x00000000026f8cf0 method=com.android.dx.ssa.NormalSsaInsn.accept(Lcom/android/dx/ssa/SsaInsn$Visitor;)V @ 9

Internal exceptions (3 events):
Event: 0.038 Thread 0x0000000002343800 Exception <a 'java/lang/NoSuchMethodError': Method sun.misc.Unsafe.defineClass(Ljava/lang/String;[BII)Ljava/lang/Class; name or signature does not match> (0x00000000eab130a8) thrown at [C:\re\workspace\8-2-build-windows-amd64-cygwin\jdk8u60\4407\hotspot\srl^-|è£?
Event: 0.038 Thread 0x0000000002343800 Exception <a 'java/lang/NoSuchMethodError': Method sun.misc.Unsafe.prefetchRead(Ljava/lang/Object;J)V name or signature does not match> (0x00000000eab13390) thrown at [C:\re\workspace\8-2-build-windows-amd64-cygwin\jdk8u60\4407\hotspot\src\share\vm\prims\j¡C◊¸„Ù@
Event: 3.120 Thread 0x0000000016685800 Implicit null exception at 0x00000000029a6fa2 to 0x00000000029a7041

Events (10 events):
Event: 3.272 Thread 0x00000000165c5800 DEOPT PACKING pc=0x00000000026f8cf0 sp=0x0000000016c5e660
Event: 3.272 Thread 0x00000000165c5800 DEOPT UNPACKING pc=0x000000000248556a sp=0x0000000016c5e5f0 mode 2
Event: 3.272 Thread 0x00000000165c5800 Uncommon trap: trap_request=0xffffffde fr.pc=0x00000000026f8cf0
Event: 3.272 Thread 0x00000000165c5800 DEOPT PACKING pc=0x00000000026f8cf0 sp=0x0000000016c5e660
Event: 3.272 Thread 0x00000000165c5800 DEOPT UNPACKING pc=0x000000000248556a sp=0x0000000016c5e5f0 mode 2
Event: 3.272 Thread 0x00000000165c5800 Uncommon trap: trap_request=0xffffffde fr.pc=0x00000000026f8cf0
Event: 3.272 Thread 0x00000000165c5800 DEOPT PACKING pc=0x00000000026f8cf0 sp=0x0000000016c5e660
Event: 3.272 Thread 0x00000000165c5800 DEOPT UNPACKING pc=0x000000000248556a sp=0x0000000016c5e5f0 mode 2
Event: 3.343 Thread 0x0000000016685800 DEOPT PACKING pc=0x0000000002ac49f2 sp=0x000000001705eae0
Event: 3.343 Thread 0x0000000016685800 DEOPT UNPACKING pc=0x00000000024871bf sp=0x000000001705e8c0 mode 0


Dynamic libraries:
0x00007ff782eb0000 - 0x00007ff782ee7000 	E:\Java\jdk1.8.0_60\bin\java.exe
0x00007fff9cbe0000 - 0x00007fff9cd8c000 	C:\WINDOWS\SYSTEM32\ntdll.dll
0x00007fff9b4c0000 - 0x00007fff9b5fe000 	C:\WINDOWS\system32\KERNEL32.DLL
0x00007fff9a040000 - 0x00007fff9a155000 	C:\WINDOWS\system32\KERNELBASE.dll
0x00007fff98990000 - 0x00007fff98a1e000 	C:\WINDOWS\system32\apphelp.dll
0x00007fff8ff70000 - 0x00007fff8ffc3000 	C:\WINDOWS\AppPatch\AppPatch64\AcGenral.DLL
0x00007fff9a9a0000 - 0x00007fff9aa4a000 	C:\WINDOWS\system32\msvcrt.dll
0x00007fff99b00000 - 0x00007fff99b2e000 	C:\WINDOWS\SYSTEM32\SspiCli.dll
0x00007fff9ae70000 - 0x00007fff9aec4000 	C:\WINDOWS\system32\SHLWAPI.dll
0x00007fff9b340000 - 0x00007fff9b4b7000 	C:\WINDOWS\system32\USER32.dll
0x00007fff9a650000 - 0x00007fff9a7e4000 	C:\WINDOWS\system32\ole32.dll
0x00007fff9b600000 - 0x00007fff9cb2b000 	C:\WINDOWS\system32\SHELL32.dll
0x00007fff992d0000 - 0x00007fff992f1000 	C:\WINDOWS\SYSTEM32\USERENV.dll
0x00007fff9cb30000 - 0x00007fff9cbda000 	C:\WINDOWS\system32\ADVAPI32.dll
0x00007fff8bb00000 - 0x00007fff8bb1e000 	C:\WINDOWS\SYSTEM32\MPR.dll
0x00007fff9a500000 - 0x00007fff9a641000 	C:\WINDOWS\system32\RPCRT4.dll
0x00007fff9b2e0000 - 0x00007fff9b339000 	C:\WINDOWS\SYSTEM32\sechost.dll
0x00007fff9aed0000 - 0x00007fff9b0e1000 	C:\WINDOWS\SYSTEM32\combase.dll
0x00007fff9ab70000 - 0x00007fff9acbf000 	C:\WINDOWS\system32\GDI32.dll
0x00007fff99d30000 - 0x00007fff99d45000 	C:\WINDOWS\SYSTEM32\profapi.dll
0x00007fff987f0000 - 0x00007fff988a2000 	C:\WINDOWS\SYSTEM32\SHCORE.dll
0x00007fff9aa50000 - 0x00007fff9aa86000 	C:\WINDOWS\system32\IMM32.DLL
0x00007fff9b120000 - 0x00007fff9b272000 	C:\WINDOWS\system32\MSCTF.dll
0x00007fff98170000 - 0x00007fff983eb000 	C:\WINDOWS\WinSxS\amd64_microsoft.windows.common-controls_6595b64144ccf1df_6.0.9600.18006_none_623f33d3ecbe86e8\COMCTL32.dll
0x0000000063550000 - 0x0000000063622000 	E:\Java\jdk1.8.0_60\jre\bin\msvcr100.dll
0x0000000063a90000 - 0x0000000064319000 	E:\Java\jdk1.8.0_60\jre\bin\server\jvm.dll
0x00007fff94020000 - 0x00007fff94029000 	C:\WINDOWS\SYSTEM32\WSOCK32.dll
0x00007fff983f0000 - 0x00007fff98412000 	C:\WINDOWS\SYSTEM32\WINMM.dll
0x00007fff98420000 - 0x00007fff9842a000 	C:\WINDOWS\SYSTEM32\VERSION.dll
0x00007fff9b110000 - 0x00007fff9b117000 	C:\WINDOWS\system32\PSAPI.DLL
0x00007fff9b280000 - 0x00007fff9b2da000 	C:\WINDOWS\system32\WS2_32.dll
0x00007fff98130000 - 0x00007fff9815a000 	C:\WINDOWS\SYSTEM32\WINMMBASE.dll
0x00007fff9acc0000 - 0x00007fff9acc9000 	C:\WINDOWS\system32\NSI.dll
0x00007fff9a160000 - 0x00007fff9a1af000 	C:\WINDOWS\SYSTEM32\cfgmgr32.dll
0x00007fff98950000 - 0x00007fff98978000 	C:\WINDOWS\SYSTEM32\DEVOBJ.dll
0x0000000063a80000 - 0x0000000063a8f000 	E:\Java\jdk1.8.0_60\jre\bin\verify.dll
0x0000000063a50000 - 0x0000000063a79000 	E:\Java\jdk1.8.0_60\jre\bin\java.dll
0x0000000063a30000 - 0x0000000063a46000 	E:\Java\jdk1.8.0_60\jre\bin\zip.dll
0x00007fff94410000 - 0x00007fff94599000 	C:\WINDOWS\SYSTEM32\dbghelp.dll

VM Arguments:
jvm_args: -Xmx1024M -Dfile.encoding=windows-1251 -Duser.country=RU -Duser.language=ru -Duser.variant 
java_command: com.android.dx.command.Main --dex --num-threads=4 --output E:\Android\AndroidStudioProjects\LoftblogMoneyTracker\app\build\intermediates\dex\debug E:\Android\AndroidStudioProjects\LoftblogMoneyTracker\app\build\intermediates\classes\debug E:\Android\AndroidStudioProjects\LoftblogMoneyTracker\app\build\intermediates\pre-dexed\debug\support-annotations-23.0.1-e6941ffc9cbf1270b1623cf686ba7082dcc4df08.jar E:\Android\AndroidStudioProjects\LoftblogMoneyTracker\app\build\intermediates\pre-dexed\debug\classes-8feaabbfb5bdbff71ed9eb50acb4a8fe317bd8e4.jar E:\Android\AndroidStudioProjects\LoftblogMoneyTracker\app\build\intermediates\pre-dexed\debug\classes-8c1319393e271eff68e10a9dcae07a2783f674be.jar E:\Android\AndroidStudioProjects\LoftblogMoneyTracker\app\build\intermediates\pre-dexed\debug\internal_impl-22.2.0-0e6d9ecdf28e1d5717a3b05e5efcbaa26aefd913.jar E:\Android\AndroidStudioProjects\LoftblogMoneyTracker\app\build\intermediates\pre-dexed\debug\classes-96a27b206b99b387079686bb2c6db4d651bf67b0.jar E:\Android\AndroidStudioProjects\LoftblogMoneyTracker\app\build\intermediates\pre-dexed\debug\classes-b570df61e751229d205547820db2b138f3d2f62b.jar E:\Android\AndroidStudioProjects\LoftblogMoneyTracker\app\build\intermediates\pre-dexed\debug\classes-52b7275268a9e54f348a2faeff70a90613f238e9.jar E:\Android\AndroidStudioProjects\LoftblogMoneyTracker\app\build\intermediates\pre-dexed\debug\classes-472fb590b2ae42e351cdbbab4f5c927f6cbdb130.jar E:\Android\AndroidStudioProjects\LoftblogMoneyTracker\app\build\intermediates\pre-dexed\debug\classes-352d93e2966ff5ab712c233f0fb1f206edd2d56d.jar E:\Android\AndroidStudioProjects\LoftblogMoneyTracker\app\build\intermediates\pre-dexed\debug\classes-de409459780203812a068d576aa5d4d22ec493da.jar E:\Android\AndroidStudioProjects\LoftblogMoneyTracker\app\build\intermediates\pre-dexed\debug\classes-929da88a3328213b151763d457f179989be7055b.jar E:\Android\AndroidStudioProjects\LoftblogMoneyTracker\app\build\intermediates\pre-dexed\debug\ac
java_class_path (initial): E:\Android\sdk\build-tools\23.0.0\lib\dx.jar
Launcher Type: SUN_STANDARD

Environment Variables:
PATH=C:\ProgramData\Oracle\Java\javapath;C:\WINDOWS\system32;C:\WINDOWS;C:\WINDOWS\System32\Wbem;C:\WINDOWS\System32\WindowsPowerShell\v1.0\;C:\Program Files (x86)\Common Files\Acronis\SnapAPI\;C:\Program Files (x86)\Common Files\Autodesk Shared\;C:\Program Files\Microsoft\Web Platform Installer\;C:\Program Files (x86)\Microsoft ASP.NET\ASP.NET Web Pages\v1.0\;C:\Program Files\Microsoft SQL Server\110\Tools\Binn\;C:\Program Files\Common Files\Autodesk Shared\;C:\Program Files (x86)\NVIDIA Corporation\PhysX\Common;C:\Program Files (x86)\Skype\Phone\
USERNAME=¿ÎÂÍÒ‡Ì‰
OS=Windows_NT
PROCESSOR_IDENTIFIER=Intel64 Family 6 Model 15 Stepping 11, GenuineIntel



---------------  S Y S T E M  ---------------

OS: Windows 8.1 , 64 bit Build 9600 (6.3.9600.17415)

CPU:total 4 (4 cores per cpu, 1 threads per core) family 6 model 15 stepping 11, cmov, cx8, fxsr, mmx, sse, sse2, sse3, ssse3, tsc

Memory: 4k page, physical 8387492k(2160888k free), swap 16776356k(5326528k free)

vm_info: Java HotSpot(TM) 64-Bit Server VM (25.60-b23) for windows-amd64 JRE (1.8.0_60-b27), built on Aug  4 2015 11:06:27 by "java_re" with MS VC++ 10.0 (VS2010)

time: Thu Oct 22 22:23:36 2015
elapsed time: 3 seconds (0d 0h 0m 3s)

