#
# A fatal error has been detected by the Java Runtime Environment:
#
#  EXCEPTION_ACCESS_VIOLATION (0xc0000005) at pc=0xffffffffa36a5120, pid=1180, tid=9848
#
# JRE version: Java(TM) SE Runtime Environment (8.0_60-b27) (build 1.8.0_60-b27)
# Java VM: Java HotSpot(TM) 64-Bit Server VM (25.60-b23 mixed mode windows-amd64 compressed oops)
# Problematic frame:
# C  0xffffffffa36a5120
#
# Failed to write core dump. Minidumps are not enabled by default on client versions of Windows
#
# If you would like to submit a bug report, please visit:
#   http://bugreport.java.com/bugreport/crash.jsp
#

---------------  T H R E A D  ---------------

Current thread (0x00000000025a3800):  JavaThread "main" [_thread_in_Java, id=9848, stack(0x00000000023a0000,0x00000000024a0000)]

siginfo: ExceptionCode=0xc0000005, ExceptionInformation=0x0000000000000008 0xffffffffa36a5120

Registers:
RAX=0x00000001000697f0, RBX=0x0000000014a6e808, RCX=0x00000001000697f0, RDX=0x00000000ef3780a8
RSP=0x000000000249ee08, RBP=0x000000000249ef08, RSI=0x00000000ef3780a8, RDI=0x00000001000697f0
R8 =0x00000000ef3780a8, R9 =0x000000000000005a, R10=0x00000001000697f0, R11=0x0000000002f44b20
R12=0x0000000000000000, R13=0x000000000249eeb8, R14=0x000000000249ef50, R15=0x00000000025a3800
RIP=0xffffffffa36a5120, EFLAGS=0x0000000000010246

Top of Stack: (sp=0x000000000249ee08)
0x000000000249ee08:   0000000002f451c4 0000000014a65f48
0x000000000249ee18:   0000000014a5bcf8 0000000000000000
0x000000000249ee28:   000000000249ee60 000000000249ef08
0x000000000249ee38:   00000000ed9379c8 0000000000000000
0x000000000249ee48:   0000000000000005 000000000249ef08
0x000000000249ee58:   0000000002f0de44 000000001486b2d0
0x000000000249ee68:   00000000ed937de8 00000000ef3780a8
0x000000000249ee78:   0000000000000004 00000000ed9379c8
0x000000000249ee88:   000000000000005a 0000000000000000
0x000000000249ee98:   00000000148612b0 000000000249ef08
0x000000000249eea8:   00000000026a7a2d 00000000026a7a2d
0x000000000249eeb8:   00000000ef3780a8 00000000ed937de8
0x000000000249eec8:   000000000249eec8 000000001486aa8a
0x000000000249eed8:   000000000249ef50 000000001486b2d0
0x000000000249eee8:   0000000014a70bc8 000000001486ab20
0x000000000249eef8:   000000000249eeb8 000000000249ef40 

Instructions: (pc=0xffffffffa36a5120)
0xffffffffa36a5100:   
[error occurred during error reporting (printing registers, top of stack, instructions near pc), id 0xc0000005]

Register to memory mapping:

RAX=0x00000001000697f0 is pointing into metadata
RBX=0x0000000014a6e808 is pointing into metadata
RCX=0x00000001000697f0 is pointing into metadata
RDX=0x00000000ef3780a8 is an oop
com.android.dx.rop.cst.CstInteger 
 - klass: 'com/android/dx/rop/cst/CstInteger'
RSP=0x000000000249ee08 is pointing into the stack for thread: 0x00000000025a3800
RBP=0x000000000249ef08 is pointing into the stack for thread: 0x00000000025a3800
RSI=0x00000000ef3780a8 is an oop
com.android.dx.rop.cst.CstInteger 
 - klass: 'com/android/dx/rop/cst/CstInteger'
RDI=0x00000001000697f0 is pointing into metadata
R8 =0x00000000ef3780a8 is an oop
com.android.dx.rop.cst.CstInteger 
 - klass: 'com/android/dx/rop/cst/CstInteger'
R9 =0x000000000000005a is an unknown value
R10=0x00000001000697f0 is pointing into metadata
R11=0x0000000002f44b20 is at entry_point+32 in (nmethod*)0x0000000002f44710
R12=0x0000000000000000 is an unknown value
R13=0x000000000249eeb8 is pointing into the stack for thread: 0x00000000025a3800
R14=0x000000000249ef50 is pointing into the stack for thread: 0x00000000025a3800
R15=0x00000000025a3800 is a thread


Stack: [0x00000000023a0000,0x00000000024a0000],  sp=0x000000000249ee08,  free space=1019k
Native frames: (J=compiled Java code, j=interpreted, Vv=VM code, C=native code)
C  0xffffffffa36a5120


---------------  P R O C E S S  ---------------

Java Threads: ( => current thread )
  0x0000000014dce800 JavaThread "Service Thread" daemon [_thread_blocked, id=5768, stack(0x0000000016aa0000,0x0000000016ba0000)]
  0x0000000014d79000 JavaThread "C1 CompilerThread2" daemon [_thread_blocked, id=11052, stack(0x00000000165a0000,0x00000000166a0000)]
  0x0000000014d74800 JavaThread "C2 CompilerThread1" daemon [_thread_blocked, id=2596, stack(0x00000000164a0000,0x00000000165a0000)]
  0x0000000014d71000 JavaThread "C2 CompilerThread0" daemon [_thread_blocked, id=10924, stack(0x00000000163a0000,0x00000000164a0000)]
  0x0000000014d6f800 JavaThread "Attach Listener" daemon [_thread_blocked, id=9824, stack(0x00000000162a0000,0x00000000163a0000)]
  0x0000000014d6e800 JavaThread "Signal Dispatcher" daemon [_thread_blocked, id=9288, stack(0x00000000161a0000,0x00000000162a0000)]
  0x0000000002698800 JavaThread "Finalizer" daemon [_thread_blocked, id=8912, stack(0x0000000015fc0000,0x00000000160c0000)]
  0x0000000014d38800 JavaThread "Reference Handler" daemon [_thread_blocked, id=9812, stack(0x0000000015ec0000,0x0000000015fc0000)]
=>0x00000000025a3800 JavaThread "main" [_thread_in_Java, id=9848, stack(0x00000000023a0000,0x00000000024a0000)]

Other Threads:
  0x0000000014d36800 VMThread [stack: 0x0000000015dc0000,0x0000000015ec0000] [id=8092]
  0x00000000166f8000 WatcherThread [stack: 0x0000000016ba0000,0x0000000016ca0000] [id=9124]

VM state:not at safepoint (normal execution)

VM Mutex/Monitor currently owned by a thread: None

Heap:
 PSYoungGen      total 71680K, used 52997K [0x00000000eab00000, 0x00000000ef600000, 0x0000000100000000)
  eden space 66560K, 71% used [0x00000000eab00000,0x00000000ed9c4680,0x00000000eec00000)
  from space 5120K, 99% used [0x00000000ef100000,0x00000000ef5fd010,0x00000000ef600000)
  to   space 5120K, 0% used [0x00000000eec00000,0x00000000eec00000,0x00000000ef100000)
 ParOldGen       total 87552K, used 9354K [0x00000000c0000000, 0x00000000c5580000, 0x00000000eab00000)
  object space 87552K, 10% used [0x00000000c0000000,0x00000000c0922ba0,0x00000000c5580000)
 Metaspace       used 6615K, capacity 7440K, committed 7680K, reserved 1056768K
  class space    used 614K, capacity 648K, committed 768K, reserved 1048576K

Card table byte_map: [0x0000000011a60000,0x0000000011c70000] byte_map_base: 0x0000000011460000

Marking Bits: (ParMarkBitMap*) 0x000000006429a5b0
 Begin Bits: [0x00000000121d0000, 0x00000000131d0000)
 End Bits:   [0x00000000131d0000, 0x00000000141d0000)

Polling page: 0x0000000000b10000

CodeCache: size=245760Kb used=8849Kb max_used=8861Kb free=236910Kb
 bounds [0x00000000026a0000, 0x0000000002f50000, 0x00000000116a0000]
 total_blobs=2451 nmethods=2182 adapters=183
 compilation: enabled

Compilation events (10 events):
Event: 3.997 Thread 0x0000000014d79000 2182       3       com.android.dex.EncodedValueCodec::writeSignedIntegralValue (63 bytes)
Event: 3.997 Thread 0x0000000014d79000 nmethod 2182 0x0000000002f44010 code [0x0000000002f441a0, 0x0000000002f445a8]
Event: 3.997 Thread 0x0000000014d79000 2177       3       com.android.dx.dex.file.ValueEncoder::constantToValueType (166 bytes)
Event: 3.997 Thread 0x0000000014d79000 nmethod 2177 0x0000000002f47b90 code [0x0000000002f47dc0, 0x0000000002f49328]
Event: 3.998 Thread 0x0000000014d79000 2184       3       com.android.dx.util.ByteArrayAnnotatedOutput::ensureCapacity (39 bytes)
Event: 3.998 Thread 0x0000000014d71000 2186       4       com.android.dx.util.ByteArrayAnnotatedOutput::writeByte (51 bytes)
Event: 3.998 Thread 0x0000000014d79000 nmethod 2184 0x0000000002f43a90 code [0x0000000002f43c00, 0x0000000002f43f08]
Event: 3.998 Thread 0x0000000014d79000 2185       1       com.android.dx.rop.cst.CstLiteral32::getLongBits (6 bytes)
Event: 3.998 Thread 0x0000000014d79000 nmethod 2185 0x0000000002f20e90 code [0x0000000002f20fe0, 0x0000000002f210f0]
Event: 3.998 Thread 0x0000000014d79000 2178       3       java.lang.Long::numberOfLeadingZeros (94 bytes)

GC Heap History (4 events):
Event: 1.453 GC heap before
{Heap before GC invocations=1 (full 0):
 PSYoungGen      total 38400K, used 33280K [0x00000000eab00000, 0x00000000ed580000, 0x0000000100000000)
  eden space 33280K, 100% used [0x00000000eab00000,0x00000000ecb80000,0x00000000ecb80000)
  from space 5120K, 0% used [0x00000000ed080000,0x00000000ed080000,0x00000000ed580000)
  to   space 5120K, 0% used [0x00000000ecb80000,0x00000000ecb80000,0x00000000ed080000)
 ParOldGen       total 87552K, used 0K [0x00000000c0000000, 0x00000000c5580000, 0x00000000eab00000)
  object space 87552K, 0% used [0x00000000c0000000,0x00000000c0000000,0x00000000c5580000)
 Metaspace       used 5792K, capacity 6960K, committed 7040K, reserved 1056768K
  class space    used 566K, capacity 616K, committed 640K, reserved 1048576K
Event: 1.515 GC heap after
Heap after GC invocations=1 (full 0):
 PSYoungGen      total 38400K, used 5117K [0x00000000eab00000, 0x00000000ef600000, 0x0000000100000000)
  eden space 33280K, 0% used [0x00000000eab00000,0x00000000eab00000,0x00000000ecb80000)
  from space 5120K, 99% used [0x00000000ecb80000,0x00000000ed07f720,0x00000000ed080000)
  to   space 5120K, 0% used [0x00000000ef100000,0x00000000ef100000,0x00000000ef600000)
 ParOldGen       total 87552K, used 3856K [0x00000000c0000000, 0x00000000c5580000, 0x00000000eab00000)
  object space 87552K, 4% used [0x00000000c0000000,0x00000000c03c42e8,0x00000000c5580000)
 Metaspace       used 5792K, capacity 6960K, committed 7040K, reserved 1056768K
  class space    used 566K, capacity 616K, committed 640K, reserved 1048576K
}
Event: 2.499 GC heap before
{Heap before GC invocations=2 (full 0):
 PSYoungGen      total 38400K, used 38397K [0x00000000eab00000, 0x00000000ef600000, 0x0000000100000000)
  eden space 33280K, 100% used [0x00000000eab00000,0x00000000ecb80000,0x00000000ecb80000)
  from space 5120K, 99% used [0x00000000ecb80000,0x00000000ed07f720,0x00000000ed080000)
  to   space 5120K, 0% used [0x00000000ef100000,0x00000000ef100000,0x00000000ef600000)
 ParOldGen       total 87552K, used 3856K [0x00000000c0000000, 0x00000000c5580000, 0x00000000eab00000)
  object space 87552K, 4% used [0x00000000c0000000,0x00000000c03c42e8,0x00000000c5580000)
 Metaspace       used 6026K, capacity 7152K, committed 7296K, reserved 1056768K
  class space    used 579K, capacity 616K, committed 640K, reserved 1048576K
Event: 2.571 GC heap after
Heap after GC invocations=2 (full 0):
 PSYoungGen      total 71680K, used 5108K [0x00000000eab00000, 0x00000000ef600000, 0x0000000100000000)
  eden space 66560K, 0% used [0x00000000eab00000,0x00000000eab00000,0x00000000eec00000)
  from space 5120K, 99% used [0x00000000ef100000,0x00000000ef5fd010,0x00000000ef600000)
  to   space 5120K, 0% used [0x00000000eec00000,0x00000000eec00000,0x00000000ef100000)
 ParOldGen       total 87552K, used 9354K [0x00000000c0000000, 0x00000000c5580000, 0x00000000eab00000)
  object space 87552K, 10% used [0x00000000c0000000,0x00000000c0922ba0,0x00000000c5580000)
 Metaspace       used 6026K, capacity 7152K, committed 7296K, reserved 1056768K
  class space    used 579K, capacity 616K, committed 640K, reserved 1048576K
}

Deoptimization events (10 events):
Event: 3.652 Thread 0x00000000025a3800 Uncommon trap: reason=bimorphic action=maybe_recompile pc=0x000000000294ae38 method=java.util.HashMap.getNode(ILjava/lang/Object;)Ljava/util/HashMap$Node; @ 126
Event: 3.677 Thread 0x00000000025a3800 Uncommon trap: reason=bimorphic action=maybe_recompile pc=0x00000000029c04f4 method=java.util.HashMap.putVal(ILjava/lang/Object;Ljava/lang/Object;ZZ)Ljava/lang/Object; @ 91
Event: 3.677 Thread 0x00000000025a3800 Uncommon trap: reason=bimorphic action=maybe_recompile pc=0x00000000029c04f4 method=java.util.HashMap.putVal(ILjava/lang/Object;Ljava/lang/Object;ZZ)Ljava/lang/Object; @ 91
Event: 3.677 Thread 0x00000000025a3800 Uncommon trap: reason=bimorphic action=maybe_recompile pc=0x00000000029c04f4 method=java.util.HashMap.putVal(ILjava/lang/Object;Ljava/lang/Object;ZZ)Ljava/lang/Object; @ 91
Event: 3.677 Thread 0x00000000025a3800 Uncommon trap: reason=bimorphic action=maybe_recompile pc=0x00000000029cb13c method=java.util.HashMap.putVal(ILjava/lang/Object;Ljava/lang/Object;ZZ)Ljava/lang/Object; @ 91
Event: 3.710 Thread 0x00000000025a3800 Uncommon trap: reason=unstable_if action=reinterpret pc=0x0000000002e7438c method=java.util.HashMap.putVal(ILjava/lang/Object;Ljava/lang/Object;ZZ)Ljava/lang/Object; @ 94
Event: 3.710 Thread 0x00000000025a3800 Uncommon trap: reason=unstable_if action=reinterpret pc=0x0000000002e7553c method=java.util.HashMap.putVal(ILjava/lang/Object;Ljava/lang/Object;ZZ)Ljava/lang/Object; @ 94
Event: 3.948 Thread 0x00000000025a3800 Uncommon trap: reason=unstable_if action=reinterpret pc=0x0000000002eb7658 method=java.util.ArrayList.<init>(I)V @ 5
Event: 3.996 Thread 0x00000000025a3800 Uncommon trap: reason=unstable_if action=reinterpret pc=0x0000000002f20a28 method=com.android.dx.util.ByteArrayAnnotatedOutput.ensureCapacity(I)V @ 6
Event: 3.997 Thread 0x00000000025a3800 Uncommon trap: reason=unstable_if action=reinterpret pc=0x0000000002e5461c method=com.android.dx.util.ByteArrayAnnotatedOutput.ensureCapacity(I)V @ 6

Internal exceptions (3 events):
Event: 0.037 Thread 0x00000000025a3800 Exception <a 'java/lang/NoSuchMethodError': Method sun.misc.Unsafe.defineClass(Ljava/lang/String;[BII)Ljava/lang/Class; name or signature does not match> (0x00000000eab130a8) thrown at [C:\re\workspace\8-2-build-windows-amd64-cygwin\jdk8u60\4407\hotspot\srZ¥•ˆaË¢?
Event: 0.037 Thread 0x00000000025a3800 Exception <a 'java/lang/NoSuchMethodError': Method sun.misc.Unsafe.prefetchRead(Ljava/lang/Object;J)V name or signature does not match> (0x00000000eab13390) thrown at [C:\re\workspace\8-2-build-windows-amd64-cygwin\jdk8u60\4407\hotspot\src\share\vm\prims\jçÈ<Ó˛?
Event: 1.933 Thread 0x00000000168df000 Implicit null exception at 0x0000000002c099a2 to 0x0000000002c09a41

Events (10 events):
Event: 3.948 loading class com/android/dx/dex/file/DebugInfoEncoder$2
Event: 3.948 loading class com/android/dx/dex/file/DebugInfoEncoder$2 done
Event: 3.991 loading class com/android/dex/EncodedValueCodec
Event: 3.991 loading class com/android/dex/EncodedValueCodec done
Event: 3.996 Thread 0x00000000025a3800 Uncommon trap: trap_request=0xffffff65 fr.pc=0x0000000002f20a28
Event: 3.996 Thread 0x00000000025a3800 DEOPT PACKING pc=0x0000000002f20a28 sp=0x000000000249ed20
Event: 3.996 Thread 0x00000000025a3800 DEOPT UNPACKING pc=0x00000000026e556a sp=0x000000000249ec68 mode 2
Event: 3.997 Thread 0x00000000025a3800 Uncommon trap: trap_request=0xffffff65 fr.pc=0x0000000002e5461c
Event: 3.997 Thread 0x00000000025a3800 DEOPT PACKING pc=0x0000000002e5461c sp=0x000000000249ece0
Event: 3.997 Thread 0x00000000025a3800 DEOPT UNPACKING pc=0x00000000026e556a sp=0x000000000249ec68 mode 2


Dynamic libraries:
0x00007ff782eb0000 - 0x00007ff782ee7000 	E:\Java\jdk1.8.0_60\bin\java.exe
0x00007fff9cbe0000 - 0x00007fff9cd8c000 	C:\WINDOWS\SYSTEM32\ntdll.dll
0x00007fff9b4c0000 - 0x00007fff9b5fe000 	C:\WINDOWS\system32\KERNEL32.DLL
0x00007fff9a040000 - 0x00007fff9a155000 	C:\WINDOWS\system32\KERNELBASE.dll
0x00007fff98990000 - 0x00007fff98a1e000 	C:\WINDOWS\system32\apphelp.dll
0x00007fff8ff70000 - 0x00007fff8ffc3000 	C:\WINDOWS\AppPatch\AppPatch64\AcGenral.DLL
0x00007fff9a9a0000 - 0x00007fff9aa4a000 	C:\WINDOWS\system32\msvcrt.dll
0x00007fff99b00000 - 0x00007fff99b2e000 	C:\WINDOWS\SYSTEM32\SspiCli.dll
0x00007fff9ae70000 - 0x00007fff9aec4000 	C:\WINDOWS\system32\SHLWAPI.dll
0x00007fff9b340000 - 0x00007fff9b4b7000 	C:\WINDOWS\system32\USER32.dll
0x00007fff9a650000 - 0x00007fff9a7e4000 	C:\WINDOWS\system32\ole32.dll
0x00007fff9b600000 - 0x00007fff9cb2b000 	C:\WINDOWS\system32\SHELL32.dll
0x00007fff992d0000 - 0x00007fff992f1000 	C:\WINDOWS\SYSTEM32\USERENV.dll
0x00007fff9cb30000 - 0x00007fff9cbda000 	C:\WINDOWS\system32\ADVAPI32.dll
0x00007fff8bb00000 - 0x00007fff8bb1e000 	C:\WINDOWS\SYSTEM32\MPR.dll
0x00007fff9a500000 - 0x00007fff9a641000 	C:\WINDOWS\system32\RPCRT4.dll
0x00007fff9b2e0000 - 0x00007fff9b339000 	C:\WINDOWS\SYSTEM32\sechost.dll
0x00007fff9aed0000 - 0x00007fff9b0e1000 	C:\WINDOWS\SYSTEM32\combase.dll
0x00007fff9ab70000 - 0x00007fff9acbf000 	C:\WINDOWS\system32\GDI32.dll
0x00007fff99d30000 - 0x00007fff99d45000 	C:\WINDOWS\SYSTEM32\profapi.dll
0x00007fff987f0000 - 0x00007fff988a2000 	C:\WINDOWS\SYSTEM32\SHCORE.dll
0x00007fff9aa50000 - 0x00007fff9aa86000 	C:\WINDOWS\system32\IMM32.DLL
0x00007fff9b120000 - 0x00007fff9b272000 	C:\WINDOWS\system32\MSCTF.dll
0x00007fff98170000 - 0x00007fff983eb000 	C:\WINDOWS\WinSxS\amd64_microsoft.windows.common-controls_6595b64144ccf1df_6.0.9600.18006_none_623f33d3ecbe86e8\COMCTL32.dll
0x0000000063550000 - 0x0000000063622000 	E:\Java\jdk1.8.0_60\jre\bin\msvcr100.dll
0x0000000063a90000 - 0x0000000064319000 	E:\Java\jdk1.8.0_60\jre\bin\server\jvm.dll
0x00007fff94020000 - 0x00007fff94029000 	C:\WINDOWS\SYSTEM32\WSOCK32.dll
0x00007fff983f0000 - 0x00007fff98412000 	C:\WINDOWS\SYSTEM32\WINMM.dll
0x00007fff98420000 - 0x00007fff9842a000 	C:\WINDOWS\SYSTEM32\VERSION.dll
0x00007fff9b110000 - 0x00007fff9b117000 	C:\WINDOWS\system32\PSAPI.DLL
0x00007fff9b280000 - 0x00007fff9b2da000 	C:\WINDOWS\system32\WS2_32.dll
0x00007fff98130000 - 0x00007fff9815a000 	C:\WINDOWS\SYSTEM32\WINMMBASE.dll
0x00007fff9acc0000 - 0x00007fff9acc9000 	C:\WINDOWS\system32\NSI.dll
0x00007fff9a160000 - 0x00007fff9a1af000 	C:\WINDOWS\SYSTEM32\cfgmgr32.dll
0x00007fff98950000 - 0x00007fff98978000 	C:\WINDOWS\SYSTEM32\DEVOBJ.dll
0x0000000063a80000 - 0x0000000063a8f000 	E:\Java\jdk1.8.0_60\jre\bin\verify.dll
0x0000000063a50000 - 0x0000000063a79000 	E:\Java\jdk1.8.0_60\jre\bin\java.dll
0x0000000063a30000 - 0x0000000063a46000 	E:\Java\jdk1.8.0_60\jre\bin\zip.dll
0x00007fff94410000 - 0x00007fff94599000 	C:\WINDOWS\SYSTEM32\dbghelp.dll

VM Arguments:
jvm_args: -Xmx1024M -Dfile.encoding=windows-1251 -Duser.country=RU -Duser.language=ru -Duser.variant 
java_command: com.android.dx.command.Main --dex --num-threads=4 --output E:\Android\AndroidStudioProjects\LoftblogMoneyTracker\app\build\intermediates\dex\debug E:\Android\AndroidStudioProjects\LoftblogMoneyTracker\app\build\intermediates\classes\debug E:\Android\AndroidStudioProjects\LoftblogMoneyTracker\app\build\intermediates\pre-dexed\debug\support-annotations-23.0.1-e6941ffc9cbf1270b1623cf686ba7082dcc4df08.jar E:\Android\AndroidStudioProjects\LoftblogMoneyTracker\app\build\intermediates\pre-dexed\debug\classes-8feaabbfb5bdbff71ed9eb50acb4a8fe317bd8e4.jar E:\Android\AndroidStudioProjects\LoftblogMoneyTracker\app\build\intermediates\pre-dexed\debug\classes-8c1319393e271eff68e10a9dcae07a2783f674be.jar E:\Android\AndroidStudioProjects\LoftblogMoneyTracker\app\build\intermediates\pre-dexed\debug\internal_impl-22.2.0-0e6d9ecdf28e1d5717a3b05e5efcbaa26aefd913.jar E:\Android\AndroidStudioProjects\LoftblogMoneyTracker\app\build\intermediates\pre-dexed\debug\classes-96a27b206b99b387079686bb2c6db4d651bf67b0.jar E:\Android\AndroidStudioProjects\LoftblogMoneyTracker\app\build\intermediates\pre-dexed\debug\classes-b570df61e751229d205547820db2b138f3d2f62b.jar E:\Android\AndroidStudioProjects\LoftblogMoneyTracker\app\build\intermediates\pre-dexed\debug\classes-52b7275268a9e54f348a2faeff70a90613f238e9.jar E:\Android\AndroidStudioProjects\LoftblogMoneyTracker\app\build\intermediates\pre-dexed\debug\classes-472fb590b2ae42e351cdbbab4f5c927f6cbdb130.jar E:\Android\AndroidStudioProjects\LoftblogMoneyTracker\app\build\intermediates\pre-dexed\debug\classes-352d93e2966ff5ab712c233f0fb1f206edd2d56d.jar E:\Android\AndroidStudioProjects\LoftblogMoneyTracker\app\build\intermediates\pre-dexed\debug\classes-de409459780203812a068d576aa5d4d22ec493da.jar E:\Android\AndroidStudioProjects\LoftblogMoneyTracker\app\build\intermediates\pre-dexed\debug\classes-929da88a3328213b151763d457f179989be7055b.jar E:\Android\AndroidStudioProjects\LoftblogMoneyTracker\app\build\intermediates\pre-dexed\debug\ac
java_class_path (initial): E:\Android\sdk\build-tools\23.0.0\lib\dx.jar
Launcher Type: SUN_STANDARD

Environment Variables:
PATH=C:\ProgramData\Oracle\Java\javapath;C:\WINDOWS\system32;C:\WINDOWS;C:\WINDOWS\System32\Wbem;C:\WINDOWS\System32\WindowsPowerShell\v1.0\;C:\Program Files (x86)\Common Files\Acronis\SnapAPI\;C:\Program Files (x86)\Common Files\Autodesk Shared\;C:\Program Files\Microsoft\Web Platform Installer\;C:\Program Files (x86)\Microsoft ASP.NET\ASP.NET Web Pages\v1.0\;C:\Program Files\Microsoft SQL Server\110\Tools\Binn\;C:\Program Files\Common Files\Autodesk Shared\;C:\Program Files (x86)\NVIDIA Corporation\PhysX\Common;C:\Program Files (x86)\Skype\Phone\
USERNAME=¿ÎÂÍÒ‡Ì‰
OS=Windows_NT
PROCESSOR_IDENTIFIER=Intel64 Family 6 Model 15 Stepping 11, GenuineIntel



---------------  S Y S T E M  ---------------

OS: Windows 8.1 , 64 bit Build 9600 (6.3.9600.17415)

CPU:total 4 (4 cores per cpu, 1 threads per core) family 6 model 15 stepping 11, cmov, cx8, fxsr, mmx, sse, sse2, sse3, ssse3, tsc

Memory: 4k page, physical 8387492k(2096244k free), swap 16776356k(5387068k free)

vm_info: Java HotSpot(TM) 64-Bit Server VM (25.60-b23) for windows-amd64 JRE (1.8.0_60-b27), built on Aug  4 2015 11:06:27 by "java_re" with MS VC++ 10.0 (VS2010)

time: Thu Oct 22 21:11:44 2015
elapsed time: 4 seconds (0d 0h 0m 4s)

