#
# A fatal error has been detected by the Java Runtime Environment:
#
#  EXCEPTION_ACCESS_VIOLATION (0xc0000005) at pc=0xffffffffa34e5120, pid=10076, tid=10140
#
# JRE version: Java(TM) SE Runtime Environment (8.0_60-b27) (build 1.8.0_60-b27)
# Java VM: Java HotSpot(TM) 64-Bit Server VM (25.60-b23 mixed mode windows-amd64 compressed oops)
# Problematic frame:
# C  0xffffffffa34e5120
#
# Failed to write core dump. Minidumps are not enabled by default on client versions of Windows
#
# If you would like to submit a bug report, please visit:
#   http://bugreport.java.com/bugreport/crash.jsp
#

---------------  T H R E A D  ---------------

Current thread (0x0000000016579800):  JavaThread "pool-1-thread-3" [_thread_in_Java, id=10140, stack(0x0000000016de0000,0x0000000016ee0000)]

siginfo: ExceptionCode=0xc0000005, ExceptionInformation=0x0000000000000008 0xffffffffa34e5120

Registers:
RAX=0x00000000143aa938, RBX=0x00000000143aa938, RCX=0x00000000143b0958, RDX=0x00000000eaefef58
RSP=0x0000000016edcc68, RBP=0x0000000016edcce8, RSI=0x00000000007577f8, RDI=0x00000000eb4a7ac8
R8 =0x000000000000003e, R9 =0x0000000000000000, R10=0x0000000059112140, R11=0x0000000002607fe0
R12=0x0000000000000000, R13=0x0000000016edcc78, R14=0x0000000016edcdc8, R15=0x0000000016579800
RIP=0xffffffffa34e5120, EFLAGS=0x0000000000010202

Top of Stack: (sp=0x0000000016edcc68)
0x0000000016edcc68:   00000000024e7200 00000000024e7200
0x0000000016edcc78:   00000000eb4a7ac8 0000000000000000
0x0000000016edcc88:   000000000000003e 00000000eaefef58
0x0000000016edcc98:   0000000000000001 0000000000000000
0x0000000016edcca8:   0000000016edcc98 00000000143ae13f
0x0000000016edccb8:   0000000016edcdc8 00000000143b0958
0x0000000016edccc8:   00000000144aff40 00000000143ae3e0
0x0000000016edccd8:   0000000016edcc78 0000000016edcdd0
0x0000000016edcce8:   0000000016edd450 000000000261fbac
0x0000000016edccf8:   0000000000000000 0000000000000000
0x0000000016edcd08:   0000000000000000 0000000000000000
0x0000000016edcd18:   0000000000000000 00000000eadf49f0
0x0000000016edcd28:   00000000eadf4900 0000000000000200
0x0000000016edcd38:   00000000eadd5198 00000000eadd5198
0x0000000016edcd48:   0000000000000200 00000000eadd5198
0x0000000016edcd58:   0000000000000000 00000000eadd5198 

Instructions: (pc=0xffffffffa34e5120)
0xffffffffa34e5100:   
[error occurred during error reporting (printing registers, top of stack, instructions near pc), id 0xc0000005]

Register to memory mapping:

RAX={method} {0x00000000143aa940} 'casTabAt' '([Ljava/util/concurrent/ConcurrentHashMap$Node;ILjava/util/concurrent/ConcurrentHashMap$Node;Ljava/util/concurrent/ConcurrentHashMap$Node;)Z' in 'java/util/concurrent/ConcurrentHashMap'
RBX={method} {0x00000000143aa940} 'casTabAt' '([Ljava/util/concurrent/ConcurrentHashMap$Node;ILjava/util/concurrent/ConcurrentHashMap$Node;Ljava/util/concurrent/ConcurrentHashMap$Node;)Z' in 'java/util/concurrent/ConcurrentHashMap'
RCX=0x00000000143b0958 is pointing into metadata
RDX=0x00000000eaefef58 is an oop
[Ljava.util.concurrent.ConcurrentHashMap$Node; 
 - klass: 'java/util/concurrent/ConcurrentHashMap$Node'[]
 - length: 512
RSP=0x0000000016edcc68 is pointing into the stack for thread: 0x0000000016579800
RBP=0x0000000016edcce8 is pointing into the stack for thread: 0x0000000016579800
RSI=0x00000000007577f8 is an unknown value
RDI=0x00000000eb4a7ac8 is an oop
java.util.concurrent.ConcurrentHashMap$ForwardingNode 
 - klass: 'java/util/concurrent/ConcurrentHashMap$ForwardingNode'
R8 =0x000000000000003e is an unknown value
R9 =0x0000000000000000 is an unknown value
R10=0x0000000059112140 is an unknown value
R11=0x0000000002607fe0 is at entry_point+0 in (nmethod*)0x0000000002607e90
R12=0x0000000000000000 is an unknown value
R13=0x0000000016edcc78 is pointing into the stack for thread: 0x0000000016579800
R14=0x0000000016edcdc8 is pointing into the stack for thread: 0x0000000016579800
R15=0x0000000016579800 is a thread


Stack: [0x0000000016de0000,0x0000000016ee0000],  sp=0x0000000016edcc68,  free space=1011k
Native frames: (J=compiled Java code, j=interpreted, Vv=VM code, C=native code)
C  0xffffffffa34e5120


---------------  P R O C E S S  ---------------

Java Threads: ( => current thread )
  0x0000000016620800 JavaThread "pool-1-thread-4" [_thread_blocked, id=2944, stack(0x0000000016ee0000,0x0000000016fe0000)]
=>0x0000000016579800 JavaThread "pool-1-thread-3" [_thread_in_Java, id=10140, stack(0x0000000016de0000,0x0000000016ee0000)]
  0x0000000016578800 JavaThread "pool-1-thread-2" [_thread_blocked, id=3216, stack(0x0000000016ce0000,0x0000000016de0000)]
  0x0000000016576000 JavaThread "pool-2-thread-1" [_thread_blocked, id=10812, stack(0x0000000016be0000,0x0000000016ce0000)]
  0x000000001656f000 JavaThread "pool-1-thread-1" [_thread_blocked, id=9812, stack(0x0000000016ae0000,0x0000000016be0000)]
  0x0000000016411000 JavaThread "Service Thread" daemon [_thread_blocked, id=5208, stack(0x00000000168e0000,0x00000000169e0000)]
  0x00000000163f0800 JavaThread "C1 CompilerThread2" daemon [_thread_blocked, id=8884, stack(0x00000000167e0000,0x00000000168e0000)]
  0x0000000014bf8800 JavaThread "C2 CompilerThread1" daemon [_thread_blocked, id=8720, stack(0x00000000162e0000,0x00000000163e0000)]
  0x0000000014bb1000 JavaThread "C2 CompilerThread0" daemon [_thread_blocked, id=1392, stack(0x00000000161e0000,0x00000000162e0000)]
  0x0000000014bb0000 JavaThread "Attach Listener" daemon [_thread_blocked, id=4100, stack(0x00000000160e0000,0x00000000161e0000)]
  0x0000000014bac800 JavaThread "Signal Dispatcher" daemon [_thread_blocked, id=2136, stack(0x0000000015fe0000,0x00000000160e0000)]
  0x0000000014b79800 JavaThread "Finalizer" daemon [_thread_blocked, id=4012, stack(0x0000000015e00000,0x0000000015f00000)]
  0x0000000014b78800 JavaThread "Reference Handler" daemon [_thread_blocked, id=1924, stack(0x0000000015d00000,0x0000000015e00000)]
  0x000000000229e000 JavaThread "main" [_thread_blocked, id=2744, stack(0x00000000022e0000,0x00000000023e0000)]

Other Threads:
  0x0000000014b77000 VMThread [stack: 0x0000000015c00000,0x0000000015d00000] [id=9464]
  0x0000000016413000 WatcherThread [stack: 0x00000000169e0000,0x0000000016ae0000] [id=4084]

VM state:not at safepoint (normal execution)

VM Mutex/Monitor currently owned by a thread: None

Heap:
 PSYoungGen      total 38400K, used 10002K [0x00000000eab00000, 0x00000000ed580000, 0x0000000100000000)
  eden space 33280K, 30% used [0x00000000eab00000,0x00000000eb4c4bf8,0x00000000ecb80000)
  from space 5120K, 0% used [0x00000000ed080000,0x00000000ed080000,0x00000000ed580000)
  to   space 5120K, 0% used [0x00000000ecb80000,0x00000000ecb80000,0x00000000ed080000)
 ParOldGen       total 87552K, used 0K [0x00000000c0000000, 0x00000000c5580000, 0x00000000eab00000)
  object space 87552K, 0% used [0x00000000c0000000,0x00000000c0000000,0x00000000c5580000)
 Metaspace       used 4907K, capacity 6224K, committed 6528K, reserved 1056768K
  class space    used 545K, capacity 584K, committed 640K, reserved 1048576K

Card table byte_map: [0x00000000118a0000,0x0000000011ab0000] byte_map_base: 0x00000000112a0000

Marking Bits: (ParMarkBitMap*) 0x000000005912a5b0
 Begin Bits: [0x0000000012010000, 0x0000000013010000)
 End Bits:   [0x0000000013010000, 0x0000000014010000)

Polling page: 0x0000000000a50000

CodeCache: size=245760Kb used=1948Kb max_used=1960Kb free=243811Kb
 bounds [0x00000000024e0000, 0x0000000002750000, 0x00000000114e0000]
 total_blobs=621 nmethods=363 adapters=173
 compilation: enabled

Compilation events (10 events):
Event: 1.384 Thread 0x00000000163f0800 nmethod 359 0x00000000026c1650 code [0x00000000026c17e0, 0x00000000026c1c08]
Event: 1.384 Thread 0x00000000163f0800  360   !   3       sun.misc.URLClassPath$JarLoader::checkResource (55 bytes)
Event: 1.385 Thread 0x00000000163f0800 nmethod 360 0x00000000026c5d50 code [0x00000000026c5f00, 0x00000000026c6568]
Event: 1.394 Thread 0x0000000014bb1000 nmethod 357 0x00000000026c97d0 code [0x00000000026c9920, 0x00000000026c9c18]
Event: 1.409 Thread 0x00000000163f0800  361       3       java.lang.ClassNotFoundException::<init> (7 bytes)
Event: 1.410 Thread 0x00000000163f0800 nmethod 361 0x00000000026c9310 code [0x00000000026c9480, 0x00000000026c96c8]
Event: 1.442 Thread 0x0000000014bf8800  362       4       java.util.concurrent.ConcurrentHashMap::tabAt (21 bytes)
Event: 1.443 Thread 0x0000000014bb1000  363       4       java.util.concurrent.ConcurrentHashMap::casTabAt (20 bytes)
Event: 1.444 Thread 0x0000000014bf8800 nmethod 362 0x00000000026c7c10 code [0x00000000026c7d40, 0x00000000026c7d98]
Event: 1.444 Thread 0x0000000014bb1000 nmethod 363 0x00000000026c7a10 code [0x00000000026c7b40, 0x00000000026c7bb8]

GC Heap History (0 events):
No events

Deoptimization events (4 events):
Event: 0.995 Thread 0x000000000229e000 Uncommon trap: reason=class_check action=maybe_recompile pc=0x000000000267b524 method=com.android.dx.rop.cst.Constant.compareTo(Ljava/lang/Object;)I @ 2
Event: 0.995 Thread 0x000000000229e000 Uncommon trap: reason=class_check action=maybe_recompile pc=0x000000000267b524 method=com.android.dx.rop.cst.Constant.compareTo(Ljava/lang/Object;)I @ 2
Event: 0.995 Thread 0x000000000229e000 Uncommon trap: reason=class_check action=maybe_recompile pc=0x000000000267b524 method=com.android.dx.rop.cst.Constant.compareTo(Ljava/lang/Object;)I @ 2
Event: 0.995 Thread 0x000000000229e000 Uncommon trap: reason=class_check action=maybe_recompile pc=0x000000000267b524 method=com.android.dx.rop.cst.Constant.compareTo(Ljava/lang/Object;)I @ 2

Internal exceptions (2 events):
Event: 0.216 Thread 0x000000000229e000 Exception <a 'java/lang/NoSuchMethodError': Method sun.misc.Unsafe.defineClass(Ljava/lang/String;[BII)Ljava/lang/Class; name or signature does not match> (0x00000000eab13038) thrown at [C:\re\workspace\8-2-build-windows-amd64-cygwin\jdk8u60\4407\hotspot\sri¹¬¾ú°Ë?
Event: 0.216 Thread 0x000000000229e000 Exception <a 'java/lang/NoSuchMethodError': Method sun.misc.Unsafe.prefetchRead(Ljava/lang/Object;J)V name or signature does not match> (0x00000000eab13320) thrown at [C:\re\workspace\8-2-build-windows-amd64-cygwin\jdk8u60\4407\hotspot\src\share\vm\prims\j

Events (10 events):
Event: 1.428 loading class com/android/dx/dex/code/form/Form21c
Event: 1.428 loading class com/android/dx/dex/code/form/Form21c done
Event: 1.436 loading class com/android/dx/dex/code/form/Form31c
Event: 1.436 loading class com/android/dx/dex/code/form/Form31c done
Event: 1.439 loading class com/android/dx/dex/code/form/Form22c
Event: 1.439 loading class com/android/dx/dex/code/form/Form22c done
Event: 1.441 loading class com/android/dx/dex/code/form/Form35c
Event: 1.441 loading class com/android/dx/dex/code/form/Form35c done
Event: 1.441 loading class com/android/dx/dex/code/form/Form3rc
Event: 1.441 loading class com/android/dx/dex/code/form/Form3rc done


Dynamic libraries:
0x00007ff6a6470000 - 0x00007ff6a64a7000 	E:\Java\jdk1.8.0_60\bin\java.exe
0x00007ffa4ea70000 - 0x00007ffa4ec1c000 	C:\WINDOWS\SYSTEM32\ntdll.dll
0x00007ffa4c870000 - 0x00007ffa4c9ae000 	C:\WINDOWS\system32\KERNEL32.DLL
0x00007ffa4bca0000 - 0x00007ffa4bdb5000 	C:\WINDOWS\system32\KERNELBASE.dll
0x00007ffa4a680000 - 0x00007ffa4a70e000 	C:\WINDOWS\system32\apphelp.dll
0x00007ffa41470000 - 0x00007ffa414c3000 	C:\WINDOWS\AppPatch\AppPatch64\AcGenral.DLL
0x00007ffa4cc50000 - 0x00007ffa4ccfa000 	C:\WINDOWS\system32\msvcrt.dll
0x00007ffa4b9a0000 - 0x00007ffa4b9ce000 	C:\WINDOWS\SYSTEM32\SspiCli.dll
0x00007ffa4c3f0000 - 0x00007ffa4c444000 	C:\WINDOWS\system32\SHLWAPI.dll
0x00007ffa4d2f0000 - 0x00007ffa4d467000 	C:\WINDOWS\system32\USER32.dll
0x00007ffa4c6d0000 - 0x00007ffa4c864000 	C:\WINDOWS\system32\ole32.dll
0x00007ffa4d550000 - 0x00007ffa4ea69000 	C:\WINDOWS\system32\SHELL32.dll
0x00007ffa4b170000 - 0x00007ffa4b191000 	C:\WINDOWS\SYSTEM32\USERENV.dll
0x00007ffa4d470000 - 0x00007ffa4d51a000 	C:\WINDOWS\system32\ADVAPI32.dll
0x00007ffa3e250000 - 0x00007ffa3e26e000 	C:\WINDOWS\SYSTEM32\MPR.dll
0x00007ffa4cf20000 - 0x00007ffa4d061000 	C:\WINDOWS\system32\RPCRT4.dll
0x00007ffa4d290000 - 0x00007ffa4d2e9000 	C:\WINDOWS\SYSTEM32\sechost.dll
0x00007ffa4cd00000 - 0x00007ffa4cf11000 	C:\WINDOWS\SYSTEM32\combase.dll
0x00007ffa4d140000 - 0x00007ffa4d28f000 	C:\WINDOWS\system32\GDI32.dll
0x00007ffa4bbd0000 - 0x00007ffa4bbe5000 	C:\WINDOWS\SYSTEM32\profapi.dll
0x00007ffa4a720000 - 0x00007ffa4a7d2000 	C:\WINDOWS\SYSTEM32\SHCORE.dll
0x00007ffa4c2e0000 - 0x00007ffa4c316000 	C:\WINDOWS\system32\IMM32.DLL
0x00007ffa4c170000 - 0x00007ffa4c2c2000 	C:\WINDOWS\system32\MSCTF.dll
0x00007ffa487b0000 - 0x00007ffa48a2a000 	C:\WINDOWS\WinSxS\amd64_microsoft.windows.common-controls_6595b64144ccf1df_6.0.9600.17810_none_6240b9c7ecbd0bda\COMCTL32.dll
0x00000000580e0000 - 0x00000000581b2000 	E:\Java\jdk1.8.0_60\jre\bin\msvcr100.dll
0x0000000058920000 - 0x00000000591a9000 	E:\Java\jdk1.8.0_60\jre\bin\server\jvm.dll
0x00007ffa3fd60000 - 0x00007ffa3fd69000 	C:\WINDOWS\SYSTEM32\WSOCK32.dll
0x00007ffa48380000 - 0x00007ffa483a2000 	C:\WINDOWS\SYSTEM32\WINMM.dll
0x00007ffa48a30000 - 0x00007ffa48a3a000 	C:\WINDOWS\SYSTEM32\VERSION.dll
0x00007ffa4d520000 - 0x00007ffa4d527000 	C:\WINDOWS\system32\PSAPI.DLL
0x00007ffa4d070000 - 0x00007ffa4d0ca000 	C:\WINDOWS\system32\WS2_32.dll
0x00007ffa48290000 - 0x00007ffa482ba000 	C:\WINDOWS\SYSTEM32\WINMMBASE.dll
0x00007ffa4c450000 - 0x00007ffa4c459000 	C:\WINDOWS\system32\NSI.dll
0x00007ffa4c0b0000 - 0x00007ffa4c0ff000 	C:\WINDOWS\SYSTEM32\cfgmgr32.dll
0x00007ffa4a9d0000 - 0x00007ffa4a9f8000 	C:\WINDOWS\SYSTEM32\DEVOBJ.dll
0x0000000058910000 - 0x000000005891f000 	E:\Java\jdk1.8.0_60\jre\bin\verify.dll
0x00000000588e0000 - 0x0000000058909000 	E:\Java\jdk1.8.0_60\jre\bin\java.dll
0x00000000588c0000 - 0x00000000588d6000 	E:\Java\jdk1.8.0_60\jre\bin\zip.dll
0x00007ffa45bc0000 - 0x00007ffa45d49000 	C:\WINDOWS\SYSTEM32\dbghelp.dll

VM Arguments:
jvm_args: -Xmx1024M -Dfile.encoding=windows-1251 -Duser.country=RU -Duser.language=ru -Duser.variant 
java_command: com.android.dx.command.Main --dex --num-threads=4 --output E:\Android\AndroidStudioProjects\LoftblogMoneyTracker\app\build\intermediates\dex\debug E:\Android\AndroidStudioProjects\LoftblogMoneyTracker\app\build\intermediates\classes\debug E:\Android\AndroidStudioProjects\LoftblogMoneyTracker\app\build\intermediates\pre-dexed\debug\support-annotations-23.0.1-e6941ffc9cbf1270b1623cf686ba7082dcc4df08.jar E:\Android\AndroidStudioProjects\LoftblogMoneyTracker\app\build\intermediates\pre-dexed\debug\classes-8feaabbfb5bdbff71ed9eb50acb4a8fe317bd8e4.jar E:\Android\AndroidStudioProjects\LoftblogMoneyTracker\app\build\intermediates\pre-dexed\debug\classes-472fb590b2ae42e351cdbbab4f5c927f6cbdb130.jar E:\Android\AndroidStudioProjects\LoftblogMoneyTracker\app\build\intermediates\pre-dexed\debug\activeandroid-3.1.0-SNAPSHOT-32bac25f6a0f637f60812ea1be5892f911443ce7.jar E:\Android\AndroidStudioProjects\LoftblogMoneyTracker\app\build\intermediates\pre-dexed\debug\androidannotations-api-3.3.1-f92de5d8f4f147f1d6bd99ca686b10a8a3b8f178.jar E:\Android\AndroidStudioProjects\LoftblogMoneyTracker\app\build\intermediates\pre-dexed\debug\retrofit-1.9.0-36267d02236be5f5e3181af5cbed035765687fc1.jar E:\Android\AndroidStudioProjects\LoftblogMoneyTracker\app\build\intermediates\pre-dexed\debug\gson-2.3.1-3f4280419e45f26d584cf9889ccc40127341c14b.jar E:\Android\AndroidStudioProjects\LoftblogMoneyTracker\app\build\intermediates\pre-dexed\debug\classes-a49dc37fbafd0cf30f9fb830187f31d829f4d99c.jar E:\Android\AndroidStudioProjects\LoftblogMoneyTracker\app\build\intermediates\pre-dexed\debug\internal_impl-23.0.1-fbfa1cd1c0e57176701943d82905c28d410d7e6c.jar E:\Android\AndroidStudioProjects\LoftblogMoneyTracker\app\build\intermediates\pre-dexed\debug\classes-672178aff5061c95fa2624c4d6da5545b658e2d4.jar E:\Android\AndroidStudioProjects\LoftblogMoneyTracker\app\build\intermediates\pre-dexed\debug\classes-5e5390287b891b7f55511174e182fea5466ee4e8.jar E:\Android\AndroidStudioProjects\LoftblogMon
java_class_path (initial): E:\Android\sdk\build-tools\23.0.0\lib\dx.jar
Launcher Type: SUN_STANDARD

Environment Variables:
PATH=C:\ProgramData\Oracle\Java\javapath;C:\WINDOWS\system32;C:\WINDOWS;C:\WINDOWS\System32\Wbem;C:\WINDOWS\System32\WindowsPowerShell\v1.0\;C:\Program Files (x86)\Common Files\Acronis\SnapAPI\;C:\Program Files (x86)\Common Files\Autodesk Shared\;C:\Program Files\Microsoft\Web Platform Installer\;C:\Program Files (x86)\Microsoft ASP.NET\ASP.NET Web Pages\v1.0\;C:\Program Files\Microsoft SQL Server\110\Tools\Binn\;C:\Program Files\Common Files\Autodesk Shared\;C:\Program Files (x86)\NVIDIA Corporation\PhysX\Common;C:\Program Files (x86)\Skype\Phone\;C:\Program Files (x86)\Common Files\Acronis\TibMounter64
USERNAME=Àëåêñàíäð
OS=Windows_NT
PROCESSOR_IDENTIFIER=Intel64 Family 6 Model 15 Stepping 11, GenuineIntel



---------------  S Y S T E M  ---------------

OS: Windows 8.1 , 64 bit Build 9600 (6.3.9600.17415)

CPU:total 4 (4 cores per cpu, 1 threads per core) family 6 model 15 stepping 11, cmov, cx8, fxsr, mmx, sse, sse2, sse3, ssse3, tsc

Memory: 4k page, physical 8387492k(1021776k free), swap 14903304k(2380944k free)

vm_info: Java HotSpot(TM) 64-Bit Server VM (25.60-b23) for windows-amd64 JRE (1.8.0_60-b27), built on Aug  4 2015 11:06:27 by "java_re" with MS VC++ 10.0 (VS2010)

time: Sun Sep 20 17:56:56 2015
elapsed time: 1 seconds (0d 0h 0m 1s)

