#
# A fatal error has been detected by the Java Runtime Environment:
#
#  EXCEPTION_ACCESS_VIOLATION (0xc0000005) at pc=0xffffffffa3a25120, pid=208, tid=244
#
# JRE version: Java(TM) SE Runtime Environment (8.0_60-b27) (build 1.8.0_60-b27)
# Java VM: Java HotSpot(TM) 64-Bit Server VM (25.60-b23 mixed mode windows-amd64 compressed oops)
# Problematic frame:
# C  0xffffffffa3a25120
#
# Failed to write core dump. Minidumps are not enabled by default on client versions of Windows
#
# If you would like to submit a bug report, please visit:
#   http://bugreport.java.com/bugreport/crash.jsp
#

---------------  T H R E A D  ---------------

Current thread (0x0000000002923800):  JavaThread "main" [_thread_in_Java, id=244, stack(0x0000000002820000,0x0000000002920000)]

siginfo: ExceptionCode=0xc0000005, ExceptionInformation=0x0000000000000008 0xffffffffa3a25120

Registers:
RAX=0x0000000100028d98, RBX=0x0000000100028d98, RCX=0x000000010009d7c8, RDX=0x00000000eeadcaf0
RSP=0x000000000291ed98, RBP=0x000000000291ee98, RSI=0x0000000000000000, RDI=0x00000000eeadcaf0
R8 =0x00000000eeaf6630, R9 =0x1fffffffffffffff, R10=0x0000000100028d98, R11=0x000000000336f880
R12=0x0000000000000000, R13=0x000000000291ee48, R14=0x000000000291eee0, R15=0x0000000002923800
RIP=0xffffffffa3a25120, EFLAGS=0x0000000000010246

Top of Stack: (sp=0x000000000291ed98)
0x000000000291ed98:   000000000336fa0c 0000000000000001
0x000000000291eda8:   00000000535ea200 0000000100000208
0x000000000291edb8:   0000000002923800 0000000100000208
0x000000000291edc8:   000000000291edf8 000000000291ee40
0x000000000291edd8:   0000000002a27470 0000000000000000
0x000000000291ede8:   00000000eeaf6630 00000000eeadcb20
0x000000000291edf8:   0000000002923800 0000000000000178
0x000000000291ee08:   0000000014e1afb9 000000000000023c
0x000000000291ee18:   0000000002a40c6c 0000000002923800
0x000000000291ee28:   00000000000000bc 000000000291ee98
0x000000000291ee38:   0000000002a277b0 0000000002a277b0
0x000000000291ee48:   00000000eeaf6630 00000000eeadcb20
0x000000000291ee58:   000000000291ee58 0000000014e1b360
0x000000000291ee68:   000000000291eee0 0000000014e1d6d0
0x000000000291ee78:   0000000000000000 0000000014e1b460
0x000000000291ee88:   000000000291ee48 000000000291eee0 

Instructions: (pc=0xffffffffa3a25120)
0xffffffffa3a25100:   
[error occurred during error reporting (printing registers, top of stack, instructions near pc), id 0xc0000005]

Register to memory mapping:

RAX=0x0000000100028d98 is pointing into metadata
RBX=0x0000000100028d98 is pointing into metadata
RCX=0x000000010009d7c8 is pointing into metadata
RDX=0x00000000eeadcaf0 is an oop
java.nio.HeapByteBuffer 
 - klass: 'java/nio/HeapByteBuffer'
RSP=0x000000000291ed98 is pointing into the stack for thread: 0x0000000002923800
RBP=0x000000000291ee98 is pointing into the stack for thread: 0x0000000002923800
RSI=0x0000000000000000 is an unknown value
RDI=0x00000000eeadcaf0 is an oop
java.nio.HeapByteBuffer 
 - klass: 'java/nio/HeapByteBuffer'
R8 =0x00000000eeaf6630 is an oop
[C 
 - klass: {type array char}
 - length: 1
R9 =0x1fffffffffffffff is an unknown value
R10=0x0000000100028d98 is pointing into metadata
R11=0x000000000336f880 is at entry_point+0 in (nmethod*)0x000000000336f610
R12=0x0000000000000000 is an unknown value
R13=0x000000000291ee48 is pointing into the stack for thread: 0x0000000002923800
R14=0x000000000291eee0 is pointing into the stack for thread: 0x0000000002923800
R15=0x0000000002923800 is a thread


Stack: [0x0000000002820000,0x0000000002920000],  sp=0x000000000291ed98,  free space=1019k
Native frames: (J=compiled Java code, j=interpreted, Vv=VM code, C=native code)
C  0xffffffffa3a25120


---------------  P R O C E S S  ---------------

Java Threads: ( => current thread )
  0x0000000016a4b000 JavaThread "Service Thread" daemon [_thread_blocked, id=5848, stack(0x0000000016e20000,0x0000000016f20000)]
  0x00000000150fd800 JavaThread "C1 CompilerThread2" daemon [_thread_blocked, id=5468, stack(0x0000000016920000,0x0000000016a20000)]
  0x00000000150f8800 JavaThread "C2 CompilerThread1" daemon [_thread_blocked, id=5264, stack(0x0000000016820000,0x0000000016920000)]
  0x00000000150f2000 JavaThread "C2 CompilerThread0" daemon [_thread_in_native, id=5508, stack(0x0000000016720000,0x0000000016820000)]
  0x00000000150f1000 JavaThread "Attach Listener" daemon [_thread_blocked, id=680, stack(0x0000000016620000,0x0000000016720000)]
  0x00000000150ef800 JavaThread "Signal Dispatcher" daemon [_thread_blocked, id=3688, stack(0x0000000016520000,0x0000000016620000)]
  0x0000000002a1a000 JavaThread "Finalizer" daemon [_thread_blocked, id=5492, stack(0x0000000016340000,0x0000000016440000)]
  0x0000000002a10800 JavaThread "Reference Handler" daemon [_thread_blocked, id=5640, stack(0x0000000016240000,0x0000000016340000)]
=>0x0000000002923800 JavaThread "main" [_thread_in_Java, id=244, stack(0x0000000002820000,0x0000000002920000)]

Other Threads:
  0x00000000150b6800 VMThread [stack: 0x0000000016140000,0x0000000016240000] [id=6000]
  0x0000000016a52800 WatcherThread [stack: 0x0000000016f20000,0x0000000017020000] [id=4644]

VM state:not at safepoint (normal execution)

VM Mutex/Monitor currently owned by a thread: None

Heap:
 PSYoungGen      total 71680K, used 71086K [0x00000000eab00000, 0x00000000ef600000, 0x0000000100000000)
  eden space 66560K, 99% used [0x00000000eab00000,0x00000000eeb70b80,0x00000000eec00000)
  from space 5120K, 99% used [0x00000000ef100000,0x00000000ef5faf38,0x00000000ef600000)
  to   space 5120K, 0% used [0x00000000eec00000,0x00000000eec00000,0x00000000ef100000)
 ParOldGen       total 87552K, used 9227K [0x00000000c0000000, 0x00000000c5580000, 0x00000000eab00000)
  object space 87552K, 10% used [0x00000000c0000000,0x00000000c0902da0,0x00000000c5580000)
 Metaspace       used 7177K, capacity 7800K, committed 7936K, reserved 1056768K
  class space    used 667K, capacity 688K, committed 768K, reserved 1048576K

Card table byte_map: [0x0000000011de0000,0x0000000011ff0000] byte_map_base: 0x00000000117e0000

Marking Bits: (ParMarkBitMap*) 0x0000000053cba5b0
 Begin Bits: [0x0000000012550000, 0x0000000013550000)
 End Bits:   [0x0000000013550000, 0x0000000014550000)

Polling page: 0x0000000001010000

CodeCache: size=245760Kb used=9544Kb max_used=9544Kb free=236215Kb
 bounds [0x0000000002a20000, 0x0000000003380000, 0x0000000011a20000]
 total_blobs=2732 nmethods=2456 adapters=190
 compilation: enabled

Compilation events (10 events):
Event: 3.002 Thread 0x00000000150fd800 2458       1       com.android.dx.merge.DexMerger::access$2000 (5 bytes)
Event: 3.002 Thread 0x00000000150fd800 nmethod 2458 0x0000000003374a10 code [0x0000000003374b60, 0x0000000003374c50]
Event: 3.002 Thread 0x00000000150fd800 2469       3       com.android.dex.Dex$Section::readInt (8 bytes)
Event: 3.002 Thread 0x00000000150fd800 nmethod 2469 0x00000000033745d0 code [0x0000000003374740, 0x0000000003374968]
Event: 3.002 Thread 0x00000000150fd800 2471       3       java.nio.Buffer::remaining (10 bytes)
Event: 3.002 Thread 0x00000000150fd800 nmethod 2471 0x00000000033742d0 code [0x0000000003374420, 0x0000000003374570]
Event: 3.002 Thread 0x00000000150fd800 2472       3       java.lang.String::compareTo (9 bytes)
Event: 3.002 Thread 0x00000000150fd800 nmethod 2472 0x0000000003373dd0 code [0x0000000003373f40, 0x0000000003374228]
Event: 3.002 Thread 0x00000000150fd800 2476       3       java.nio.HeapByteBuffer::getInt (18 bytes)
Event: 3.002 Thread 0x00000000150f8800 nmethod 2466 0x0000000003373ad0 code [0x0000000003373c00, 0x0000000003373cd8]

GC Heap History (4 events):
Event: 1.124 GC heap before
{Heap before GC invocations=1 (full 0):
 PSYoungGen      total 38400K, used 33280K [0x00000000eab00000, 0x00000000ed580000, 0x0000000100000000)
  eden space 33280K, 100% used [0x00000000eab00000,0x00000000ecb80000,0x00000000ecb80000)
  from space 5120K, 0% used [0x00000000ed080000,0x00000000ed080000,0x00000000ed580000)
  to   space 5120K, 0% used [0x00000000ecb80000,0x00000000ecb80000,0x00000000ed080000)
 ParOldGen       total 87552K, used 0K [0x00000000c0000000, 0x00000000c5580000, 0x00000000eab00000)
  object space 87552K, 0% used [0x00000000c0000000,0x00000000c0000000,0x00000000c5580000)
 Metaspace       used 5737K, capacity 6960K, committed 7040K, reserved 1056768K
  class space    used 566K, capacity 616K, committed 640K, reserved 1048576K
Event: 1.148 GC heap after
Heap after GC invocations=1 (full 0):
 PSYoungGen      total 38400K, used 5117K [0x00000000eab00000, 0x00000000ef600000, 0x0000000100000000)
  eden space 33280K, 0% used [0x00000000eab00000,0x00000000eab00000,0x00000000ecb80000)
  from space 5120K, 99% used [0x00000000ecb80000,0x00000000ed07f4a0,0x00000000ed080000)
  to   space 5120K, 0% used [0x00000000ef100000,0x00000000ef100000,0x00000000ef600000)
 ParOldGen       total 87552K, used 3426K [0x00000000c0000000, 0x00000000c5580000, 0x00000000eab00000)
  object space 87552K, 3% used [0x00000000c0000000,0x00000000c0358938,0x00000000c5580000)
 Metaspace       used 5737K, capacity 6960K, committed 7040K, reserved 1056768K
  class space    used 566K, capacity 616K, committed 640K, reserved 1048576K
}
Event: 1.870 GC heap before
{Heap before GC invocations=2 (full 0):
 PSYoungGen      total 38400K, used 38397K [0x00000000eab00000, 0x00000000ef600000, 0x0000000100000000)
  eden space 33280K, 100% used [0x00000000eab00000,0x00000000ecb80000,0x00000000ecb80000)
  from space 5120K, 99% used [0x00000000ecb80000,0x00000000ed07f4a0,0x00000000ed080000)
  to   space 5120K, 0% used [0x00000000ef100000,0x00000000ef100000,0x00000000ef600000)
 ParOldGen       total 87552K, used 3426K [0x00000000c0000000, 0x00000000c5580000, 0x00000000eab00000)
  object space 87552K, 3% used [0x00000000c0000000,0x00000000c0358938,0x00000000c5580000)
 Metaspace       used 6027K, capacity 7152K, committed 7296K, reserved 1056768K
  class space    used 579K, capacity 616K, committed 640K, reserved 1048576K
Event: 1.906 GC heap after
Heap after GC invocations=2 (full 0):
 PSYoungGen      total 71680K, used 5099K [0x00000000eab00000, 0x00000000ef600000, 0x0000000100000000)
  eden space 66560K, 0% used [0x00000000eab00000,0x00000000eab00000,0x00000000eec00000)
  from space 5120K, 99% used [0x00000000ef100000,0x00000000ef5faf38,0x00000000ef600000)
  to   space 5120K, 0% used [0x00000000eec00000,0x00000000eec00000,0x00000000ef100000)
 ParOldGen       total 87552K, used 9227K [0x00000000c0000000, 0x00000000c5580000, 0x00000000eab00000)
  object space 87552K, 10% used [0x00000000c0000000,0x00000000c0902da0,0x00000000c5580000)
 Metaspace       used 6027K, capacity 7152K, committed 7296K, reserved 1056768K
  class space    used 579K, capacity 616K, committed 640K, reserved 1048576K
}

Deoptimization events (10 events):
Event: 2.798 Thread 0x0000000002923800 Uncommon trap: reason=unstable_if action=reinterpret pc=0x00000000031b6c5c method=com.android.dx.util.ByteArrayAnnotatedOutput.ensureCapacity(I)V @ 6
Event: 2.909 Thread 0x0000000002923800 Uncommon trap: reason=unstable_if action=reinterpret pc=0x0000000003317f14 method=com.android.dx.util.ByteArrayAnnotatedOutput.writeUleb128(I)I @ 4
Event: 2.909 Thread 0x0000000002923800 Uncommon trap: reason=unstable_if action=reinterpret pc=0x000000000330cfe4 method=com.android.dx.util.ByteArrayAnnotatedOutput.writeByte(I)V @ 13
Event: 2.909 Thread 0x0000000002923800 Uncommon trap: reason=unstable_if action=reinterpret pc=0x00000000032fd5a4 method=com.android.dx.util.ByteArrayAnnotatedOutput.writeByte(I)V @ 13
Event: 2.935 Thread 0x0000000002923800 Uncommon trap: reason=unstable_if action=reinterpret pc=0x0000000002da551c method=java.util.Arrays.copyOf([Ljava/lang/Object;ILjava/lang/Class;)[Ljava/lang/Object; @ 3
Event: 2.938 Thread 0x0000000002923800 Uncommon trap: reason=speculate_class_check action=maybe_recompile pc=0x000000000322a458 method=java.util.HashMap.putVal(ILjava/lang/Object;Ljava/lang/Object;ZZ)Ljava/lang/Object; @ 56
Event: 2.938 Thread 0x0000000002923800 Uncommon trap: reason=speculate_class_check action=maybe_recompile pc=0x000000000322a490 method=java.util.HashMap.putVal(ILjava/lang/Object;Ljava/lang/Object;ZZ)Ljava/lang/Object; @ 152
Event: 2.938 Thread 0x0000000002923800 Uncommon trap: reason=speculate_class_check action=maybe_recompile pc=0x000000000322a458 method=java.util.HashMap.putVal(ILjava/lang/Object;Ljava/lang/Object;ZZ)Ljava/lang/Object; @ 56
Event: 2.938 Thread 0x0000000002923800 Uncommon trap: reason=speculate_class_check action=maybe_recompile pc=0x000000000322a458 method=java.util.HashMap.putVal(ILjava/lang/Object;Ljava/lang/Object;ZZ)Ljava/lang/Object; @ 56
Event: 2.996 Thread 0x0000000002923800 Uncommon trap: reason=unstable_if action=reinterpret pc=0x0000000002c4a614 method=java.lang.String.<init>([CII)V @ 18

Internal exceptions (3 events):
Event: 0.040 Thread 0x0000000002923800 Exception <a 'java/lang/NoSuchMethodError': Method sun.misc.Unsafe.defineClass(Ljava/lang/String;[BII)Ljava/lang/Class; name or signature does not match> (0x00000000eab130a8) thrown at [C:\re\workspace\8-2-build-windows-amd64-cygwin\jdk8u60\4407\hotspot\sr”bøµW§?
Event: 0.040 Thread 0x0000000002923800 Exception <a 'java/lang/NoSuchMethodError': Method sun.misc.Unsafe.prefetchRead(Ljava/lang/Object;J)V name or signature does not match> (0x00000000eab13390) thrown at [C:\re\workspace\8-2-build-windows-amd64-cygwin\jdk8u60\4407\hotspot\src\share\vm\prims\jsù6ªÇı?
Event: 1.316 Thread 0x0000000016bb9000 Implicit null exception at 0x0000000002f60f22 to 0x0000000002f60fc1

Events (10 events):
Event: 2.990 loading class com/android/dx/merge/InstructionTransformer$MethodVisitor done
Event: 2.991 loading class com/android/dx/merge/DexMerger$1
Event: 2.991 loading class com/android/dx/merge/DexMerger$1 done
Event: 2.992 loading class com/android/dx/merge/DexMerger$IdMerger
Event: 2.992 loading class com/android/dx/merge/DexMerger$IdMerger done
Event: 2.993 loading class com/android/dex/Mutf8
Event: 2.994 loading class com/android/dex/Mutf8 done
Event: 2.996 Thread 0x0000000002923800 Uncommon trap: trap_request=0xffffff65 fr.pc=0x0000000002c4a614
Event: 2.996 Thread 0x0000000002923800 DEOPT PACKING pc=0x0000000002c4a614 sp=0x000000000291ed30
Event: 2.996 Thread 0x0000000002923800 DEOPT UNPACKING pc=0x0000000002a6556a sp=0x000000000291ed18 mode 2


Dynamic libraries:
0x00007ff6f4020000 - 0x00007ff6f4057000 	E:\Java\jdk1.8.0_60\bin\java.exe
0x00007ffeef620000 - 0x00007ffeef7cc000 	C:\WINDOWS\SYSTEM32\ntdll.dll
0x00007ffeed0b0000 - 0x00007ffeed1ee000 	C:\WINDOWS\system32\KERNEL32.DLL
0x00007ffeecb20000 - 0x00007ffeecc35000 	C:\WINDOWS\system32\KERNELBASE.dll
0x00007ffeeb2d0000 - 0x00007ffeeb35e000 	C:\WINDOWS\system32\apphelp.dll
0x00007ffee0e90000 - 0x00007ffee0ee3000 	C:\WINDOWS\AppPatch\AppPatch64\AcGenral.DLL
0x00007ffeef2a0000 - 0x00007ffeef34a000 	C:\WINDOWS\system32\msvcrt.dll
0x00007ffeec540000 - 0x00007ffeec56e000 	C:\WINDOWS\SYSTEM32\SspiCli.dll
0x00007ffeef370000 - 0x00007ffeef3c4000 	C:\WINDOWS\system32\SHLWAPI.dll
0x00007ffeef3d0000 - 0x00007ffeef547000 	C:\WINDOWS\system32\USER32.dll
0x00007ffeecca0000 - 0x00007ffeece34000 	C:\WINDOWS\system32\ole32.dll
0x00007ffeed1f0000 - 0x00007ffeee71b000 	C:\WINDOWS\system32\SHELL32.dll
0x00007ffeebcb0000 - 0x00007ffeebcd1000 	C:\WINDOWS\SYSTEM32\USERENV.dll
0x00007ffeee7d0000 - 0x00007ffeee87a000 	C:\WINDOWS\system32\ADVAPI32.dll
0x00007ffedd640000 - 0x00007ffedd65e000 	C:\WINDOWS\SYSTEM32\MPR.dll
0x00007ffeeeaa0000 - 0x00007ffeeebe1000 	C:\WINDOWS\system32\RPCRT4.dll
0x00007ffeece40000 - 0x00007ffeece99000 	C:\WINDOWS\SYSTEM32\sechost.dll
0x00007ffeeebf0000 - 0x00007ffeeee01000 	C:\WINDOWS\SYSTEM32\combase.dll
0x00007ffeee880000 - 0x00007ffeee9cf000 	C:\WINDOWS\system32\GDI32.dll
0x00007ffeec770000 - 0x00007ffeec785000 	C:\WINDOWS\SYSTEM32\profapi.dll
0x00007ffeeaf40000 - 0x00007ffeeaff2000 	C:\WINDOWS\SYSTEM32\SHCORE.dll
0x00007ffeee780000 - 0x00007ffeee7b6000 	C:\WINDOWS\system32\IMM32.DLL
0x00007ffeeeea0000 - 0x00007ffeeeff2000 	C:\WINDOWS\system32\MSCTF.dll
0x00007ffeea800000 - 0x00007ffeeaa7b000 	C:\WINDOWS\WinSxS\amd64_microsoft.windows.common-controls_6595b64144ccf1df_6.0.9600.18006_none_623f33d3ecbe86e8\COMCTL32.dll
0x0000000053180000 - 0x0000000053252000 	E:\Java\jdk1.8.0_60\jre\bin\msvcr100.dll
0x00000000534b0000 - 0x0000000053d39000 	E:\Java\jdk1.8.0_60\jre\bin\server\jvm.dll
0x00007ffee0c00000 - 0x00007ffee0c09000 	C:\WINDOWS\SYSTEM32\WSOCK32.dll
0x00007ffee8d30000 - 0x00007ffee8d52000 	C:\WINDOWS\SYSTEM32\WINMM.dll
0x00007ffee8d60000 - 0x00007ffee8d6a000 	C:\WINDOWS\SYSTEM32\VERSION.dll
0x00007ffeeee90000 - 0x00007ffeeee97000 	C:\WINDOWS\system32\PSAPI.DLL
0x00007ffeed050000 - 0x00007ffeed0aa000 	C:\WINDOWS\system32\WS2_32.dll
0x00007ffee8cf0000 - 0x00007ffee8d1a000 	C:\WINDOWS\SYSTEM32\WINMMBASE.dll
0x00007ffeeea90000 - 0x00007ffeeea99000 	C:\WINDOWS\system32\NSI.dll
0x00007ffeec840000 - 0x00007ffeec88f000 	C:\WINDOWS\SYSTEM32\cfgmgr32.dll
0x00007ffeeb530000 - 0x00007ffeeb558000 	C:\WINDOWS\SYSTEM32\DEVOBJ.dll
0x0000000054870000 - 0x000000005487f000 	E:\Java\jdk1.8.0_60\jre\bin\verify.dll
0x0000000054840000 - 0x0000000054869000 	E:\Java\jdk1.8.0_60\jre\bin\java.dll
0x0000000054820000 - 0x0000000054836000 	E:\Java\jdk1.8.0_60\jre\bin\zip.dll
0x00007ffee74c0000 - 0x00007ffee7649000 	C:\WINDOWS\SYSTEM32\dbghelp.dll

VM Arguments:
jvm_args: -Xmx1024M -Dfile.encoding=windows-1251 -Duser.country=RU -Duser.language=ru -Duser.variant 
java_command: com.android.dx.command.Main --dex --num-threads=4 --output E:\Android\AndroidStudioProjects\LoftblogMoneyTracker\app\build\intermediates\dex\debug E:\Android\AndroidStudioProjects\LoftblogMoneyTracker\app\build\intermediates\classes\debug E:\Android\AndroidStudioProjects\LoftblogMoneyTracker\app\build\intermediates\pre-dexed\debug\support-annotations-23.0.1-e6941ffc9cbf1270b1623cf686ba7082dcc4df08.jar E:\Android\AndroidStudioProjects\LoftblogMoneyTracker\app\build\intermediates\pre-dexed\debug\classes-8feaabbfb5bdbff71ed9eb50acb4a8fe317bd8e4.jar E:\Android\AndroidStudioProjects\LoftblogMoneyTracker\app\build\intermediates\pre-dexed\debug\classes-8c1319393e271eff68e10a9dcae07a2783f674be.jar E:\Android\AndroidStudioProjects\LoftblogMoneyTracker\app\build\intermediates\pre-dexed\debug\internal_impl-22.2.0-0e6d9ecdf28e1d5717a3b05e5efcbaa26aefd913.jar E:\Android\AndroidStudioProjects\LoftblogMoneyTracker\app\build\intermediates\pre-dexed\debug\classes-96a27b206b99b387079686bb2c6db4d651bf67b0.jar E:\Android\AndroidStudioProjects\LoftblogMoneyTracker\app\build\intermediates\pre-dexed\debug\classes-b570df61e751229d205547820db2b138f3d2f62b.jar E:\Android\AndroidStudioProjects\LoftblogMoneyTracker\app\build\intermediates\pre-dexed\debug\classes-52b7275268a9e54f348a2faeff70a90613f238e9.jar E:\Android\AndroidStudioProjects\LoftblogMoneyTracker\app\build\intermediates\pre-dexed\debug\classes-472fb590b2ae42e351cdbbab4f5c927f6cbdb130.jar E:\Android\AndroidStudioProjects\LoftblogMoneyTracker\app\build\intermediates\pre-dexed\debug\classes-352d93e2966ff5ab712c233f0fb1f206edd2d56d.jar E:\Android\AndroidStudioProjects\LoftblogMoneyTracker\app\build\intermediates\pre-dexed\debug\classes-de409459780203812a068d576aa5d4d22ec493da.jar E:\Android\AndroidStudioProjects\LoftblogMoneyTracker\app\build\intermediates\pre-dexed\debug\classes-929da88a3328213b151763d457f179989be7055b.jar E:\Android\AndroidStudioProjects\LoftblogMoneyTracker\app\build\intermediates\pre-dexed\debug\ac
java_class_path (initial): E:\Android\sdk\build-tools\23.0.0\lib\dx.jar
Launcher Type: SUN_STANDARD

Environment Variables:
PATH=C:\ProgramData\Oracle\Java\javapath;C:\WINDOWS\system32;C:\WINDOWS;C:\WINDOWS\System32\Wbem;C:\WINDOWS\System32\WindowsPowerShell\v1.0\;C:\Program Files (x86)\Common Files\Acronis\SnapAPI\;C:\Program Files (x86)\Common Files\Autodesk Shared\;C:\Program Files\Microsoft\Web Platform Installer\;C:\Program Files (x86)\Microsoft ASP.NET\ASP.NET Web Pages\v1.0\;C:\Program Files\Microsoft SQL Server\110\Tools\Binn\;C:\Program Files\Common Files\Autodesk Shared\;C:\Program Files (x86)\NVIDIA Corporation\PhysX\Common;C:\Program Files (x86)\Skype\Phone\
USERNAME=¿ÎÂÍÒ‡Ì‰
OS=Windows_NT
PROCESSOR_IDENTIFIER=Intel64 Family 6 Model 15 Stepping 11, GenuineIntel



---------------  S Y S T E M  ---------------

OS: Windows 8.1 , 64 bit Build 9600 (6.3.9600.17415)

CPU:total 4 (4 cores per cpu, 1 threads per core) family 6 model 15 stepping 11, cmov, cx8, fxsr, mmx, sse, sse2, sse3, ssse3, tsc

Memory: 4k page, physical 8387492k(4462388k free), swap 17300644k(13107504k free)

vm_info: Java HotSpot(TM) 64-Bit Server VM (25.60-b23) for windows-amd64 JRE (1.8.0_60-b27), built on Aug  4 2015 11:06:27 by "java_re" with MS VC++ 10.0 (VS2010)

time: Fri Nov 13 17:54:21 2015
elapsed time: 3 seconds (0d 0h 0m 3s)

