#
# A fatal error has been detected by the Java Runtime Environment:
#
#  EXCEPTION_ACCESS_VIOLATION (0xc0000005) at pc=0xffffffffa2e25120, pid=1884, tid=8564
#
# JRE version: Java(TM) SE Runtime Environment (8.0_60-b27) (build 1.8.0_60-b27)
# Java VM: Java HotSpot(TM) 64-Bit Server VM (25.60-b23 mixed mode windows-amd64 compressed oops)
# Problematic frame:
# C  0xffffffffa2e25120
#
# Failed to write core dump. Minidumps are not enabled by default on client versions of Windows
#
# If you would like to submit a bug report, please visit:
#   http://bugreport.java.com/bugreport/crash.jsp
#

---------------  T H R E A D  ---------------

Current thread (0x0000000001d20800):  JavaThread "main" [_thread_in_Java, id=8564, stack(0x0000000001b30000,0x0000000001c30000)]

siginfo: ExceptionCode=0xc0000005, ExceptionInformation=0x0000000000000008 0xffffffffa2e25120

Registers:
RAX=0x0000000013bf4d00, RBX=0x0000000013bf4d00, RCX=0x0000000013ea6520, RDX=0x000000000000c004
RSP=0x0000000001c2eca8, RBP=0x0000000001c2ed18, RSI=0x0000000000000000, RDI=0x0000000001e27470
R8 =0x0000000001c2ec58, R9 =0x0000000000001d28, R10=0x0000000064282140, R11=0x0000000002540ae0
R12=0x0000000000000000, R13=0x0000000001c2ecc0, R14=0x0000000001c2ed38, R15=0x0000000001d20800
RIP=0xffffffffa2e25120, EFLAGS=0x0000000000010202

Top of Stack: (sp=0x0000000001c2eca8)
0x0000000001c2eca8:   0000000001e27470 0000000000001cf0
0x0000000001c2ecb8:   0000000001e27470 000000000000c004
0x0000000001c2ecc8:   000000000000000e 00000000ebf1d7e8
0x0000000001c2ecd8:   0000000001c2ecd8 0000000013ea5ad7
0x0000000001c2ece8:   0000000001c2ed38 0000000013ea6520
0x0000000001c2ecf8:   0000000000000000 0000000013ea5c38
0x0000000001c2ed08:   0000000001c2ecc0 0000000001c2ed28
0x0000000001c2ed18:   0000000001c2ed80 0000000001e27a2d
0x0000000001c2ed28:   00000000ebf1d7e8 0000000000001cf0
0x0000000001c2ed38:   00000000ebecfe10 0000000001c2ed40
0x0000000001c2ed48:   0000000013ea1f76 0000000001c2edd8
0x0000000001c2ed58:   0000000013ea3540 0000000013ea6b18
0x0000000001c2ed68:   0000000013ea21b0 0000000001c2ed28
0x0000000001c2ed78:   0000000001c2edc8 0000000001c2ee20
0x0000000001c2ed88:   0000000001e27a2d 0000000000000000
0x0000000001c2ed98:   0000000000000000 0000000000000000 

Instructions: (pc=0xffffffffa2e25120)
0xffffffffa2e25100:   
[error occurred during error reporting (printing registers, top of stack, instructions near pc), id 0xc0000005]

Register to memory mapping:

RAX={method} {0x0000000013bf4d08} 'reverseBytes' '(I)I' in 'java/lang/Integer'
RBX={method} {0x0000000013bf4d08} 'reverseBytes' '(I)I' in 'java/lang/Integer'
RCX=0x0000000013ea6520 is pointing into metadata
RDX=0x000000000000c004 is an unknown value
RSP=0x0000000001c2eca8 is pointing into the stack for thread: 0x0000000001d20800
RBP=0x0000000001c2ed18 is pointing into the stack for thread: 0x0000000001d20800
RSI=0x0000000000000000 is an unknown value
RDI=0x0000000001e27470 is at code_begin+624 in an Interpreter codelet
invoke return entry points  [0x0000000001e27200, 0x0000000001e27b00]  2304 bytes
R8 =0x0000000001c2ec58 is pointing into the stack for thread: 0x0000000001d20800
R9 =0x0000000000001d28 is an unknown value
R10=0x0000000064282140 is an unknown value
R11=0x0000000002540ae0 is at entry_point+0 in (nmethod*)0x0000000002540990
R12=0x0000000000000000 is an unknown value
R13=0x0000000001c2ecc0 is pointing into the stack for thread: 0x0000000001d20800
R14=0x0000000001c2ed38 is pointing into the stack for thread: 0x0000000001d20800
R15=0x0000000001d20800 is a thread


Stack: [0x0000000001b30000,0x0000000001c30000],  sp=0x0000000001c2eca8,  free space=1019k
Native frames: (J=compiled Java code, j=interpreted, Vv=VM code, C=native code)
C  0xffffffffa2e25120


---------------  P R O C E S S  ---------------

Java Threads: ( => current thread )
  0x0000000015d35800 JavaThread "Service Thread" daemon [_thread_blocked, id=2548, stack(0x0000000016230000,0x0000000016330000)]
  0x0000000015d30800 JavaThread "C1 CompilerThread2" daemon [_thread_blocked, id=10072, stack(0x0000000016130000,0x0000000016230000)]
  0x0000000014548800 JavaThread "C2 CompilerThread1" daemon [_thread_blocked, id=10768, stack(0x0000000015c30000,0x0000000015d30000)]
  0x00000000144ef800 JavaThread "C2 CompilerThread0" daemon [_thread_blocked, id=11156, stack(0x0000000015b30000,0x0000000015c30000)]
  0x00000000144ee000 JavaThread "Attach Listener" daemon [_thread_blocked, id=10976, stack(0x0000000015a30000,0x0000000015b30000)]
  0x00000000144ed000 JavaThread "Signal Dispatcher" daemon [_thread_blocked, id=3588, stack(0x0000000015930000,0x0000000015a30000)]
  0x0000000001e16000 JavaThread "Finalizer" daemon [_thread_blocked, id=2020, stack(0x0000000015750000,0x0000000015850000)]
  0x0000000001e0c000 JavaThread "Reference Handler" daemon [_thread_blocked, id=10632, stack(0x0000000015650000,0x0000000015750000)]
=>0x0000000001d20800 JavaThread "main" [_thread_in_Java, id=8564, stack(0x0000000001b30000,0x0000000001c30000)]

Other Threads:
  0x00000000144b6000 VMThread [stack: 0x0000000015550000,0x0000000015650000] [id=2244]
  0x0000000015d4a000 WatcherThread [stack: 0x0000000016330000,0x0000000016430000] [id=180]

VM state:not at safepoint (normal execution)

VM Mutex/Monitor currently owned by a thread: None

Heap:
 PSYoungGen      total 38400K, used 25984K [0x00000000eab00000, 0x00000000ef600000, 0x0000000100000000)
  eden space 33280K, 62% used [0x00000000eab00000,0x00000000ebf66cf8,0x00000000ecb80000)
  from space 5120K, 99% used [0x00000000ecb80000,0x00000000ed0795d0,0x00000000ed080000)
  to   space 5120K, 0% used [0x00000000ef100000,0x00000000ef100000,0x00000000ef600000)
 ParOldGen       total 87552K, used 1354K [0x00000000c0000000, 0x00000000c5580000, 0x00000000eab00000)
  object space 87552K, 1% used [0x00000000c0000000,0x00000000c0152840,0x00000000c5580000)
 Metaspace       used 6630K, capacity 7384K, committed 7680K, reserved 1056768K
  class space    used 639K, capacity 656K, committed 768K, reserved 1048576K

Card table byte_map: [0x00000000111e0000,0x00000000113f0000] byte_map_base: 0x0000000010be0000

Marking Bits: (ParMarkBitMap*) 0x000000006429a5b0
 Begin Bits: [0x0000000011950000, 0x0000000012950000)
 End Bits:   [0x0000000012950000, 0x0000000013950000)

Polling page: 0x00000000003d0000

CodeCache: size=245760Kb used=7297Kb max_used=7303Kb free=238462Kb
 bounds [0x0000000001e20000, 0x0000000002550000, 0x0000000010e20000]
 total_blobs=2073 nmethods=1799 adapters=189
 compilation: enabled

Compilation events (10 events):
Event: 11.286 Thread 0x00000000144ef800 1798       4       java.lang.Character::toLowerCase (9 bytes)
Event: 11.287 Thread 0x00000000144ef800 nmethod 1798 0x0000000002540f90 code [0x00000000025410c0, 0x0000000002541178]
Event: 11.287 Thread 0x00000000144ef800 1800       4       java.util.HashMap::hash (20 bytes)
Event: 11.288 Thread 0x0000000014548800 nmethod 1795 0x0000000002541990 code [0x0000000002541b60, 0x00000000025423b0]
Event: 11.288 Thread 0x00000000144ef800 nmethod 1800 0x0000000002540cd0 code [0x0000000002540e20, 0x0000000002540ed8]
Event: 11.315 Thread 0x0000000015d30800 1802       3       java.lang.Integer::reverseBytes (26 bytes)
Event: 11.315 Thread 0x0000000015d30800 nmethod 1802 0x0000000002540990 code [0x0000000002540ae0, 0x0000000002540c30]
Event: 11.316 Thread 0x0000000014548800 1803       4       java.lang.Integer::reverseBytes (26 bytes)
Event: 11.316 Thread 0x0000000015d30800 1804       3       sun.security.provider.SHA::implCompress (491 bytes)
Event: 11.316 Thread 0x0000000014548800 nmethod 1803 0x00000000025413d0 code [0x0000000002541500, 0x0000000002541578]

GC Heap History (2 events):
Event: 9.707 GC heap before
{Heap before GC invocations=1 (full 0):
 PSYoungGen      total 38400K, used 33280K [0x00000000eab00000, 0x00000000ed580000, 0x0000000100000000)
  eden space 33280K, 100% used [0x00000000eab00000,0x00000000ecb80000,0x00000000ecb80000)
  from space 5120K, 0% used [0x00000000ed080000,0x00000000ed080000,0x00000000ed580000)
  to   space 5120K, 0% used [0x00000000ecb80000,0x00000000ecb80000,0x00000000ed080000)
 ParOldGen       total 87552K, used 0K [0x00000000c0000000, 0x00000000c5580000, 0x00000000eab00000)
  object space 87552K, 0% used [0x00000000c0000000,0x00000000c0000000,0x00000000c5580000)
 Metaspace       used 5932K, capacity 6960K, committed 7040K, reserved 1056768K
  class space    used 586K, capacity 616K, committed 640K, reserved 1048576K
Event: 9.844 GC heap after
Heap after GC invocations=1 (full 0):
 PSYoungGen      total 38400K, used 5093K [0x00000000eab00000, 0x00000000ef600000, 0x0000000100000000)
  eden space 33280K, 0% used [0x00000000eab00000,0x00000000eab00000,0x00000000ecb80000)
  from space 5120K, 99% used [0x00000000ecb80000,0x00000000ed0795d0,0x00000000ed080000)
  to   space 5120K, 0% used [0x00000000ef100000,0x00000000ef100000,0x00000000ef600000)
 ParOldGen       total 87552K, used 1354K [0x00000000c0000000, 0x00000000c5580000, 0x00000000eab00000)
  object space 87552K, 1% used [0x00000000c0000000,0x00000000c0152840,0x00000000c5580000)
 Metaspace       used 5932K, capacity 6960K, committed 7040K, reserved 1056768K
  class space    used 586K, capacity 616K, committed 640K, reserved 1048576K
}

Deoptimization events (10 events):
Event: 10.662 Thread 0x0000000001d20800 Uncommon trap: reason=class_check action=maybe_recompile pc=0x00000000022e208c method=java.util.HashMap.putVal(ILjava/lang/Object;Ljava/lang/Object;ZZ)Ljava/lang/Object; @ 203
Event: 11.078 Thread 0x0000000001d20800 Uncommon trap: reason=unstable_if action=reinterpret pc=0x000000000249f3c0 method=com.android.dx.dex.code.OutputFinisher.findOpcodeForInsn(Lcom/android/dx/dex/code/DalvInsn;Lcom/android/dx/dex/code/Dop;)Lcom/android/dx/dex/code/Dop; @ 1
Event: 11.273 Thread 0x0000000001d20800 Uncommon trap: reason=unstable_if action=reinterpret pc=0x00000000024ee7a8 method=java.lang.String.indexOf([CII[CIII)I @ 3
Event: 11.273 Thread 0x0000000001d20800 Uncommon trap: reason=unstable_if action=reinterpret pc=0x00000000021d5b9c method=java.util.Arrays.copyOf([Ljava/lang/Object;ILjava/lang/Class;)[Ljava/lang/Object; @ 3
Event: 11.274 Thread 0x0000000001d20800 Uncommon trap: reason=speculate_class_check action=maybe_recompile pc=0x000000000246b6b4 method=java.util.HashMap.putVal(ILjava/lang/Object;Ljava/lang/Object;ZZ)Ljava/lang/Object; @ 56
Event: 11.274 Thread 0x0000000001d20800 Uncommon trap: reason=speculate_class_check action=maybe_recompile pc=0x000000000246b728 method=java.util.HashMap.putVal(ILjava/lang/Object;Ljava/lang/Object;ZZ)Ljava/lang/Object; @ 152
Event: 11.274 Thread 0x0000000001d20800 Uncommon trap: reason=speculate_class_check action=maybe_recompile pc=0x000000000246b6b4 method=java.util.HashMap.putVal(ILjava/lang/Object;Ljava/lang/Object;ZZ)Ljava/lang/Object; @ 56
Event: 11.274 Thread 0x0000000001d20800 Uncommon trap: reason=speculate_class_check action=maybe_recompile pc=0x000000000246b6b4 method=java.util.HashMap.putVal(ILjava/lang/Object;Ljava/lang/Object;ZZ)Ljava/lang/Object; @ 56
Event: 11.274 Thread 0x0000000001d20800 Uncommon trap: reason=class_check action=maybe_recompile pc=0x00000000024697d4 method=java.util.HashMap.putVal(ILjava/lang/Object;Ljava/lang/Object;ZZ)Ljava/lang/Object; @ 56
Event: 11.274 Thread 0x0000000001d20800 Uncommon trap: reason=class_check action=maybe_recompile pc=0x00000000024697d4 method=java.util.HashMap.putVal(ILjava/lang/Object;Ljava/lang/Object;ZZ)Ljava/lang/Object; @ 56

Internal exceptions (2 events):
Event: 0.536 Thread 0x0000000001d20800 Exception <a 'java/lang/NoSuchMethodError': Method sun.misc.Unsafe.defineClass(Ljava/lang/String;[BII)Ljava/lang/Class; name or signature does not match> (0x00000000eab130a8) thrown at [C:\re\workspace\8-2-build-windows-amd64-cygwin\jdk8u60\4407\hotspot\srÕúe¼(á?
Event: 0.536 Thread 0x0000000001d20800 Exception <a 'java/lang/NoSuchMethodError': Method sun.misc.Unsafe.prefetchRead(Ljava/lang/Object;J)V name or signature does not match> (0x00000000eab13390) thrown at [C:\re\workspace\8-2-build-windows-amd64-cygwin\jdk8u60\4407\hotspot\src\share\vm\prims\j

Events (10 events):
Event: 11.278 loading class sun/security/provider/SHA
Event: 11.279 loading class sun/security/provider/DigestBase
Event: 11.279 loading class sun/security/provider/DigestBase done
Event: 11.279 loading class sun/security/provider/SHA done
Event: 11.279 loading class sun/security/jca/GetInstance$Instance
Event: 11.279 loading class sun/security/jca/GetInstance$Instance done
Event: 11.279 loading class java/security/MessageDigest$Delegate
Event: 11.279 loading class java/security/MessageDigest$Delegate done
Event: 11.279 loading class sun/security/provider/ByteArrayAccess
Event: 11.279 loading class sun/security/provider/ByteArrayAccess done


Dynamic libraries:
0x00007ff782eb0000 - 0x00007ff782ee7000 	E:\Java\jdk1.8.0_60\bin\java.exe
0x00007fff9cbe0000 - 0x00007fff9cd8c000 	C:\WINDOWS\SYSTEM32\ntdll.dll
0x00007fff9b4c0000 - 0x00007fff9b5fe000 	C:\WINDOWS\system32\KERNEL32.DLL
0x00007fff9a040000 - 0x00007fff9a155000 	C:\WINDOWS\system32\KERNELBASE.dll
0x00007fff98990000 - 0x00007fff98a1e000 	C:\WINDOWS\system32\apphelp.dll
0x00007fff8ff70000 - 0x00007fff8ffc3000 	C:\WINDOWS\AppPatch\AppPatch64\AcGenral.DLL
0x00007fff9a9a0000 - 0x00007fff9aa4a000 	C:\WINDOWS\system32\msvcrt.dll
0x00007fff99b00000 - 0x00007fff99b2e000 	C:\WINDOWS\SYSTEM32\SspiCli.dll
0x00007fff9ae70000 - 0x00007fff9aec4000 	C:\WINDOWS\system32\SHLWAPI.dll
0x00007fff9b340000 - 0x00007fff9b4b7000 	C:\WINDOWS\system32\USER32.dll
0x00007fff9a650000 - 0x00007fff9a7e4000 	C:\WINDOWS\system32\ole32.dll
0x00007fff9b600000 - 0x00007fff9cb2b000 	C:\WINDOWS\system32\SHELL32.dll
0x00007fff992d0000 - 0x00007fff992f1000 	C:\WINDOWS\SYSTEM32\USERENV.dll
0x00007fff9cb30000 - 0x00007fff9cbda000 	C:\WINDOWS\system32\ADVAPI32.dll
0x00007fff8bb00000 - 0x00007fff8bb1e000 	C:\WINDOWS\SYSTEM32\MPR.dll
0x00007fff9a500000 - 0x00007fff9a641000 	C:\WINDOWS\system32\RPCRT4.dll
0x00007fff9b2e0000 - 0x00007fff9b339000 	C:\WINDOWS\SYSTEM32\sechost.dll
0x00007fff9aed0000 - 0x00007fff9b0e1000 	C:\WINDOWS\SYSTEM32\combase.dll
0x00007fff9ab70000 - 0x00007fff9acbf000 	C:\WINDOWS\system32\GDI32.dll
0x00007fff99d30000 - 0x00007fff99d45000 	C:\WINDOWS\SYSTEM32\profapi.dll
0x00007fff987f0000 - 0x00007fff988a2000 	C:\WINDOWS\SYSTEM32\SHCORE.dll
0x00007fff9aa50000 - 0x00007fff9aa86000 	C:\WINDOWS\system32\IMM32.DLL
0x00007fff9b120000 - 0x00007fff9b272000 	C:\WINDOWS\system32\MSCTF.dll
0x00007fff98170000 - 0x00007fff983eb000 	C:\WINDOWS\WinSxS\amd64_microsoft.windows.common-controls_6595b64144ccf1df_6.0.9600.18006_none_623f33d3ecbe86e8\COMCTL32.dll
0x0000000063550000 - 0x0000000063622000 	E:\Java\jdk1.8.0_60\jre\bin\msvcr100.dll
0x0000000063a90000 - 0x0000000064319000 	E:\Java\jdk1.8.0_60\jre\bin\server\jvm.dll
0x00007fff94020000 - 0x00007fff94029000 	C:\WINDOWS\SYSTEM32\WSOCK32.dll
0x00007fff983f0000 - 0x00007fff98412000 	C:\WINDOWS\SYSTEM32\WINMM.dll
0x00007fff98420000 - 0x00007fff9842a000 	C:\WINDOWS\SYSTEM32\VERSION.dll
0x00007fff9b110000 - 0x00007fff9b117000 	C:\WINDOWS\system32\PSAPI.DLL
0x00007fff9b280000 - 0x00007fff9b2da000 	C:\WINDOWS\system32\WS2_32.dll
0x00007fff98130000 - 0x00007fff9815a000 	C:\WINDOWS\SYSTEM32\WINMMBASE.dll
0x00007fff9acc0000 - 0x00007fff9acc9000 	C:\WINDOWS\system32\NSI.dll
0x00007fff9a160000 - 0x00007fff9a1af000 	C:\WINDOWS\SYSTEM32\cfgmgr32.dll
0x00007fff98950000 - 0x00007fff98978000 	C:\WINDOWS\SYSTEM32\DEVOBJ.dll
0x0000000063a80000 - 0x0000000063a8f000 	E:\Java\jdk1.8.0_60\jre\bin\verify.dll
0x0000000063a50000 - 0x0000000063a79000 	E:\Java\jdk1.8.0_60\jre\bin\java.dll
0x0000000063a30000 - 0x0000000063a46000 	E:\Java\jdk1.8.0_60\jre\bin\zip.dll
0x00007fff94410000 - 0x00007fff94599000 	C:\WINDOWS\SYSTEM32\dbghelp.dll

VM Arguments:
jvm_args: -Xmx1024M -Dfile.encoding=windows-1251 -Duser.country=RU -Duser.language=ru -Duser.variant 
java_command: com.android.dx.command.Main --dex --num-threads=4 --output E:\Android\AndroidStudioProjects\LoftblogMoneyTracker\app\build\intermediates\pre-dexed\debug\classes-301ef2de173978c192c1e230e70a4396403a24b0.jar E:\Android\AndroidStudioProjects\LoftblogMoneyTracker\app\build\intermediates\exploded-aar\com.google.android.gms\play-services-vision\8.1.0\jars\classes.jar
java_class_path (initial): E:\Android\sdk\build-tools\23.0.0\lib\dx.jar
Launcher Type: SUN_STANDARD

Environment Variables:
PATH=C:\ProgramData\Oracle\Java\javapath;C:\WINDOWS\system32;C:\WINDOWS;C:\WINDOWS\System32\Wbem;C:\WINDOWS\System32\WindowsPowerShell\v1.0\;C:\Program Files (x86)\Common Files\Acronis\SnapAPI\;C:\Program Files (x86)\Common Files\Autodesk Shared\;C:\Program Files\Microsoft\Web Platform Installer\;C:\Program Files (x86)\Microsoft ASP.NET\ASP.NET Web Pages\v1.0\;C:\Program Files\Microsoft SQL Server\110\Tools\Binn\;C:\Program Files\Common Files\Autodesk Shared\;C:\Program Files (x86)\NVIDIA Corporation\PhysX\Common;C:\Program Files (x86)\Skype\Phone\
USERNAME=Àëåêñàíäð
OS=Windows_NT
PROCESSOR_IDENTIFIER=Intel64 Family 6 Model 15 Stepping 11, GenuineIntel



---------------  S Y S T E M  ---------------

OS: Windows 8.1 , 64 bit Build 9600 (6.3.9600.17415)

CPU:total 4 (4 cores per cpu, 1 threads per core) family 6 model 15 stepping 11, cmov, cx8, fxsr, mmx, sse, sse2, sse3, ssse3, tsc

Memory: 4k page, physical 8387492k(1285908k free), swap 16776356k(3809516k free)

vm_info: Java HotSpot(TM) 64-Bit Server VM (25.60-b23) for windows-amd64 JRE (1.8.0_60-b27), built on Aug  4 2015 11:06:27 by "java_re" with MS VC++ 10.0 (VS2010)

time: Thu Oct 22 22:47:50 2015
elapsed time: 11 seconds (0d 0h 0m 11s)

