#
# A fatal error has been detected by the Java Runtime Environment:
#
#  EXCEPTION_ACCESS_VIOLATION (0xc0000005) at pc=0xffffffffa3965120, pid=984, tid=9452
#
# JRE version: Java(TM) SE Runtime Environment (8.0_60-b27) (build 1.8.0_60-b27)
# Java VM: Java HotSpot(TM) 64-Bit Server VM (25.60-b23 mixed mode windows-amd64 compressed oops)
# Problematic frame:
# C  0xffffffffa3965120
#
# Failed to write core dump. Minidumps are not enabled by default on client versions of Windows
#
# If you would like to submit a bug report, please visit:
#   http://bugreport.java.com/bugreport/crash.jsp
#

---------------  T H R E A D  ---------------

Current thread (0x0000000002860800):  JavaThread "main" [_thread_in_Java, id=9452, stack(0x0000000002760000,0x0000000002860000)]

siginfo: ExceptionCode=0xc0000005, ExceptionInformation=0x0000000000000008 0xffffffffa3965120

Registers:
RAX=0x00000000149684d0, RBX=0x00000000149684d0, RCX=0x00000000ec39ce70, RDX=0x00000000ec39ce70
RSP=0x000000000285f008, RBP=0x000000000285f060, RSI=0x0000000011720000, RDI=0x000000001498db28
R8 =0x0000000000000004, R9 =0x00000000c025cb80, R10=0x00000000642820f0, R11=0x0000000002c59040
R12=0x0000000000000000, R13=0x000000000285f018, R14=0x000000000285f0d8, R15=0x0000000002860800
RIP=0xffffffffa3965120, EFLAGS=0x0000000000010202

Top of Stack: (sp=0x000000000285f008)
0x000000000285f008:   0000000002967245 0000000002967245
0x000000000285f018:   00000000ec39ce70 000000000285f020
0x000000000285f028:   0000000014d218c6 000000000285f0d8
0x000000000285f038:   0000000014d22278 0000000000000000
0x000000000285f048:   0000000014d21a30 000000000285f018
0x000000000285f058:   000000000285f0d0 000000000285f120
0x000000000285f068:   0000000002967a2d 00000000c06805c0
0x000000000285f078:   00000000ebfa5668 00000000ec39ce70
0x000000000285f088:   0000000000000692 00000000ebfa5668
0x000000000285f098:   00000000eb7bf380 00000000c06805c0
0x000000000285f0a8:   00000000ef207120 0000000000000001
0x000000000285f0b8:   000000000000000d 00000000c0655bd8
0x000000000285f0c8:   00000000ec39cd38 00000000ef206c30
0x000000000285f0d8:   00000000c0655bd8 000000000285f0e0
0x000000000285f0e8:   0000000014aa7efc 000000000285f178
0x000000000285f0f8:   0000000014aaf0e0 0000000000000000 

Instructions: (pc=0xffffffffa3965120)
0xffffffffa3965100:   
[error occurred during error reporting (printing registers, top of stack, instructions near pc), id 0xc0000005]

Register to memory mapping:

RAX={method} {0x00000000149684d8} 'hasNext' '()Z' in 'java/util/TreeMap$PrivateEntryIterator'
RBX={method} {0x00000000149684d8} 'hasNext' '()Z' in 'java/util/TreeMap$PrivateEntryIterator'
RCX=0x00000000ec39ce70 is an oop
java.util.TreeMap$ValueIterator 
 - klass: 'java/util/TreeMap$ValueIterator'
RDX=0x00000000ec39ce70 is an oop
java.util.TreeMap$ValueIterator 
 - klass: 'java/util/TreeMap$ValueIterator'
RSP=0x000000000285f008 is pointing into the stack for thread: 0x0000000002860800
RBP=0x000000000285f060 is pointing into the stack for thread: 0x0000000002860800
RSI=0x0000000011720000 is an unknown value
RDI=0x000000001498db28 is pointing into metadata
R8 =0x0000000000000004 is an unknown value
R9 =0x00000000c025cb80 is an oop
java.lang.Class 
 - klass: 'java/lang/Class'
R10=0x00000000642820f0 is an unknown value
R11=0x0000000002c59040 is at entry_point+32 in (nmethod*)0x0000000002c58ed0
R12=0x0000000000000000 is an unknown value
R13=0x000000000285f018 is pointing into the stack for thread: 0x0000000002860800
R14=0x000000000285f0d8 is pointing into the stack for thread: 0x0000000002860800
R15=0x0000000002860800 is a thread


Stack: [0x0000000002760000,0x0000000002860000],  sp=0x000000000285f008,  free space=1020k
Native frames: (J=compiled Java code, j=interpreted, Vv=VM code, C=native code)
C  0xffffffffa3965120


---------------  P R O C E S S  ---------------

Java Threads: ( => current thread )
  0x0000000016995000 JavaThread "Service Thread" daemon [_thread_blocked, id=10176, stack(0x0000000016d70000,0x0000000016e70000)]
  0x0000000015042000 JavaThread "C1 CompilerThread2" daemon [_thread_blocked, id=8968, stack(0x0000000016870000,0x0000000016970000)]
  0x0000000015033000 JavaThread "C2 CompilerThread1" daemon [_thread_blocked, id=9088, stack(0x0000000016770000,0x0000000016870000)]
  0x0000000015030000 JavaThread "C2 CompilerThread0" daemon [_thread_in_native, id=9548, stack(0x0000000016670000,0x0000000016770000)]
  0x000000001502e800 JavaThread "Attach Listener" daemon [_thread_blocked, id=8952, stack(0x0000000016570000,0x0000000016670000)]
  0x000000001502d800 JavaThread "Signal Dispatcher" daemon [_thread_blocked, id=8948, stack(0x0000000016470000,0x0000000016570000)]
  0x0000000002956000 JavaThread "Finalizer" daemon [_thread_blocked, id=5568, stack(0x0000000016290000,0x0000000016390000)]
  0x000000000294c000 JavaThread "Reference Handler" daemon [_thread_blocked, id=5896, stack(0x0000000016190000,0x0000000016290000)]
=>0x0000000002860800 JavaThread "main" [_thread_in_Java, id=9452, stack(0x0000000002760000,0x0000000002860000)]

Other Threads:
  0x0000000014ff6000 VMThread [stack: 0x0000000016090000,0x0000000016190000] [id=2936]
  0x000000001699b800 WatcherThread [stack: 0x0000000016e70000,0x0000000016f70000] [id=9320]

VM state:not at safepoint (normal execution)

VM Mutex/Monitor currently owned by a thread: None

Heap:
 PSYoungGen      total 71680K, used 30542K [0x00000000eab00000, 0x00000000ef600000, 0x0000000100000000)
  eden space 66560K, 38% used [0x00000000eab00000,0x00000000ec3d8c78,0x00000000eec00000)
  from space 5120K, 99% used [0x00000000ef100000,0x00000000ef5fabb8,0x00000000ef600000)
  to   space 5120K, 0% used [0x00000000eec00000,0x00000000eec00000,0x00000000ef100000)
 ParOldGen       total 87552K, used 6897K [0x00000000c0000000, 0x00000000c5580000, 0x00000000eab00000)
  object space 87552K, 7% used [0x00000000c0000000,0x00000000c06bc780,0x00000000c5580000)
 Metaspace       used 6448K, capacity 7440K, committed 7680K, reserved 1056768K
  class space    used 613K, capacity 648K, committed 768K, reserved 1048576K

Card table byte_map: [0x0000000011d20000,0x0000000011f30000] byte_map_base: 0x0000000011720000

Marking Bits: (ParMarkBitMap*) 0x000000006429a5b0
 Begin Bits: [0x0000000012490000, 0x0000000013490000)
 End Bits:   [0x0000000013490000, 0x0000000014490000)

Polling page: 0x0000000000d80000

CodeCache: size=245760Kb used=7404Kb max_used=7416Kb free=238355Kb
 bounds [0x0000000002960000, 0x00000000030b0000, 0x0000000011960000]
 total_blobs=2161 nmethods=1893 adapters=183
 compilation: enabled

Compilation events (10 events):
Event: 3.105 Thread 0x0000000015033000 nmethod 1896 0x0000000003093090 code [0x00000000030931e0, 0x0000000003093438]
Event: 3.105 Thread 0x0000000015042000 1898       3       com.android.dx.dex.file.EncodedMethod::encode (254 bytes)
Event: 3.109 Thread 0x0000000015033000 1904       4       java.util.TreeMap$PrivateEntryIterator::hasNext (13 bytes)
Event: 3.109 Thread 0x0000000015033000 nmethod 1904 0x00000000030159d0 code [0x0000000003015b00, 0x0000000003015b78]
Event: 3.109 Thread 0x0000000015033000 1907       4       java.util.TreeMap::successor (66 bytes)
Event: 3.110 Thread 0x0000000015042000 nmethod 1898 0x0000000003097950 code [0x0000000003097e60, 0x000000000309ad98]
Event: 3.110 Thread 0x0000000015042000 1905       3       com.android.dx.dex.file.StringIdItem::itemType (4 bytes)
Event: 3.110 Thread 0x0000000015042000 nmethod 1905 0x0000000003092150 code [0x00000000030922a0, 0x00000000030923f0]
Event: 3.110 Thread 0x0000000015042000 1899       3       com.android.dx.dex.file.OffsettedItem::getAbsoluteOffsetOr0 (11 bytes)
Event: 3.111 Thread 0x0000000015042000 nmethod 1899 0x0000000003097210 code [0x00000000030973a0, 0x00000000030977b8]

GC Heap History (4 events):
Event: 2.235 GC heap before
{Heap before GC invocations=1 (full 0):
 PSYoungGen      total 38400K, used 33280K [0x00000000eab00000, 0x00000000ed580000, 0x0000000100000000)
  eden space 33280K, 100% used [0x00000000eab00000,0x00000000ecb80000,0x00000000ecb80000)
  from space 5120K, 0% used [0x00000000ed080000,0x00000000ed080000,0x00000000ed580000)
  to   space 5120K, 0% used [0x00000000ecb80000,0x00000000ecb80000,0x00000000ed080000)
 ParOldGen       total 87552K, used 0K [0x00000000c0000000, 0x00000000c5580000, 0x00000000eab00000)
  object space 87552K, 0% used [0x00000000c0000000,0x00000000c0000000,0x00000000c5580000)
 Metaspace       used 5918K, capacity 6960K, committed 7040K, reserved 1056768K
  class space    used 591K, capacity 616K, committed 640K, reserved 1048576K
Event: 2.266 GC heap after
Heap after GC invocations=1 (full 0):
 PSYoungGen      total 38400K, used 5114K [0x00000000eab00000, 0x00000000ef600000, 0x0000000100000000)
  eden space 33280K, 0% used [0x00000000eab00000,0x00000000eab00000,0x00000000ecb80000)
  from space 5120K, 99% used [0x00000000ecb80000,0x00000000ed07eaa8,0x00000000ed080000)
  to   space 5120K, 0% used [0x00000000ef100000,0x00000000ef100000,0x00000000ef600000)
 ParOldGen       total 87552K, used 1691K [0x00000000c0000000, 0x00000000c5580000, 0x00000000eab00000)
  object space 87552K, 1% used [0x00000000c0000000,0x00000000c01a6c78,0x00000000c5580000)
 Metaspace       used 5918K, capacity 6960K, committed 7040K, reserved 1056768K
  class space    used 591K, capacity 616K, committed 640K, reserved 1048576K
}
Event: 2.621 GC heap before
{Heap before GC invocations=2 (full 0):
 PSYoungGen      total 38400K, used 38394K [0x00000000eab00000, 0x00000000ef600000, 0x0000000100000000)
  eden space 33280K, 100% used [0x00000000eab00000,0x00000000ecb80000,0x00000000ecb80000)
  from space 5120K, 99% used [0x00000000ecb80000,0x00000000ed07eaa8,0x00000000ed080000)
  to   space 5120K, 0% used [0x00000000ef100000,0x00000000ef100000,0x00000000ef600000)
 ParOldGen       total 87552K, used 1691K [0x00000000c0000000, 0x00000000c5580000, 0x00000000eab00000)
  object space 87552K, 1% used [0x00000000c0000000,0x00000000c01a6c78,0x00000000c5580000)
 Metaspace       used 6045K, capacity 7088K, committed 7296K, reserved 1056768K
  class space    used 591K, capacity 616K, committed 640K, reserved 1048576K
Event: 2.670 GC heap after
Heap after GC invocations=2 (full 0):
 PSYoungGen      total 71680K, used 5098K [0x00000000eab00000, 0x00000000ef600000, 0x0000000100000000)
  eden space 66560K, 0% used [0x00000000eab00000,0x00000000eab00000,0x00000000eec00000)
  from space 5120K, 99% used [0x00000000ef100000,0x00000000ef5fabb8,0x00000000ef600000)
  to   space 5120K, 0% used [0x00000000eec00000,0x00000000eec00000,0x00000000ef100000)
 ParOldGen       total 87552K, used 6897K [0x00000000c0000000, 0x00000000c5580000, 0x00000000eab00000)
  object space 87552K, 7% used [0x00000000c0000000,0x00000000c06bc780,0x00000000c5580000)
 Metaspace       used 6045K, capacity 7088K, committed 7296K, reserved 1056768K
  class space    used 591K, capacity 616K, committed 640K, reserved 1048576K
}

Deoptimization events (10 events):
Event: 2.817 Thread 0x0000000002860800 Uncommon trap: reason=class_check action=maybe_recompile pc=0x0000000002d87950 method=java.util.HashMap.putVal(ILjava/lang/Object;Ljava/lang/Object;ZZ)Ljava/lang/Object; @ 203
Event: 2.951 Thread 0x0000000002860800 Uncommon trap: reason=speculate_class_check action=maybe_recompile pc=0x0000000002cbbc90 method=com.android.dx.util.FixedSizeList.equals(Ljava/lang/Object;)Z @ 25
Event: 2.951 Thread 0x0000000002860800 Uncommon trap: reason=class_check action=maybe_recompile pc=0x0000000002cb0524 method=java.util.Arrays.equals([Ljava/lang/Object;[Ljava/lang/Object;)Z @ 62
Event: 2.951 Thread 0x0000000002860800 Uncommon trap: reason=speculate_class_check action=maybe_recompile pc=0x0000000002cbbc90 method=com.android.dx.util.FixedSizeList.equals(Ljava/lang/Object;)Z @ 25
Event: 2.951 Thread 0x0000000002860800 Uncommon trap: reason=class_check action=maybe_recompile pc=0x0000000002cb0524 method=java.util.Arrays.equals([Ljava/lang/Object;[Ljava/lang/Object;)Z @ 62
Event: 2.951 Thread 0x0000000002860800 Uncommon trap: reason=speculate_class_check action=maybe_recompile pc=0x0000000002cbbc90 method=com.android.dx.util.FixedSizeList.equals(Ljava/lang/Object;)Z @ 25
Event: 2.951 Thread 0x0000000002860800 Uncommon trap: reason=unstable_if action=reinterpret pc=0x0000000002cb0500 method=java.util.Arrays.equals([Ljava/lang/Object;[Ljava/lang/Object;)Z @ 23
Event: 2.958 Thread 0x0000000002860800 Uncommon trap: reason=speculate_class_check action=maybe_recompile pc=0x0000000002cbbc90 method=com.android.dx.util.FixedSizeList.equals(Ljava/lang/Object;)Z @ 25
Event: 2.983 Thread 0x0000000002860800 Uncommon trap: reason=unstable_if action=reinterpret pc=0x0000000003015840 method=com.android.dx.dex.code.OutputFinisher.findOpcodeForInsn(Lcom/android/dx/dex/code/DalvInsn;Lcom/android/dx/dex/code/Dop;)Lcom/android/dx/dex/code/Dop; @ 1
Event: 3.047 Thread 0x0000000002860800 Uncommon trap: reason=unstable_if action=reinterpret pc=0x0000000003016d58 method=java.util.ArrayList.<init>(I)V @ 5

Internal exceptions (3 events):
Event: 0.068 Thread 0x0000000002860800 Exception <a 'java/lang/NoSuchMethodError': Method sun.misc.Unsafe.defineClass(Ljava/lang/String;[BII)Ljava/lang/Class; name or signature does not match> (0x00000000eab130a8) thrown at [C:\re\workspace\8-2-build-windows-amd64-cygwin\jdk8u60\4407\hotspot\sr\ІЩСn±?
Event: 0.068 Thread 0x0000000002860800 Exception <a 'java/lang/NoSuchMethodError': Method sun.misc.Unsafe.prefetchRead(Ljava/lang/Object;J)V name or signature does not match> (0x00000000eab13390) thrown at [C:\re\workspace\8-2-build-windows-amd64-cygwin\jdk8u60\4407\hotspot\src\share\vm\prims\jрѓ=ая?
Event: 1.940 Thread 0x0000000016bde000 Implicit null exception at 0x0000000002c6ed47 to 0x0000000002c707e1

Events (10 events):
Event: 3.046 loading class com/android/dx/dex/file/DebugInfoEncoder$1 done
Event: 3.047 Thread 0x0000000002860800 Uncommon trap: trap_request=0xffffff65 fr.pc=0x0000000003016d58
Event: 3.047 Thread 0x0000000002860800 DEOPT PACKING pc=0x0000000003016d58 sp=0x000000000285ec40
Event: 3.047 Thread 0x0000000002860800 DEOPT UNPACKING pc=0x00000000029a556a sp=0x000000000285ebe8 mode 2
Event: 3.047 loading class com/android/dx/dex/file/DebugInfoEncoder$2
Event: 3.047 loading class com/android/dx/dex/file/DebugInfoEncoder$2 done
Event: 3.072 loading class com/android/dex/EncodedValueCodec
Event: 3.072 loading class com/android/dex/EncodedValueCodec done
Event: 3.107 loading class com/android/dx/dex/file/MapItem
Event: 3.107 loading class com/android/dx/dex/file/MapItem done


Dynamic libraries:
0x00007ff6a38c0000 - 0x00007ff6a38f7000 	E:\Java\jdk1.8.0_60\bin\java.exe
0x00007fff9cbe0000 - 0x00007fff9cd8c000 	C:\WINDOWS\SYSTEM32\ntdll.dll
0x00007fff9b4c0000 - 0x00007fff9b5fe000 	C:\WINDOWS\system32\KERNEL32.DLL
0x00007fff9a040000 - 0x00007fff9a155000 	C:\WINDOWS\system32\KERNELBASE.dll
0x00007fff98990000 - 0x00007fff98a1e000 	C:\WINDOWS\system32\apphelp.dll
0x00007fff8c050000 - 0x00007fff8c0a3000 	C:\WINDOWS\AppPatch\AppPatch64\AcGenral.DLL
0x00007fff9a9a0000 - 0x00007fff9aa4a000 	C:\WINDOWS\system32\msvcrt.dll
0x00007fff99b00000 - 0x00007fff99b2e000 	C:\WINDOWS\SYSTEM32\SspiCli.dll
0x00007fff9ae70000 - 0x00007fff9aec4000 	C:\WINDOWS\system32\SHLWAPI.dll
0x00007fff9b340000 - 0x00007fff9b4b7000 	C:\WINDOWS\system32\USER32.dll
0x00007fff9a650000 - 0x00007fff9a7e4000 	C:\WINDOWS\system32\ole32.dll
0x00007fff9b600000 - 0x00007fff9cb2b000 	C:\WINDOWS\system32\SHELL32.dll
0x00007fff992d0000 - 0x00007fff992f1000 	C:\WINDOWS\SYSTEM32\USERENV.dll
0x00007fff9cb30000 - 0x00007fff9cbda000 	C:\WINDOWS\system32\ADVAPI32.dll
0x00007fff8bb00000 - 0x00007fff8bb1e000 	C:\WINDOWS\SYSTEM32\MPR.dll
0x00007fff9a500000 - 0x00007fff9a641000 	C:\WINDOWS\system32\RPCRT4.dll
0x00007fff9b2e0000 - 0x00007fff9b339000 	C:\WINDOWS\SYSTEM32\sechost.dll
0x00007fff9aed0000 - 0x00007fff9b0e1000 	C:\WINDOWS\SYSTEM32\combase.dll
0x00007fff9ab70000 - 0x00007fff9acbf000 	C:\WINDOWS\system32\GDI32.dll
0x00007fff99d30000 - 0x00007fff99d45000 	C:\WINDOWS\SYSTEM32\profapi.dll
0x00007fff987f0000 - 0x00007fff988a2000 	C:\WINDOWS\SYSTEM32\SHCORE.dll
0x00007fff9aa50000 - 0x00007fff9aa86000 	C:\WINDOWS\system32\IMM32.DLL
0x00007fff9b120000 - 0x00007fff9b272000 	C:\WINDOWS\system32\MSCTF.dll
0x00007fff98170000 - 0x00007fff983eb000 	C:\WINDOWS\WinSxS\amd64_microsoft.windows.common-controls_6595b64144ccf1df_6.0.9600.18006_none_623f33d3ecbe86e8\COMCTL32.dll
0x0000000063550000 - 0x0000000063622000 	E:\Java\jdk1.8.0_60\jre\bin\msvcr100.dll
0x0000000063a90000 - 0x0000000064319000 	E:\Java\jdk1.8.0_60\jre\bin\server\jvm.dll
0x00007fff94020000 - 0x00007fff94029000 	C:\WINDOWS\SYSTEM32\WSOCK32.dll
0x00007fff983f0000 - 0x00007fff98412000 	C:\WINDOWS\SYSTEM32\WINMM.dll
0x00007fff98420000 - 0x00007fff9842a000 	C:\WINDOWS\SYSTEM32\VERSION.dll
0x00007fff9b110000 - 0x00007fff9b117000 	C:\WINDOWS\system32\PSAPI.DLL
0x00007fff9b280000 - 0x00007fff9b2da000 	C:\WINDOWS\system32\WS2_32.dll
0x00007fff98130000 - 0x00007fff9815a000 	C:\WINDOWS\SYSTEM32\WINMMBASE.dll
0x00007fff9acc0000 - 0x00007fff9acc9000 	C:\WINDOWS\system32\NSI.dll
0x00007fff9a160000 - 0x00007fff9a1af000 	C:\WINDOWS\SYSTEM32\cfgmgr32.dll
0x00007fff98950000 - 0x00007fff98978000 	C:\WINDOWS\SYSTEM32\DEVOBJ.dll
0x0000000063a80000 - 0x0000000063a8f000 	E:\Java\jdk1.8.0_60\jre\bin\verify.dll
0x0000000063a50000 - 0x0000000063a79000 	E:\Java\jdk1.8.0_60\jre\bin\java.dll
0x0000000063a30000 - 0x0000000063a46000 	E:\Java\jdk1.8.0_60\jre\bin\zip.dll
0x00007fff94410000 - 0x00007fff94599000 	C:\WINDOWS\SYSTEM32\dbghelp.dll

VM Arguments:
jvm_args: -Xmx1024M -Dfile.encoding=windows-1251 -Duser.country=RU -Duser.language=ru -Duser.variant 
java_command: com.android.dx.command.Main --dex --num-threads=4 --output E:\Android\AndroidStudioProjects\LoftblogMoneyTracker\app\build\intermediates\pre-dexed\debug\classes-34c4e6429a6ebe219fefbcd2182c11b0de7abd37.jar E:\Android\AndroidStudioProjects\LoftblogMoneyTracker\app\build\intermediates\exploded-aar\com.android.support\mediarouter-v7\22.2.0\jars\classes.jar
java_class_path (initial): E:\Android\sdk\build-tools\23.0.1\lib\dx.jar
Launcher Type: SUN_STANDARD

Environment Variables:
PATH=C:\ProgramData\Oracle\Java\javapath;C:\WINDOWS\system32;C:\WINDOWS;C:\WINDOWS\System32\Wbem;C:\WINDOWS\System32\WindowsPowerShell\v1.0\;C:\Program Files (x86)\Common Files\Acronis\SnapAPI\;C:\Program Files (x86)\Common Files\Autodesk Shared\;C:\Program Files\Microsoft\Web Platform Installer\;C:\Program Files (x86)\Microsoft ASP.NET\ASP.NET Web Pages\v1.0\;C:\Program Files\Microsoft SQL Server\110\Tools\Binn\;C:\Program Files\Common Files\Autodesk Shared\;C:\Program Files (x86)\NVIDIA Corporation\PhysX\Common;C:\Program Files (x86)\Skype\Phone\
USERNAME=Александр
OS=Windows_NT
PROCESSOR_IDENTIFIER=Intel64 Family 6 Model 15 Stepping 11, GenuineIntel



---------------  S Y S T E M  ---------------

OS: Windows 8.1 , 64 bit Build 9600 (6.3.9600.17415)

CPU:total 4 (4 cores per cpu, 1 threads per core) family 6 model 15 stepping 11, cmov, cx8, fxsr, mmx, sse, sse2, sse3, ssse3, tsc

Memory: 4k page, physical 8387492k(1479372k free), swap 16776356k(3737692k free)

vm_info: Java HotSpot(TM) 64-Bit Server VM (25.60-b23) for windows-amd64 JRE (1.8.0_60-b27), built on Aug  4 2015 11:06:27 by "java_re" with MS VC++ 10.0 (VS2010)

time: Fri Oct 23 22:34:15 2015
elapsed time: 3 seconds (0d 0h 0m 3s)

