#
# A fatal error has been detected by the Java Runtime Environment:
#
#  EXCEPTION_ACCESS_VIOLATION (0xc0000005) at pc=0xffffffffa3485120, pid=10440, tid=10632
#
# JRE version: Java(TM) SE Runtime Environment (8.0_60-b27) (build 1.8.0_60-b27)
# Java VM: Java HotSpot(TM) 64-Bit Server VM (25.60-b23 mixed mode windows-amd64 compressed oops)
# Problematic frame:
# C  0xffffffffa3485120
#
# Failed to write core dump. Minidumps are not enabled by default on client versions of Windows
#
# If you would like to submit a bug report, please visit:
#   http://bugreport.java.com/bugreport/crash.jsp
#

---------------  T H R E A D  ---------------

Current thread (0x0000000002383800):  JavaThread "main" [_thread_in_Java, id=10632, stack(0x0000000002280000,0x0000000002380000)]

siginfo: ExceptionCode=0xc0000005, ExceptionInformation=0x0000000000000008 0xffffffffa3485120

Registers:
RAX=0x0000000014842660, RBX=0x0000000014842660, RCX=0x00000000edc97ac8, RDX=0x00000000edc97ac8
RSP=0x000000000237f0a8, RBP=0x000000000237f108, RSI=0x00000000edcc3238, RDI=0x0000000000017893
R8 =0x0000000000000004, R9 =0x0000000000000006, R10=0x00000000642820f0, R11=0x0000000002d81be0
R12=0x0000000000000000, R13=0x000000000237f0b8, R14=0x000000000237f140, R15=0x0000000002383800
RIP=0xffffffffa3485120, EFLAGS=0x0000000000010202

Top of Stack: (sp=0x000000000237f0a8)
0x000000000237f0a8:   0000000002487a72 0000000002487a72
0x000000000237f0b8:   0000000000000004 00000000edc97ac8
0x000000000237f0c8:   000000000237f0c8 00000000145cfeac
0x000000000237f0d8:   000000000237f140 00000000145d0418
0x000000000237f0e8:   0000000000000000 00000000145cff10
0x000000000237f0f8:   000000000237f0b8 000000000237f138
0x000000000237f108:   000000000237f188 0000000002487a2d
0x000000000237f118:   00000000c0728450 00000000edc9a2e8
0x000000000237f128:   0000000000000004 00000000c0646070
0x000000000237f138:   00000000edc97ac8 00000000c0688440
0x000000000237f148:   000000000237f148 00000000145cbf33
0x000000000237f158:   000000000237f1a8 00000000145d00e0
0x000000000237f168:   0000000000000000 00000000145cbf78
0x000000000237f178:   000000000237f138 000000000237f1a0
0x000000000237f188:   000000000237f1f0 0000000002487a2d
0x000000000237f198:   0000000000004e74 00000000edc97ac8 

Instructions: (pc=0xffffffffa3485120)
0xffffffffa3485100:   
[error occurred during error reporting (printing registers, top of stack, instructions near pc), id 0xc0000005]

Register to memory mapping:

RAX={method} {0x0000000014842668} 'alignTo' '(I)V' in 'com/android/dx/util/ByteArrayAnnotatedOutput'
RBX={method} {0x0000000014842668} 'alignTo' '(I)V' in 'com/android/dx/util/ByteArrayAnnotatedOutput'
RCX=0x00000000edc97ac8 is an oop
com.android.dx.util.ByteArrayAnnotatedOutput 
 - klass: 'com/android/dx/util/ByteArrayAnnotatedOutput'
RDX=0x00000000edc97ac8 is an oop
com.android.dx.util.ByteArrayAnnotatedOutput 
 - klass: 'com/android/dx/util/ByteArrayAnnotatedOutput'
RSP=0x000000000237f0a8 is pointing into the stack for thread: 0x0000000002383800
RBP=0x000000000237f108 is pointing into the stack for thread: 0x0000000002383800
RSI=0x00000000edcc3238 is an oop
[B 
 - klass: {type array byte}
 - length: 373984
RDI=0x0000000000017893 is an unknown value
R8 =0x0000000000000004 is an unknown value
R9 =0x0000000000000006 is an unknown value
R10=0x00000000642820f0 is an unknown value
R11=0x0000000002d81be0 is at entry_point+32 in (nmethod*)0x0000000002d81a10
R12=0x0000000000000000 is an unknown value
R13=0x000000000237f0b8 is pointing into the stack for thread: 0x0000000002383800
R14=0x000000000237f140 is pointing into the stack for thread: 0x0000000002383800
R15=0x0000000002383800 is a thread


Stack: [0x0000000002280000,0x0000000002380000],  sp=0x000000000237f0a8,  free space=1020k
Native frames: (J=compiled Java code, j=interpreted, Vv=VM code, C=native code)
C  0xffffffffa3485120


---------------  P R O C E S S  ---------------

Java Threads: ( => current thread )
  0x00000000164cc000 JavaThread "Service Thread" daemon [_thread_blocked, id=6016, stack(0x0000000016890000,0x0000000016990000)]
  0x0000000014b58800 JavaThread "C1 CompilerThread2" daemon [_thread_blocked, id=8004, stack(0x0000000016390000,0x0000000016490000)]
  0x0000000014b54800 JavaThread "C2 CompilerThread1" daemon [_thread_blocked, id=10424, stack(0x0000000016290000,0x0000000016390000)]
  0x0000000014b51000 JavaThread "C2 CompilerThread0" daemon [_thread_in_native, id=10212, stack(0x0000000016190000,0x0000000016290000)]
  0x0000000014b4f800 JavaThread "Attach Listener" daemon [_thread_blocked, id=6712, stack(0x0000000016090000,0x0000000016190000)]
  0x0000000014b4e800 JavaThread "Signal Dispatcher" daemon [_thread_blocked, id=1760, stack(0x0000000015f90000,0x0000000016090000)]
  0x0000000002478800 JavaThread "Finalizer" daemon [_thread_blocked, id=8292, stack(0x0000000015db0000,0x0000000015eb0000)]
  0x0000000014b18800 JavaThread "Reference Handler" daemon [_thread_blocked, id=10620, stack(0x0000000015cb0000,0x0000000015db0000)]
=>0x0000000002383800 JavaThread "main" [_thread_in_Java, id=10632, stack(0x0000000002280000,0x0000000002380000)]

Other Threads:
  0x0000000014b16800 VMThread [stack: 0x0000000015bb0000,0x0000000015cb0000] [id=10980]
  0x00000000164ea000 WatcherThread [stack: 0x0000000016990000,0x0000000016a90000] [id=9644]

VM state:not at safepoint (normal execution)

VM Mutex/Monitor currently owned by a thread: None

Heap:
 PSYoungGen      total 71680K, used 56437K [0x00000000eab00000, 0x00000000ef600000, 0x0000000100000000)
  eden space 66560K, 77% used [0x00000000eab00000,0x00000000edd1e728,0x00000000eec00000)
  from space 5120K, 99% used [0x00000000ef100000,0x00000000ef5fed18,0x00000000ef600000)
  to   space 5120K, 0% used [0x00000000eec00000,0x00000000eec00000,0x00000000ef100000)
 ParOldGen       total 87552K, used 9073K [0x00000000c0000000, 0x00000000c5580000, 0x00000000eab00000)
  object space 87552K, 10% used [0x00000000c0000000,0x00000000c08dc470,0x00000000c5580000)
 Metaspace       used 6664K, capacity 7504K, committed 7680K, reserved 1056768K
  class space    used 615K, capacity 648K, committed 768K, reserved 1048576K

Card table byte_map: [0x0000000011840000,0x0000000011a50000] byte_map_base: 0x0000000011240000

Marking Bits: (ParMarkBitMap*) 0x000000006429a5b0
 Begin Bits: [0x0000000011fb0000, 0x0000000012fb0000)
 End Bits:   [0x0000000012fb0000, 0x0000000013fb0000)

Polling page: 0x0000000002140000

CodeCache: size=245760Kb used=9318Kb max_used=9330Kb free=236441Kb
 bounds [0x0000000002480000, 0x0000000002db0000, 0x0000000011480000]
 total_blobs=2518 nmethods=2249 adapters=183
 compilation: enabled

Compilation events (10 events):
Event: 5.636 Thread 0x0000000014b54800 nmethod 2257 0x0000000002d80650 code [0x0000000002d807a0, 0x0000000002d809d8]
Event: 5.636 Thread 0x0000000014b54800 2258       4       com.android.dx.util.ByteArrayAnnotatedOutput::writeShort (64 bytes)
Event: 5.643 Thread 0x0000000014b54800 nmethod 2258 0x0000000002d80290 code [0x0000000002d803e0, 0x0000000002d80538]
Event: 5.644 Thread 0x0000000014b54800 2255       4       com.android.dx.util.ByteArrayAnnotatedOutput::annotates (13 bytes)
Event: 5.644 Thread 0x0000000014b54800 nmethod 2255 0x0000000002d4b7d0 code [0x0000000002d4b900, 0x0000000002d4b978]
Event: 5.644 Thread 0x0000000014b54800 2256       4       com.android.dx.util.ByteArrayAnnotatedOutput::writeInt (90 bytes)
Event: 5.649 Thread 0x0000000014b54800 nmethod 2256 0x0000000002d9dc50 code [0x0000000002d9dda0, 0x0000000002d9df18]
Event: 5.649 Thread 0x0000000014b54800 2259       4       com.android.dx.util.ByteArrayAnnotatedOutput::alignTo (69 bytes)
Event: 5.651 Thread 0x0000000014b54800 nmethod 2259 0x0000000002d88a90 code [0x0000000002d88be0, 0x0000000002d88cd8]
Event: 5.651 Thread 0x0000000014b54800 2260       4       com.android.dx.dex.file.StringIdsSection::indexOf (49 bytes)

GC Heap History (4 events):
Event: 2.134 GC heap before
{Heap before GC invocations=1 (full 0):
 PSYoungGen      total 38400K, used 33280K [0x00000000eab00000, 0x00000000ed580000, 0x0000000100000000)
  eden space 33280K, 100% used [0x00000000eab00000,0x00000000ecb80000,0x00000000ecb80000)
  from space 5120K, 0% used [0x00000000ed080000,0x00000000ed080000,0x00000000ed580000)
  to   space 5120K, 0% used [0x00000000ecb80000,0x00000000ecb80000,0x00000000ed080000)
 ParOldGen       total 87552K, used 0K [0x00000000c0000000, 0x00000000c5580000, 0x00000000eab00000)
  object space 87552K, 0% used [0x00000000c0000000,0x00000000c0000000,0x00000000c5580000)
 Metaspace       used 5761K, capacity 6960K, committed 7040K, reserved 1056768K
  class space    used 567K, capacity 616K, committed 640K, reserved 1048576K
Event: 2.185 GC heap after
Heap after GC invocations=1 (full 0):
 PSYoungGen      total 38400K, used 5119K [0x00000000eab00000, 0x00000000ef600000, 0x0000000100000000)
  eden space 33280K, 0% used [0x00000000eab00000,0x00000000eab00000,0x00000000ecb80000)
  from space 5120K, 99% used [0x00000000ecb80000,0x00000000ed07fc10,0x00000000ed080000)
  to   space 5120K, 0% used [0x00000000ef100000,0x00000000ef100000,0x00000000ef600000)
 ParOldGen       total 87552K, used 3330K [0x00000000c0000000, 0x00000000c5580000, 0x00000000eab00000)
  object space 87552K, 3% used [0x00000000c0000000,0x00000000c0340980,0x00000000c5580000)
 Metaspace       used 5761K, capacity 6960K, committed 7040K, reserved 1056768K
  class space    used 567K, capacity 616K, committed 640K, reserved 1048576K
}
Event: 3.942 GC heap before
{Heap before GC invocations=2 (full 0):
 PSYoungGen      total 38400K, used 38399K [0x00000000eab00000, 0x00000000ef600000, 0x0000000100000000)
  eden space 33280K, 100% used [0x00000000eab00000,0x00000000ecb80000,0x00000000ecb80000)
  from space 5120K, 99% used [0x00000000ecb80000,0x00000000ed07fc10,0x00000000ed080000)
  to   space 5120K, 0% used [0x00000000ef100000,0x00000000ef100000,0x00000000ef600000)
 ParOldGen       total 87552K, used 3330K [0x00000000c0000000, 0x00000000c5580000, 0x00000000eab00000)
  object space 87552K, 3% used [0x00000000c0000000,0x00000000c0340980,0x00000000c5580000)
 Metaspace       used 6041K, capacity 7152K, committed 7296K, reserved 1056768K
  class space    used 579K, capacity 616K, committed 640K, reserved 1048576K
Event: 3.998 GC heap after
Heap after GC invocations=2 (full 0):
 PSYoungGen      total 71680K, used 5115K [0x00000000eab00000, 0x00000000ef600000, 0x0000000100000000)
  eden space 66560K, 0% used [0x00000000eab00000,0x00000000eab00000,0x00000000eec00000)
  from space 5120K, 99% used [0x00000000ef100000,0x00000000ef5fed18,0x00000000ef600000)
  to   space 5120K, 0% used [0x00000000eec00000,0x00000000eec00000,0x00000000ef100000)
 ParOldGen       total 87552K, used 9073K [0x00000000c0000000, 0x00000000c5580000, 0x00000000eab00000)
  object space 87552K, 10% used [0x00000000c0000000,0x00000000c08dc470,0x00000000c5580000)
 Metaspace       used 6041K, capacity 7152K, committed 7296K, reserved 1056768K
  class space    used 579K, capacity 616K, committed 640K, reserved 1048576K
}

Deoptimization events (10 events):
Event: 4.714 Thread 0x0000000002383800 Uncommon trap: reason=class_check action=maybe_recompile pc=0x00000000027840e0 method=java.util.HashMap.putVal(ILjava/lang/Object;Ljava/lang/Object;ZZ)Ljava/lang/Object; @ 203
Event: 4.715 Thread 0x0000000002383800 Uncommon trap: reason=class_check action=maybe_recompile pc=0x00000000027840e0 method=java.util.HashMap.putVal(ILjava/lang/Object;Ljava/lang/Object;ZZ)Ljava/lang/Object; @ 203
Event: 4.715 Thread 0x0000000002383800 Uncommon trap: reason=class_check action=maybe_recompile pc=0x00000000027840e0 method=java.util.HashMap.putVal(ILjava/lang/Object;Ljava/lang/Object;ZZ)Ljava/lang/Object; @ 203
Event: 4.715 Thread 0x0000000002383800 Uncommon trap: reason=class_check action=maybe_recompile pc=0x0000000002751cd0 method=java.util.HashMap.putVal(ILjava/lang/Object;Ljava/lang/Object;ZZ)Ljava/lang/Object; @ 203
Event: 4.732 Thread 0x0000000002383800 Uncommon trap: reason=unstable_if action=reinterpret pc=0x0000000002c862bc method=java.util.HashMap.putVal(ILjava/lang/Object;Ljava/lang/Object;ZZ)Ljava/lang/Object; @ 94
Event: 4.769 Thread 0x0000000002383800 Uncommon trap: reason=unstable_if action=reinterpret pc=0x0000000002c8acbc method=java.util.HashMap.putVal(ILjava/lang/Object;Ljava/lang/Object;ZZ)Ljava/lang/Object; @ 94
Event: 5.371 Thread 0x0000000002383800 Uncommon trap: reason=unstable_if action=reinterpret pc=0x0000000002d02d58 method=java.util.ArrayList.<init>(I)V @ 5
Event: 5.435 Thread 0x0000000002383800 Uncommon trap: reason=unstable_if action=reinterpret pc=0x0000000002d452a8 method=com.android.dx.util.ByteArrayAnnotatedOutput.ensureCapacity(I)V @ 6
Event: 5.437 Thread 0x0000000002383800 Uncommon trap: reason=unstable_if action=reinterpret pc=0x0000000002c8cc1c method=com.android.dx.util.ByteArrayAnnotatedOutput.ensureCapacity(I)V @ 6
Event: 5.517 Thread 0x0000000002383800 Uncommon trap: reason=unstable_if action=reinterpret pc=0x0000000002d65e10 method=com.android.dx.util.ByteArrayAnnotatedOutput.writeByte(I)V @ 13

Internal exceptions (3 events):
Event: 0.046 Thread 0x0000000002383800 Exception <a 'java/lang/NoSuchMethodError': Method sun.misc.Unsafe.defineClass(Ljava/lang/String;[BII)Ljava/lang/Class; name or signature does not match> (0x00000000eab13078) thrown at [C:\re\workspace\8-2-build-windows-amd64-cygwin\jdk8u60\4407\hotspot\srwPÙ{En§?
Event: 0.046 Thread 0x0000000002383800 Exception <a 'java/lang/NoSuchMethodError': Method sun.misc.Unsafe.prefetchRead(Ljava/lang/Object;J)V name or signature does not match> (0x00000000eab13360) thrown at [C:\re\workspace\8-2-build-windows-amd64-cygwin\jdk8u60\4407\hotspot\src\share\vm\prims\jV4ƒ‹@
Event: 3.001 Thread 0x00000000165ca000 Implicit null exception at 0x0000000002a04ce2 to 0x0000000002a04d81

Events (10 events):
Event: 5.437 Thread 0x0000000002383800 Uncommon trap: trap_request=0xffffff65 fr.pc=0x0000000002c8cc1c
Event: 5.437 Thread 0x0000000002383800 DEOPT PACKING pc=0x0000000002c8cc1c sp=0x000000000237edd0
Event: 5.437 Thread 0x0000000002383800 DEOPT UNPACKING pc=0x00000000024c556a sp=0x000000000237ed68 mode 2
Event: 5.503 loading class com/android/dx/dex/file/MapItem
Event: 5.503 loading class com/android/dx/dex/file/MapItem done
Event: 5.514 loading class com/android/dex/DexFormat
Event: 5.514 loading class com/android/dex/DexFormat done
Event: 5.517 Thread 0x0000000002383800 Uncommon trap: trap_request=0xffffff65 fr.pc=0x0000000002d65e10
Event: 5.517 Thread 0x0000000002383800 DEOPT PACKING pc=0x0000000002d65e10 sp=0x000000000237ef90
Event: 5.517 Thread 0x0000000002383800 DEOPT UNPACKING pc=0x00000000024c556a sp=0x000000000237ef78 mode 2


Dynamic libraries:
0x00007ff6a38c0000 - 0x00007ff6a38f7000 	E:\Java\jdk1.8.0_60\bin\java.exe
0x00007fff9cbe0000 - 0x00007fff9cd8c000 	C:\WINDOWS\SYSTEM32\ntdll.dll
0x00007fff9b4c0000 - 0x00007fff9b5fe000 	C:\WINDOWS\system32\KERNEL32.DLL
0x00007fff9a040000 - 0x00007fff9a155000 	C:\WINDOWS\system32\KERNELBASE.dll
0x00007fff98990000 - 0x00007fff98a1e000 	C:\WINDOWS\system32\apphelp.dll
0x00007fff8dc80000 - 0x00007fff8dcd3000 	C:\WINDOWS\AppPatch\AppPatch64\AcGenral.DLL
0x00007fff9a9a0000 - 0x00007fff9aa4a000 	C:\WINDOWS\system32\msvcrt.dll
0x00007fff99b00000 - 0x00007fff99b2e000 	C:\WINDOWS\SYSTEM32\SspiCli.dll
0x00007fff9ae70000 - 0x00007fff9aec4000 	C:\WINDOWS\system32\SHLWAPI.dll
0x00007fff9b340000 - 0x00007fff9b4b7000 	C:\WINDOWS\system32\USER32.dll
0x00007fff9a650000 - 0x00007fff9a7e4000 	C:\WINDOWS\system32\ole32.dll
0x00007fff9b600000 - 0x00007fff9cb2b000 	C:\WINDOWS\system32\SHELL32.dll
0x00007fff992d0000 - 0x00007fff992f1000 	C:\WINDOWS\SYSTEM32\USERENV.dll
0x00007fff9cb30000 - 0x00007fff9cbda000 	C:\WINDOWS\system32\ADVAPI32.dll
0x00007fff8bb00000 - 0x00007fff8bb1e000 	C:\WINDOWS\SYSTEM32\MPR.dll
0x00007fff9a500000 - 0x00007fff9a641000 	C:\WINDOWS\system32\RPCRT4.dll
0x00007fff9b2e0000 - 0x00007fff9b339000 	C:\WINDOWS\SYSTEM32\sechost.dll
0x00007fff9aed0000 - 0x00007fff9b0e1000 	C:\WINDOWS\SYSTEM32\combase.dll
0x00007fff9ab70000 - 0x00007fff9acbf000 	C:\WINDOWS\system32\GDI32.dll
0x00007fff99d30000 - 0x00007fff99d45000 	C:\WINDOWS\SYSTEM32\profapi.dll
0x00007fff987f0000 - 0x00007fff988a2000 	C:\WINDOWS\SYSTEM32\SHCORE.dll
0x00007fff9aa50000 - 0x00007fff9aa86000 	C:\WINDOWS\system32\IMM32.DLL
0x00007fff9b120000 - 0x00007fff9b272000 	C:\WINDOWS\system32\MSCTF.dll
0x00007fff98170000 - 0x00007fff983eb000 	C:\WINDOWS\WinSxS\amd64_microsoft.windows.common-controls_6595b64144ccf1df_6.0.9600.18006_none_623f33d3ecbe86e8\COMCTL32.dll
0x0000000063550000 - 0x0000000063622000 	E:\Java\jdk1.8.0_60\jre\bin\msvcr100.dll
0x0000000063a90000 - 0x0000000064319000 	E:\Java\jdk1.8.0_60\jre\bin\server\jvm.dll
0x00007fff94020000 - 0x00007fff94029000 	C:\WINDOWS\SYSTEM32\WSOCK32.dll
0x00007fff983f0000 - 0x00007fff98412000 	C:\WINDOWS\SYSTEM32\WINMM.dll
0x00007fff98420000 - 0x00007fff9842a000 	C:\WINDOWS\SYSTEM32\VERSION.dll
0x00007fff9b110000 - 0x00007fff9b117000 	C:\WINDOWS\system32\PSAPI.DLL
0x00007fff9b280000 - 0x00007fff9b2da000 	C:\WINDOWS\system32\WS2_32.dll
0x00007fff98130000 - 0x00007fff9815a000 	C:\WINDOWS\SYSTEM32\WINMMBASE.dll
0x00007fff9acc0000 - 0x00007fff9acc9000 	C:\WINDOWS\system32\NSI.dll
0x00007fff9a160000 - 0x00007fff9a1af000 	C:\WINDOWS\SYSTEM32\cfgmgr32.dll
0x00007fff98950000 - 0x00007fff98978000 	C:\WINDOWS\SYSTEM32\DEVOBJ.dll
0x0000000063a80000 - 0x0000000063a8f000 	E:\Java\jdk1.8.0_60\jre\bin\verify.dll
0x0000000063a50000 - 0x0000000063a79000 	E:\Java\jdk1.8.0_60\jre\bin\java.dll
0x0000000063a30000 - 0x0000000063a46000 	E:\Java\jdk1.8.0_60\jre\bin\zip.dll
0x00007fff94410000 - 0x00007fff94599000 	C:\WINDOWS\SYSTEM32\dbghelp.dll

VM Arguments:
jvm_args: -Xmx1024M -Dfile.encoding=windows-1251 -Duser.country=RU -Duser.language=ru -Duser.variant 
java_command: com.android.dx.command.Main --dex --num-threads=4 --output E:\Android\AndroidStudioProjects\LoftblogMoneyTracker\app\build\intermediates\dex\debug E:\Android\AndroidStudioProjects\LoftblogMoneyTracker\app\build\intermediates\classes\debug E:\Android\AndroidStudioProjects\LoftblogMoneyTracker\app\build\intermediates\pre-dexed\debug\support-annotations-23.0.1-e6941ffc9cbf1270b1623cf686ba7082dcc4df08.jar E:\Android\AndroidStudioProjects\LoftblogMoneyTracker\app\build\intermediates\pre-dexed\debug\classes-8feaabbfb5bdbff71ed9eb50acb4a8fe317bd8e4.jar E:\Android\AndroidStudioProjects\LoftblogMoneyTracker\app\build\intermediates\pre-dexed\debug\classes-8c1319393e271eff68e10a9dcae07a2783f674be.jar E:\Android\AndroidStudioProjects\LoftblogMoneyTracker\app\build\intermediates\pre-dexed\debug\internal_impl-22.2.0-0e6d9ecdf28e1d5717a3b05e5efcbaa26aefd913.jar E:\Android\AndroidStudioProjects\LoftblogMoneyTracker\app\build\intermediates\pre-dexed\debug\classes-96a27b206b99b387079686bb2c6db4d651bf67b0.jar E:\Android\AndroidStudioProjects\LoftblogMoneyTracker\app\build\intermediates\pre-dexed\debug\classes-b570df61e751229d205547820db2b138f3d2f62b.jar E:\Android\AndroidStudioProjects\LoftblogMoneyTracker\app\build\intermediates\pre-dexed\debug\classes-52b7275268a9e54f348a2faeff70a90613f238e9.jar E:\Android\AndroidStudioProjects\LoftblogMoneyTracker\app\build\intermediates\pre-dexed\debug\classes-472fb590b2ae42e351cdbbab4f5c927f6cbdb130.jar E:\Android\AndroidStudioProjects\LoftblogMoneyTracker\app\build\intermediates\pre-dexed\debug\classes-352d93e2966ff5ab712c233f0fb1f206edd2d56d.jar E:\Android\AndroidStudioProjects\LoftblogMoneyTracker\app\build\intermediates\pre-dexed\debug\classes-de409459780203812a068d576aa5d4d22ec493da.jar E:\Android\AndroidStudioProjects\LoftblogMoneyTracker\app\build\intermediates\pre-dexed\debug\classes-929da88a3328213b151763d457f179989be7055b.jar E:\Android\AndroidStudioProjects\LoftblogMoneyTracker\app\build\intermediates\pre-dexed\debug\ac
java_class_path (initial): E:\Android\sdk\build-tools\23.0.0\lib\dx.jar
Launcher Type: SUN_STANDARD

Environment Variables:
PATH=C:\ProgramData\Oracle\Java\javapath;C:\WINDOWS\system32;C:\WINDOWS;C:\WINDOWS\System32\Wbem;C:\WINDOWS\System32\WindowsPowerShell\v1.0\;C:\Program Files (x86)\Common Files\Acronis\SnapAPI\;C:\Program Files (x86)\Common Files\Autodesk Shared\;C:\Program Files\Microsoft\Web Platform Installer\;C:\Program Files (x86)\Microsoft ASP.NET\ASP.NET Web Pages\v1.0\;C:\Program Files\Microsoft SQL Server\110\Tools\Binn\;C:\Program Files\Common Files\Autodesk Shared\;C:\Program Files (x86)\NVIDIA Corporation\PhysX\Common;C:\Program Files (x86)\Skype\Phone\
USERNAME=Àëåêñàíäð
OS=Windows_NT
PROCESSOR_IDENTIFIER=Intel64 Family 6 Model 15 Stepping 11, GenuineIntel



---------------  S Y S T E M  ---------------

OS: Windows 8.1 , 64 bit Build 9600 (6.3.9600.17415)

CPU:total 4 (4 cores per cpu, 1 threads per core) family 6 model 15 stepping 11, cmov, cx8, fxsr, mmx, sse, sse2, sse3, ssse3, tsc

Memory: 4k page, physical 8387492k(2532540k free), swap 16776356k(4492176k free)

vm_info: Java HotSpot(TM) 64-Bit Server VM (25.60-b23) for windows-amd64 JRE (1.8.0_60-b27), built on Aug  4 2015 11:06:27 by "java_re" with MS VC++ 10.0 (VS2010)

time: Sat Oct 24 01:02:28 2015
elapsed time: 5 seconds (0d 0h 0m 5s)

